

HI-TECH Software PIC LITE Macro Assembler V9.81 build 7503 
                                                                                               Sun Jun 13 00:27:30 2021

HI-TECH Software Omniscient Code Generator (Lite mode) build 7503
     1  0000                     opt subtitle "HI-TECH Software Omniscient Code Generator (Lite mode) build 7503"
     2                           
     3                           opt pagewidth 120
     4                           
     5                           	opt lm
     6                           
     7                           	processor	16F887
     8                           clrc	macro
     9                           	bcf	3,0
    10  0000                     	endm
    11                           clrz	macro
    12                           	bcf	3,2
    13  0000                     	endm
    14                           setc	macro
    15                           	bsf	3,0
    16  0000                     	endm
    17                           setz	macro
    18                           	bsf	3,2
    19  0000                     	endm
    20                           skipc	macro
    21                           	btfss	3,0
    22  0000                     	endm
    23                           skipz	macro
    24                           	btfss	3,2
    25  0000                     	endm
    26                           skipnc	macro
    27                           	btfsc	3,0
    28  0000                     	endm
    29                           skipnz	macro
    30                           	btfsc	3,2
    31  0000                     	endm
    32  0000                     indf	equ	0
    33  0000                     indf0	equ	0
    34  0002                     pc	equ	2
    35  0002                     pcl	equ	2
    36  0003                     status	equ	3
    37  0004                     fsr	equ	4
    38  0004                     fsr0	equ	4
    39  0001                     c	equ	1
    40  0000                     z	equ	0
    41  000A                     pclath	equ	10
    42                           	FNCALL	_main,_timer1
    43                           	FNROOT	_main
    44                           	global	_count
    45                           	global	_PORTA
    46                           psect	text60,local,class=CODE,delta=2
    47                           global __ptext60
    48  0000                     __ptext60:
    49  0005                     _PORTA	set	5
    50                           	global	_PORTB
    51  0006                     _PORTB	set	6
    52                           	global	_PORTC
    53  0007                     _PORTC	set	7
    54                           	global	_PORTD
    55  0008                     _PORTD	set	8
    56                           	global	_T1CON
    57  0010                     _T1CON	set	16
    58                           	global	_RA0
    59  0028                     _RA0	set	40
    60                           	global	_RA1
    61  0029                     _RA1	set	41
    62                           	global	_RA2
    63  002A                     _RA2	set	42
    64                           	global	_RB0
    65  0030                     _RB0	set	48
    66                           	global	_RB1
    67  0031                     _RB1	set	49
    68                           	global	_RB2
    69  0032                     _RB2	set	50
    70                           	global	_RC0
    71  0038                     _RC0	set	56
    72                           	global	_RC1
    73  0039                     _RC1	set	57
    74                           	global	_RC2
    75  003A                     _RC2	set	58
    76                           	global	_RD0
    77  0040                     _RD0	set	64
    78                           	global	_RD1
    79  0041                     _RD1	set	65
    80                           	global	_RD2
    81  0042                     _RD2	set	66
    82                           	global	_TMR1IF
    83  0060                     _TMR1IF	set	96
    84                           	global	_TRISA
    85  0085                     _TRISA	set	133
    86                           	global	_TRISB
    87  0086                     _TRISB	set	134
    88                           	global	_TRISC
    89  0087                     _TRISC	set	135
    90                           	global	_TRISD
    91  0088                     _TRISD	set	136
    92                           	global	_ANSEL
    93  0188                     _ANSEL	set	392
    94                           	global	_ANSELH
    95  0189                     _ANSELH	set	393
    96                           	file	"4traffic.as"
    97                           	line	#
    98                           psect cinit,class=CODE,delta=2
    99                           global start_initialization
   100  0671                     start_initialization:
   101                           
   102                           psect	bssCOMMON,class=COMMON,space=1
   103                           global __pbssCOMMON
   104  0070                     __pbssCOMMON:
   105  0070                     _count:
   106  0070                            ds      2
   107                           
   108                           ; Clear objects allocated to COMMON
   109                           psect cinit,class=CODE,delta=2
   110  0671  01F0               	clrf	((__pbssCOMMON)+0)&07Fh
   111  0672  01F1               	clrf	((__pbssCOMMON)+1)&07Fh
   112                           psect cinit,class=CODE,delta=2
   113                           global end_of_initialization
   114                           
   115                           ;End of C runtime variable initialization code
   116                           
   117  0673                     end_of_initialization:
   118  0673  0183               clrf status
   119  0674  120A  118A  2E86   ljmp _main	;jump to C main() function
   120                           psect	cstackCOMMON,class=COMMON,space=1
   121                           global __pcstackCOMMON
   122  0000                     __pcstackCOMMON:
   123                           	global	?_timer1
   124  0000                     ?_timer1:	; 0 bytes @ 0x0
   125                           	global	??_timer1
   126  0000                     ??_timer1:	; 0 bytes @ 0x0
   127                           	global	?_main
   128  0000                     ?_main:	; 0 bytes @ 0x0
   129                           	global	??_main
   130  0000                     ??_main:	; 0 bytes @ 0x0
   131 ;;Data sizes: Strings 0, constant 0, data 0, bss 2, persistent 0 stack 0
   132 ;;Auto spaces:   Size  Autos    Used
   133 ;; COMMON          14      0       2
   134 ;; BANK0           80      0       0
   135 ;; BANK1           80      0       0
   136 ;; BANK3           96      0       0
   137 ;; BANK2           96      0       0
   138                           
   139 ;;
   140 ;; Pointer list with targets:
   141                           
   142                           
   143                           
   144 ;;
   145 ;; Critical Paths under _main in COMMON
   146 ;;
   147 ;;   None.
   148 ;;
   149 ;; Critical Paths under _main in BANK0
   150 ;;
   151 ;;   None.
   152 ;;
   153 ;; Critical Paths under _main in BANK1
   154 ;;
   155 ;;   None.
   156 ;;
   157 ;; Critical Paths under _main in BANK3
   158 ;;
   159 ;;   None.
   160 ;;
   161 ;; Critical Paths under _main in BANK2
   162 ;;
   163 ;;   None.
   164                           
   165 ;;
   166 ;;Main: autosize = 0, tempsize = 0, incstack = 0, save=0
   167 ;;
   168                           
   169 ;;
   170 ;;Call Graph Tables:
   171 ;;
   172 ;; ---------------------------------------------------------------------------------
   173 ;; (Depth) Function   	        Calls       Base Space   Used Autos Params    Refs
   174 ;; ---------------------------------------------------------------------------------
   175 ;; (0) _main                                                 0     0      0       0
   176 ;;                             _timer1
   177 ;; ---------------------------------------------------------------------------------
   178 ;; (1) _timer1                                               0     0      0       0
   179 ;; ---------------------------------------------------------------------------------
   180 ;; Estimated maximum stack depth 1
   181 ;; ---------------------------------------------------------------------------------
   182                           
   183 ;; Call Graph Graphs:
   184                           
   185 ;; _main (ROOT)
   186 ;;   _timer1
   187 ;;
   188                           
   189 ;; Address spaces:
   190                           
   191 ;;Name               Size   Autos  Total    Cost      Usage
   192 ;;BITCOMMON            E      0       0       0        0.0%
   193 ;;EEDATA             100      0       0       0        0.0%
   194 ;;NULL                 0      0       0       0        0.0%
   195 ;;CODE                 0      0       0       0        0.0%
   196 ;;COMMON               E      0       2       1       14.3%
   197 ;;BITSFR0              0      0       0       1        0.0%
   198 ;;SFR0                 0      0       0       1        0.0%
   199 ;;BITSFR1              0      0       0       2        0.0%
   200 ;;SFR1                 0      0       0       2        0.0%
   201 ;;STACK                0      0       1       2        0.0%
   202 ;;ABS                  0      0       2       3        0.0%
   203 ;;BITBANK0            50      0       0       4        0.0%
   204 ;;BITSFR3              0      0       0       4        0.0%
   205 ;;SFR3                 0      0       0       4        0.0%
   206 ;;BANK0               50      0       0       5        0.0%
   207 ;;BITSFR2              0      0       0       5        0.0%
   208 ;;SFR2                 0      0       0       5        0.0%
   209 ;;BITBANK1            50      0       0       6        0.0%
   210 ;;BANK1               50      0       0       7        0.0%
   211 ;;BITBANK3            60      0       0       8        0.0%
   212 ;;BANK3               60      0       0       9        0.0%
   213 ;;BITBANK2            60      0       0      10        0.0%
   214 ;;BANK2               60      0       0      11        0.0%
   215 ;;DATA                 0      0       3      12        0.0%
   216                           
   217                           	global	_main
   218                           psect	maintext,global,class=CODE,delta=2
   219                           global __pmaintext
   220  0686                     __pmaintext:
   221                           
   222 ;; *************** function _main *****************
   223 ;; Defined at:
   224 ;;		line 14 in file "E:\KTU\Softwares\MP lab\TIMER\4Traffic\4traffic.c"
   225 ;; Parameters:    Size  Location     Type
   226 ;;		None
   227 ;; Auto vars:     Size  Location     Type
   228 ;;		None
   229 ;; Return value:  Size  Location     Type
   230 ;;		None               void
   231 ;; Registers used:
   232 ;;		wreg, status,2, status,0, btemp+1, pclath, cstack
   233 ;; Tracked objects:
   234 ;;		On entry : 17F/0
   235 ;;		On exit  : 0/0
   236 ;;		Unchanged: 0/0
   237 ;; Data sizes:     COMMON   BANK0   BANK1   BANK3   BANK2
   238 ;;      Params:         0       0       0       0       0
   239 ;;      Locals:         0       0       0       0       0
   240 ;;      Temps:          0       0       0       0       0
   241 ;;      Totals:         0       0       0       0       0
   242 ;;Total ram usage:        0 bytes
   243 ;; Hardware stack levels required when called:    1
   244 ;; This function calls:
   245 ;;		_timer1
   246 ;; This function is called by:
   247 ;;		Startup code after reset
   248 ;; This function uses a non-reentrant model
   249 ;;
   250                           psect	maintext
   251                           	file	"E:\KTU\Softwares\MP lab\TIMER\4Traffic\4traffic.c"
   252                           	line	14
   253                           	global	__size_of_main
   254  017A                     	__size_of_main	equ	__end_of_main-_main
   255                           	
   256  0686                     _main:	
   257                           	opt	stack 7
   258                           ; Regs used in _main: [wreg+status,2+status,0+btemp+1+pclath+cstack]
   259                           	line	15
   260                           	
   261  0686                     l2184:	
   262                           ;4traffic.c: 15: TRISA=0x00;
   263  0686  1683               	bsf	status, 5	;RP0=1, select bank1
   264  0687  1303               	bcf	status, 6	;RP1=0, select bank1
   265  0688  0185               	clrf	(133)^080h	;volatile
   266                           	line	16
   267                           ;4traffic.c: 16: PORTA=0x00;
   268  0689  1283               	bcf	status, 5	;RP0=0, select bank0
   269  068A  1303               	bcf	status, 6	;RP1=0, select bank0
   270  068B  0185               	clrf	(5)	;volatile
   271                           	line	17
   272                           ;4traffic.c: 17: TRISB=0x00;
   273  068C  1683               	bsf	status, 5	;RP0=1, select bank1
   274  068D  1303               	bcf	status, 6	;RP1=0, select bank1
   275  068E  0186               	clrf	(134)^080h	;volatile
   276                           	line	18
   277                           ;4traffic.c: 18: PORTB=0x00;
   278  068F  1283               	bcf	status, 5	;RP0=0, select bank0
   279  0690  1303               	bcf	status, 6	;RP1=0, select bank0
   280  0691  0186               	clrf	(6)	;volatile
   281                           	line	19
   282                           ;4traffic.c: 19: TRISD=0x00;
   283  0692  1683               	bsf	status, 5	;RP0=1, select bank1
   284  0693  1303               	bcf	status, 6	;RP1=0, select bank1
   285  0694  0188               	clrf	(136)^080h	;volatile
   286                           	line	20
   287                           ;4traffic.c: 20: PORTD=0x00;
   288  0695  1283               	bcf	status, 5	;RP0=0, select bank0
   289  0696  1303               	bcf	status, 6	;RP1=0, select bank0
   290  0697  0188               	clrf	(8)	;volatile
   291                           	line	21
   292                           ;4traffic.c: 21: TRISC=0x00;
   293  0698  1683               	bsf	status, 5	;RP0=1, select bank1
   294  0699  1303               	bcf	status, 6	;RP1=0, select bank1
   295  069A  0187               	clrf	(135)^080h	;volatile
   296                           	line	22
   297                           ;4traffic.c: 22: PORTC=0x00;
   298  069B  1283               	bcf	status, 5	;RP0=0, select bank0
   299  069C  1303               	bcf	status, 6	;RP1=0, select bank0
   300  069D  0187               	clrf	(7)	;volatile
   301                           	line	23
   302                           ;4traffic.c: 23: ANSEL=0X00;
   303  069E  1683               	bsf	status, 5	;RP0=1, select bank3
   304  069F  1703               	bsf	status, 6	;RP1=1, select bank3
   305  06A0  0188               	clrf	(392)^0180h	;volatile
   306                           	line	24
   307                           ;4traffic.c: 24: ANSELH=0X00;
   308  06A1  0189               	clrf	(393)^0180h	;volatile
   309                           	line	26
   310                           	
   311  06A2                     l2186:	
   312                           ;4traffic.c: 26: T1CON=0x31;
   313  06A2  3031               	movlw	(031h)
   314  06A3  1283               	bcf	status, 5	;RP0=0, select bank0
   315  06A4  1303               	bcf	status, 6	;RP1=0, select bank0
   316  06A5  0090               	movwf	(16)	;volatile
   317  06A6  2EA7               	goto	l2188
   318                           	line	27
   319                           ;4traffic.c: 27: while(1)
   320                           	
   321  06A7                     l1031:	
   322                           	line	29
   323                           	
   324  06A7                     l2188:	
   325                           ;4traffic.c: 28: {
   326                           ;4traffic.c: 29: timer1();
   327  06A7  120A  118A  2677   	fcall	_timer1
              120A  118A         
   328                           	line	30
   329                           	
   330  06AC                     l2190:	
   331                           ;4traffic.c: 30: if(count>=0 && count<=10)
   332  06AC  1BF1               	btfsc	(_count+1),7
   333  06AD  2EAF               	goto	u2151
   334  06AE  2EB0               	goto	u2150
   335  06AF                     u2151:
   336  06AF  2ECC               	goto	l2196
   337  06B0                     u2150:
   338                           	
   339  06B0                     l2192:	
   340  06B0  0871               	movf	(_count+1),w
   341  06B1  3A80               	xorlw	80h
   342  06B2  00FF               	movwf	btemp+1
   343  06B3  3080               	movlw	(high(0Bh))^80h
   344  06B4  027F               	subwf	btemp+1,w
   345  06B5  1D03               	skipz
   346  06B6  2EB9               	goto	u2165
   347  06B7  300B               	movlw	low(0Bh)
   348  06B8  0270               	subwf	(_count),w
   349  06B9                     u2165:
   350                           
   351  06B9  1803               	skipnc
   352  06BA  2EBC               	goto	u2161
   353  06BB  2EBD               	goto	u2160
   354  06BC                     u2161:
   355  06BC  2ECC               	goto	l2196
   356  06BD                     u2160:
   357                           	line	32
   358                           	
   359  06BD                     l2194:	
   360                           ;4traffic.c: 31: {
   361                           ;4traffic.c: 32: RA2=1;RA1=0;RA0=0;
   362  06BD  1283               	bcf	status, 5	;RP0=0, select bank0
   363  06BE  1303               	bcf	status, 6	;RP1=0, select bank0
   364  06BF  1505               	bsf	(42/8),(42)&7
   365  06C0  1085               	bcf	(41/8),(41)&7
   366  06C1  1005               	bcf	(40/8),(40)&7
   367                           	line	33
   368                           ;4traffic.c: 33: RB2=0;RB1=0;RB0=1;
   369  06C2  1106               	bcf	(50/8),(50)&7
   370  06C3  1086               	bcf	(49/8),(49)&7
   371  06C4  1406               	bsf	(48/8),(48)&7
   372                           	line	34
   373                           ;4traffic.c: 34: RC2=0;RC1=0;RC0=1;
   374  06C5  1107               	bcf	(58/8),(58)&7
   375  06C6  1087               	bcf	(57/8),(57)&7
   376  06C7  1407               	bsf	(56/8),(56)&7
   377                           	line	35
   378                           ;4traffic.c: 35: RD2=0;RD1=0;RD0=1;
   379  06C8  1108               	bcf	(66/8),(66)&7
   380  06C9  1088               	bcf	(65/8),(65)&7
   381  06CA  1408               	bsf	(64/8),(64)&7
   382  06CB  2ECC               	goto	l2196
   383                           	line	36
   384                           	
   385  06CC                     l1032:	
   386                           	line	37
   387                           	
   388  06CC                     l2196:	
   389                           ;4traffic.c: 36: }
   390                           ;4traffic.c: 37: if(count>=10 && count<=14)
   391  06CC  0871               	movf	(_count+1),w
   392  06CD  3A80               	xorlw	80h
   393  06CE  00FF               	movwf	btemp+1
   394  06CF  3080               	movlw	(high(0Ah))^80h
   395  06D0  027F               	subwf	btemp+1,w
   396  06D1  1D03               	skipz
   397  06D2  2ED5               	goto	u2175
   398  06D3  300A               	movlw	low(0Ah)
   399  06D4  0270               	subwf	(_count),w
   400  06D5                     u2175:
   401                           
   402  06D5  1C03               	skipc
   403  06D6  2ED8               	goto	u2171
   404  06D7  2ED9               	goto	u2170
   405  06D8                     u2171:
   406  06D8  2EF5               	goto	l2202
   407  06D9                     u2170:
   408                           	
   409  06D9                     l2198:	
   410  06D9  0871               	movf	(_count+1),w
   411  06DA  3A80               	xorlw	80h
   412  06DB  00FF               	movwf	btemp+1
   413  06DC  3080               	movlw	(high(0Fh))^80h
   414  06DD  027F               	subwf	btemp+1,w
   415  06DE  1D03               	skipz
   416  06DF  2EE2               	goto	u2185
   417  06E0  300F               	movlw	low(0Fh)
   418  06E1  0270               	subwf	(_count),w
   419  06E2                     u2185:
   420                           
   421  06E2  1803               	skipnc
   422  06E3  2EE5               	goto	u2181
   423  06E4  2EE6               	goto	u2180
   424  06E5                     u2181:
   425  06E5  2EF5               	goto	l2202
   426  06E6                     u2180:
   427                           	line	39
   428                           	
   429  06E6                     l2200:	
   430                           ;4traffic.c: 38: {
   431                           ;4traffic.c: 39: RA2=0;RA1=1;RA0=0;
   432  06E6  1283               	bcf	status, 5	;RP0=0, select bank0
   433  06E7  1303               	bcf	status, 6	;RP1=0, select bank0
   434  06E8  1105               	bcf	(42/8),(42)&7
   435  06E9  1485               	bsf	(41/8),(41)&7
   436  06EA  1005               	bcf	(40/8),(40)&7
   437                           	line	40
   438                           ;4traffic.c: 40: RB2=0;RB1=0;RB0=1;
   439  06EB  1106               	bcf	(50/8),(50)&7
   440  06EC  1086               	bcf	(49/8),(49)&7
   441  06ED  1406               	bsf	(48/8),(48)&7
   442                           	line	41
   443                           ;4traffic.c: 41: RC2=0;RC1=0;RC0=1;
   444  06EE  1107               	bcf	(58/8),(58)&7
   445  06EF  1087               	bcf	(57/8),(57)&7
   446  06F0  1407               	bsf	(56/8),(56)&7
   447                           	line	42
   448                           ;4traffic.c: 42: RD2=0;RD1=0;RD0=1;
   449  06F1  1108               	bcf	(66/8),(66)&7
   450  06F2  1088               	bcf	(65/8),(65)&7
   451  06F3  1408               	bsf	(64/8),(64)&7
   452  06F4  2EF5               	goto	l2202
   453                           	line	43
   454                           	
   455  06F5                     l1033:	
   456                           	line	44
   457                           	
   458  06F5                     l2202:	
   459                           ;4traffic.c: 43: }
   460                           ;4traffic.c: 44: if(count>=14 && count<=24)
   461  06F5  0871               	movf	(_count+1),w
   462  06F6  3A80               	xorlw	80h
   463  06F7  00FF               	movwf	btemp+1
   464  06F8  3080               	movlw	(high(0Eh))^80h
   465  06F9  027F               	subwf	btemp+1,w
   466  06FA  1D03               	skipz
   467  06FB  2EFE               	goto	u2195
   468  06FC  300E               	movlw	low(0Eh)
   469  06FD  0270               	subwf	(_count),w
   470  06FE                     u2195:
   471                           
   472  06FE  1C03               	skipc
   473  06FF  2F01               	goto	u2191
   474  0700  2F02               	goto	u2190
   475  0701                     u2191:
   476  0701  2F1E               	goto	l2208
   477  0702                     u2190:
   478                           	
   479  0702                     l2204:	
   480  0702  0871               	movf	(_count+1),w
   481  0703  3A80               	xorlw	80h
   482  0704  00FF               	movwf	btemp+1
   483  0705  3080               	movlw	(high(019h))^80h
   484  0706  027F               	subwf	btemp+1,w
   485  0707  1D03               	skipz
   486  0708  2F0B               	goto	u2205
   487  0709  3019               	movlw	low(019h)
   488  070A  0270               	subwf	(_count),w
   489  070B                     u2205:
   490                           
   491  070B  1803               	skipnc
   492  070C  2F0E               	goto	u2201
   493  070D  2F0F               	goto	u2200
   494  070E                     u2201:
   495  070E  2F1E               	goto	l2208
   496  070F                     u2200:
   497                           	line	46
   498                           	
   499  070F                     l2206:	
   500                           ;4traffic.c: 45: {
   501                           ;4traffic.c: 46: RA2=0;RA1=0;RA0=1;
   502  070F  1283               	bcf	status, 5	;RP0=0, select bank0
   503  0710  1303               	bcf	status, 6	;RP1=0, select bank0
   504  0711  1105               	bcf	(42/8),(42)&7
   505  0712  1085               	bcf	(41/8),(41)&7
   506  0713  1405               	bsf	(40/8),(40)&7
   507                           	line	47
   508                           ;4traffic.c: 47: RB2=1;RB1=0;RB0=0;
   509  0714  1506               	bsf	(50/8),(50)&7
   510  0715  1086               	bcf	(49/8),(49)&7
   511  0716  1006               	bcf	(48/8),(48)&7
   512                           	line	48
   513                           ;4traffic.c: 48: RC2=0;RC1=0;RC0=1;
   514  0717  1107               	bcf	(58/8),(58)&7
   515  0718  1087               	bcf	(57/8),(57)&7
   516  0719  1407               	bsf	(56/8),(56)&7
   517                           	line	49
   518                           ;4traffic.c: 49: RD2=0;RD1=0;RD0=1;
   519  071A  1108               	bcf	(66/8),(66)&7
   520  071B  1088               	bcf	(65/8),(65)&7
   521  071C  1408               	bsf	(64/8),(64)&7
   522  071D  2F1E               	goto	l2208
   523                           	line	50
   524                           	
   525  071E                     l1034:	
   526                           	line	51
   527                           	
   528  071E                     l2208:	
   529                           ;4traffic.c: 50: }
   530                           ;4traffic.c: 51: if(count>=24 && count<=28)
   531  071E  0871               	movf	(_count+1),w
   532  071F  3A80               	xorlw	80h
   533  0720  00FF               	movwf	btemp+1
   534  0721  3080               	movlw	(high(018h))^80h
   535  0722  027F               	subwf	btemp+1,w
   536  0723  1D03               	skipz
   537  0724  2F27               	goto	u2215
   538  0725  3018               	movlw	low(018h)
   539  0726  0270               	subwf	(_count),w
   540  0727                     u2215:
   541                           
   542  0727  1C03               	skipc
   543  0728  2F2A               	goto	u2211
   544  0729  2F2B               	goto	u2210
   545  072A                     u2211:
   546  072A  2F47               	goto	l2214
   547  072B                     u2210:
   548                           	
   549  072B                     l2210:	
   550  072B  0871               	movf	(_count+1),w
   551  072C  3A80               	xorlw	80h
   552  072D  00FF               	movwf	btemp+1
   553  072E  3080               	movlw	(high(01Dh))^80h
   554  072F  027F               	subwf	btemp+1,w
   555  0730  1D03               	skipz
   556  0731  2F34               	goto	u2225
   557  0732  301D               	movlw	low(01Dh)
   558  0733  0270               	subwf	(_count),w
   559  0734                     u2225:
   560                           
   561  0734  1803               	skipnc
   562  0735  2F37               	goto	u2221
   563  0736  2F38               	goto	u2220
   564  0737                     u2221:
   565  0737  2F47               	goto	l2214
   566  0738                     u2220:
   567                           	line	53
   568                           	
   569  0738                     l2212:	
   570                           ;4traffic.c: 52: {
   571                           ;4traffic.c: 53: RA2=0;RA1=0;RA0=1;
   572  0738  1283               	bcf	status, 5	;RP0=0, select bank0
   573  0739  1303               	bcf	status, 6	;RP1=0, select bank0
   574  073A  1105               	bcf	(42/8),(42)&7
   575  073B  1085               	bcf	(41/8),(41)&7
   576  073C  1405               	bsf	(40/8),(40)&7
   577                           	line	54
   578                           ;4traffic.c: 54: RB2=0;RB1=1;RB0=0;
   579  073D  1106               	bcf	(50/8),(50)&7
   580  073E  1486               	bsf	(49/8),(49)&7
   581  073F  1006               	bcf	(48/8),(48)&7
   582                           	line	55
   583                           ;4traffic.c: 55: RC2=0;RC1=0;RC0=1;
   584  0740  1107               	bcf	(58/8),(58)&7
   585  0741  1087               	bcf	(57/8),(57)&7
   586  0742  1407               	bsf	(56/8),(56)&7
   587                           	line	56
   588                           ;4traffic.c: 56: RD2=0;RD1=0;RD0=1;
   589  0743  1108               	bcf	(66/8),(66)&7
   590  0744  1088               	bcf	(65/8),(65)&7
   591  0745  1408               	bsf	(64/8),(64)&7
   592  0746  2F47               	goto	l2214
   593                           	line	57
   594                           	
   595  0747                     l1035:	
   596                           	line	58
   597                           	
   598  0747                     l2214:	
   599                           ;4traffic.c: 57: }
   600                           ;4traffic.c: 58: if(count>=28 && count<=38)
   601  0747  0871               	movf	(_count+1),w
   602  0748  3A80               	xorlw	80h
   603  0749  00FF               	movwf	btemp+1
   604  074A  3080               	movlw	(high(01Ch))^80h
   605  074B  027F               	subwf	btemp+1,w
   606  074C  1D03               	skipz
   607  074D  2F50               	goto	u2235
   608  074E  301C               	movlw	low(01Ch)
   609  074F  0270               	subwf	(_count),w
   610  0750                     u2235:
   611                           
   612  0750  1C03               	skipc
   613  0751  2F53               	goto	u2231
   614  0752  2F54               	goto	u2230
   615  0753                     u2231:
   616  0753  2F70               	goto	l2220
   617  0754                     u2230:
   618                           	
   619  0754                     l2216:	
   620  0754  0871               	movf	(_count+1),w
   621  0755  3A80               	xorlw	80h
   622  0756  00FF               	movwf	btemp+1
   623  0757  3080               	movlw	(high(027h))^80h
   624  0758  027F               	subwf	btemp+1,w
   625  0759  1D03               	skipz
   626  075A  2F5D               	goto	u2245
   627  075B  3027               	movlw	low(027h)
   628  075C  0270               	subwf	(_count),w
   629  075D                     u2245:
   630                           
   631  075D  1803               	skipnc
   632  075E  2F60               	goto	u2241
   633  075F  2F61               	goto	u2240
   634  0760                     u2241:
   635  0760  2F70               	goto	l2220
   636  0761                     u2240:
   637                           	line	60
   638                           	
   639  0761                     l2218:	
   640                           ;4traffic.c: 59: {
   641                           ;4traffic.c: 60: RA2=0;RA1=0;RA0=1;
   642  0761  1283               	bcf	status, 5	;RP0=0, select bank0
   643  0762  1303               	bcf	status, 6	;RP1=0, select bank0
   644  0763  1105               	bcf	(42/8),(42)&7
   645  0764  1085               	bcf	(41/8),(41)&7
   646  0765  1405               	bsf	(40/8),(40)&7
   647                           	line	61
   648                           ;4traffic.c: 61: RB2=0;RB1=0;RB0=1;
   649  0766  1106               	bcf	(50/8),(50)&7
   650  0767  1086               	bcf	(49/8),(49)&7
   651  0768  1406               	bsf	(48/8),(48)&7
   652                           	line	62
   653                           ;4traffic.c: 62: RC2=1;RC1=0;RC0=0;
   654  0769  1507               	bsf	(58/8),(58)&7
   655  076A  1087               	bcf	(57/8),(57)&7
   656  076B  1007               	bcf	(56/8),(56)&7
   657                           	line	63
   658                           ;4traffic.c: 63: RD2=0;RD1=0;RD0=1;
   659  076C  1108               	bcf	(66/8),(66)&7
   660  076D  1088               	bcf	(65/8),(65)&7
   661  076E  1408               	bsf	(64/8),(64)&7
   662  076F  2F70               	goto	l2220
   663                           	line	64
   664                           	
   665  0770                     l1036:	
   666                           	line	65
   667                           	
   668  0770                     l2220:	
   669                           ;4traffic.c: 64: }
   670                           ;4traffic.c: 65: if(count>=38 && count<=44)
   671  0770  0871               	movf	(_count+1),w
   672  0771  3A80               	xorlw	80h
   673  0772  00FF               	movwf	btemp+1
   674  0773  3080               	movlw	(high(026h))^80h
   675  0774  027F               	subwf	btemp+1,w
   676  0775  1D03               	skipz
   677  0776  2F79               	goto	u2255
   678  0777  3026               	movlw	low(026h)
   679  0778  0270               	subwf	(_count),w
   680  0779                     u2255:
   681                           
   682  0779  1C03               	skipc
   683  077A  2F7C               	goto	u2251
   684  077B  2F7D               	goto	u2250
   685  077C                     u2251:
   686  077C  2F99               	goto	l2226
   687  077D                     u2250:
   688                           	
   689  077D                     l2222:	
   690  077D  0871               	movf	(_count+1),w
   691  077E  3A80               	xorlw	80h
   692  077F  00FF               	movwf	btemp+1
   693  0780  3080               	movlw	(high(02Dh))^80h
   694  0781  027F               	subwf	btemp+1,w
   695  0782  1D03               	skipz
   696  0783  2F86               	goto	u2265
   697  0784  302D               	movlw	low(02Dh)
   698  0785  0270               	subwf	(_count),w
   699  0786                     u2265:
   700                           
   701  0786  1803               	skipnc
   702  0787  2F89               	goto	u2261
   703  0788  2F8A               	goto	u2260
   704  0789                     u2261:
   705  0789  2F99               	goto	l2226
   706  078A                     u2260:
   707                           	line	67
   708                           	
   709  078A                     l2224:	
   710                           ;4traffic.c: 66: {
   711                           ;4traffic.c: 67: RA2=0;RA1=0;RA0=1;
   712  078A  1283               	bcf	status, 5	;RP0=0, select bank0
   713  078B  1303               	bcf	status, 6	;RP1=0, select bank0
   714  078C  1105               	bcf	(42/8),(42)&7
   715  078D  1085               	bcf	(41/8),(41)&7
   716  078E  1405               	bsf	(40/8),(40)&7
   717                           	line	68
   718                           ;4traffic.c: 68: RB2=0;RB1=0;RB0=1;
   719  078F  1106               	bcf	(50/8),(50)&7
   720  0790  1086               	bcf	(49/8),(49)&7
   721  0791  1406               	bsf	(48/8),(48)&7
   722                           	line	69
   723                           ;4traffic.c: 69: RC2=0;RC1=1;RC0=0;
   724  0792  1107               	bcf	(58/8),(58)&7
   725  0793  1487               	bsf	(57/8),(57)&7
   726  0794  1007               	bcf	(56/8),(56)&7
   727                           	line	70
   728                           ;4traffic.c: 70: RD2=0;RD1=0;RD0=1;
   729  0795  1108               	bcf	(66/8),(66)&7
   730  0796  1088               	bcf	(65/8),(65)&7
   731  0797  1408               	bsf	(64/8),(64)&7
   732  0798  2F99               	goto	l2226
   733                           	line	71
   734                           	
   735  0799                     l1037:	
   736                           	line	72
   737                           	
   738  0799                     l2226:	
   739                           ;4traffic.c: 71: }
   740                           ;4traffic.c: 72: if(count>=44 && count<=54)
   741  0799  0871               	movf	(_count+1),w
   742  079A  3A80               	xorlw	80h
   743  079B  00FF               	movwf	btemp+1
   744  079C  3080               	movlw	(high(02Ch))^80h
   745  079D  027F               	subwf	btemp+1,w
   746  079E  1D03               	skipz
   747  079F  2FA2               	goto	u2275
   748  07A0  302C               	movlw	low(02Ch)
   749  07A1  0270               	subwf	(_count),w
   750  07A2                     u2275:
   751                           
   752  07A2  1C03               	skipc
   753  07A3  2FA5               	goto	u2271
   754  07A4  2FA6               	goto	u2270
   755  07A5                     u2271:
   756  07A5  2FC2               	goto	l2232
   757  07A6                     u2270:
   758                           	
   759  07A6                     l2228:	
   760  07A6  0871               	movf	(_count+1),w
   761  07A7  3A80               	xorlw	80h
   762  07A8  00FF               	movwf	btemp+1
   763  07A9  3080               	movlw	(high(037h))^80h
   764  07AA  027F               	subwf	btemp+1,w
   765  07AB  1D03               	skipz
   766  07AC  2FAF               	goto	u2285
   767  07AD  3037               	movlw	low(037h)
   768  07AE  0270               	subwf	(_count),w
   769  07AF                     u2285:
   770                           
   771  07AF  1803               	skipnc
   772  07B0  2FB2               	goto	u2281
   773  07B1  2FB3               	goto	u2280
   774  07B2                     u2281:
   775  07B2  2FC2               	goto	l2232
   776  07B3                     u2280:
   777                           	line	74
   778                           	
   779  07B3                     l2230:	
   780                           ;4traffic.c: 73: {
   781                           ;4traffic.c: 74: RA2=0;RA1=0;RA0=1;
   782  07B3  1283               	bcf	status, 5	;RP0=0, select bank0
   783  07B4  1303               	bcf	status, 6	;RP1=0, select bank0
   784  07B5  1105               	bcf	(42/8),(42)&7
   785  07B6  1085               	bcf	(41/8),(41)&7
   786  07B7  1405               	bsf	(40/8),(40)&7
   787                           	line	75
   788                           ;4traffic.c: 75: RB2=0;RB1=0;RB0=1;
   789  07B8  1106               	bcf	(50/8),(50)&7
   790  07B9  1086               	bcf	(49/8),(49)&7
   791  07BA  1406               	bsf	(48/8),(48)&7
   792                           	line	76
   793                           ;4traffic.c: 76: RC2=0;RC1=0;RC0=1;
   794  07BB  1107               	bcf	(58/8),(58)&7
   795  07BC  1087               	bcf	(57/8),(57)&7
   796  07BD  1407               	bsf	(56/8),(56)&7
   797                           	line	77
   798                           ;4traffic.c: 77: RD2=1;RD1=0;RD0=0;
   799  07BE  1508               	bsf	(66/8),(66)&7
   800  07BF  1088               	bcf	(65/8),(65)&7
   801  07C0  1008               	bcf	(64/8),(64)&7
   802  07C1  2FC2               	goto	l2232
   803                           	line	78
   804                           	
   805  07C2                     l1038:	
   806                           	line	79
   807                           	
   808  07C2                     l2232:	
   809                           ;4traffic.c: 78: }
   810                           ;4traffic.c: 79: if(count>=54 && count<=60)
   811  07C2  0871               	movf	(_count+1),w
   812  07C3  3A80               	xorlw	80h
   813  07C4  00FF               	movwf	btemp+1
   814  07C5  3080               	movlw	(high(036h))^80h
   815  07C6  027F               	subwf	btemp+1,w
   816  07C7  1D03               	skipz
   817  07C8  2FCB               	goto	u2295
   818  07C9  3036               	movlw	low(036h)
   819  07CA  0270               	subwf	(_count),w
   820  07CB                     u2295:
   821                           
   822  07CB  1C03               	skipc
   823  07CC  2FCE               	goto	u2291
   824  07CD  2FCF               	goto	u2290
   825  07CE                     u2291:
   826  07CE  2FEB               	goto	l2238
   827  07CF                     u2290:
   828                           	
   829  07CF                     l2234:	
   830  07CF  0871               	movf	(_count+1),w
   831  07D0  3A80               	xorlw	80h
   832  07D1  00FF               	movwf	btemp+1
   833  07D2  3080               	movlw	(high(03Dh))^80h
   834  07D3  027F               	subwf	btemp+1,w
   835  07D4  1D03               	skipz
   836  07D5  2FD8               	goto	u2305
   837  07D6  303D               	movlw	low(03Dh)
   838  07D7  0270               	subwf	(_count),w
   839  07D8                     u2305:
   840                           
   841  07D8  1803               	skipnc
   842  07D9  2FDB               	goto	u2301
   843  07DA  2FDC               	goto	u2300
   844  07DB                     u2301:
   845  07DB  2FEB               	goto	l2238
   846  07DC                     u2300:
   847                           	line	81
   848                           	
   849  07DC                     l2236:	
   850                           ;4traffic.c: 80: {
   851                           ;4traffic.c: 81: RA2=0;RA1=0;RA0=1;
   852  07DC  1283               	bcf	status, 5	;RP0=0, select bank0
   853  07DD  1303               	bcf	status, 6	;RP1=0, select bank0
   854  07DE  1105               	bcf	(42/8),(42)&7
   855  07DF  1085               	bcf	(41/8),(41)&7
   856  07E0  1405               	bsf	(40/8),(40)&7
   857                           	line	82
   858                           ;4traffic.c: 82: RB2=0;RB1=0;RB0=1;
   859  07E1  1106               	bcf	(50/8),(50)&7
   860  07E2  1086               	bcf	(49/8),(49)&7
   861  07E3  1406               	bsf	(48/8),(48)&7
   862                           	line	83
   863                           ;4traffic.c: 83: RC2=0;RC1=0;RC0=1;
   864  07E4  1107               	bcf	(58/8),(58)&7
   865  07E5  1087               	bcf	(57/8),(57)&7
   866  07E6  1407               	bsf	(56/8),(56)&7
   867                           	line	84
   868                           ;4traffic.c: 84: RD2=0;RD1=1;RD0=0;
   869  07E7  1108               	bcf	(66/8),(66)&7
   870  07E8  1488               	bsf	(65/8),(65)&7
   871  07E9  1008               	bcf	(64/8),(64)&7
   872  07EA  2FEB               	goto	l2238
   873                           	line	85
   874                           	
   875  07EB                     l1039:	
   876                           	line	86
   877                           	
   878  07EB                     l2238:	
   879                           ;4traffic.c: 85: }
   880                           ;4traffic.c: 86: if(count>=60)
   881  07EB  0871               	movf	(_count+1),w
   882  07EC  3A80               	xorlw	80h
   883  07ED  00FF               	movwf	btemp+1
   884  07EE  3080               	movlw	(high(03Ch))^80h
   885  07EF  027F               	subwf	btemp+1,w
   886  07F0  1D03               	skipz
   887  07F1  2FF4               	goto	u2315
   888  07F2  303C               	movlw	low(03Ch)
   889  07F3  0270               	subwf	(_count),w
   890  07F4                     u2315:
   891                           
   892  07F4  1C03               	skipc
   893  07F5  2FF7               	goto	u2311
   894  07F6  2FF8               	goto	u2310
   895  07F7                     u2311:
   896  07F7  2EA7               	goto	l2188
   897  07F8                     u2310:
   898                           	line	88
   899                           	
   900  07F8                     l2240:	
   901                           ;4traffic.c: 87: {
   902                           ;4traffic.c: 88: count=0;
   903  07F8  01F0               	clrf	(_count)
   904  07F9  01F1               	clrf	(_count+1)
   905  07FA  2EA7               	goto	l2188
   906                           	line	93
   907                           	
   908  07FB                     l1040:	
   909  07FB  2EA7               	goto	l2188
   910                           	line	94
   911                           	
   912  07FC                     l1041:	
   913                           	line	27
   914  07FC  2EA7               	goto	l2188
   915                           	
   916  07FD                     l1042:	
   917                           	line	95
   918                           	
   919  07FD                     l1043:	
   920                           	global	start
   921  07FD  120A  118A  2800   	ljmp	start
   922                           	opt stack 0
   923                           GLOBAL	__end_of_main
   924  0800                     	__end_of_main:
   925 ;; =============== function _main ends ============
   926                           
   927                           	signat	_main,88
   928                           	global	_timer1
   929                           psect	text61,local,class=CODE,delta=2
   930                           global __ptext61
   931  0677                     __ptext61:
   932                           
   933 ;; *************** function _timer1 *****************
   934 ;; Defined at:
   935 ;;		line 5 in file "E:\KTU\Softwares\MP lab\TIMER\4Traffic\4traffic.c"
   936 ;; Parameters:    Size  Location     Type
   937 ;;		None
   938 ;; Auto vars:     Size  Location     Type
   939 ;;		None
   940 ;; Return value:  Size  Location     Type
   941 ;;		None               void
   942 ;; Registers used:
   943 ;;		wreg
   944 ;; Tracked objects:
   945 ;;		On entry : 0/0
   946 ;;		On exit  : 0/0
   947 ;;		Unchanged: 0/0
   948 ;; Data sizes:     COMMON   BANK0   BANK1   BANK3   BANK2
   949 ;;      Params:         0       0       0       0       0
   950 ;;      Locals:         0       0       0       0       0
   951 ;;      Temps:          0       0       0       0       0
   952 ;;      Totals:         0       0       0       0       0
   953 ;;Total ram usage:        0 bytes
   954 ;; Hardware stack levels used:    1
   955 ;; This function calls:
   956 ;;		Nothing
   957 ;; This function is called by:
   958 ;;		_main
   959 ;; This function uses a non-reentrant model
   960 ;;
   961                           psect	text61
   962                           	file	"E:\KTU\Softwares\MP lab\TIMER\4Traffic\4traffic.c"
   963                           	line	5
   964                           	global	__size_of_timer1
   965  000F                     	__size_of_timer1	equ	__end_of_timer1-_timer1
   966                           	
   967  0677                     _timer1:	
   968                           	opt	stack 7
   969                           ; Regs used in _timer1: [wreg]
   970                           	line	6
   971                           	
   972  0677                     l1412:	
   973                           ;4traffic.c: 6: if(TMR1IF==1)
   974  0677  1283               	bcf	status, 5	;RP0=0, select bank0
   975  0678  1303               	bcf	status, 6	;RP1=0, select bank0
   976  0679  1C0C               	btfss	(96/8),(96)&7
   977  067A  2E7C               	goto	u11
   978  067B  2E7D               	goto	u10
   979  067C                     u11:
   980  067C  2E85               	goto	l1028
   981  067D                     u10:
   982                           	line	8
   983                           	
   984  067D                     l1414:	
   985                           ;4traffic.c: 7: {
   986                           ;4traffic.c: 8: count++;
   987  067D  3001               	movlw	low(01h)
   988  067E  07F0               	addwf	(_count),f
   989  067F  1803               	skipnc
   990  0680  0AF1               	incf	(_count+1),f
   991  0681  3000               	movlw	high(01h)
   992  0682  07F1               	addwf	(_count+1),f
   993                           	line	9
   994                           	
   995  0683                     l1416:	
   996                           ;4traffic.c: 9: TMR1IF=0;
   997  0683  100C               	bcf	(96/8),(96)&7
   998  0684  2E85               	goto	l1028
   999                           	line	10
  1000                           	
  1001  0685                     l1027:	
  1002                           	line	12
  1003                           	
  1004  0685                     l1028:	
  1005  0685  0008               	return
  1006                           	opt stack 0
  1007                           GLOBAL	__end_of_timer1
  1008  0686                     	__end_of_timer1:
  1009 ;; =============== function _timer1 ends ============
  1010                           
  1011                           	signat	_timer1,88
  1012                           psect	text62,local,class=CODE,delta=2
  1013                           global __ptext62
  1014  0000                     __ptext62:
  1015                           	global	btemp
  1016  007E                     	btemp set 07Eh
  1017                           
  1018                           	DABS	1,126,2	;btemp
  1019                           	global	wtemp0
  1020  007E                     	wtemp0 set btemp


HI-TECH Software PICC Macro Assembler V9.81 build 7503 
Symbol Table                                                                                   Sun Jun 13 00:27:30 2021

                  u10 067D                    u11 067C                   _RA0 0028                   _RA1 0029  
                 _RB0 0030                   _RA2 002A                   _RB1 0031                   _RC0 0038  
                 _RB2 0032                   _RC1 0039                   _RD0 0040                   _RC2 003A  
                 _RD1 0041                   _RD2 0042                  l1031 06A7                  l1040 07FB  
                l1032 06CC                  l1041 07FC                  l1033 06F5                  l1042 07FD  
                l1034 071E                  l1027 0685                  l1043 07FD                  l1035 0747  
                l1028 0685                  l1036 0770                  l1037 0799                  l1038 07C2  
                l1039 07EB                  l2200 06E6                  l2210 072B                  l2202 06F5  
                l1412 0677                  l2220 0770                  l2212 0738                  l2204 0702  
                l1414 067D                  l2230 07B3                  l2222 077D                  l2214 0747  
                l2206 070F                  l1416 0683                  l2240 07F8                  l2232 07C2  
                l2224 078A                  l2216 0754                  l2208 071E                  l2234 07CF  
                l2226 0799                  l2218 0761                  l2236 07DC                  l2228 07A6  
                l2238 07EB                  l2190 06AC                  l2192 06B0                  l2184 0686  
                l2194 06BD                  l2186 06A2                  l2196 06CC                  l2188 06A7  
                l2198 06D9                  u2200 070F                  u2201 070E                  u2210 072B  
                u2211 072A                  u2300 07DC                  u2220 0738                  u2301 07DB  
                u2221 0737                  u2205 070B                  u2310 07F8                  u2230 0754  
                u2150 06B0                  u2311 07F7                  u2231 0753                  u2215 0727  
                u2151 06AF                  u2240 0761                  u2160 06BD                  u2305 07D8  
                u2241 0760                  u2225 0734                  u2161 06BC                  u2250 077D  
                u2170 06D9                  u2315 07F4                  u2251 077C                  u2235 0750  
                u2171 06D8                  u2260 078A                  u2180 06E6                  u2261 0789  
                u2245 075D                  u2181 06E5                  u2165 06B9                  u2270 07A6  
                u2190 0702                  u2271 07A5                  u2255 0779                  u2191 0701  
                u2175 06D5                  u2280 07B3                  u2281 07B2                  u2265 0786  
                u2185 06E2                  u2290 07CF                  u2291 07CE                  u2275 07A2  
                u2195 06FE                  u2285 07AF                  u2295 07CB                  _main 0686  
                btemp 007E                  start 0000                 ?_main 0000                 _ANSEL 0188  
               _T1CON 0010                 _PORTA 0005                 _PORTB 0006                 _PORTC 0007  
               _PORTD 0008                 _TRISA 0085                 _TRISB 0086                 _TRISC 0087  
               _TRISD 0088                 _count 0070                 status 0003                 wtemp0 007E  
        __end_of_main 0800                ??_main 0000                _ANSELH 0189                _TMR1IF 0060  
              _timer1 0677        __pcstackCOMMON 0000            __pmaintext 0686               ?_timer1 0000  
     __size_of_timer1 000F  end_of_initialization 0673        __end_of_timer1 0686   start_initialization 0671  
            ??_timer1 0000           __pbssCOMMON 0070              __ptext60 0000              __ptext61 0677  
            __ptext62 0000         __size_of_main 017A  
