

HI-TECH Software PIC LITE Macro Assembler V9.81 build 7503 
                                                                                               Sat Jun 12 13:37:03 2021

HI-TECH Software Omniscient Code Generator (Lite mode) build 7503
     1  0000                     opt subtitle "HI-TECH Software Omniscient Code Generator (Lite mode) build 7503"
     2                           
     3                           opt pagewidth 120
     4                           
     5                           	opt lm
     6                           
     7                           	processor	16F887
     8                           clrc	macro
     9                           	bcf	3,0
    10  0000                     	endm
    11                           clrz	macro
    12                           	bcf	3,2
    13  0000                     	endm
    14                           setc	macro
    15                           	bsf	3,0
    16  0000                     	endm
    17                           setz	macro
    18                           	bsf	3,2
    19  0000                     	endm
    20                           skipc	macro
    21                           	btfss	3,0
    22  0000                     	endm
    23                           skipz	macro
    24                           	btfss	3,2
    25  0000                     	endm
    26                           skipnc	macro
    27                           	btfsc	3,0
    28  0000                     	endm
    29                           skipnz	macro
    30                           	btfsc	3,2
    31  0000                     	endm
    32  0000                     indf	equ	0
    33  0000                     indf0	equ	0
    34  0002                     pc	equ	2
    35  0002                     pcl	equ	2
    36  0003                     status	equ	3
    37  0004                     fsr	equ	4
    38  0004                     fsr0	equ	4
    39  0001                     c	equ	1
    40  0000                     z	equ	0
    41  000A                     pclath	equ	10
    42                           # 2 "E:\KTU\Softwares\MP lab\TIMER\Twowaytraffic\twowaytraf.c"
    43                           	psect config,class=CONFIG,delta=2 ;#
    44                           # 2 "E:\KTU\Softwares\MP lab\TIMER\Twowaytraffic\twowaytraf.c"
    45  2007  2CE4               	dw 0X2CE4 ;#
    46                           	FNCALL	_main,_timer0
    47                           	FNROOT	_main
    48                           	global	_count
    49                           	global	_PORTA
    50                           psect	maintext,global,class=CODE,delta=2
    51                           global __pmaintext
    52  074E                     __pmaintext:
    53  0005                     _PORTA	set	5
    54                           	global	_PORTC
    55  0007                     _PORTC	set	7
    56                           	global	_RA0
    57  0028                     _RA0	set	40
    58                           	global	_RA1
    59  0029                     _RA1	set	41
    60                           	global	_RA2
    61  002A                     _RA2	set	42
    62                           	global	_RC0
    63  0038                     _RC0	set	56
    64                           	global	_RC1
    65  0039                     _RC1	set	57
    66                           	global	_RC2
    67  003A                     _RC2	set	58
    68                           	global	_T0IF
    69  005A                     _T0IF	set	90
    70                           	global	_OPTION_REG
    71  0081                     _OPTION_REG	set	129
    72                           	global	_TRISA
    73  0085                     _TRISA	set	133
    74                           	global	_TRISC
    75  0087                     _TRISC	set	135
    76                           	global	_ANSEL
    77  0188                     _ANSEL	set	392
    78                           	global	_ANSELH
    79  0189                     _ANSELH	set	393
    80                           	file	"twowaytraf.as"
    81                           	line	#
    82                           psect cinit,class=CODE,delta=2
    83                           global start_initialization
    84  073B                     start_initialization:
    85                           
    86                           psect	bssCOMMON,class=COMMON,space=1
    87                           global __pbssCOMMON
    88  0070                     __pbssCOMMON:
    89  0070                     _count:
    90  0070                            ds      2
    91                           
    92                           ; Clear objects allocated to COMMON
    93                           psect cinit,class=CODE,delta=2
    94  073B  01F0               	clrf	((__pbssCOMMON)+0)&07Fh
    95  073C  01F1               	clrf	((__pbssCOMMON)+1)&07Fh
    96                           psect cinit,class=CODE,delta=2
    97                           global end_of_initialization
    98                           
    99                           ;End of C runtime variable initialization code
   100                           
   101  073D                     end_of_initialization:
   102  073D  0183               clrf status
   103  073E  120A  118A  2F4E   ljmp _main	;jump to C main() function
   104                           psect	cstackCOMMON,class=COMMON,space=1
   105                           global __pcstackCOMMON
   106  0000                     __pcstackCOMMON:
   107                           	global	?_timer0
   108  0000                     ?_timer0:	; 0 bytes @ 0x0
   109                           	global	??_timer0
   110  0000                     ??_timer0:	; 0 bytes @ 0x0
   111                           	global	?_main
   112  0000                     ?_main:	; 0 bytes @ 0x0
   113                           	global	??_main
   114  0000                     ??_main:	; 0 bytes @ 0x0
   115 ;;Data sizes: Strings 0, constant 0, data 0, bss 2, persistent 0 stack 0
   116 ;;Auto spaces:   Size  Autos    Used
   117 ;; COMMON          14      0       2
   118 ;; BANK0           80      0       0
   119 ;; BANK1           80      0       0
   120 ;; BANK3           96      0       0
   121 ;; BANK2           96      0       0
   122                           
   123 ;;
   124 ;; Pointer list with targets:
   125                           
   126                           
   127                           
   128 ;;
   129 ;; Critical Paths under _main in COMMON
   130 ;;
   131 ;;   None.
   132 ;;
   133 ;; Critical Paths under _main in BANK0
   134 ;;
   135 ;;   None.
   136 ;;
   137 ;; Critical Paths under _main in BANK1
   138 ;;
   139 ;;   None.
   140 ;;
   141 ;; Critical Paths under _main in BANK3
   142 ;;
   143 ;;   None.
   144 ;;
   145 ;; Critical Paths under _main in BANK2
   146 ;;
   147 ;;   None.
   148                           
   149 ;;
   150 ;;Main: autosize = 0, tempsize = 0, incstack = 0, save=0
   151 ;;
   152                           
   153 ;;
   154 ;;Call Graph Tables:
   155 ;;
   156 ;; ---------------------------------------------------------------------------------
   157 ;; (Depth) Function   	        Calls       Base Space   Used Autos Params    Refs
   158 ;; ---------------------------------------------------------------------------------
   159 ;; (0) _main                                                 0     0      0       0
   160 ;;                             _timer0
   161 ;; ---------------------------------------------------------------------------------
   162 ;; (1) _timer0                                               0     0      0       0
   163 ;; ---------------------------------------------------------------------------------
   164 ;; Estimated maximum stack depth 1
   165 ;; ---------------------------------------------------------------------------------
   166                           
   167 ;; Call Graph Graphs:
   168                           
   169 ;; _main (ROOT)
   170 ;;   _timer0
   171 ;;
   172                           
   173 ;; Address spaces:
   174                           
   175 ;;Name               Size   Autos  Total    Cost      Usage
   176 ;;BITCOMMON            E      0       0       0        0.0%
   177 ;;EEDATA             100      0       0       0        0.0%
   178 ;;NULL                 0      0       0       0        0.0%
   179 ;;CODE                 0      0       0       0        0.0%
   180 ;;COMMON               E      0       2       1       14.3%
   181 ;;BITSFR0              0      0       0       1        0.0%
   182 ;;SFR0                 0      0       0       1        0.0%
   183 ;;BITSFR1              0      0       0       2        0.0%
   184 ;;SFR1                 0      0       0       2        0.0%
   185 ;;STACK                0      0       1       2        0.0%
   186 ;;ABS                  0      0       2       3        0.0%
   187 ;;BITBANK0            50      0       0       4        0.0%
   188 ;;BITSFR3              0      0       0       4        0.0%
   189 ;;SFR3                 0      0       0       4        0.0%
   190 ;;BANK0               50      0       0       5        0.0%
   191 ;;BITSFR2              0      0       0       5        0.0%
   192 ;;SFR2                 0      0       0       5        0.0%
   193 ;;BITBANK1            50      0       0       6        0.0%
   194 ;;BANK1               50      0       0       7        0.0%
   195 ;;BITBANK3            60      0       0       8        0.0%
   196 ;;BANK3               60      0       0       9        0.0%
   197 ;;BITBANK2            60      0       0      10        0.0%
   198 ;;BANK2               60      0       0      11        0.0%
   199 ;;DATA                 0      0       3      12        0.0%
   200                           
   201                           	global	_main
   202                           psect	maintext
   203                           
   204 ;; *************** function _main *****************
   205 ;; Defined at:
   206 ;;		line 13 in file "E:\KTU\Softwares\MP lab\TIMER\Twowaytraffic\twowaytraf.c"
   207 ;; Parameters:    Size  Location     Type
   208 ;;		None
   209 ;; Auto vars:     Size  Location     Type
   210 ;;		None
   211 ;; Return value:  Size  Location     Type
   212 ;;		None               void
   213 ;; Registers used:
   214 ;;		wreg, status,2, status,0, btemp+1, pclath, cstack
   215 ;; Tracked objects:
   216 ;;		On entry : 17F/0
   217 ;;		On exit  : 0/0
   218 ;;		Unchanged: 0/0
   219 ;; Data sizes:     COMMON   BANK0   BANK1   BANK3   BANK2
   220 ;;      Params:         0       0       0       0       0
   221 ;;      Locals:         0       0       0       0       0
   222 ;;      Temps:          0       0       0       0       0
   223 ;;      Totals:         0       0       0       0       0
   224 ;;Total ram usage:        0 bytes
   225 ;; Hardware stack levels required when called:    1
   226 ;; This function calls:
   227 ;;		_timer0
   228 ;; This function is called by:
   229 ;;		Startup code after reset
   230 ;; This function uses a non-reentrant model
   231 ;;
   232                           psect	maintext
   233                           	file	"E:\KTU\Softwares\MP lab\TIMER\Twowaytraffic\twowaytraf.c"
   234                           	line	13
   235                           	global	__size_of_main
   236  00B2                     	__size_of_main	equ	__end_of_main-_main
   237                           	
   238  074E                     _main:	
   239                           	opt	stack 7
   240                           ; Regs used in _main: [wreg+status,2+status,0+btemp+1+pclath+cstack]
   241                           	line	14
   242                           	
   243  074E                     l2180:	
   244                           ;twowaytraf.c: 14: PORTA=0X00;
   245  074E  1283               	bcf	status, 5	;RP0=0, select bank0
   246  074F  1303               	bcf	status, 6	;RP1=0, select bank0
   247  0750  0185               	clrf	(5)	;volatile
   248                           	line	15
   249                           ;twowaytraf.c: 15: TRISA=0X00;
   250  0751  1683               	bsf	status, 5	;RP0=1, select bank1
   251  0752  1303               	bcf	status, 6	;RP1=0, select bank1
   252  0753  0185               	clrf	(133)^080h	;volatile
   253                           	line	16
   254                           ;twowaytraf.c: 16: PORTC=0X00;
   255  0754  1283               	bcf	status, 5	;RP0=0, select bank0
   256  0755  1303               	bcf	status, 6	;RP1=0, select bank0
   257  0756  0187               	clrf	(7)	;volatile
   258                           	line	17
   259                           ;twowaytraf.c: 17: TRISC=0X00;
   260  0757  1683               	bsf	status, 5	;RP0=1, select bank1
   261  0758  1303               	bcf	status, 6	;RP1=0, select bank1
   262  0759  0187               	clrf	(135)^080h	;volatile
   263                           	line	18
   264                           ;twowaytraf.c: 18: ANSEL=0X00;
   265  075A  1683               	bsf	status, 5	;RP0=1, select bank3
   266  075B  1703               	bsf	status, 6	;RP1=1, select bank3
   267  075C  0188               	clrf	(392)^0180h	;volatile
   268                           	line	19
   269                           ;twowaytraf.c: 19: ANSELH=0X00;
   270  075D  0189               	clrf	(393)^0180h	;volatile
   271                           	line	20
   272                           	
   273  075E                     l2182:	
   274                           ;twowaytraf.c: 20: OPTION_REG=0X07;
   275  075E  3007               	movlw	(07h)
   276  075F  1683               	bsf	status, 5	;RP0=1, select bank1
   277  0760  1303               	bcf	status, 6	;RP1=0, select bank1
   278  0761  0081               	movwf	(129)^080h	;volatile
   279  0762  2F63               	goto	l2184
   280                           	line	21
   281                           ;twowaytraf.c: 21: while(1)
   282                           	
   283  0763                     l1031:	
   284                           	line	23
   285                           	
   286  0763                     l2184:	
   287                           ;twowaytraf.c: 22: {
   288                           ;twowaytraf.c: 23: timer0();
   289  0763  120A  118A  2741   	fcall	_timer0
              120A  118A         
   290                           	line	24
   291                           	
   292  0768                     l2186:	
   293                           ;twowaytraf.c: 24: if(count>=0 && count<=75)
   294  0768  1BF1               	btfsc	(_count+1),7
   295  0769  2F6B               	goto	u2151
   296  076A  2F6C               	goto	u2150
   297  076B                     u2151:
   298  076B  2F82               	goto	l2192
   299  076C                     u2150:
   300                           	
   301  076C                     l2188:	
   302  076C  0871               	movf	(_count+1),w
   303  076D  3A80               	xorlw	80h
   304  076E  00FF               	movwf	btemp+1
   305  076F  3080               	movlw	(high(04Ch))^80h
   306  0770  027F               	subwf	btemp+1,w
   307  0771  1D03               	skipz
   308  0772  2F75               	goto	u2165
   309  0773  304C               	movlw	low(04Ch)
   310  0774  0270               	subwf	(_count),w
   311  0775                     u2165:
   312                           
   313  0775  1803               	skipnc
   314  0776  2F78               	goto	u2161
   315  0777  2F79               	goto	u2160
   316  0778                     u2161:
   317  0778  2F82               	goto	l2192
   318  0779                     u2160:
   319                           	line	26
   320                           	
   321  0779                     l2190:	
   322                           ;twowaytraf.c: 25: {
   323                           ;twowaytraf.c: 26: RC0=1;RC1=0;RC2=0;
   324  0779  1283               	bcf	status, 5	;RP0=0, select bank0
   325  077A  1303               	bcf	status, 6	;RP1=0, select bank0
   326  077B  1407               	bsf	(56/8),(56)&7
   327  077C  1087               	bcf	(57/8),(57)&7
   328  077D  1107               	bcf	(58/8),(58)&7
   329                           	line	27
   330                           ;twowaytraf.c: 27: RA0=0;RA1=0;RA2=1;
   331  077E  1005               	bcf	(40/8),(40)&7
   332  077F  1085               	bcf	(41/8),(41)&7
   333  0780  1505               	bsf	(42/8),(42)&7
   334  0781  2F82               	goto	l2192
   335                           	line	28
   336                           	
   337  0782                     l1032:	
   338                           	line	29
   339                           	
   340  0782                     l2192:	
   341                           ;twowaytraf.c: 28: }
   342                           ;twowaytraf.c: 29: if(count>=75 && count<=105)
   343  0782  0871               	movf	(_count+1),w
   344  0783  3A80               	xorlw	80h
   345  0784  00FF               	movwf	btemp+1
   346  0785  3080               	movlw	(high(04Bh))^80h
   347  0786  027F               	subwf	btemp+1,w
   348  0787  1D03               	skipz
   349  0788  2F8B               	goto	u2175
   350  0789  304B               	movlw	low(04Bh)
   351  078A  0270               	subwf	(_count),w
   352  078B                     u2175:
   353                           
   354  078B  1C03               	skipc
   355  078C  2F8E               	goto	u2171
   356  078D  2F8F               	goto	u2170
   357  078E                     u2171:
   358  078E  2FA5               	goto	l2198
   359  078F                     u2170:
   360                           	
   361  078F                     l2194:	
   362  078F  0871               	movf	(_count+1),w
   363  0790  3A80               	xorlw	80h
   364  0791  00FF               	movwf	btemp+1
   365  0792  3080               	movlw	(high(06Ah))^80h
   366  0793  027F               	subwf	btemp+1,w
   367  0794  1D03               	skipz
   368  0795  2F98               	goto	u2185
   369  0796  306A               	movlw	low(06Ah)
   370  0797  0270               	subwf	(_count),w
   371  0798                     u2185:
   372                           
   373  0798  1803               	skipnc
   374  0799  2F9B               	goto	u2181
   375  079A  2F9C               	goto	u2180
   376  079B                     u2181:
   377  079B  2FA5               	goto	l2198
   378  079C                     u2180:
   379                           	line	31
   380                           	
   381  079C                     l2196:	
   382                           ;twowaytraf.c: 30: {
   383                           ;twowaytraf.c: 31: RC0=1;RC1=0;RC2=0;
   384  079C  1283               	bcf	status, 5	;RP0=0, select bank0
   385  079D  1303               	bcf	status, 6	;RP1=0, select bank0
   386  079E  1407               	bsf	(56/8),(56)&7
   387  079F  1087               	bcf	(57/8),(57)&7
   388  07A0  1107               	bcf	(58/8),(58)&7
   389                           	line	32
   390                           ;twowaytraf.c: 32: RA0=0;RA1=1;RA2=0;
   391  07A1  1005               	bcf	(40/8),(40)&7
   392  07A2  1485               	bsf	(41/8),(41)&7
   393  07A3  1105               	bcf	(42/8),(42)&7
   394  07A4  2FA5               	goto	l2198
   395                           	line	33
   396                           	
   397  07A5                     l1033:	
   398                           	line	34
   399                           	
   400  07A5                     l2198:	
   401                           ;twowaytraf.c: 33: }
   402                           ;twowaytraf.c: 34: if(count>=105 && count<=180)
   403  07A5  0871               	movf	(_count+1),w
   404  07A6  3A80               	xorlw	80h
   405  07A7  00FF               	movwf	btemp+1
   406  07A8  3080               	movlw	(high(069h))^80h
   407  07A9  027F               	subwf	btemp+1,w
   408  07AA  1D03               	skipz
   409  07AB  2FAE               	goto	u2195
   410  07AC  3069               	movlw	low(069h)
   411  07AD  0270               	subwf	(_count),w
   412  07AE                     u2195:
   413                           
   414  07AE  1C03               	skipc
   415  07AF  2FB1               	goto	u2191
   416  07B0  2FB2               	goto	u2190
   417  07B1                     u2191:
   418  07B1  2FC8               	goto	l2204
   419  07B2                     u2190:
   420                           	
   421  07B2                     l2200:	
   422  07B2  0871               	movf	(_count+1),w
   423  07B3  3A80               	xorlw	80h
   424  07B4  00FF               	movwf	btemp+1
   425  07B5  3080               	movlw	(high(0B5h))^80h
   426  07B6  027F               	subwf	btemp+1,w
   427  07B7  1D03               	skipz
   428  07B8  2FBB               	goto	u2205
   429  07B9  30B5               	movlw	low(0B5h)
   430  07BA  0270               	subwf	(_count),w
   431  07BB                     u2205:
   432                           
   433  07BB  1803               	skipnc
   434  07BC  2FBE               	goto	u2201
   435  07BD  2FBF               	goto	u2200
   436  07BE                     u2201:
   437  07BE  2FC8               	goto	l2204
   438  07BF                     u2200:
   439                           	line	36
   440                           	
   441  07BF                     l2202:	
   442                           ;twowaytraf.c: 35: {
   443                           ;twowaytraf.c: 36: RC0=0;RC1=0;RC2=1;
   444  07BF  1283               	bcf	status, 5	;RP0=0, select bank0
   445  07C0  1303               	bcf	status, 6	;RP1=0, select bank0
   446  07C1  1007               	bcf	(56/8),(56)&7
   447  07C2  1087               	bcf	(57/8),(57)&7
   448  07C3  1507               	bsf	(58/8),(58)&7
   449                           	line	37
   450                           ;twowaytraf.c: 37: RA0=1;RA1=0;RA2=0;
   451  07C4  1405               	bsf	(40/8),(40)&7
   452  07C5  1085               	bcf	(41/8),(41)&7
   453  07C6  1105               	bcf	(42/8),(42)&7
   454  07C7  2FC8               	goto	l2204
   455                           	line	38
   456                           	
   457  07C8                     l1034:	
   458                           	line	39
   459                           	
   460  07C8                     l2204:	
   461                           ;twowaytraf.c: 38: }
   462                           ;twowaytraf.c: 39: if(count>=180 && count<=210)
   463  07C8  0871               	movf	(_count+1),w
   464  07C9  3A80               	xorlw	80h
   465  07CA  00FF               	movwf	btemp+1
   466  07CB  3080               	movlw	(high(0B4h))^80h
   467  07CC  027F               	subwf	btemp+1,w
   468  07CD  1D03               	skipz
   469  07CE  2FD1               	goto	u2215
   470  07CF  30B4               	movlw	low(0B4h)
   471  07D0  0270               	subwf	(_count),w
   472  07D1                     u2215:
   473                           
   474  07D1  1C03               	skipc
   475  07D2  2FD4               	goto	u2211
   476  07D3  2FD5               	goto	u2210
   477  07D4                     u2211:
   478  07D4  2FEB               	goto	l2210
   479  07D5                     u2210:
   480                           	
   481  07D5                     l2206:	
   482  07D5  0871               	movf	(_count+1),w
   483  07D6  3A80               	xorlw	80h
   484  07D7  00FF               	movwf	btemp+1
   485  07D8  3080               	movlw	(high(0D3h))^80h
   486  07D9  027F               	subwf	btemp+1,w
   487  07DA  1D03               	skipz
   488  07DB  2FDE               	goto	u2225
   489  07DC  30D3               	movlw	low(0D3h)
   490  07DD  0270               	subwf	(_count),w
   491  07DE                     u2225:
   492                           
   493  07DE  1803               	skipnc
   494  07DF  2FE1               	goto	u2221
   495  07E0  2FE2               	goto	u2220
   496  07E1                     u2221:
   497  07E1  2FEB               	goto	l2210
   498  07E2                     u2220:
   499                           	line	41
   500                           	
   501  07E2                     l2208:	
   502                           ;twowaytraf.c: 40: {
   503                           ;twowaytraf.c: 41: RC0=0;RC1=1;RC2=0;
   504  07E2  1283               	bcf	status, 5	;RP0=0, select bank0
   505  07E3  1303               	bcf	status, 6	;RP1=0, select bank0
   506  07E4  1007               	bcf	(56/8),(56)&7
   507  07E5  1487               	bsf	(57/8),(57)&7
   508  07E6  1107               	bcf	(58/8),(58)&7
   509                           	line	42
   510                           ;twowaytraf.c: 42: RA0=1;RA1=0;RA2=0;
   511  07E7  1405               	bsf	(40/8),(40)&7
   512  07E8  1085               	bcf	(41/8),(41)&7
   513  07E9  1105               	bcf	(42/8),(42)&7
   514  07EA  2FEB               	goto	l2210
   515                           	line	43
   516                           	
   517  07EB                     l1035:	
   518                           	line	44
   519                           	
   520  07EB                     l2210:	
   521                           ;twowaytraf.c: 43: }
   522                           ;twowaytraf.c: 44: if(count>=210)
   523  07EB  0871               	movf	(_count+1),w
   524  07EC  3A80               	xorlw	80h
   525  07ED  00FF               	movwf	btemp+1
   526  07EE  3080               	movlw	(high(0D2h))^80h
   527  07EF  027F               	subwf	btemp+1,w
   528  07F0  1D03               	skipz
   529  07F1  2FF4               	goto	u2235
   530  07F2  30D2               	movlw	low(0D2h)
   531  07F3  0270               	subwf	(_count),w
   532  07F4                     u2235:
   533                           
   534  07F4  1C03               	skipc
   535  07F5  2FF7               	goto	u2231
   536  07F6  2FF8               	goto	u2230
   537  07F7                     u2231:
   538  07F7  2F63               	goto	l2184
   539  07F8                     u2230:
   540                           	line	46
   541                           	
   542  07F8                     l2212:	
   543                           ;twowaytraf.c: 45: {
   544                           ;twowaytraf.c: 46: count=0;
   545  07F8  01F0               	clrf	(_count)
   546  07F9  01F1               	clrf	(_count+1)
   547  07FA  2F63               	goto	l2184
   548                           	line	47
   549                           	
   550  07FB                     l1036:	
   551  07FB  2F63               	goto	l2184
   552                           	line	48
   553                           	
   554  07FC                     l1037:	
   555                           	line	21
   556  07FC  2F63               	goto	l2184
   557                           	
   558  07FD                     l1038:	
   559                           	line	49
   560                           	
   561  07FD                     l1039:	
   562                           	global	start
   563  07FD  120A  118A  2800   	ljmp	start
   564                           	opt stack 0
   565                           GLOBAL	__end_of_main
   566  0800                     	__end_of_main:
   567 ;; =============== function _main ends ============
   568                           
   569                           	signat	_main,88
   570                           	global	_timer0
   571                           psect	text55,local,class=CODE,delta=2
   572                           global __ptext55
   573  0741                     __ptext55:
   574                           
   575 ;; *************** function _timer0 *****************
   576 ;; Defined at:
   577 ;;		line 5 in file "E:\KTU\Softwares\MP lab\TIMER\Twowaytraffic\twowaytraf.c"
   578 ;; Parameters:    Size  Location     Type
   579 ;;		None
   580 ;; Auto vars:     Size  Location     Type
   581 ;;		None
   582 ;; Return value:  Size  Location     Type
   583 ;;		None               void
   584 ;; Registers used:
   585 ;;		wreg
   586 ;; Tracked objects:
   587 ;;		On entry : 0/0
   588 ;;		On exit  : 0/0
   589 ;;		Unchanged: 0/0
   590 ;; Data sizes:     COMMON   BANK0   BANK1   BANK3   BANK2
   591 ;;      Params:         0       0       0       0       0
   592 ;;      Locals:         0       0       0       0       0
   593 ;;      Temps:          0       0       0       0       0
   594 ;;      Totals:         0       0       0       0       0
   595 ;;Total ram usage:        0 bytes
   596 ;; Hardware stack levels used:    1
   597 ;; This function calls:
   598 ;;		Nothing
   599 ;; This function is called by:
   600 ;;		_main
   601 ;; This function uses a non-reentrant model
   602 ;;
   603                           psect	text55
   604                           	file	"E:\KTU\Softwares\MP lab\TIMER\Twowaytraffic\twowaytraf.c"
   605                           	line	5
   606                           	global	__size_of_timer0
   607  000D                     	__size_of_timer0	equ	__end_of_timer0-_timer0
   608                           	
   609  0741                     _timer0:	
   610                           	opt	stack 7
   611                           ; Regs used in _timer0: [wreg]
   612                           	line	6
   613                           	
   614  0741                     l1408:	
   615                           ;twowaytraf.c: 6: if(T0IF==1)
   616  0741  1D0B               	btfss	(90/8),(90)&7
   617  0742  2F44               	goto	u11
   618  0743  2F45               	goto	u10
   619  0744                     u11:
   620  0744  2F4C               	goto	l1412
   621  0745                     u10:
   622                           	line	8
   623                           	
   624  0745                     l1410:	
   625                           ;twowaytraf.c: 7: {
   626                           ;twowaytraf.c: 8: count++;
   627  0745  3001               	movlw	low(01h)
   628  0746  07F0               	addwf	(_count),f
   629  0747  1803               	skipnc
   630  0748  0AF1               	incf	(_count+1),f
   631  0749  3000               	movlw	high(01h)
   632  074A  07F1               	addwf	(_count+1),f
   633  074B  2F4C               	goto	l1412
   634                           	line	9
   635                           	
   636  074C                     l1027:	
   637                           	line	10
   638                           	
   639  074C                     l1412:	
   640                           ;twowaytraf.c: 9: }
   641                           ;twowaytraf.c: 10: T0IF=0;
   642  074C  110B               	bcf	(90/8),(90)&7
   643                           	line	11
   644                           	
   645  074D                     l1028:	
   646  074D  0008               	return
   647                           	opt stack 0
   648                           GLOBAL	__end_of_timer0
   649  074E                     	__end_of_timer0:
   650 ;; =============== function _timer0 ends ============
   651                           
   652                           	signat	_timer0,88
   653                           psect	text56,local,class=CODE,delta=2
   654                           global __ptext56
   655  0000                     __ptext56:
   656                           	global	btemp
   657  007E                     	btemp set 07Eh
   658                           
   659                           	DABS	1,126,2	;btemp
   660                           	global	wtemp0
   661  007E                     	wtemp0 set btemp


HI-TECH Software PICC Macro Assembler V9.81 build 7503 
Symbol Table                                                                                   Sat Jun 12 13:37:03 2021

                  u10 0745                    u11 0744                   _RA0 0028                   _RA1 0029  
                 _RA2 002A                   _RC0 0038                   _RC1 0039                   _RC2 003A  
                l1031 0763                  l1032 0782                  l1033 07A5                  l1034 07C8  
                l1027 074C                  l1035 07EB                  l1028 074D                  l1036 07FB  
                l1037 07FC                  l1038 07FD                  l1039 07FD                  l2200 07B2  
                l1410 0745                  l2210 07EB                  l2202 07BF                  l1412 074C  
                l2212 07F8                  l2204 07C8                  l2206 07D5                  l1408 0741  
                l2208 07E2                  l2180 074E                  l2190 0779                  l2182 075E  
                l2192 0782                  l2184 0763                  l2194 078F                  l2186 0768  
                l2196 079C                  l2188 076C                  l2198 07A5                  _T0IF 005A  
                u2200 07BF                  u2201 07BE                  u2210 07D5                  u2211 07D4  
                u2220 07E2                  u2221 07E1                  u2205 07BB                  u2230 07F8  
                u2150 076C                  u2231 07F7                  u2215 07D1                  u2151 076B  
                u2160 0779                  u2225 07DE                  u2161 0778                  u2170 078F  
                u2235 07F4                  u2171 078E                  u2180 079C                  u2181 079B  
                u2165 0775                  u2190 07B2                  u2191 07B1                  u2175 078B  
                u2185 0798                  u2195 07AE                  _main 074E                  btemp 007E  
                start 0000                 ?_main 0000                 _ANSEL 0188                 _PORTA 0005  
               _PORTC 0007                 _TRISA 0085                 _TRISC 0087                 _count 0070  
               status 0003                 wtemp0 007E          __end_of_main 0800                ??_main 0000  
              _ANSELH 0189                _timer0 0741        __pcstackCOMMON 0000            __pmaintext 074E  
             ?_timer0 0000       __size_of_timer0 000D  end_of_initialization 073D        __end_of_timer0 074E  
 start_initialization 073B              ??_timer0 0000           __pbssCOMMON 0070              __ptext55 0741  
            __ptext56 0000         __size_of_main 00B2            _OPTION_REG 0081  
