

HI-TECH Software PIC LITE Macro Assembler V9.81 build 7503 
                                                                                               Wed Jun 02 13:08:07 2021

HI-TECH Software Omniscient Code Generator (Lite mode) build 7503
     1  0000                     opt subtitle "HI-TECH Software Omniscient Code Generator (Lite mode) build 7503"
     2                           
     3                           opt pagewidth 120
     4                           
     5                           	opt lm
     6                           
     7                           	processor	16F887
     8                           clrc	macro
     9                           	bcf	3,0
    10  0000                     	endm
    11                           clrz	macro
    12                           	bcf	3,2
    13  0000                     	endm
    14                           setc	macro
    15                           	bsf	3,0
    16  0000                     	endm
    17                           setz	macro
    18                           	bsf	3,2
    19  0000                     	endm
    20                           skipc	macro
    21                           	btfss	3,0
    22  0000                     	endm
    23                           skipz	macro
    24                           	btfss	3,2
    25  0000                     	endm
    26                           skipnc	macro
    27                           	btfsc	3,0
    28  0000                     	endm
    29                           skipnz	macro
    30                           	btfsc	3,2
    31  0000                     	endm
    32  0000                     indf	equ	0
    33  0000                     indf0	equ	0
    34  0002                     pc	equ	2
    35  0002                     pcl	equ	2
    36  0003                     status	equ	3
    37  0004                     fsr	equ	4
    38  0004                     fsr0	equ	4
    39  0001                     c	equ	1
    40  0000                     z	equ	0
    41  000A                     pclath	equ	10
    42                           	FNCALL	_main,_timer0
    43                           	FNROOT	_main
    44                           	global	_count
    45                           	global	_PORTA
    46                           psect	maintext,global,class=CODE,delta=2
    47                           global __pmaintext
    48  07B4                     __pmaintext:
    49  0005                     _PORTA	set	5
    50                           	global	_RA0
    51  0028                     _RA0	set	40
    52                           	global	_T0IF
    53  005A                     _T0IF	set	90
    54                           	global	_OPTION_REG
    55  0081                     _OPTION_REG	set	129
    56                           	global	_TRISA
    57  0085                     _TRISA	set	133
    58                           	global	_ANSEL
    59  0188                     _ANSEL	set	392
    60                           	global	_ANSELH
    61  0189                     _ANSELH	set	393
    62                           	file	"timer.as"
    63                           	line	#
    64                           psect cinit,class=CODE,delta=2
    65                           global start_initialization
    66  07A1                     start_initialization:
    67                           
    68                           psect	bssCOMMON,class=COMMON,space=1
    69                           global __pbssCOMMON
    70  0070                     __pbssCOMMON:
    71  0070                     _count:
    72  0070                            ds      2
    73                           
    74                           ; Clear objects allocated to COMMON
    75                           psect cinit,class=CODE,delta=2
    76  07A1  01F0               	clrf	((__pbssCOMMON)+0)&07Fh
    77  07A2  01F1               	clrf	((__pbssCOMMON)+1)&07Fh
    78                           psect cinit,class=CODE,delta=2
    79                           global end_of_initialization
    80                           
    81                           ;End of C runtime variable initialization code
    82                           
    83  07A3                     end_of_initialization:
    84  07A3  0183               clrf status
    85  07A4  120A  118A  2FB4   ljmp _main	;jump to C main() function
    86                           psect	cstackCOMMON,class=COMMON,space=1
    87                           global __pcstackCOMMON
    88  0000                     __pcstackCOMMON:
    89                           	global	?_timer0
    90  0000                     ?_timer0:	; 0 bytes @ 0x0
    91                           	global	??_timer0
    92  0000                     ??_timer0:	; 0 bytes @ 0x0
    93                           	global	?_main
    94  0000                     ?_main:	; 0 bytes @ 0x0
    95                           	global	??_main
    96  0000                     ??_main:	; 0 bytes @ 0x0
    97 ;;Data sizes: Strings 0, constant 0, data 0, bss 2, persistent 0 stack 0
    98 ;;Auto spaces:   Size  Autos    Used
    99 ;; COMMON          14      0       2
   100 ;; BANK0           80      0       0
   101 ;; BANK1           80      0       0
   102 ;; BANK3           96      0       0
   103 ;; BANK2           96      0       0
   104                           
   105 ;;
   106 ;; Pointer list with targets:
   107                           
   108                           
   109                           
   110 ;;
   111 ;; Critical Paths under _main in COMMON
   112 ;;
   113 ;;   None.
   114 ;;
   115 ;; Critical Paths under _main in BANK0
   116 ;;
   117 ;;   None.
   118 ;;
   119 ;; Critical Paths under _main in BANK1
   120 ;;
   121 ;;   None.
   122 ;;
   123 ;; Critical Paths under _main in BANK3
   124 ;;
   125 ;;   None.
   126 ;;
   127 ;; Critical Paths under _main in BANK2
   128 ;;
   129 ;;   None.
   130                           
   131 ;;
   132 ;;Main: autosize = 0, tempsize = 0, incstack = 0, save=0
   133 ;;
   134                           
   135 ;;
   136 ;;Call Graph Tables:
   137 ;;
   138 ;; ---------------------------------------------------------------------------------
   139 ;; (Depth) Function   	        Calls       Base Space   Used Autos Params    Refs
   140 ;; ---------------------------------------------------------------------------------
   141 ;; (0) _main                                                 0     0      0       0
   142 ;;                             _timer0
   143 ;; ---------------------------------------------------------------------------------
   144 ;; (1) _timer0                                               0     0      0       0
   145 ;; ---------------------------------------------------------------------------------
   146 ;; Estimated maximum stack depth 1
   147 ;; ---------------------------------------------------------------------------------
   148                           
   149 ;; Call Graph Graphs:
   150                           
   151 ;; _main (ROOT)
   152 ;;   _timer0
   153 ;;
   154                           
   155 ;; Address spaces:
   156                           
   157 ;;Name               Size   Autos  Total    Cost      Usage
   158 ;;BITCOMMON            E      0       0       0        0.0%
   159 ;;EEDATA             100      0       0       0        0.0%
   160 ;;NULL                 0      0       0       0        0.0%
   161 ;;CODE                 0      0       0       0        0.0%
   162 ;;COMMON               E      0       2       1       14.3%
   163 ;;BITSFR0              0      0       0       1        0.0%
   164 ;;SFR0                 0      0       0       1        0.0%
   165 ;;BITSFR1              0      0       0       2        0.0%
   166 ;;SFR1                 0      0       0       2        0.0%
   167 ;;STACK                0      0       1       2        0.0%
   168 ;;ABS                  0      0       2       3        0.0%
   169 ;;BITBANK0            50      0       0       4        0.0%
   170 ;;BITSFR3              0      0       0       4        0.0%
   171 ;;SFR3                 0      0       0       4        0.0%
   172 ;;BANK0               50      0       0       5        0.0%
   173 ;;BITSFR2              0      0       0       5        0.0%
   174 ;;SFR2                 0      0       0       5        0.0%
   175 ;;BITBANK1            50      0       0       6        0.0%
   176 ;;BANK1               50      0       0       7        0.0%
   177 ;;BITBANK3            60      0       0       8        0.0%
   178 ;;BANK3               60      0       0       9        0.0%
   179 ;;BITBANK2            60      0       0      10        0.0%
   180 ;;BANK2               60      0       0      11        0.0%
   181 ;;DATA                 0      0       3      12        0.0%
   182                           
   183                           	global	_main
   184                           psect	maintext
   185                           
   186 ;; *************** function _main *****************
   187 ;; Defined at:
   188 ;;		line 12 in file "E:\KTU\Softwares\MP lab\Timer\timer.c"
   189 ;; Parameters:    Size  Location     Type
   190 ;;		None
   191 ;; Auto vars:     Size  Location     Type
   192 ;;		None
   193 ;; Return value:  Size  Location     Type
   194 ;;		None               void
   195 ;; Registers used:
   196 ;;		wreg, status,2, status,0, btemp+1, pclath, cstack
   197 ;; Tracked objects:
   198 ;;		On entry : 17F/0
   199 ;;		On exit  : 0/0
   200 ;;		Unchanged: 0/0
   201 ;; Data sizes:     COMMON   BANK0   BANK1   BANK3   BANK2
   202 ;;      Params:         0       0       0       0       0
   203 ;;      Locals:         0       0       0       0       0
   204 ;;      Temps:          0       0       0       0       0
   205 ;;      Totals:         0       0       0       0       0
   206 ;;Total ram usage:        0 bytes
   207 ;; Hardware stack levels required when called:    1
   208 ;; This function calls:
   209 ;;		_timer0
   210 ;; This function is called by:
   211 ;;		Startup code after reset
   212 ;; This function uses a non-reentrant model
   213 ;;
   214                           psect	maintext
   215                           	file	"E:\KTU\Softwares\MP lab\Timer\timer.c"
   216                           	line	12
   217                           	global	__size_of_main
   218  004C                     	__size_of_main	equ	__end_of_main-_main
   219                           	
   220  07B4                     _main:	
   221                           	opt	stack 7
   222                           ; Regs used in _main: [wreg+status,2+status,0+btemp+1+pclath+cstack]
   223                           	line	13
   224                           	
   225  07B4                     l2177:	
   226                           ;timer.c: 13: PORTA=0X00;
   227  07B4  1283               	bcf	status, 5	;RP0=0, select bank0
   228  07B5  1303               	bcf	status, 6	;RP1=0, select bank0
   229  07B6  0185               	clrf	(5)	;volatile
   230                           	line	14
   231                           ;timer.c: 14: TRISA=0X00;
   232  07B7  1683               	bsf	status, 5	;RP0=1, select bank1
   233  07B8  1303               	bcf	status, 6	;RP1=0, select bank1
   234  07B9  0185               	clrf	(133)^080h	;volatile
   235                           	line	15
   236                           ;timer.c: 15: ANSEL=0X00;
   237  07BA  1683               	bsf	status, 5	;RP0=1, select bank3
   238  07BB  1703               	bsf	status, 6	;RP1=1, select bank3
   239  07BC  0188               	clrf	(392)^0180h	;volatile
   240                           	line	16
   241                           ;timer.c: 16: ANSELH=0X00;
   242  07BD  0189               	clrf	(393)^0180h	;volatile
   243                           	line	17
   244                           	
   245  07BE                     l2179:	
   246                           ;timer.c: 17: OPTION_REG=0X07;
   247  07BE  3007               	movlw	(07h)
   248  07BF  1683               	bsf	status, 5	;RP0=1, select bank1
   249  07C0  1303               	bcf	status, 6	;RP1=0, select bank1
   250  07C1  0081               	movwf	(129)^080h	;volatile
   251  07C2  2FC3               	goto	l2181
   252                           	line	18
   253                           ;timer.c: 18: while(1)
   254                           	
   255  07C3                     l1031:	
   256                           	line	20
   257                           	
   258  07C3                     l2181:	
   259                           ;timer.c: 19: {
   260                           ;timer.c: 20: timer0();
   261  07C3  120A  118A  27A7   	fcall	_timer0
              120A  118A         
   262                           	line	21
   263                           	
   264  07C8                     l2183:	
   265                           ;timer.c: 21: if(count>=0 && count<=30)
   266  07C8  1BF1               	btfsc	(_count+1),7
   267  07C9  2FCB               	goto	u2151
   268  07CA  2FCC               	goto	u2150
   269  07CB                     u2151:
   270  07CB  2FDD               	goto	l2189
   271  07CC                     u2150:
   272                           	
   273  07CC                     l2185:	
   274  07CC  0871               	movf	(_count+1),w
   275  07CD  3A80               	xorlw	80h
   276  07CE  00FF               	movwf	btemp+1
   277  07CF  3080               	movlw	(high(01Fh))^80h
   278  07D0  027F               	subwf	btemp+1,w
   279  07D1  1D03               	skipz
   280  07D2  2FD5               	goto	u2165
   281  07D3  301F               	movlw	low(01Fh)
   282  07D4  0270               	subwf	(_count),w
   283  07D5                     u2165:
   284                           
   285  07D5  1803               	skipnc
   286  07D6  2FD8               	goto	u2161
   287  07D7  2FD9               	goto	u2160
   288  07D8                     u2161:
   289  07D8  2FDD               	goto	l2189
   290  07D9                     u2160:
   291                           	line	23
   292                           	
   293  07D9                     l2187:	
   294                           ;timer.c: 22: {
   295                           ;timer.c: 23: RA0=1;
   296  07D9  1283               	bcf	status, 5	;RP0=0, select bank0
   297  07DA  1303               	bcf	status, 6	;RP1=0, select bank0
   298  07DB  1405               	bsf	(40/8),(40)&7
   299  07DC  2FDD               	goto	l2189
   300                           	line	24
   301                           	
   302  07DD                     l1032:	
   303                           	line	25
   304                           	
   305  07DD                     l2189:	
   306                           ;timer.c: 24: }
   307                           ;timer.c: 25: if(count>=30 && count<=45)
   308  07DD  0871               	movf	(_count+1),w
   309  07DE  3A80               	xorlw	80h
   310  07DF  00FF               	movwf	btemp+1
   311  07E0  3080               	movlw	(high(01Eh))^80h
   312  07E1  027F               	subwf	btemp+1,w
   313  07E2  1D03               	skipz
   314  07E3  2FE6               	goto	u2175
   315  07E4  301E               	movlw	low(01Eh)
   316  07E5  0270               	subwf	(_count),w
   317  07E6                     u2175:
   318                           
   319  07E6  1C03               	skipc
   320  07E7  2FE9               	goto	u2171
   321  07E8  2FEA               	goto	u2170
   322  07E9                     u2171:
   323  07E9  2FC3               	goto	l2181
   324  07EA                     u2170:
   325                           	
   326  07EA                     l2191:	
   327  07EA  0871               	movf	(_count+1),w
   328  07EB  3A80               	xorlw	80h
   329  07EC  00FF               	movwf	btemp+1
   330  07ED  3080               	movlw	(high(02Eh))^80h
   331  07EE  027F               	subwf	btemp+1,w
   332  07EF  1D03               	skipz
   333  07F0  2FF3               	goto	u2185
   334  07F1  302E               	movlw	low(02Eh)
   335  07F2  0270               	subwf	(_count),w
   336  07F3                     u2185:
   337                           
   338  07F3  1803               	skipnc
   339  07F4  2FF6               	goto	u2181
   340  07F5  2FF7               	goto	u2180
   341  07F6                     u2181:
   342  07F6  2FC3               	goto	l2181
   343  07F7                     u2180:
   344                           	line	27
   345                           	
   346  07F7                     l2193:	
   347                           ;timer.c: 26: {
   348                           ;timer.c: 27: RA0=0;
   349  07F7  1283               	bcf	status, 5	;RP0=0, select bank0
   350  07F8  1303               	bcf	status, 6	;RP1=0, select bank0
   351  07F9  1005               	bcf	(40/8),(40)&7
   352  07FA  2FC3               	goto	l2181
   353                           	line	28
   354                           	
   355  07FB                     l1033:	
   356  07FB  2FC3               	goto	l2181
   357                           	line	29
   358                           	
   359  07FC                     l1034:	
   360                           	line	18
   361  07FC  2FC3               	goto	l2181
   362                           	
   363  07FD                     l1035:	
   364                           	line	30
   365                           	
   366  07FD                     l1036:	
   367                           	global	start
   368  07FD  120A  118A  2800   	ljmp	start
   369                           	opt stack 0
   370                           GLOBAL	__end_of_main
   371  0800                     	__end_of_main:
   372 ;; =============== function _main ends ============
   373                           
   374                           	signat	_main,88
   375                           	global	_timer0
   376                           psect	text55,local,class=CODE,delta=2
   377                           global __ptext55
   378  07A7                     __ptext55:
   379                           
   380 ;; *************** function _timer0 *****************
   381 ;; Defined at:
   382 ;;		line 4 in file "E:\KTU\Softwares\MP lab\Timer\timer.c"
   383 ;; Parameters:    Size  Location     Type
   384 ;;		None
   385 ;; Auto vars:     Size  Location     Type
   386 ;;		None
   387 ;; Return value:  Size  Location     Type
   388 ;;		None               void
   389 ;; Registers used:
   390 ;;		wreg
   391 ;; Tracked objects:
   392 ;;		On entry : 0/0
   393 ;;		On exit  : 0/0
   394 ;;		Unchanged: 0/0
   395 ;; Data sizes:     COMMON   BANK0   BANK1   BANK3   BANK2
   396 ;;      Params:         0       0       0       0       0
   397 ;;      Locals:         0       0       0       0       0
   398 ;;      Temps:          0       0       0       0       0
   399 ;;      Totals:         0       0       0       0       0
   400 ;;Total ram usage:        0 bytes
   401 ;; Hardware stack levels used:    1
   402 ;; This function calls:
   403 ;;		Nothing
   404 ;; This function is called by:
   405 ;;		_main
   406 ;; This function uses a non-reentrant model
   407 ;;
   408                           psect	text55
   409                           	file	"E:\KTU\Softwares\MP lab\Timer\timer.c"
   410                           	line	4
   411                           	global	__size_of_timer0
   412  000D                     	__size_of_timer0	equ	__end_of_timer0-_timer0
   413                           	
   414  07A7                     _timer0:	
   415                           	opt	stack 7
   416                           ; Regs used in _timer0: [wreg]
   417                           	line	5
   418                           	
   419  07A7                     l1405:	
   420                           ;timer.c: 5: if(T0IF==1)
   421  07A7  1D0B               	btfss	(90/8),(90)&7
   422  07A8  2FAA               	goto	u11
   423  07A9  2FAB               	goto	u10
   424  07AA                     u11:
   425  07AA  2FB2               	goto	l1409
   426  07AB                     u10:
   427                           	line	7
   428                           	
   429  07AB                     l1407:	
   430                           ;timer.c: 6: {
   431                           ;timer.c: 7: count++;
   432  07AB  3001               	movlw	low(01h)
   433  07AC  07F0               	addwf	(_count),f
   434  07AD  1803               	skipnc
   435  07AE  0AF1               	incf	(_count+1),f
   436  07AF  3000               	movlw	high(01h)
   437  07B0  07F1               	addwf	(_count+1),f
   438  07B1  2FB2               	goto	l1409
   439                           	line	8
   440                           	
   441  07B2                     l1027:	
   442                           	line	9
   443                           	
   444  07B2                     l1409:	
   445                           ;timer.c: 8: }
   446                           ;timer.c: 9: T0IF=0;
   447  07B2  110B               	bcf	(90/8),(90)&7
   448                           	line	10
   449                           	
   450  07B3                     l1028:	
   451  07B3  0008               	return
   452                           	opt stack 0
   453                           GLOBAL	__end_of_timer0
   454  07B4                     	__end_of_timer0:
   455 ;; =============== function _timer0 ends ============
   456                           
   457                           	signat	_timer0,88
   458                           psect	text56,local,class=CODE,delta=2
   459                           global __ptext56
   460  0000                     __ptext56:
   461                           	global	btemp
   462  007E                     	btemp set 07Eh
   463                           
   464                           	DABS	1,126,2	;btemp
   465                           	global	wtemp0
   466  007E                     	wtemp0 set btemp


HI-TECH Software PICC Macro Assembler V9.81 build 7503 
Symbol Table                                                                                   Wed Jun 02 13:08:07 2021

                  u10 07AB                    u11 07AA                   _RA0 0028                  l1031 07C3  
                l1032 07DD                  l1033 07FB                  l1034 07FC                  l1027 07B2  
                l1035 07FD                  l1028 07B3                  l1036 07FD                  l1405 07A7  
                l1407 07AB                  l1409 07B2                  l2181 07C3                  l2191 07EA  
                l2183 07C8                  l2193 07F7                  l2185 07CC                  l2177 07B4  
                l2187 07D9                  l2179 07BE                  l2189 07DD                  _T0IF 005A  
                u2150 07CC                  u2151 07CB                  u2160 07D9                  u2161 07D8  
                u2170 07EA                  u2171 07E9                  u2180 07F7                  u2181 07F6  
                u2165 07D5                  u2175 07E6                  u2185 07F3                  _main 07B4  
                btemp 007E                  start 0000                 ?_main 0000                 _ANSEL 0188  
               _PORTA 0005                 _TRISA 0085                 _count 0070                 status 0003  
               wtemp0 007E          __end_of_main 0800                ??_main 0000                _ANSELH 0189  
              _timer0 07A7        __pcstackCOMMON 0000            __pmaintext 07B4               ?_timer0 0000  
     __size_of_timer0 000D  end_of_initialization 07A3        __end_of_timer0 07B4   start_initialization 07A1  
            ??_timer0 0000           __pbssCOMMON 0070              __ptext55 07A7              __ptext56 0000  
       __size_of_main 004C            _OPTION_REG 0081  
