

HI-TECH Software PIC LITE Macro Assembler V9.81 build 7503 
                                                                                               Tue Aug 10 15:59:00 2021

HI-TECH Software Omniscient Code Generator (Lite mode) build 7503
     1  0000                     opt subtitle "HI-TECH Software Omniscient Code Generator (Lite mode) build 7503"
     2                           
     3                           opt pagewidth 120
     4                           
     5                           	opt lm
     6                           
     7                           	processor	16F887
     8                           clrc	macro
     9                           	bcf	3,0
    10  0000                     	endm
    11                           clrz	macro
    12                           	bcf	3,2
    13  0000                     	endm
    14                           setc	macro
    15                           	bsf	3,0
    16  0000                     	endm
    17                           setz	macro
    18                           	bsf	3,2
    19  0000                     	endm
    20                           skipc	macro
    21                           	btfss	3,0
    22  0000                     	endm
    23                           skipz	macro
    24                           	btfss	3,2
    25  0000                     	endm
    26                           skipnc	macro
    27                           	btfsc	3,0
    28  0000                     	endm
    29                           skipnz	macro
    30                           	btfsc	3,2
    31  0000                     	endm
    32  0000                     indf	equ	0
    33  0000                     indf0	equ	0
    34  0002                     pc	equ	2
    35  0002                     pcl	equ	2
    36  0003                     status	equ	3
    37  0004                     fsr	equ	4
    38  0004                     fsr0	equ	4
    39  0001                     c	equ	1
    40  0000                     z	equ	0
    41  000A                     pclath	equ	10
    42                           	FNCALL	_main,_pwm
    43                           	FNCALL	_main,_delay
    44                           	FNROOT	_main
    45                           	global	_CCP1CON
    46                           psect	text66,local,class=CODE,delta=2
    47                           global __ptext66
    48  0000                     __ptext66:
    49  0017                     _CCP1CON	set	23
    50                           	global	_CCPR1L
    51  0015                     _CCPR1L	set	21
    52                           	global	_PORTC
    53  0007                     _PORTC	set	7
    54                           	global	_PORTD
    55  0008                     _PORTD	set	8
    56                           	global	_T2CON
    57  0012                     _T2CON	set	18
    58                           	global	_PR2
    59  0092                     _PR2	set	146
    60                           	global	_TRISC
    61  0087                     _TRISC	set	135
    62                           	global	_TRISD
    63  0088                     _TRISD	set	136
    64                           	file	"pwm.as"
    65                           	line	#
    66                           psect cinit,class=CODE,delta=2
    67                           global start_initialization
    68  0752                     start_initialization:
    69                           
    70                           psect cinit,class=CODE,delta=2
    71                           global end_of_initialization
    72                           
    73                           ;End of C runtime variable initialization code
    74                           
    75  0752                     end_of_initialization:
    76  0752  0183               clrf status
    77  0753  120A  118A  2F7E   ljmp _main	;jump to C main() function
    78                           psect	cstackCOMMON,class=COMMON,space=1
    79                           global __pcstackCOMMON
    80  0070                     __pcstackCOMMON:
    81                           	global	?_delay
    82  0070                     ?_delay:	; 0 bytes @ 0x0
    83                           	global	?_pwm
    84  0070                     ?_pwm:	; 0 bytes @ 0x0
    85                           	global	?_main
    86  0070                     ?_main:	; 0 bytes @ 0x0
    87                           	global	delay@a
    88  0070                     delay@a:	; 2 bytes @ 0x0
    89                           	global	pwm@a
    90  0070                     pwm@a:	; 2 bytes @ 0x0
    91  0070                     	ds	2
    92                           	global	??_delay
    93  0072                     ??_delay:	; 0 bytes @ 0x2
    94                           	global	??_pwm
    95  0072                     ??_pwm:	; 0 bytes @ 0x2
    96  0072                     	ds	2
    97                           	global	??_main
    98  0074                     ??_main:	; 0 bytes @ 0x4
    99                           	global	main@count
   100  0074                     main@count:	; 2 bytes @ 0x4
   101  0074                     	ds	2
   102 ;;Data sizes: Strings 0, constant 0, data 0, bss 0, persistent 0 stack 0
   103 ;;Auto spaces:   Size  Autos    Used
   104 ;; COMMON          14      6       6
   105 ;; BANK0           80      0       0
   106 ;; BANK1           80      0       0
   107 ;; BANK3           96      0       0
   108 ;; BANK2           96      0       0
   109                           
   110 ;;
   111 ;; Pointer list with targets:
   112                           
   113                           
   114                           
   115 ;;
   116 ;; Critical Paths under _main in COMMON
   117 ;;
   118 ;;   _main->_pwm
   119 ;;
   120 ;; Critical Paths under _main in BANK0
   121 ;;
   122 ;;   None.
   123 ;;
   124 ;; Critical Paths under _main in BANK1
   125 ;;
   126 ;;   None.
   127 ;;
   128 ;; Critical Paths under _main in BANK3
   129 ;;
   130 ;;   None.
   131 ;;
   132 ;; Critical Paths under _main in BANK2
   133 ;;
   134 ;;   None.
   135                           
   136 ;;
   137 ;;Main: autosize = 0, tempsize = 0, incstack = 0, save=0
   138 ;;
   139                           
   140 ;;
   141 ;;Call Graph Tables:
   142 ;;
   143 ;; ---------------------------------------------------------------------------------
   144 ;; (Depth) Function   	        Calls       Base Space   Used Autos Params    Refs
   145 ;; ---------------------------------------------------------------------------------
   146 ;; (0) _main                                                 2     2      0     135
   147 ;;                                              4 COMMON     2     2      0
   148 ;;                                _pwm
   149 ;;                              _delay
   150 ;; ---------------------------------------------------------------------------------
   151 ;; (1) _pwm                                                  4     2      2      30
   152 ;;                                              0 COMMON     4     2      2
   153 ;; ---------------------------------------------------------------------------------
   154 ;; (1) _delay                                                2     0      2      15
   155 ;;                                              0 COMMON     2     0      2
   156 ;; ---------------------------------------------------------------------------------
   157 ;; Estimated maximum stack depth 1
   158 ;; ---------------------------------------------------------------------------------
   159                           
   160 ;; Call Graph Graphs:
   161                           
   162 ;; _main (ROOT)
   163 ;;   _pwm
   164 ;;   _delay
   165 ;;
   166                           
   167 ;; Address spaces:
   168                           
   169 ;;Name               Size   Autos  Total    Cost      Usage
   170 ;;BITCOMMON            E      0       0       0        0.0%
   171 ;;EEDATA             100      0       0       0        0.0%
   172 ;;NULL                 0      0       0       0        0.0%
   173 ;;CODE                 0      0       0       0        0.0%
   174 ;;COMMON               E      6       6       1       42.9%
   175 ;;BITSFR0              0      0       0       1        0.0%
   176 ;;SFR0                 0      0       0       1        0.0%
   177 ;;BITSFR1              0      0       0       2        0.0%
   178 ;;SFR1                 0      0       0       2        0.0%
   179 ;;STACK                0      0       1       2        0.0%
   180 ;;ABS                  0      0       0       3        0.0%
   181 ;;BITBANK0            50      0       0       4        0.0%
   182 ;;BITSFR3              0      0       0       4        0.0%
   183 ;;SFR3                 0      0       0       4        0.0%
   184 ;;BANK0               50      0       0       5        0.0%
   185 ;;BITSFR2              0      0       0       5        0.0%
   186 ;;SFR2                 0      0       0       5        0.0%
   187 ;;BITBANK1            50      0       0       6        0.0%
   188 ;;BANK1               50      0       0       7        0.0%
   189 ;;BITBANK3            60      0       0       8        0.0%
   190 ;;BANK3               60      0       0       9        0.0%
   191 ;;BITBANK2            60      0       0      10        0.0%
   192 ;;BANK2               60      0       0      11        0.0%
   193 ;;DATA                 0      0       0      12        0.0%
   194                           
   195                           	global	_main
   196                           psect	maintext,global,class=CODE,delta=2
   197                           global __pmaintext
   198  077E                     __pmaintext:
   199                           
   200 ;; *************** function _main *****************
   201 ;; Defined at:
   202 ;;		line 12 in file "E:\KTU\Softwares\MP lab\PWM\pwm\pwm.c"
   203 ;; Parameters:    Size  Location     Type
   204 ;;		None
   205 ;; Auto vars:     Size  Location     Type
   206 ;;  count           2    4[COMMON] int 
   207 ;; Return value:  Size  Location     Type
   208 ;;		None               void
   209 ;; Registers used:
   210 ;;		wreg, status,2, status,0, btemp+1, pclath, cstack
   211 ;; Tracked objects:
   212 ;;		On entry : 17F/0
   213 ;;		On exit  : 0/0
   214 ;;		Unchanged: 0/0
   215 ;; Data sizes:     COMMON   BANK0   BANK1   BANK3   BANK2
   216 ;;      Params:         0       0       0       0       0
   217 ;;      Locals:         2       0       0       0       0
   218 ;;      Temps:          0       0       0       0       0
   219 ;;      Totals:         2       0       0       0       0
   220 ;;Total ram usage:        2 bytes
   221 ;; Hardware stack levels required when called:    1
   222 ;; This function calls:
   223 ;;		_pwm
   224 ;;		_delay
   225 ;; This function is called by:
   226 ;;		Startup code after reset
   227 ;; This function uses a non-reentrant model
   228 ;;
   229                           psect	maintext
   230                           	file	"E:\KTU\Softwares\MP lab\PWM\pwm\pwm.c"
   231                           	line	12
   232                           	global	__size_of_main
   233  0082                     	__size_of_main	equ	__end_of_main-_main
   234                           	
   235  077E                     _main:	
   236                           	opt	stack 7
   237                           ; Regs used in _main: [wreg+status,2+status,0+btemp+1+pclath+cstack]
   238                           	line	13
   239                           	
   240  077E                     l2182:	
   241                           ;pwm.c: 13: int count=0;
   242  077E  01F4               	clrf	(main@count)
   243  077F  01F5               	clrf	(main@count+1)
   244                           	line	14
   245                           ;pwm.c: 14: PORTC=0X00;
   246  0780  1283               	bcf	status, 5	;RP0=0, select bank0
   247  0781  1303               	bcf	status, 6	;RP1=0, select bank0
   248  0782  0187               	clrf	(7)	;volatile
   249                           	line	15
   250                           ;pwm.c: 15: TRISC=0X00;
   251  0783  1683               	bsf	status, 5	;RP0=1, select bank1
   252  0784  1303               	bcf	status, 6	;RP1=0, select bank1
   253  0785  0187               	clrf	(135)^080h	;volatile
   254                           	line	16
   255                           ;pwm.c: 16: PORTD=0X00;
   256  0786  1283               	bcf	status, 5	;RP0=0, select bank0
   257  0787  1303               	bcf	status, 6	;RP1=0, select bank0
   258  0788  0188               	clrf	(8)	;volatile
   259                           	line	17
   260                           ;pwm.c: 17: TRISD=0X00;
   261  0789  1683               	bsf	status, 5	;RP0=1, select bank1
   262  078A  1303               	bcf	status, 6	;RP1=0, select bank1
   263  078B  0188               	clrf	(136)^080h	;volatile
   264                           	line	18
   265                           	
   266  078C                     l2184:	
   267                           ;pwm.c: 18: T2CON=0X07;
   268  078C  3007               	movlw	(07h)
   269  078D  1283               	bcf	status, 5	;RP0=0, select bank0
   270  078E  1303               	bcf	status, 6	;RP1=0, select bank0
   271  078F  0092               	movwf	(18)	;volatile
   272                           	line	19
   273                           	
   274  0790                     l2186:	
   275                           ;pwm.c: 19: PR2=0Xff;
   276  0790  30FF               	movlw	(0FFh)
   277  0791  1683               	bsf	status, 5	;RP0=1, select bank1
   278  0792  1303               	bcf	status, 6	;RP1=0, select bank1
   279  0793  0092               	movwf	(146)^080h	;volatile
   280                           	line	21
   281                           	
   282  0794                     l2188:	
   283                           ;pwm.c: 21: CCP1CON=0X0D;
   284  0794  300D               	movlw	(0Dh)
   285  0795  1283               	bcf	status, 5	;RP0=0, select bank0
   286  0796  1303               	bcf	status, 6	;RP1=0, select bank0
   287  0797  0097               	movwf	(23)	;volatile
   288  0798  2F99               	goto	l2190
   289                           	line	22
   290                           ;pwm.c: 22: while(1)
   291                           	
   292  0799                     l1034:	
   293                           	line	24
   294                           	
   295  0799                     l2190:	
   296                           ;pwm.c: 23: {
   297                           ;pwm.c: 24: for(count=0;count<=511;count++)
   298  0799  01F4               	clrf	(main@count)
   299  079A  01F5               	clrf	(main@count+1)
   300                           	
   301  079B                     l2192:	
   302  079B  0875               	movf	(main@count+1),w
   303  079C  3A80               	xorlw	80h
   304  079D  00FF               	movwf	btemp+1
   305  079E  3082               	movlw	(high(0200h))^80h
   306  079F  027F               	subwf	btemp+1,w
   307  07A0  1D03               	skipz
   308  07A1  2FA4               	goto	u2165
   309  07A2  3000               	movlw	low(0200h)
   310  07A3  0274               	subwf	(main@count),w
   311  07A4                     u2165:
   312                           
   313  07A4  1C03               	skipc
   314  07A5  2FA7               	goto	u2161
   315  07A6  2FA8               	goto	u2160
   316  07A7                     u2161:
   317  07A7  2FAA               	goto	l2196
   318  07A8                     u2160:
   319  07A8  2FC9               	goto	l2202
   320                           	
   321  07A9                     l2194:	
   322  07A9  2FC9               	goto	l2202
   323                           	line	25
   324                           	
   325  07AA                     l1035:	
   326                           	line	26
   327                           	
   328  07AA                     l2196:	
   329                           ;pwm.c: 25: {
   330                           ;pwm.c: 26: pwm(count);
   331  07AA  0875               	movf	(main@count+1),w
   332  07AB  01F1               	clrf	(?_pwm+1)
   333  07AC  07F1               	addwf	(?_pwm+1)
   334  07AD  0874               	movf	(main@count),w
   335  07AE  01F0               	clrf	(?_pwm)
   336  07AF  07F0               	addwf	(?_pwm)
   337                           
   338  07B0  120A  118A  276A   	fcall	_pwm
              120A  118A         
   339                           	line	24
   340                           	
   341  07B5                     l2198:	
   342  07B5  3001               	movlw	low(01h)
   343  07B6  07F4               	addwf	(main@count),f
   344  07B7  1803               	skipnc
   345  07B8  0AF5               	incf	(main@count+1),f
   346  07B9  3000               	movlw	high(01h)
   347  07BA  07F5               	addwf	(main@count+1),f
   348                           	
   349  07BB                     l2200:	
   350  07BB  0875               	movf	(main@count+1),w
   351  07BC  3A80               	xorlw	80h
   352  07BD  00FF               	movwf	btemp+1
   353  07BE  3082               	movlw	(high(0200h))^80h
   354  07BF  027F               	subwf	btemp+1,w
   355  07C0  1D03               	skipz
   356  07C1  2FC4               	goto	u2175
   357  07C2  3000               	movlw	low(0200h)
   358  07C3  0274               	subwf	(main@count),w
   359  07C4                     u2175:
   360                           
   361  07C4  1C03               	skipc
   362  07C5  2FC7               	goto	u2171
   363  07C6  2FC8               	goto	u2170
   364  07C7                     u2171:
   365  07C7  2FAA               	goto	l2196
   366  07C8                     u2170:
   367  07C8  2FC9               	goto	l2202
   368                           	
   369  07C9                     l1036:	
   370                           	line	28
   371                           	
   372  07C9                     l2202:	
   373                           ;pwm.c: 27: }
   374                           ;pwm.c: 28: delay(60000);
   375  07C9  3060               	movlw	low(0EA60h)
   376  07CA  00F0               	movwf	(?_delay)
   377  07CB  30EA               	movlw	high(0EA60h)
   378  07CC  00F1               	movwf	((?_delay))+1
   379  07CD  120A  118A  2756   	fcall	_delay
              120A  118A         
   380                           	line	29
   381                           	
   382  07D2                     l2204:	
   383                           ;pwm.c: 29: for(count=511;count>=0;count--)
   384  07D2  30FF               	movlw	low(01FFh)
   385  07D3  00F4               	movwf	(main@count)
   386  07D4  3001               	movlw	high(01FFh)
   387  07D5  00F5               	movwf	((main@count))+1
   388                           	
   389  07D6                     l2206:	
   390  07D6  1FF5               	btfss	(main@count+1),7
   391  07D7  2FD9               	goto	u2181
   392  07D8  2FDA               	goto	u2180
   393  07D9                     u2181:
   394  07D9  2FDC               	goto	l2210
   395  07DA                     u2180:
   396  07DA  2FF2               	goto	l2216
   397                           	
   398  07DB                     l2208:	
   399  07DB  2FF2               	goto	l2216
   400                           	line	30
   401                           	
   402  07DC                     l1037:	
   403                           	line	31
   404                           	
   405  07DC                     l2210:	
   406                           ;pwm.c: 30: {
   407                           ;pwm.c: 31: pwm(count);
   408  07DC  0875               	movf	(main@count+1),w
   409  07DD  01F1               	clrf	(?_pwm+1)
   410  07DE  07F1               	addwf	(?_pwm+1)
   411  07DF  0874               	movf	(main@count),w
   412  07E0  01F0               	clrf	(?_pwm)
   413  07E1  07F0               	addwf	(?_pwm)
   414                           
   415  07E2  120A  118A  276A   	fcall	_pwm
              120A  118A         
   416                           	line	29
   417                           	
   418  07E7                     l2212:	
   419  07E7  30FF               	movlw	low(-1)
   420  07E8  07F4               	addwf	(main@count),f
   421  07E9  1803               	skipnc
   422  07EA  0AF5               	incf	(main@count+1),f
   423  07EB  30FF               	movlw	high(-1)
   424  07EC  07F5               	addwf	(main@count+1),f
   425                           	
   426  07ED                     l2214:	
   427  07ED  1FF5               	btfss	(main@count+1),7
   428  07EE  2FF0               	goto	u2191
   429  07EF  2FF1               	goto	u2190
   430  07F0                     u2191:
   431  07F0  2FDC               	goto	l2210
   432  07F1                     u2190:
   433  07F1  2FF2               	goto	l2216
   434                           	
   435  07F2                     l1038:	
   436                           	line	33
   437                           	
   438  07F2                     l2216:	
   439                           ;pwm.c: 32: }
   440                           ;pwm.c: 33: delay(60000);
   441  07F2  3060               	movlw	low(0EA60h)
   442  07F3  00F0               	movwf	(?_delay)
   443  07F4  30EA               	movlw	high(0EA60h)
   444  07F5  00F1               	movwf	((?_delay))+1
   445  07F6  120A  118A  2756   	fcall	_delay
              120A  118A         
   446  07FB  2F99               	goto	l2190
   447                           	line	34
   448                           	
   449  07FC                     l1039:	
   450                           	line	22
   451  07FC  2F99               	goto	l2190
   452                           	
   453  07FD                     l1040:	
   454                           	line	35
   455                           	
   456  07FD                     l1041:	
   457                           	global	start
   458  07FD  120A  118A  2800   	ljmp	start
   459                           	opt stack 0
   460                           GLOBAL	__end_of_main
   461  0800                     	__end_of_main:
   462 ;; =============== function _main ends ============
   463                           
   464                           	signat	_main,88
   465                           	global	_pwm
   466                           psect	text67,local,class=CODE,delta=2
   467                           global __ptext67
   468  076A                     __ptext67:
   469                           
   470 ;; *************** function _pwm *****************
   471 ;; Defined at:
   472 ;;		line 7 in file "E:\KTU\Softwares\MP lab\PWM\pwm\pwm.c"
   473 ;; Parameters:    Size  Location     Type
   474 ;;  a               2    0[COMMON] unsigned int 
   475 ;; Auto vars:     Size  Location     Type
   476 ;;		None
   477 ;; Return value:  Size  Location     Type
   478 ;;		None               void
   479 ;; Registers used:
   480 ;;		wreg, status,2, status,0
   481 ;; Tracked objects:
   482 ;;		On entry : 0/0
   483 ;;		On exit  : 0/0
   484 ;;		Unchanged: 0/0
   485 ;; Data sizes:     COMMON   BANK0   BANK1   BANK3   BANK2
   486 ;;      Params:         2       0       0       0       0
   487 ;;      Locals:         0       0       0       0       0
   488 ;;      Temps:          2       0       0       0       0
   489 ;;      Totals:         4       0       0       0       0
   490 ;;Total ram usage:        4 bytes
   491 ;; Hardware stack levels used:    1
   492 ;; This function calls:
   493 ;;		Nothing
   494 ;; This function is called by:
   495 ;;		_main
   496 ;; This function uses a non-reentrant model
   497 ;;
   498                           psect	text67
   499                           	file	"E:\KTU\Softwares\MP lab\PWM\pwm\pwm.c"
   500                           	line	7
   501                           	global	__size_of_pwm
   502  0014                     	__size_of_pwm	equ	__end_of_pwm-_pwm
   503                           	
   504  076A                     _pwm:	
   505                           	opt	stack 7
   506                           ; Regs used in _pwm: [wreg+status,2+status,0]
   507                           	line	8
   508                           	
   509  076A                     l1414:	
   510                           ;pwm.c: 8: CCPR1L=a>>2;
   511  076A  0871               	movf	(pwm@a+1),w
   512  076B  00F3               	movwf	(??_pwm+0)+0+1
   513  076C  0870               	movf	(pwm@a),w
   514  076D  00F2               	movwf	(??_pwm+0)+0
   515  076E  3002               	movlw	02h
   516  076F                     u25:
   517  076F  1003               	clrc
   518  0770  0CF3               	rrf	(??_pwm+0)+1,f
   519  0771  0CF2               	rrf	(??_pwm+0)+0,f
   520  0772  3EFF               	addlw	-1
   521  0773  1D03               	skipz
   522  0774  2F6F               	goto	u25
   523  0775  0872               	movf	0+(??_pwm+0)+0,w
   524  0776  1283               	bcf	status, 5	;RP0=0, select bank0
   525  0777  1303               	bcf	status, 6	;RP1=0, select bank0
   526  0778  0095               	movwf	(21)	;volatile
   527                           	line	9
   528                           ;pwm.c: 9: CCP1CON=a&0x30|CCP1CON;
   529  0779  0870               	movf	(pwm@a),w
   530  077A  3930               	andlw	030h
   531  077B  0417               	iorwf	(23),w
   532  077C  0097               	movwf	(23)	;volatile
   533                           	line	10
   534                           	
   535  077D                     l1031:	
   536  077D  0008               	return
   537                           	opt stack 0
   538                           GLOBAL	__end_of_pwm
   539  077E                     	__end_of_pwm:
   540 ;; =============== function _pwm ends ============
   541                           
   542                           	signat	_pwm,4216
   543                           	global	_delay
   544                           psect	text68,local,class=CODE,delta=2
   545                           global __ptext68
   546  0756                     __ptext68:
   547                           
   548 ;; *************** function _delay *****************
   549 ;; Defined at:
   550 ;;		line 3 in file "E:\KTU\Softwares\MP lab\PWM\pwm\pwm.c"
   551 ;; Parameters:    Size  Location     Type
   552 ;;  a               2    0[COMMON] unsigned int 
   553 ;; Auto vars:     Size  Location     Type
   554 ;;		None
   555 ;; Return value:  Size  Location     Type
   556 ;;		None               void
   557 ;; Registers used:
   558 ;;		wreg
   559 ;; Tracked objects:
   560 ;;		On entry : 0/0
   561 ;;		On exit  : 0/0
   562 ;;		Unchanged: 0/0
   563 ;; Data sizes:     COMMON   BANK0   BANK1   BANK3   BANK2
   564 ;;      Params:         2       0       0       0       0
   565 ;;      Locals:         0       0       0       0       0
   566 ;;      Temps:          0       0       0       0       0
   567 ;;      Totals:         2       0       0       0       0
   568 ;;Total ram usage:        2 bytes
   569 ;; Hardware stack levels used:    1
   570 ;; This function calls:
   571 ;;		Nothing
   572 ;; This function is called by:
   573 ;;		_main
   574 ;; This function uses a non-reentrant model
   575 ;;
   576                           psect	text68
   577                           	file	"E:\KTU\Softwares\MP lab\PWM\pwm\pwm.c"
   578                           	line	3
   579                           	global	__size_of_delay
   580  0014                     	__size_of_delay	equ	__end_of_delay-_delay
   581                           	
   582  0756                     _delay:	
   583                           	opt	stack 7
   584                           ; Regs used in _delay: [wreg]
   585                           	line	4
   586                           	
   587  0756                     l1410:	
   588                           ;pwm.c: 4: while(a--);
   589  0756  2F58               	goto	l1412
   590                           	
   591  0757                     l1026:	
   592  0757  2F58               	goto	l1412
   593                           	
   594  0758                     l1025:	
   595                           	
   596  0758                     l1412:	
   597  0758  3001               	movlw	low(01h)
   598  0759  02F0               	subwf	(delay@a),f
   599  075A  3000               	movlw	high(01h)
   600  075B  1C03               	skipc
   601  075C  03F1               	decf	(delay@a+1),f
   602  075D  02F1               	subwf	(delay@a+1),f
   603  075E  30FF               	movlw	high(0FFFFh)
   604  075F  0671               	xorwf	((delay@a+1)),w
   605  0760  1D03               	skipz
   606  0761  2F64               	goto	u15
   607  0762  30FF               	movlw	low(0FFFFh)
   608  0763  0670               	xorwf	((delay@a)),w
   609  0764                     u15:
   610                           
   611  0764  1D03               	skipz
   612  0765  2F67               	goto	u11
   613  0766  2F68               	goto	u10
   614  0767                     u11:
   615  0767  2F58               	goto	l1412
   616  0768                     u10:
   617  0768  2F69               	goto	l1028
   618                           	
   619  0769                     l1027:	
   620                           	line	5
   621                           	
   622  0769                     l1028:	
   623  0769  0008               	return
   624                           	opt stack 0
   625                           GLOBAL	__end_of_delay
   626  076A                     	__end_of_delay:
   627 ;; =============== function _delay ends ============
   628                           
   629                           	signat	_delay,4216
   630                           psect	text69,local,class=CODE,delta=2
   631                           global __ptext69
   632  0000                     __ptext69:
   633                           	global	btemp
   634  007E                     	btemp set 07Eh
   635                           
   636                           	DABS	1,126,2	;btemp
   637                           	global	wtemp0
   638  007E                     	wtemp0 set btemp


HI-TECH Software PICC Macro Assembler V9.81 build 7503 
Symbol Table                                                                                   Tue Aug 10 15:59:00 2021

                  u10 0768                    u11 0767                    u15 0764                    u25 076F  
                 _PR2 0092                   _pwm 076A                  l1031 077D                  l1040 07FD  
                l1025 0758                  l1041 07FD                  l1026 0757                  l1034 0799  
                l1027 0769                  l1035 07AA                  l1028 0769                  l1036 07C9  
                l1037 07DC                  l1038 07F2                  l1039 07FC                  l2200 07BB  
                l1410 0756                  l2210 07DC                  l2202 07C9                  l1412 0758  
                l2212 07E7                  l2204 07D2                  l1414 076A                  l2214 07ED  
                l2206 07D6                  l2208 07DB                  l2216 07F2                  l2190 0799  
                l2182 077E                  l2192 079B                  l2184 078C                  l2194 07A9  
                l2186 0790                  l2196 07AA                  l2188 0794                  l2198 07B5  
                ?_pwm 0070                  u2160 07A8                  u2161 07A7                  u2170 07C8  
                u2171 07C7                  u2180 07DA                  u2181 07D9                  u2165 07A4  
                u2190 07F1                  u2191 07F0                  u2175 07C4                  _main 077E  
                btemp 007E                  pwm@a 0070                  start 0000                 ??_pwm 0072  
               ?_main 0070                 _T2CON 0012                 _PORTC 0007                 _PORTD 0008  
               _TRISC 0087                 _TRISD 0088                 _delay 0756                 status 0003  
               wtemp0 007E          __end_of_main 0800                ??_main 0074                ?_delay 0070  
              _CCPR1L 0015                delay@a 0070        __pcstackCOMMON 0070         __end_of_delay 076A  
             ??_delay 0072            __pmaintext 077E               _CCP1CON 0017          __size_of_pwm 0014  
end_of_initialization 0752   start_initialization 0752           __end_of_pwm 077E        __size_of_delay 0014  
           main@count 0074              __ptext66 0000              __ptext67 076A              __ptext68 0756  
            __ptext69 0000         __size_of_main 0082  
