

HI-TECH Software PIC LITE Macro Assembler V9.81 build 7503 
                                                                                               Sun Apr 18 23:00:29 2021

HI-TECH Software Omniscient Code Generator (Lite mode) build 7503
     1  0000                     opt subtitle "HI-TECH Software Omniscient Code Generator (Lite mode) build 7503"
     2                           
     3                           opt pagewidth 120
     4                           
     5                           	opt lm
     6                           
     7                           	processor	16F887
     8                           clrc	macro
     9                           	bcf	3,0
    10  0000                     	endm
    11                           clrz	macro
    12                           	bcf	3,2
    13  0000                     	endm
    14                           setc	macro
    15                           	bsf	3,0
    16  0000                     	endm
    17                           setz	macro
    18                           	bsf	3,2
    19  0000                     	endm
    20                           skipc	macro
    21                           	btfss	3,0
    22  0000                     	endm
    23                           skipz	macro
    24                           	btfss	3,2
    25  0000                     	endm
    26                           skipnc	macro
    27                           	btfsc	3,0
    28  0000                     	endm
    29                           skipnz	macro
    30                           	btfsc	3,2
    31  0000                     	endm
    32  0000                     indf	equ	0
    33  0000                     indf0	equ	0
    34  0002                     pc	equ	2
    35  0002                     pcl	equ	2
    36  0003                     status	equ	3
    37  0004                     fsr	equ	4
    38  0004                     fsr0	equ	4
    39  0001                     c	equ	1
    40  0000                     z	equ	0
    41  000A                     pclath	equ	10
    42                           	FNROOT	_main
    43                           	global	_PORTA
    44                           psect	maintext,global,class=CODE,delta=2
    45                           global __pmaintext
    46  06C4                     __pmaintext:
    47  0005                     _PORTA	set	5
    48                           	global	_PORTB
    49  0006                     _PORTB	set	6
    50                           	global	_RA0
    51  0028                     _RA0	set	40
    52                           	global	_RA1
    53  0029                     _RA1	set	41
    54                           	global	_RA2
    55  002A                     _RA2	set	42
    56                           	global	_RA3
    57  002B                     _RA3	set	43
    58                           	global	_RB0
    59  0030                     _RB0	set	48
    60                           	global	_RB1
    61  0031                     _RB1	set	49
    62                           	global	_RB2
    63  0032                     _RB2	set	50
    64                           	global	_TRISA
    65  0085                     _TRISA	set	133
    66                           	global	_TRISB
    67  0086                     _TRISB	set	134
    68                           	global	_ANSEL
    69  0188                     _ANSEL	set	392
    70                           	global	_ANSELH
    71  0189                     _ANSELH	set	393
    72                           	file	"startbutton.as"
    73                           	line	#
    74                           psect cinit,class=CODE,delta=2
    75                           global start_initialization
    76  06C0                     start_initialization:
    77                           
    78                           psect cinit,class=CODE,delta=2
    79                           global end_of_initialization
    80                           
    81                           ;End of C runtime variable initialization code
    82                           
    83  06C0                     end_of_initialization:
    84  06C0  0183               clrf status
    85  06C1  120A  118A  2EC4   ljmp _main	;jump to C main() function
    86                           psect	cstackCOMMON,class=COMMON,space=1
    87                           global __pcstackCOMMON
    88  0070                     __pcstackCOMMON:
    89                           	global	?_main
    90  0070                     ?_main:	; 0 bytes @ 0x0
    91                           	global	??_main
    92  0070                     ??_main:	; 0 bytes @ 0x0
    93  0070                     	ds	1
    94                           	global	main@j
    95  0071                     main@j:	; 2 bytes @ 0x1
    96  0071                     	ds	2
    97                           	global	main@x
    98  0073                     main@x:	; 2 bytes @ 0x3
    99  0073                     	ds	2
   100                           	global	main@arr
   101  0075                     main@arr:	; 3 bytes @ 0x5
   102  0075                     	ds	3
   103                           	global	main@count
   104  0078                     main@count:	; 2 bytes @ 0x8
   105  0078                     	ds	2
   106                           	global	main@i
   107  007A                     main@i:	; 2 bytes @ 0xA
   108  007A                     	ds	2
   109 ;;Data sizes: Strings 0, constant 0, data 0, bss 0, persistent 0 stack 0
   110 ;;Auto spaces:   Size  Autos    Used
   111 ;; COMMON          14     12      12
   112 ;; BANK0           80      0       0
   113 ;; BANK1           80      0       0
   114 ;; BANK3           96      0       0
   115 ;; BANK2           96      0       0
   116                           
   117 ;;
   118 ;; Pointer list with targets:
   119                           
   120                           
   121                           
   122 ;;
   123 ;; Critical Paths under _main in COMMON
   124 ;;
   125 ;;   None.
   126 ;;
   127 ;; Critical Paths under _main in BANK0
   128 ;;
   129 ;;   None.
   130 ;;
   131 ;; Critical Paths under _main in BANK1
   132 ;;
   133 ;;   None.
   134 ;;
   135 ;; Critical Paths under _main in BANK3
   136 ;;
   137 ;;   None.
   138 ;;
   139 ;; Critical Paths under _main in BANK2
   140 ;;
   141 ;;   None.
   142                           
   143 ;;
   144 ;;Main: autosize = 0, tempsize = 1, incstack = 0, save=0
   145 ;;
   146                           
   147 ;;
   148 ;;Call Graph Tables:
   149 ;;
   150 ;; ---------------------------------------------------------------------------------
   151 ;; (Depth) Function   	        Calls       Base Space   Used Autos Params    Refs
   152 ;; ---------------------------------------------------------------------------------
   153 ;; (0) _main                                                12    12      0     330
   154 ;;                                              0 COMMON    12    12      0
   155 ;; ---------------------------------------------------------------------------------
   156 ;; Estimated maximum stack depth 0
   157 ;; ---------------------------------------------------------------------------------
   158                           
   159 ;; Call Graph Graphs:
   160                           
   161 ;; _main (ROOT)
   162 ;;
   163                           
   164 ;; Address spaces:
   165                           
   166 ;;Name               Size   Autos  Total    Cost      Usage
   167 ;;BITCOMMON            E      0       0       0        0.0%
   168 ;;EEDATA             100      0       0       0        0.0%
   169 ;;NULL                 0      0       0       0        0.0%
   170 ;;CODE                 0      0       0       0        0.0%
   171 ;;COMMON               E      C       C       1       85.7%
   172 ;;BITSFR0              0      0       0       1        0.0%
   173 ;;SFR0                 0      0       0       1        0.0%
   174 ;;BITSFR1              0      0       0       2        0.0%
   175 ;;SFR1                 0      0       0       2        0.0%
   176 ;;STACK                0      0       0       2        0.0%
   177 ;;ABS                  0      0       0       3        0.0%
   178 ;;BITBANK0            50      0       0       4        0.0%
   179 ;;BITSFR3              0      0       0       4        0.0%
   180 ;;SFR3                 0      0       0       4        0.0%
   181 ;;BANK0               50      0       0       5        0.0%
   182 ;;BITSFR2              0      0       0       5        0.0%
   183 ;;SFR2                 0      0       0       5        0.0%
   184 ;;BITBANK1            50      0       0       6        0.0%
   185 ;;BANK1               50      0       0       7        0.0%
   186 ;;BITBANK3            60      0       0       8        0.0%
   187 ;;BANK3               60      0       0       9        0.0%
   188 ;;BITBANK2            60      0       0      10        0.0%
   189 ;;BANK2               60      0       0      11        0.0%
   190 ;;DATA                 0      0       0      12        0.0%
   191                           
   192                           	global	_main
   193                           psect	maintext
   194                           
   195 ;; *************** function _main *****************
   196 ;; Defined at:
   197 ;;		line 3 in file "E:\KTU\Softwares\mplab\Startbutton\startbutton.c"
   198 ;; Parameters:    Size  Location     Type
   199 ;;		None
   200 ;; Auto vars:     Size  Location     Type
   201 ;;  arr             3    5[COMMON] unsigned char [3]
   202 ;;  i               2   10[COMMON] int 
   203 ;;  count           2    8[COMMON] int 
   204 ;;  x               2    3[COMMON] int 
   205 ;;  j               2    1[COMMON] int 
   206 ;; Return value:  Size  Location     Type
   207 ;;		None               void
   208 ;; Registers used:
   209 ;;		wreg, fsr0l, fsr0h, status,2, status,0, btemp+1
   210 ;; Tracked objects:
   211 ;;		On entry : 17F/0
   212 ;;		On exit  : 0/0
   213 ;;		Unchanged: 0/0
   214 ;; Data sizes:     COMMON   BANK0   BANK1   BANK3   BANK2
   215 ;;      Params:         0       0       0       0       0
   216 ;;      Locals:        11       0       0       0       0
   217 ;;      Temps:          1       0       0       0       0
   218 ;;      Totals:        12       0       0       0       0
   219 ;;Total ram usage:       12 bytes
   220 ;; This function calls:
   221 ;;		Nothing
   222 ;; This function is called by:
   223 ;;		Startup code after reset
   224 ;; This function uses a non-reentrant model
   225 ;;
   226                           psect	maintext
   227                           	file	"E:\KTU\Softwares\mplab\Startbutton\startbutton.c"
   228                           	line	3
   229                           	global	__size_of_main
   230  013C                     	__size_of_main	equ	__end_of_main-_main
   231                           	
   232  06C4                     _main:	
   233                           	opt	stack 8
   234                           ; Regs used in _main: [wreg-fsr0h+status,2+status,0+btemp+1]
   235                           	line	4
   236                           	
   237  06C4                     l1435:	
   238                           ;startbutton.c: 4: PORTA=0X00;
   239  06C4  1283               	bcf	status, 5	;RP0=0, select bank0
   240  06C5  1303               	bcf	status, 6	;RP1=0, select bank0
   241  06C6  0185               	clrf	(5)	;volatile
   242                           	line	5
   243                           ;startbutton.c: 5: PORTB=0X00;
   244  06C7  0186               	clrf	(6)	;volatile
   245                           	line	6
   246                           	
   247  06C8                     l1437:	
   248                           ;startbutton.c: 6: TRISA=0X07;
   249  06C8  3007               	movlw	(07h)
   250  06C9  1683               	bsf	status, 5	;RP0=1, select bank1
   251  06CA  1303               	bcf	status, 6	;RP1=0, select bank1
   252  06CB  0085               	movwf	(133)^080h	;volatile
   253                           	line	7
   254                           	
   255  06CC                     l1439:	
   256                           ;startbutton.c: 7: TRISB=0X00;
   257  06CC  0186               	clrf	(134)^080h	;volatile
   258                           	line	8
   259                           	
   260  06CD                     l1441:	
   261                           ;startbutton.c: 8: ANSEL=0X00;
   262  06CD  1683               	bsf	status, 5	;RP0=1, select bank3
   263  06CE  1703               	bsf	status, 6	;RP1=1, select bank3
   264  06CF  0188               	clrf	(392)^0180h	;volatile
   265                           	line	9
   266                           	
   267  06D0                     l1443:	
   268                           ;startbutton.c: 9: ANSELH=0X00;
   269  06D0  0189               	clrf	(393)^0180h	;volatile
   270                           	line	12
   271                           	
   272  06D1                     l1445:	
   273                           ;startbutton.c: 10: char arr[3];
   274                           ;startbutton.c: 11: int i;
   275                           ;startbutton.c: 12: int j=0;
   276  06D1  01F1               	clrf	(main@j)
   277  06D2  01F2               	clrf	(main@j+1)
   278                           	line	13
   279                           	
   280  06D3                     l1447:	
   281                           ;startbutton.c: 13: int x=1;
   282  06D3  3001               	movlw	low(01h)
   283  06D4  00F3               	movwf	(main@x)
   284  06D5  3000               	movlw	high(01h)
   285  06D6  00F4               	movwf	((main@x))+1
   286                           	line	14
   287                           ;startbutton.c: 14: int count=0;
   288  06D7  01F8               	clrf	(main@count)
   289  06D8  01F9               	clrf	(main@count+1)
   290  06D9  2EDA               	goto	l1449
   291                           	line	15
   292                           ;startbutton.c: 15: while(1)
   293                           	
   294  06DA                     l1025:	
   295                           	line	17
   296                           	
   297  06DA                     l1449:	
   298                           ;startbutton.c: 16: {
   299                           ;startbutton.c: 17: if(x==1)
   300  06DA  3001               	movlw	01h
   301  06DB  0673               	xorwf	(main@x),w
   302  06DC  0474               	iorwf	(main@x+1),w
   303  06DD  1D03               	skipz
   304  06DE  2EE0               	goto	u11
   305  06DF  2EE1               	goto	u10
   306  06E0                     u11:
   307  06E0  2F2C               	goto	l1469
   308  06E1                     u10:
   309                           	line	19
   310                           	
   311  06E1                     l1451:	
   312                           ;startbutton.c: 18: {
   313                           ;startbutton.c: 19: if(RA0==1)
   314  06E1  1283               	bcf	status, 5	;RP0=0, select bank0
   315  06E2  1303               	bcf	status, 6	;RP1=0, select bank0
   316  06E3  1C05               	btfss	(40/8),(40)&7
   317  06E4  2EE6               	goto	u21
   318  06E5  2EE7               	goto	u20
   319  06E6                     u21:
   320  06E6  2EFB               	goto	l1457
   321  06E7                     u20:
   322                           	line	21
   323                           	
   324  06E7                     l1453:	
   325                           ;startbutton.c: 20: {
   326                           ;startbutton.c: 21: arr[i]='a';
   327  06E7  3061               	movlw	(061h)
   328  06E8  00F0               	movwf	(??_main+0)+0
   329  06E9  087A               	movf	(main@i),w
   330  06EA  3E75               	addlw	main@arr&0ffh
   331  06EB  0084               	movwf	fsr0
   332  06EC  0870               	movf	(??_main+0)+0,w
   333  06ED  0080               	movwf	indf
   334                           	line	22
   335                           ;startbutton.c: 22: while(RA0==1);
   336  06EE  2EEF               	goto	l1028
   337                           	
   338  06EF                     l1029:	
   339                           	
   340  06EF                     l1028:	
   341  06EF  1805               	btfsc	(40/8),(40)&7
   342  06F0  2EF2               	goto	u31
   343  06F1  2EF3               	goto	u30
   344  06F2                     u31:
   345  06F2  2EEF               	goto	l1028
   346  06F3                     u30:
   347  06F3  2EF4               	goto	l1455
   348                           	
   349  06F4                     l1030:	
   350                           	line	23
   351                           	
   352  06F4                     l1455:	
   353                           ;startbutton.c: 23: i++;
   354  06F4  3001               	movlw	low(01h)
   355  06F5  07FA               	addwf	(main@i),f
   356  06F6  1803               	skipnc
   357  06F7  0AFB               	incf	(main@i+1),f
   358  06F8  3000               	movlw	high(01h)
   359  06F9  07FB               	addwf	(main@i+1),f
   360  06FA  2EFB               	goto	l1457
   361                           	line	24
   362                           	
   363  06FB                     l1027:	
   364                           	line	25
   365                           	
   366  06FB                     l1457:	
   367                           ;startbutton.c: 24: }
   368                           ;startbutton.c: 25: if(RA1==1)
   369  06FB  1C85               	btfss	(41/8),(41)&7
   370  06FC  2EFE               	goto	u41
   371  06FD  2EFF               	goto	u40
   372  06FE                     u41:
   373  06FE  2F13               	goto	l1463
   374  06FF                     u40:
   375                           	line	27
   376                           	
   377  06FF                     l1459:	
   378                           ;startbutton.c: 26: {
   379                           ;startbutton.c: 27: arr[i]='b';
   380  06FF  3062               	movlw	(062h)
   381  0700  00F0               	movwf	(??_main+0)+0
   382  0701  087A               	movf	(main@i),w
   383  0702  3E75               	addlw	main@arr&0ffh
   384  0703  0084               	movwf	fsr0
   385  0704  0870               	movf	(??_main+0)+0,w
   386  0705  0080               	movwf	indf
   387                           	line	28
   388                           ;startbutton.c: 28: while(RA1==1);
   389  0706  2F07               	goto	l1032
   390                           	
   391  0707                     l1033:	
   392                           	
   393  0707                     l1032:	
   394  0707  1885               	btfsc	(41/8),(41)&7
   395  0708  2F0A               	goto	u51
   396  0709  2F0B               	goto	u50
   397  070A                     u51:
   398  070A  2F07               	goto	l1032
   399  070B                     u50:
   400  070B  2F0C               	goto	l1461
   401                           	
   402  070C                     l1034:	
   403                           	line	29
   404                           	
   405  070C                     l1461:	
   406                           ;startbutton.c: 29: i++;
   407  070C  3001               	movlw	low(01h)
   408  070D  07FA               	addwf	(main@i),f
   409  070E  1803               	skipnc
   410  070F  0AFB               	incf	(main@i+1),f
   411  0710  3000               	movlw	high(01h)
   412  0711  07FB               	addwf	(main@i+1),f
   413  0712  2F13               	goto	l1463
   414                           	line	30
   415                           	
   416  0713                     l1031:	
   417                           	line	31
   418                           	
   419  0713                     l1463:	
   420                           ;startbutton.c: 30: }
   421                           ;startbutton.c: 31: if(RA2==1 )
   422  0713  1D05               	btfss	(42/8),(42)&7
   423  0714  2F16               	goto	u61
   424  0715  2F17               	goto	u60
   425  0716                     u61:
   426  0716  2F2C               	goto	l1469
   427  0717                     u60:
   428                           	line	33
   429                           	
   430  0717                     l1465:	
   431                           ;startbutton.c: 32: {
   432                           ;startbutton.c: 33: arr[i]='c';
   433  0717  3063               	movlw	(063h)
   434  0718  00F0               	movwf	(??_main+0)+0
   435  0719  087A               	movf	(main@i),w
   436  071A  3E75               	addlw	main@arr&0ffh
   437  071B  0084               	movwf	fsr0
   438  071C  0870               	movf	(??_main+0)+0,w
   439  071D  0080               	movwf	indf
   440                           	line	34
   441                           ;startbutton.c: 34: while(RA2==1);
   442  071E  2F1F               	goto	l1036
   443                           	
   444  071F                     l1037:	
   445                           	
   446  071F                     l1036:	
   447  071F  1905               	btfsc	(42/8),(42)&7
   448  0720  2F22               	goto	u71
   449  0721  2F23               	goto	u70
   450  0722                     u71:
   451  0722  2F1F               	goto	l1036
   452  0723                     u70:
   453  0723  2F24               	goto	l1467
   454                           	
   455  0724                     l1038:	
   456                           	line	35
   457                           	
   458  0724                     l1467:	
   459                           ;startbutton.c: 35: i++;
   460  0724  3001               	movlw	low(01h)
   461  0725  07FA               	addwf	(main@i),f
   462  0726  1803               	skipnc
   463  0727  0AFB               	incf	(main@i+1),f
   464  0728  3000               	movlw	high(01h)
   465  0729  07FB               	addwf	(main@i+1),f
   466  072A  2F2C               	goto	l1469
   467                           	line	36
   468                           	
   469  072B                     l1035:	
   470  072B  2F2C               	goto	l1469
   471                           	line	37
   472                           	
   473  072C                     l1026:	
   474                           	line	38
   475                           	
   476  072C                     l1469:	
   477                           ;startbutton.c: 36: }
   478                           ;startbutton.c: 37: }
   479                           ;startbutton.c: 38: if(RA3==1)
   480  072C  1283               	bcf	status, 5	;RP0=0, select bank0
   481  072D  1303               	bcf	status, 6	;RP1=0, select bank0
   482  072E  1D85               	btfss	(43/8),(43)&7
   483  072F  2F31               	goto	u81
   484  0730  2F32               	goto	u80
   485  0731                     u81:
   486  0731  2F36               	goto	l1039
   487  0732                     u80:
   488                           	line	40
   489                           	
   490  0732                     l1471:	
   491                           ;startbutton.c: 39: {
   492                           ;startbutton.c: 40: x=2;
   493  0732  3002               	movlw	low(02h)
   494  0733  00F3               	movwf	(main@x)
   495  0734  3000               	movlw	high(02h)
   496  0735  00F4               	movwf	((main@x))+1
   497                           	line	41
   498                           	
   499  0736                     l1039:	
   500                           	line	42
   501                           ;startbutton.c: 41: }
   502                           ;startbutton.c: 42: if(x==2)
   503  0736  3002               	movlw	02h
   504  0737  0673               	xorwf	(main@x),w
   505  0738  0474               	iorwf	(main@x+1),w
   506  0739  1D03               	skipz
   507  073A  2F3C               	goto	u91
   508  073B  2F3D               	goto	u90
   509  073C                     u91:
   510  073C  2EDA               	goto	l1449
   511  073D                     u90:
   512                           	line	44
   513                           	
   514  073D                     l1473:	
   515                           ;startbutton.c: 43: {
   516                           ;startbutton.c: 44: for(i=0;i<3;i++)
   517  073D  01FA               	clrf	(main@i)
   518  073E  01FB               	clrf	(main@i+1)
   519                           	
   520  073F                     l1475:	
   521  073F  087B               	movf	(main@i+1),w
   522  0740  3A80               	xorlw	80h
   523  0741  00FF               	movwf	btemp+1
   524  0742  3080               	movlw	(high(03h))^80h
   525  0743  027F               	subwf	btemp+1,w
   526  0744  1D03               	skipz
   527  0745  2F48               	goto	u105
   528  0746  3003               	movlw	low(03h)
   529  0747  027A               	subwf	(main@i),w
   530  0748                     u105:
   531                           
   532  0748  1C03               	skipc
   533  0749  2F4B               	goto	u101
   534  074A  2F4C               	goto	u100
   535  074B                     u101:
   536  074B  2F4E               	goto	l1479
   537  074C                     u100:
   538  074C  2EDA               	goto	l1449
   539                           	
   540  074D                     l1477:	
   541  074D  2EDA               	goto	l1449
   542                           	line	45
   543                           	
   544  074E                     l1041:	
   545                           	line	46
   546                           	
   547  074E                     l1479:	
   548                           ;startbutton.c: 45: {
   549                           ;startbutton.c: 46: count=0;
   550  074E  01F8               	clrf	(main@count)
   551  074F  01F9               	clrf	(main@count+1)
   552                           	line	47
   553                           	
   554  0750                     l1481:	
   555                           ;startbutton.c: 47: if(arr[i]=='a')
   556  0750  087A               	movf	(main@i),w
   557  0751  3E75               	addlw	main@arr&0ffh
   558  0752  0084               	movwf	fsr0
   559  0753  0800               	movf	indf,w
   560  0754  3A61               	xorlw	061h
   561  0755  1D03               	skipz
   562  0756  2F58               	goto	u111
   563  0757  2F59               	goto	u110
   564  0758                     u111:
   565  0758  2F82               	goto	l1493
   566  0759                     u110:
   567  0759  2F6F               	goto	l1489
   568                           	line	49
   569                           	
   570  075A                     l1483:	
   571                           ;startbutton.c: 48: {
   572                           ;startbutton.c: 49: while(count<30000)
   573  075A  2F6F               	goto	l1489
   574                           	
   575  075B                     l1045:	
   576                           	line	51
   577                           ;startbutton.c: 50: {
   578                           ;startbutton.c: 51: RB0=1;
   579  075B  1283               	bcf	status, 5	;RP0=0, select bank0
   580  075C  1303               	bcf	status, 6	;RP1=0, select bank0
   581  075D  1406               	bsf	(48/8),(48)&7
   582                           	line	52
   583                           	
   584  075E                     l1485:	
   585                           ;startbutton.c: 52: count++;
   586  075E  3001               	movlw	low(01h)
   587  075F  07F8               	addwf	(main@count),f
   588  0760  1803               	skipnc
   589  0761  0AF9               	incf	(main@count+1),f
   590  0762  3000               	movlw	high(01h)
   591  0763  07F9               	addwf	(main@count+1),f
   592                           	line	53
   593                           ;startbutton.c: 53: while(i==2);
   594  0764  2F66               	goto	l1487
   595                           	
   596  0765                     l1047:	
   597  0765  2F66               	goto	l1487
   598                           	
   599  0766                     l1046:	
   600                           	
   601  0766                     l1487:	
   602  0766  3002               	movlw	02h
   603  0767  067A               	xorwf	(main@i),w
   604  0768  047B               	iorwf	(main@i+1),w
   605  0769  1903               	skipnz
   606  076A  2F6C               	goto	u121
   607  076B  2F6D               	goto	u120
   608  076C                     u121:
   609  076C  2F66               	goto	l1487
   610  076D                     u120:
   611  076D  2F6F               	goto	l1489
   612                           	
   613  076E                     l1048:	
   614  076E  2F6F               	goto	l1489
   615                           	line	54
   616                           	
   617  076F                     l1044:	
   618                           	line	49
   619                           	
   620  076F                     l1489:	
   621  076F  0879               	movf	(main@count+1),w
   622  0770  3A80               	xorlw	80h
   623  0771  00FF               	movwf	btemp+1
   624  0772  30F5               	movlw	(high(07530h))^80h
   625  0773  027F               	subwf	btemp+1,w
   626  0774  1D03               	skipz
   627  0775  2F78               	goto	u135
   628  0776  3030               	movlw	low(07530h)
   629  0777  0278               	subwf	(main@count),w
   630  0778                     u135:
   631                           
   632  0778  1C03               	skipc
   633  0779  2F7B               	goto	u131
   634  077A  2F7C               	goto	u130
   635  077B                     u131:
   636  077B  2F5B               	goto	l1045
   637  077C                     u130:
   638                           	
   639  077C                     l1049:	
   640                           	line	55
   641                           ;startbutton.c: 54: }
   642                           ;startbutton.c: 55: RB0=0;
   643  077C  1283               	bcf	status, 5	;RP0=0, select bank0
   644  077D  1303               	bcf	status, 6	;RP1=0, select bank0
   645  077E  1006               	bcf	(48/8),(48)&7
   646                           	line	56
   647                           	
   648  077F                     l1491:	
   649                           ;startbutton.c: 56: count=0;
   650  077F  01F8               	clrf	(main@count)
   651  0780  01F9               	clrf	(main@count+1)
   652  0781  2F82               	goto	l1493
   653                           	line	57
   654                           	
   655  0782                     l1043:	
   656                           	line	58
   657                           	
   658  0782                     l1493:	
   659                           ;startbutton.c: 57: }
   660                           ;startbutton.c: 58: if(arr[i]=='b')
   661  0782  087A               	movf	(main@i),w
   662  0783  3E75               	addlw	main@arr&0ffh
   663  0784  0084               	movwf	fsr0
   664  0785  0800               	movf	indf,w
   665  0786  3A62               	xorlw	062h
   666  0787  1D03               	skipz
   667  0788  2F8A               	goto	u141
   668  0789  2F8B               	goto	u140
   669  078A                     u141:
   670  078A  2FB4               	goto	l1505
   671  078B                     u140:
   672  078B  2FA1               	goto	l1501
   673                           	line	60
   674                           	
   675  078C                     l1495:	
   676                           ;startbutton.c: 59: {
   677                           ;startbutton.c: 60: while(count<30000)
   678  078C  2FA1               	goto	l1501
   679                           	
   680  078D                     l1052:	
   681                           	line	62
   682                           ;startbutton.c: 61: {
   683                           ;startbutton.c: 62: RB1=1;
   684  078D  1283               	bcf	status, 5	;RP0=0, select bank0
   685  078E  1303               	bcf	status, 6	;RP1=0, select bank0
   686  078F  1486               	bsf	(49/8),(49)&7
   687                           	line	63
   688                           	
   689  0790                     l1497:	
   690                           ;startbutton.c: 63: count++;
   691  0790  3001               	movlw	low(01h)
   692  0791  07F8               	addwf	(main@count),f
   693  0792  1803               	skipnc
   694  0793  0AF9               	incf	(main@count+1),f
   695  0794  3000               	movlw	high(01h)
   696  0795  07F9               	addwf	(main@count+1),f
   697                           	line	64
   698                           ;startbutton.c: 64: while(i==2);
   699  0796  2F98               	goto	l1499
   700                           	
   701  0797                     l1054:	
   702  0797  2F98               	goto	l1499
   703                           	
   704  0798                     l1053:	
   705                           	
   706  0798                     l1499:	
   707  0798  3002               	movlw	02h
   708  0799  067A               	xorwf	(main@i),w
   709  079A  047B               	iorwf	(main@i+1),w
   710  079B  1903               	skipnz
   711  079C  2F9E               	goto	u151
   712  079D  2F9F               	goto	u150
   713  079E                     u151:
   714  079E  2F98               	goto	l1499
   715  079F                     u150:
   716  079F  2FA1               	goto	l1501
   717                           	
   718  07A0                     l1055:	
   719  07A0  2FA1               	goto	l1501
   720                           	line	65
   721                           	
   722  07A1                     l1051:	
   723                           	line	60
   724                           	
   725  07A1                     l1501:	
   726  07A1  0879               	movf	(main@count+1),w
   727  07A2  3A80               	xorlw	80h
   728  07A3  00FF               	movwf	btemp+1
   729  07A4  30F5               	movlw	(high(07530h))^80h
   730  07A5  027F               	subwf	btemp+1,w
   731  07A6  1D03               	skipz
   732  07A7  2FAA               	goto	u165
   733  07A8  3030               	movlw	low(07530h)
   734  07A9  0278               	subwf	(main@count),w
   735  07AA                     u165:
   736                           
   737  07AA  1C03               	skipc
   738  07AB  2FAD               	goto	u161
   739  07AC  2FAE               	goto	u160
   740  07AD                     u161:
   741  07AD  2F8D               	goto	l1052
   742  07AE                     u160:
   743                           	
   744  07AE                     l1056:	
   745                           	line	66
   746                           ;startbutton.c: 65: }
   747                           ;startbutton.c: 66: RB1=0;
   748  07AE  1283               	bcf	status, 5	;RP0=0, select bank0
   749  07AF  1303               	bcf	status, 6	;RP1=0, select bank0
   750  07B0  1086               	bcf	(49/8),(49)&7
   751                           	line	67
   752                           	
   753  07B1                     l1503:	
   754                           ;startbutton.c: 67: count=0;
   755  07B1  01F8               	clrf	(main@count)
   756  07B2  01F9               	clrf	(main@count+1)
   757  07B3  2FB4               	goto	l1505
   758                           	line	68
   759                           	
   760  07B4                     l1050:	
   761                           	line	69
   762                           	
   763  07B4                     l1505:	
   764                           ;startbutton.c: 68: }
   765                           ;startbutton.c: 69: if(arr[i]=='c')
   766  07B4  087A               	movf	(main@i),w
   767  07B5  3E75               	addlw	main@arr&0ffh
   768  07B6  0084               	movwf	fsr0
   769  07B7  0800               	movf	indf,w
   770  07B8  3A63               	xorlw	063h
   771  07B9  1D03               	skipz
   772  07BA  2FBC               	goto	u171
   773  07BB  2FBD               	goto	u170
   774  07BC                     u171:
   775  07BC  2FE6               	goto	l1517
   776  07BD                     u170:
   777  07BD  2FD3               	goto	l1513
   778                           	line	71
   779                           	
   780  07BE                     l1507:	
   781                           ;startbutton.c: 70: {
   782                           ;startbutton.c: 71: while(count<30000)
   783  07BE  2FD3               	goto	l1513
   784                           	
   785  07BF                     l1059:	
   786                           	line	73
   787                           ;startbutton.c: 72: {
   788                           ;startbutton.c: 73: RB2=1;
   789  07BF  1283               	bcf	status, 5	;RP0=0, select bank0
   790  07C0  1303               	bcf	status, 6	;RP1=0, select bank0
   791  07C1  1506               	bsf	(50/8),(50)&7
   792                           	line	74
   793                           	
   794  07C2                     l1509:	
   795                           ;startbutton.c: 74: count++;
   796  07C2  3001               	movlw	low(01h)
   797  07C3  07F8               	addwf	(main@count),f
   798  07C4  1803               	skipnc
   799  07C5  0AF9               	incf	(main@count+1),f
   800  07C6  3000               	movlw	high(01h)
   801  07C7  07F9               	addwf	(main@count+1),f
   802                           	line	75
   803                           ;startbutton.c: 75: while(i==2);
   804  07C8  2FCA               	goto	l1511
   805                           	
   806  07C9                     l1061:	
   807  07C9  2FCA               	goto	l1511
   808                           	
   809  07CA                     l1060:	
   810                           	
   811  07CA                     l1511:	
   812  07CA  3002               	movlw	02h
   813  07CB  067A               	xorwf	(main@i),w
   814  07CC  047B               	iorwf	(main@i+1),w
   815  07CD  1903               	skipnz
   816  07CE  2FD0               	goto	u181
   817  07CF  2FD1               	goto	u180
   818  07D0                     u181:
   819  07D0  2FCA               	goto	l1511
   820  07D1                     u180:
   821  07D1  2FD3               	goto	l1513
   822                           	
   823  07D2                     l1062:	
   824  07D2  2FD3               	goto	l1513
   825                           	line	76
   826                           	
   827  07D3                     l1058:	
   828                           	line	71
   829                           	
   830  07D3                     l1513:	
   831  07D3  0879               	movf	(main@count+1),w
   832  07D4  3A80               	xorlw	80h
   833  07D5  00FF               	movwf	btemp+1
   834  07D6  30F5               	movlw	(high(07530h))^80h
   835  07D7  027F               	subwf	btemp+1,w
   836  07D8  1D03               	skipz
   837  07D9  2FDC               	goto	u195
   838  07DA  3030               	movlw	low(07530h)
   839  07DB  0278               	subwf	(main@count),w
   840  07DC                     u195:
   841                           
   842  07DC  1C03               	skipc
   843  07DD  2FDF               	goto	u191
   844  07DE  2FE0               	goto	u190
   845  07DF                     u191:
   846  07DF  2FBF               	goto	l1059
   847  07E0                     u190:
   848                           	
   849  07E0                     l1063:	
   850                           	line	77
   851                           ;startbutton.c: 76: }
   852                           ;startbutton.c: 77: RB2=0;
   853  07E0  1283               	bcf	status, 5	;RP0=0, select bank0
   854  07E1  1303               	bcf	status, 6	;RP1=0, select bank0
   855  07E2  1106               	bcf	(50/8),(50)&7
   856                           	line	78
   857                           	
   858  07E3                     l1515:	
   859                           ;startbutton.c: 78: count=0;
   860  07E3  01F8               	clrf	(main@count)
   861  07E4  01F9               	clrf	(main@count+1)
   862  07E5  2FE6               	goto	l1517
   863                           	line	79
   864                           	
   865  07E6                     l1057:	
   866                           	line	44
   867                           	
   868  07E6                     l1517:	
   869  07E6  3001               	movlw	low(01h)
   870  07E7  07FA               	addwf	(main@i),f
   871  07E8  1803               	skipnc
   872  07E9  0AFB               	incf	(main@i+1),f
   873  07EA  3000               	movlw	high(01h)
   874  07EB  07FB               	addwf	(main@i+1),f
   875                           	
   876  07EC                     l1519:	
   877  07EC  087B               	movf	(main@i+1),w
   878  07ED  3A80               	xorlw	80h
   879  07EE  00FF               	movwf	btemp+1
   880  07EF  3080               	movlw	(high(03h))^80h
   881  07F0  027F               	subwf	btemp+1,w
   882  07F1  1D03               	skipz
   883  07F2  2FF5               	goto	u205
   884  07F3  3003               	movlw	low(03h)
   885  07F4  027A               	subwf	(main@i),w
   886  07F5                     u205:
   887                           
   888  07F5  1C03               	skipc
   889  07F6  2FF8               	goto	u201
   890  07F7  2FF9               	goto	u200
   891  07F8                     u201:
   892  07F8  2F4E               	goto	l1479
   893  07F9                     u200:
   894  07F9  2EDA               	goto	l1449
   895                           	
   896  07FA                     l1042:	
   897  07FA  2EDA               	goto	l1449
   898                           	line	81
   899                           	
   900  07FB                     l1040:	
   901  07FB  2EDA               	goto	l1449
   902                           	line	82
   903                           	
   904  07FC                     l1064:	
   905                           	line	15
   906  07FC  2EDA               	goto	l1449
   907                           	
   908  07FD                     l1065:	
   909                           	line	83
   910                           	
   911  07FD                     l1066:	
   912                           	global	start
   913  07FD  120A  118A  2800   	ljmp	start
   914                           	opt stack 0
   915                           GLOBAL	__end_of_main
   916  0800                     	__end_of_main:
   917 ;; =============== function _main ends ============
   918                           
   919                           	signat	_main,88
   920                           psect	maintext
   921                           	global	btemp
   922  007E                     	btemp set 07Eh
   923                           
   924                           	DABS	1,126,2	;btemp
   925                           	global	wtemp0
   926  007E                     	wtemp0 set btemp


HI-TECH Software PICC Macro Assembler V9.81 build 7503 
Symbol Table                                                                                   Sun Apr 18 23:00:29 2021

                  u10 06E1                    u11 06E0                    u20 06E7                    u21 06E6  
                  u30 06F3                    u31 06F2                    u40 06FF                    u41 06FE  
                  u50 070B                    u51 070A                    u60 0717                    u61 0716  
                  u70 0723                    u71 0722                    u80 0732                    u81 0731  
                  u90 073D                    u91 073C                   _RA0 0028                   _RA1 0029  
                 _RB0 0030                   _RA2 002A                   _RB1 0031                   _RA3 002B  
                 _RB2 0032                   u100 074C                   u101 074B                   u110 0759  
                 u111 0758                   u200 07F9                   u120 076D                   u201 07F8  
                 u121 076C                   u105 0748                   u130 077C                   u131 077B  
                 u140 078B                   u205 07F5                   u141 078A                   u150 079F  
                 u151 079E                   u135 0778                   u160 07AE                   u161 07AD  
                 u170 07BD                   u171 07BC                   u180 07D1                   u181 07D0  
                 u165 07AA                   u190 07E0                   u191 07DF                   u195 07DC  
                 fsr0 0004                   indf 0000                  l1030 06F4                  l1031 0713  
                l1040 07FB                  l1032 0707                  l1041 074E                  l1033 0707  
                l1025 06DA                  l1042 07FA                  l1050 07B4                  l1026 072C  
                l1034 070C                  l1051 07A1                  l1043 0782                  l1035 072B  
                l1027 06FB                  l1060 07CA                  l1052 078D                  l1044 076F  
                l1036 071F                  l1028 06EF                  l1061 07C9                  l1053 0798  
                l1045 075B                  l1037 071F                  l1029 06EF                  l1062 07D2  
                l1054 0797                  l1046 0766                  l1038 0724                  l1063 07E0  
                l1055 07A0                  l1047 0765                  l1039 0736                  l1064 07FC  
                l1056 07AE                  l1048 076E                  l1065 07FD                  l1057 07E6  
                l1049 077C                  l1066 07FD                  l1058 07D3                  l1059 07BF  
                l1501 07A1                  l1511 07CA                  l1503 07B1                  l1513 07D3  
                l1505 07B4                  l1441 06CD                  l1515 07E3                  l1507 07BE  
                l1451 06E1                  l1443 06D0                  l1435 06C4                  l1509 07C2  
                l1517 07E6                  l1461 070C                  l1453 06E7                  l1445 06D1  
                l1437 06C8                  l1519 07EC                  l1471 0732                  l1463 0713  
                l1455 06F4                  l1447 06D3                  l1439 06CC                  l1481 0750  
                l1473 073D                  l1465 0717                  l1457 06FB                  l1449 06DA  
                l1491 077F                  l1483 075A                  l1475 073F                  l1467 0724  
                l1459 06FF                  l1485 075E                  l1493 0782                  l1477 074D  
                l1469 072C                  l1495 078C                  l1487 0766                  l1479 074E  
                l1497 0790                  l1489 076F                  l1499 0798                  _main 06C4  
                btemp 007E                  start 0000                 ?_main 0070                 _ANSEL 0188  
               _PORTA 0005                 _PORTB 0006                 _TRISA 0085                 _TRISB 0086  
               main@i 007A                 main@j 0071                 main@x 0073                 status 0003  
               wtemp0 007E          __end_of_main 0800                ??_main 0070                _ANSELH 0189  
      __pcstackCOMMON 0070            __pmaintext 06C4               main@arr 0075  end_of_initialization 06C0  
 start_initialization 06C0             main@count 0078         __size_of_main 013C  
