

HI-TECH Software PIC LITE Macro Assembler V9.81 build 7503 
                                                                                               Tue Jul 06 11:26:16 2021

HI-TECH Software Omniscient Code Generator (Lite mode) build 7503
     1  0000                     opt subtitle "HI-TECH Software Omniscient Code Generator (Lite mode) build 7503"
     2                           
     3                           opt pagewidth 120
     4                           
     5                           	opt lm
     6                           
     7                           	processor	16F887
     8                           clrc	macro
     9                           	bcf	3,0
    10  0000                     	endm
    11                           clrz	macro
    12                           	bcf	3,2
    13  0000                     	endm
    14                           setc	macro
    15                           	bsf	3,0
    16  0000                     	endm
    17                           setz	macro
    18                           	bsf	3,2
    19  0000                     	endm
    20                           skipc	macro
    21                           	btfss	3,0
    22  0000                     	endm
    23                           skipz	macro
    24                           	btfss	3,2
    25  0000                     	endm
    26                           skipnc	macro
    27                           	btfsc	3,0
    28  0000                     	endm
    29                           skipnz	macro
    30                           	btfsc	3,2
    31  0000                     	endm
    32  0000                     indf	equ	0
    33  0000                     indf0	equ	0
    34  0002                     pc	equ	2
    35  0002                     pcl	equ	2
    36  0003                     status	equ	3
    37  0004                     fsr	equ	4
    38  0004                     fsr0	equ	4
    39  0001                     c	equ	1
    40  0000                     z	equ	0
    41  000A                     pclath	equ	10
    42                           	FNROOT	_main
    43                           	global	_PORTB
    44                           psect	maintext,global,class=CODE,delta=2
    45                           global __pmaintext
    46  07E8                     __pmaintext:
    47  0006                     _PORTB	set	6
    48                           	global	_TRISB
    49  0086                     _TRISB	set	134
    50                           	global	_ANSEL
    51  0188                     _ANSEL	set	392
    52                           	global	_ANSELH
    53  0189                     _ANSELH	set	393
    54                           	file	"bit.as"
    55                           	line	#
    56                           psect cinit,class=CODE,delta=2
    57                           global start_initialization
    58  07E4                     start_initialization:
    59                           
    60                           psect cinit,class=CODE,delta=2
    61                           global end_of_initialization
    62                           
    63                           ;End of C runtime variable initialization code
    64                           
    65  07E4                     end_of_initialization:
    66  07E4  0183               clrf status
    67  07E5  120A  118A  2FE8   ljmp _main	;jump to C main() function
    68                           psect	cstackCOMMON,class=COMMON,space=1
    69                           global __pcstackCOMMON
    70  0070                     __pcstackCOMMON:
    71                           	global	?_main
    72  0070                     ?_main:	; 0 bytes @ 0x0
    73                           	global	??_main
    74  0070                     ??_main:	; 0 bytes @ 0x0
    75                           	global	main@a
    76  0070                     main@a:	; 2 bytes @ 0x0
    77  0070                     	ds	2
    78 ;;Data sizes: Strings 0, constant 0, data 0, bss 0, persistent 0 stack 0
    79 ;;Auto spaces:   Size  Autos    Used
    80 ;; COMMON          14      2       2
    81 ;; BANK0           80      0       0
    82 ;; BANK1           80      0       0
    83 ;; BANK3           96      0       0
    84 ;; BANK2           96      0       0
    85                           
    86 ;;
    87 ;; Pointer list with targets:
    88                           
    89                           
    90                           
    91 ;;
    92 ;; Critical Paths under _main in COMMON
    93 ;;
    94 ;;   None.
    95 ;;
    96 ;; Critical Paths under _main in BANK0
    97 ;;
    98 ;;   None.
    99 ;;
   100 ;; Critical Paths under _main in BANK1
   101 ;;
   102 ;;   None.
   103 ;;
   104 ;; Critical Paths under _main in BANK3
   105 ;;
   106 ;;   None.
   107 ;;
   108 ;; Critical Paths under _main in BANK2
   109 ;;
   110 ;;   None.
   111                           
   112 ;;
   113 ;;Main: autosize = 0, tempsize = 0, incstack = 0, save=0
   114 ;;
   115                           
   116 ;;
   117 ;;Call Graph Tables:
   118 ;;
   119 ;; ---------------------------------------------------------------------------------
   120 ;; (Depth) Function   	        Calls       Base Space   Used Autos Params    Refs
   121 ;; ---------------------------------------------------------------------------------
   122 ;; (0) _main                                                 2     2      0      15
   123 ;;                                              0 COMMON     2     2      0
   124 ;; ---------------------------------------------------------------------------------
   125 ;; Estimated maximum stack depth 0
   126 ;; ---------------------------------------------------------------------------------
   127                           
   128 ;; Call Graph Graphs:
   129                           
   130 ;; _main (ROOT)
   131 ;;
   132                           
   133 ;; Address spaces:
   134                           
   135 ;;Name               Size   Autos  Total    Cost      Usage
   136 ;;BITCOMMON            E      0       0       0        0.0%
   137 ;;EEDATA             100      0       0       0        0.0%
   138 ;;NULL                 0      0       0       0        0.0%
   139 ;;CODE                 0      0       0       0        0.0%
   140 ;;COMMON               E      2       2       1       14.3%
   141 ;;BITSFR0              0      0       0       1        0.0%
   142 ;;SFR0                 0      0       0       1        0.0%
   143 ;;BITSFR1              0      0       0       2        0.0%
   144 ;;SFR1                 0      0       0       2        0.0%
   145 ;;STACK                0      0       0       2        0.0%
   146 ;;ABS                  0      0       0       3        0.0%
   147 ;;BITBANK0            50      0       0       4        0.0%
   148 ;;BITSFR3              0      0       0       4        0.0%
   149 ;;SFR3                 0      0       0       4        0.0%
   150 ;;BANK0               50      0       0       5        0.0%
   151 ;;BITSFR2              0      0       0       5        0.0%
   152 ;;SFR2                 0      0       0       5        0.0%
   153 ;;BITBANK1            50      0       0       6        0.0%
   154 ;;BANK1               50      0       0       7        0.0%
   155 ;;BITBANK3            60      0       0       8        0.0%
   156 ;;BANK3               60      0       0       9        0.0%
   157 ;;BITBANK2            60      0       0      10        0.0%
   158 ;;BANK2               60      0       0      11        0.0%
   159 ;;DATA                 0      0       0      12        0.0%
   160                           
   161                           	global	_main
   162                           psect	maintext
   163                           
   164 ;; *************** function _main *****************
   165 ;; Defined at:
   166 ;;		line 3 in file "E:\KTU\Softwares\MP lab\SPI\Bit operation\bit.c"
   167 ;; Parameters:    Size  Location     Type
   168 ;;		None
   169 ;; Auto vars:     Size  Location     Type
   170 ;;  a               2    0[COMMON] int 
   171 ;; Return value:  Size  Location     Type
   172 ;;		None               void
   173 ;; Registers used:
   174 ;;		wreg, status,2
   175 ;; Tracked objects:
   176 ;;		On entry : 17F/0
   177 ;;		On exit  : 0/0
   178 ;;		Unchanged: 0/0
   179 ;; Data sizes:     COMMON   BANK0   BANK1   BANK3   BANK2
   180 ;;      Params:         0       0       0       0       0
   181 ;;      Locals:         2       0       0       0       0
   182 ;;      Temps:          0       0       0       0       0
   183 ;;      Totals:         2       0       0       0       0
   184 ;;Total ram usage:        2 bytes
   185 ;; This function calls:
   186 ;;		Nothing
   187 ;; This function is called by:
   188 ;;		Startup code after reset
   189 ;; This function uses a non-reentrant model
   190 ;;
   191                           psect	maintext
   192                           	file	"E:\KTU\Softwares\MP lab\SPI\Bit operation\bit.c"
   193                           	line	3
   194                           	global	__size_of_main
   195  0018                     	__size_of_main	equ	__end_of_main-_main
   196                           	
   197  07E8                     _main:	
   198                           	opt	stack 8
   199                           ; Regs used in _main: [wreg+status,2]
   200                           	line	4
   201                           	
   202  07E8                     l1397:	
   203                           ;bit.c: 4: PORTB=0X00;
   204  07E8  1283               	bcf	status, 5	;RP0=0, select bank0
   205  07E9  1303               	bcf	status, 6	;RP1=0, select bank0
   206  07EA  0186               	clrf	(6)	;volatile
   207                           	line	5
   208                           ;bit.c: 5: TRISB=0X00;
   209  07EB  1683               	bsf	status, 5	;RP0=1, select bank1
   210  07EC  1303               	bcf	status, 6	;RP1=0, select bank1
   211  07ED  0186               	clrf	(134)^080h	;volatile
   212                           	line	6
   213                           ;bit.c: 6: ANSEL=0X00;
   214  07EE  1683               	bsf	status, 5	;RP0=1, select bank3
   215  07EF  1703               	bsf	status, 6	;RP1=1, select bank3
   216  07F0  0188               	clrf	(392)^0180h	;volatile
   217                           	line	7
   218                           ;bit.c: 7: ANSELH=0X00;
   219  07F1  0189               	clrf	(393)^0180h	;volatile
   220                           	line	8
   221                           	
   222  07F2                     l1399:	
   223                           ;bit.c: 8: int a=255;
   224  07F2  30FF               	movlw	low(0FFh)
   225  07F3  00F0               	movwf	(main@a)
   226  07F4  3000               	movlw	high(0FFh)
   227  07F5  00F1               	movwf	((main@a))+1
   228  07F6  2FF7               	goto	l1401
   229                           	line	9
   230                           ;bit.c: 9: while(1)
   231                           	
   232  07F7                     l1025:	
   233                           	line	11
   234                           	
   235  07F7                     l1401:	
   236                           ;bit.c: 10: {
   237                           ;bit.c: 11: PORTB=a;
   238  07F7  0870               	movf	(main@a),w
   239  07F8  1283               	bcf	status, 5	;RP0=0, select bank0
   240  07F9  1303               	bcf	status, 6	;RP1=0, select bank0
   241  07FA  0086               	movwf	(6)	;volatile
   242  07FB  2FF7               	goto	l1401
   243                           	line	12
   244                           	
   245  07FC                     l1026:	
   246                           	line	9
   247  07FC  2FF7               	goto	l1401
   248                           	
   249  07FD                     l1027:	
   250                           	line	13
   251                           	
   252  07FD                     l1028:	
   253                           	global	start
   254  07FD  120A  118A  2800   	ljmp	start
   255                           	opt stack 0
   256                           GLOBAL	__end_of_main
   257  0800                     	__end_of_main:
   258 ;; =============== function _main ends ============
   259                           
   260                           	signat	_main,88
   261                           psect	maintext
   262                           	global	btemp
   263  007E                     	btemp set 07Eh
   264                           
   265                           	DABS	1,126,2	;btemp
   266                           	global	wtemp0
   267  007E                     	wtemp0 set btemp


HI-TECH Software PICC Macro Assembler V9.81 build 7503 
Symbol Table                                                                                   Tue Jul 06 11:26:16 2021

                l1025 07F7                  l1026 07FC                  l1027 07FD                  l1028 07FD  
                l1401 07F7                  l1397 07E8                  l1399 07F2                  _main 07E8  
                btemp 007E                  start 0000                 ?_main 0070                 _ANSEL 0188  
               _PORTB 0006                 _TRISB 0086                 main@a 0070                 status 0003  
               wtemp0 007E          __end_of_main 0800                ??_main 0070                _ANSELH 0189  
      __pcstackCOMMON 0070            __pmaintext 07E8  end_of_initialization 07E4   start_initialization 07E4  
       __size_of_main 0018  
