

HI-TECH Software PIC LITE Macro Assembler V9.81 build 7503 
                                                                                               Wed Apr 07 12:39:37 2021

HI-TECH Software Omniscient Code Generator (Lite mode) build 7503
     1  0000                     opt subtitle "HI-TECH Software Omniscient Code Generator (Lite mode) build 7503"
     2                           
     3                           opt pagewidth 120
     4                           
     5                           	opt lm
     6                           
     7                           	processor	16F887
     8                           clrc	macro
     9                           	bcf	3,0
    10  0000                     	endm
    11                           clrz	macro
    12                           	bcf	3,2
    13  0000                     	endm
    14                           setc	macro
    15                           	bsf	3,0
    16  0000                     	endm
    17                           setz	macro
    18                           	bsf	3,2
    19  0000                     	endm
    20                           skipc	macro
    21                           	btfss	3,0
    22  0000                     	endm
    23                           skipz	macro
    24                           	btfss	3,2
    25  0000                     	endm
    26                           skipnc	macro
    27                           	btfsc	3,0
    28  0000                     	endm
    29                           skipnz	macro
    30                           	btfsc	3,2
    31  0000                     	endm
    32  0000                     indf	equ	0
    33  0000                     indf0	equ	0
    34  0002                     pc	equ	2
    35  0002                     pcl	equ	2
    36  0003                     status	equ	3
    37  0004                     fsr	equ	4
    38  0004                     fsr0	equ	4
    39  0001                     c	equ	1
    40  0000                     z	equ	0
    41  000A                     pclath	equ	10
    42                           	FNCALL	_main,_led1
    43                           	FNCALL	_main,_led2
    44                           	FNCALL	_main,_led3
    45                           	FNCALL	_main,_led4
    46                           	FNROOT	_main
    47                           	global	_PORTA
    48                           psect	text96,local,class=CODE,delta=2
    49                           global __ptext96
    50  0000                     __ptext96:
    51  0005                     _PORTA	set	5
    52                           	global	_TRISA
    53  0085                     _TRISA	set	133
    54                           	global	_ANSEL
    55  0188                     _ANSEL	set	392
    56                           	global	_ANSELH
    57  0189                     _ANSELH	set	393
    58                           	file	"lastoneon.as"
    59                           	line	#
    60                           psect cinit,class=CODE,delta=2
    61                           global start_initialization
    62  075F                     start_initialization:
    63                           
    64                           psect cinit,class=CODE,delta=2
    65                           global end_of_initialization
    66                           
    67                           ;End of C runtime variable initialization code
    68                           
    69  075F                     end_of_initialization:
    70  075F  0183               clrf status
    71  0760  120A  118A  2FC4   ljmp _main	;jump to C main() function
    72                           psect	cstackCOMMON,class=COMMON,space=1
    73                           global __pcstackCOMMON
    74  0070                     __pcstackCOMMON:
    75                           	global	?_led1
    76  0070                     ?_led1:	; 0 bytes @ 0x0
    77                           	global	??_led1
    78  0070                     ??_led1:	; 0 bytes @ 0x0
    79                           	global	?_led2
    80  0070                     ?_led2:	; 0 bytes @ 0x0
    81                           	global	??_led2
    82  0070                     ??_led2:	; 0 bytes @ 0x0
    83                           	global	?_led3
    84  0070                     ?_led3:	; 0 bytes @ 0x0
    85                           	global	??_led3
    86  0070                     ??_led3:	; 0 bytes @ 0x0
    87                           	global	?_led4
    88  0070                     ?_led4:	; 0 bytes @ 0x0
    89                           	global	??_led4
    90  0070                     ??_led4:	; 0 bytes @ 0x0
    91                           	global	?_main
    92  0070                     ?_main:	; 0 bytes @ 0x0
    93                           	global	led1@count
    94  0070                     led1@count:	; 2 bytes @ 0x0
    95                           	global	led2@count
    96  0070                     led2@count:	; 2 bytes @ 0x0
    97                           	global	led3@count
    98  0070                     led3@count:	; 2 bytes @ 0x0
    99                           	global	led4@count
   100  0070                     led4@count:	; 2 bytes @ 0x0
   101  0070                     	ds	2
   102                           	global	??_main
   103  0072                     ??_main:	; 0 bytes @ 0x2
   104                           	global	main@stop
   105  0072                     main@stop:	; 2 bytes @ 0x2
   106  0072                     	ds	2
   107 ;;Data sizes: Strings 0, constant 0, data 0, bss 0, persistent 0 stack 0
   108 ;;Auto spaces:   Size  Autos    Used
   109 ;; COMMON          14      4       4
   110 ;; BANK0           80      0       0
   111 ;; BANK1           80      0       0
   112 ;; BANK3           96      0       0
   113 ;; BANK2           96      0       0
   114                           
   115 ;;
   116 ;; Pointer list with targets:
   117                           
   118                           
   119                           
   120 ;;
   121 ;; Critical Paths under _main in COMMON
   122 ;;
   123 ;;   _main->_led1
   124 ;;   _main->_led2
   125 ;;   _main->_led3
   126 ;;   _main->_led4
   127 ;;
   128 ;; Critical Paths under _main in BANK0
   129 ;;
   130 ;;   None.
   131 ;;
   132 ;; Critical Paths under _main in BANK1
   133 ;;
   134 ;;   None.
   135 ;;
   136 ;; Critical Paths under _main in BANK3
   137 ;;
   138 ;;   None.
   139 ;;
   140 ;; Critical Paths under _main in BANK2
   141 ;;
   142 ;;   None.
   143                           
   144 ;;
   145 ;;Main: autosize = 0, tempsize = 0, incstack = 0, save=0
   146 ;;
   147                           
   148 ;;
   149 ;;Call Graph Tables:
   150 ;;
   151 ;; ---------------------------------------------------------------------------------
   152 ;; (Depth) Function   	        Calls       Base Space   Used Autos Params    Refs
   153 ;; ---------------------------------------------------------------------------------
   154 ;; (0) _main                                                 2     2      0      60
   155 ;;                                              2 COMMON     2     2      0
   156 ;;                               _led1
   157 ;;                               _led2
   158 ;;                               _led3
   159 ;;                               _led4
   160 ;; ---------------------------------------------------------------------------------
   161 ;; (1) _led4                                                 2     2      0       0
   162 ;;                                              0 COMMON     2     2      0
   163 ;; ---------------------------------------------------------------------------------
   164 ;; (1) _led3                                                 2     2      0      15
   165 ;;                                              0 COMMON     2     2      0
   166 ;; ---------------------------------------------------------------------------------
   167 ;; (1) _led2                                                 2     2      0      15
   168 ;;                                              0 COMMON     2     2      0
   169 ;; ---------------------------------------------------------------------------------
   170 ;; (1) _led1                                                 2     2      0      15
   171 ;;                                              0 COMMON     2     2      0
   172 ;; ---------------------------------------------------------------------------------
   173 ;; Estimated maximum stack depth 1
   174 ;; ---------------------------------------------------------------------------------
   175                           
   176 ;; Call Graph Graphs:
   177                           
   178 ;; _main (ROOT)
   179 ;;   _led1
   180 ;;   _led2
   181 ;;   _led3
   182 ;;   _led4
   183 ;;
   184                           
   185 ;; Address spaces:
   186                           
   187 ;;Name               Size   Autos  Total    Cost      Usage
   188 ;;BITCOMMON            E      0       0       0        0.0%
   189 ;;EEDATA             100      0       0       0        0.0%
   190 ;;NULL                 0      0       0       0        0.0%
   191 ;;CODE                 0      0       0       0        0.0%
   192 ;;COMMON               E      4       4       1       28.6%
   193 ;;BITSFR0              0      0       0       1        0.0%
   194 ;;SFR0                 0      0       0       1        0.0%
   195 ;;BITSFR1              0      0       0       2        0.0%
   196 ;;SFR1                 0      0       0       2        0.0%
   197 ;;STACK                0      0       1       2        0.0%
   198 ;;ABS                  0      0       0       3        0.0%
   199 ;;BITBANK0            50      0       0       4        0.0%
   200 ;;BITSFR3              0      0       0       4        0.0%
   201 ;;SFR3                 0      0       0       4        0.0%
   202 ;;BANK0               50      0       0       5        0.0%
   203 ;;BITSFR2              0      0       0       5        0.0%
   204 ;;SFR2                 0      0       0       5        0.0%
   205 ;;BITBANK1            50      0       0       6        0.0%
   206 ;;BANK1               50      0       0       7        0.0%
   207 ;;BITBANK3            60      0       0       8        0.0%
   208 ;;BANK3               60      0       0       9        0.0%
   209 ;;BITBANK2            60      0       0      10        0.0%
   210 ;;BANK2               60      0       0      11        0.0%
   211 ;;DATA                 0      0       0      12        0.0%
   212                           
   213                           	global	_main
   214                           psect	maintext,global,class=CODE,delta=2
   215                           global __pmaintext
   216  07C4                     __pmaintext:
   217                           
   218 ;; *************** function _main *****************
   219 ;; Defined at:
   220 ;;		line 39 in file "E:\KTU\Softwares\mplab\Lastoneon\lastoneon.c"
   221 ;; Parameters:    Size  Location     Type
   222 ;;		None
   223 ;; Auto vars:     Size  Location     Type
   224 ;;  stop            2    2[COMMON] int 
   225 ;; Return value:  Size  Location     Type
   226 ;;		None               void
   227 ;; Registers used:
   228 ;;		wreg, status,2, status,0, btemp+1, pclath, cstack
   229 ;; Tracked objects:
   230 ;;		On entry : 17F/0
   231 ;;		On exit  : 0/0
   232 ;;		Unchanged: 0/0
   233 ;; Data sizes:     COMMON   BANK0   BANK1   BANK3   BANK2
   234 ;;      Params:         0       0       0       0       0
   235 ;;      Locals:         2       0       0       0       0
   236 ;;      Temps:          0       0       0       0       0
   237 ;;      Totals:         2       0       0       0       0
   238 ;;Total ram usage:        2 bytes
   239 ;; Hardware stack levels required when called:    1
   240 ;; This function calls:
   241 ;;		_led1
   242 ;;		_led2
   243 ;;		_led3
   244 ;;		_led4
   245 ;; This function is called by:
   246 ;;		Startup code after reset
   247 ;; This function uses a non-reentrant model
   248 ;;
   249                           psect	maintext
   250                           	file	"E:\KTU\Softwares\mplab\Lastoneon\lastoneon.c"
   251                           	line	39
   252                           	global	__size_of_main
   253  003C                     	__size_of_main	equ	__end_of_main-_main
   254                           	
   255  07C4                     _main:	
   256                           	opt	stack 7
   257                           ; Regs used in _main: [wreg+status,2+status,0+btemp+1+pclath+cstack]
   258                           	line	40
   259                           	
   260  07C4                     l2210:	
   261                           ;lastoneon.c: 40: int stop=1;
   262  07C4  3001               	movlw	low(01h)
   263  07C5  00F2               	movwf	(main@stop)
   264  07C6  3000               	movlw	high(01h)
   265  07C7  00F3               	movwf	((main@stop))+1
   266                           	line	41
   267                           	
   268  07C8                     l2212:	
   269                           ;lastoneon.c: 41: PORTA=0X00;
   270  07C8  1283               	bcf	status, 5	;RP0=0, select bank0
   271  07C9  1303               	bcf	status, 6	;RP1=0, select bank0
   272  07CA  0185               	clrf	(5)	;volatile
   273                           	line	42
   274                           	
   275  07CB                     l2214:	
   276                           ;lastoneon.c: 42: TRISA=0X00;
   277  07CB  1683               	bsf	status, 5	;RP0=1, select bank1
   278  07CC  1303               	bcf	status, 6	;RP1=0, select bank1
   279  07CD  0185               	clrf	(133)^080h	;volatile
   280                           	line	43
   281                           	
   282  07CE                     l2216:	
   283                           ;lastoneon.c: 43: ANSEL=0X00;
   284  07CE  1683               	bsf	status, 5	;RP0=1, select bank3
   285  07CF  1703               	bsf	status, 6	;RP1=1, select bank3
   286  07D0  0188               	clrf	(392)^0180h	;volatile
   287                           	line	44
   288                           	
   289  07D1                     l2218:	
   290                           ;lastoneon.c: 44: ANSELH=0X00;
   291  07D1  0189               	clrf	(393)^0180h	;volatile
   292                           	line	45
   293                           ;lastoneon.c: 45: while(1)
   294                           	
   295  07D2                     l1049:	
   296                           	line	47
   297                           ;lastoneon.c: 46: {
   298                           ;lastoneon.c: 47: if(stop==1)
   299  07D2  3001               	movlw	01h
   300  07D3  0672               	xorwf	(main@stop),w
   301  07D4  0473               	iorwf	(main@stop+1),w
   302  07D5  1D03               	skipz
   303  07D6  2FD8               	goto	u2171
   304  07D7  2FD9               	goto	u2170
   305  07D8                     u2171:
   306  07D8  2FF6               	goto	l2232
   307  07D9                     u2170:
   308                           	line	49
   309                           	
   310  07D9                     l2220:	
   311                           ;lastoneon.c: 48: {
   312                           ;lastoneon.c: 49: led1();
   313  07D9  120A  118A  276D   	fcall	_led1
              120A  118A         
   314                           	line	50
   315                           	
   316  07DE                     l2222:	
   317                           ;lastoneon.c: 50: PORTA=0X00;
   318  07DE  1283               	bcf	status, 5	;RP0=0, select bank0
   319  07DF  1303               	bcf	status, 6	;RP1=0, select bank0
   320  07E0  0185               	clrf	(5)	;volatile
   321                           	line	51
   322                           	
   323  07E1                     l2224:	
   324                           ;lastoneon.c: 51: led2();
   325  07E1  120A  118A  278A   	fcall	_led2
              120A  118A         
   326                           	line	52
   327                           ;lastoneon.c: 52: PORTA=0X00;
   328  07E6  1283               	bcf	status, 5	;RP0=0, select bank0
   329  07E7  1303               	bcf	status, 6	;RP1=0, select bank0
   330  07E8  0185               	clrf	(5)	;volatile
   331                           	line	53
   332                           	
   333  07E9                     l2226:	
   334                           ;lastoneon.c: 53: led3();
   335  07E9  120A  118A  27A7   	fcall	_led3
              120A  118A         
   336                           	line	54
   337                           	
   338  07EE                     l2228:	
   339                           ;lastoneon.c: 54: PORTA=0X00;
   340  07EE  1283               	bcf	status, 5	;RP0=0, select bank0
   341  07EF  1303               	bcf	status, 6	;RP1=0, select bank0
   342  07F0  0185               	clrf	(5)	;volatile
   343                           	line	55
   344                           	
   345  07F1                     l2230:	
   346                           ;lastoneon.c: 55: stop=2;
   347  07F1  3002               	movlw	low(02h)
   348  07F2  00F2               	movwf	(main@stop)
   349  07F3  3000               	movlw	high(02h)
   350  07F4  00F3               	movwf	((main@stop))+1
   351  07F5  2FF6               	goto	l2232
   352                           	line	56
   353                           	
   354  07F6                     l1050:	
   355                           	line	57
   356                           	
   357  07F6                     l2232:	
   358                           ;lastoneon.c: 56: }
   359                           ;lastoneon.c: 57: led4();
   360  07F6  120A  118A  2763   	fcall	_led4
              120A  118A         
   361  07FB  2FD2               	goto	l1049
   362                           	line	58
   363                           	
   364  07FC                     l1051:	
   365                           	line	45
   366  07FC  2FD2               	goto	l1049
   367                           	
   368  07FD                     l1052:	
   369                           	line	59
   370                           	
   371  07FD                     l1053:	
   372                           	global	start
   373  07FD  120A  118A  2800   	ljmp	start
   374                           	opt stack 0
   375                           GLOBAL	__end_of_main
   376  0800                     	__end_of_main:
   377 ;; =============== function _main ends ============
   378                           
   379                           	signat	_main,88
   380                           	global	_led4
   381                           psect	text97,local,class=CODE,delta=2
   382                           global __ptext97
   383  0763                     __ptext97:
   384                           
   385 ;; *************** function _led4 *****************
   386 ;; Defined at:
   387 ;;		line 30 in file "E:\KTU\Softwares\mplab\Lastoneon\lastoneon.c"
   388 ;; Parameters:    Size  Location     Type
   389 ;;		None
   390 ;; Auto vars:     Size  Location     Type
   391 ;;  count           2    0[COMMON] int 
   392 ;; Return value:  Size  Location     Type
   393 ;;		None               void
   394 ;; Registers used:
   395 ;;		wreg, status,2
   396 ;; Tracked objects:
   397 ;;		On entry : 0/0
   398 ;;		On exit  : 0/0
   399 ;;		Unchanged: 0/0
   400 ;; Data sizes:     COMMON   BANK0   BANK1   BANK3   BANK2
   401 ;;      Params:         0       0       0       0       0
   402 ;;      Locals:         2       0       0       0       0
   403 ;;      Temps:          0       0       0       0       0
   404 ;;      Totals:         2       0       0       0       0
   405 ;;Total ram usage:        2 bytes
   406 ;; Hardware stack levels used:    1
   407 ;; This function calls:
   408 ;;		Nothing
   409 ;; This function is called by:
   410 ;;		_main
   411 ;; This function uses a non-reentrant model
   412 ;;
   413                           psect	text97
   414                           	file	"E:\KTU\Softwares\mplab\Lastoneon\lastoneon.c"
   415                           	line	30
   416                           	global	__size_of_led4
   417  000A                     	__size_of_led4	equ	__end_of_led4-_led4
   418                           	
   419  0763                     _led4:	
   420                           	opt	stack 7
   421                           ; Regs used in _led4: [wreg+status,2]
   422                           	line	31
   423                           	
   424  0763                     l1440:	
   425                           ;lastoneon.c: 31: int count=0;
   426  0763  01F0               	clrf	(led4@count)
   427  0764  01F1               	clrf	(led4@count+1)
   428  0765  2F66               	goto	l1442
   429                           	line	32
   430                           ;lastoneon.c: 32: while(1)
   431                           	
   432  0766                     l1043:	
   433                           	line	35
   434                           	
   435  0766                     l1442:	
   436                           ;lastoneon.c: 33: {
   437                           ;lastoneon.c: 35: PORTA=0X08;
   438  0766  3008               	movlw	(08h)
   439  0767  1283               	bcf	status, 5	;RP0=0, select bank0
   440  0768  1303               	bcf	status, 6	;RP1=0, select bank0
   441  0769  0085               	movwf	(5)	;volatile
   442  076A  2F66               	goto	l1442
   443                           	line	36
   444                           	
   445  076B                     l1044:	
   446                           	line	32
   447  076B  2F66               	goto	l1442
   448                           	
   449  076C                     l1045:	
   450                           	line	37
   451                           	
   452  076C                     l1046:	
   453  076C  0008               	return
   454                           	opt stack 0
   455                           GLOBAL	__end_of_led4
   456  076D                     	__end_of_led4:
   457 ;; =============== function _led4 ends ============
   458                           
   459                           	signat	_led4,88
   460                           	global	_led3
   461                           psect	text98,local,class=CODE,delta=2
   462                           global __ptext98
   463  07A7                     __ptext98:
   464                           
   465 ;; *************** function _led3 *****************
   466 ;; Defined at:
   467 ;;		line 21 in file "E:\KTU\Softwares\mplab\Lastoneon\lastoneon.c"
   468 ;; Parameters:    Size  Location     Type
   469 ;;		None
   470 ;; Auto vars:     Size  Location     Type
   471 ;;  count           2    0[COMMON] int 
   472 ;; Return value:  Size  Location     Type
   473 ;;		None               void
   474 ;; Registers used:
   475 ;;		wreg, status,2, btemp+1
   476 ;; Tracked objects:
   477 ;;		On entry : 0/0
   478 ;;		On exit  : 0/0
   479 ;;		Unchanged: 0/0
   480 ;; Data sizes:     COMMON   BANK0   BANK1   BANK3   BANK2
   481 ;;      Params:         0       0       0       0       0
   482 ;;      Locals:         2       0       0       0       0
   483 ;;      Temps:          0       0       0       0       0
   484 ;;      Totals:         2       0       0       0       0
   485 ;;Total ram usage:        2 bytes
   486 ;; Hardware stack levels used:    1
   487 ;; This function calls:
   488 ;;		Nothing
   489 ;; This function is called by:
   490 ;;		_main
   491 ;; This function uses a non-reentrant model
   492 ;;
   493                           psect	text98
   494                           	file	"E:\KTU\Softwares\mplab\Lastoneon\lastoneon.c"
   495                           	line	21
   496                           	global	__size_of_led3
   497  001D                     	__size_of_led3	equ	__end_of_led3-_led3
   498                           	
   499  07A7                     _led3:	
   500                           	opt	stack 7
   501                           ; Regs used in _led3: [wreg+status,2+btemp+1]
   502                           	line	22
   503                           	
   504  07A7                     l1434:	
   505                           ;lastoneon.c: 22: int count=0;
   506  07A7  01F0               	clrf	(led3@count)
   507  07A8  01F1               	clrf	(led3@count+1)
   508                           	line	23
   509                           ;lastoneon.c: 23: while(count<30000)
   510  07A9  2FB5               	goto	l1438
   511                           	
   512  07AA                     l1038:	
   513                           	line	25
   514                           	
   515  07AA                     l1436:	
   516                           ;lastoneon.c: 24: {
   517                           ;lastoneon.c: 25: count++;
   518  07AA  3001               	movlw	low(01h)
   519  07AB  07F0               	addwf	(led3@count),f
   520  07AC  1803               	skipnc
   521  07AD  0AF1               	incf	(led3@count+1),f
   522  07AE  3000               	movlw	high(01h)
   523  07AF  07F1               	addwf	(led3@count+1),f
   524                           	line	26
   525                           ;lastoneon.c: 26: PORTA=0X04;
   526  07B0  3004               	movlw	(04h)
   527  07B1  1283               	bcf	status, 5	;RP0=0, select bank0
   528  07B2  1303               	bcf	status, 6	;RP1=0, select bank0
   529  07B3  0085               	movwf	(5)	;volatile
   530  07B4  2FB5               	goto	l1438
   531                           	line	27
   532                           	
   533  07B5                     l1037:	
   534                           	line	23
   535                           	
   536  07B5                     l1438:	
   537  07B5  0871               	movf	(led3@count+1),w
   538  07B6  3A80               	xorlw	80h
   539  07B7  00FF               	movwf	btemp+1
   540  07B8  30F5               	movlw	(high(07530h))^80h
   541  07B9  027F               	subwf	btemp+1,w
   542  07BA  1D03               	skipz
   543  07BB  2FBE               	goto	u35
   544  07BC  3030               	movlw	low(07530h)
   545  07BD  0270               	subwf	(led3@count),w
   546  07BE                     u35:
   547                           
   548  07BE  1C03               	skipc
   549  07BF  2FC1               	goto	u31
   550  07C0  2FC2               	goto	u30
   551  07C1                     u31:
   552  07C1  2FAA               	goto	l1436
   553  07C2                     u30:
   554  07C2  2FC3               	goto	l1040
   555                           	
   556  07C3                     l1039:	
   557                           	line	28
   558                           	
   559  07C3                     l1040:	
   560  07C3  0008               	return
   561                           	opt stack 0
   562                           GLOBAL	__end_of_led3
   563  07C4                     	__end_of_led3:
   564 ;; =============== function _led3 ends ============
   565                           
   566                           	signat	_led3,88
   567                           	global	_led2
   568                           psect	text99,local,class=CODE,delta=2
   569                           global __ptext99
   570  078A                     __ptext99:
   571                           
   572 ;; *************** function _led2 *****************
   573 ;; Defined at:
   574 ;;		line 12 in file "E:\KTU\Softwares\mplab\Lastoneon\lastoneon.c"
   575 ;; Parameters:    Size  Location     Type
   576 ;;		None
   577 ;; Auto vars:     Size  Location     Type
   578 ;;  count           2    0[COMMON] int 
   579 ;; Return value:  Size  Location     Type
   580 ;;		None               void
   581 ;; Registers used:
   582 ;;		wreg, status,2, btemp+1
   583 ;; Tracked objects:
   584 ;;		On entry : 0/0
   585 ;;		On exit  : 0/0
   586 ;;		Unchanged: 0/0
   587 ;; Data sizes:     COMMON   BANK0   BANK1   BANK3   BANK2
   588 ;;      Params:         0       0       0       0       0
   589 ;;      Locals:         2       0       0       0       0
   590 ;;      Temps:          0       0       0       0       0
   591 ;;      Totals:         2       0       0       0       0
   592 ;;Total ram usage:        2 bytes
   593 ;; Hardware stack levels used:    1
   594 ;; This function calls:
   595 ;;		Nothing
   596 ;; This function is called by:
   597 ;;		_main
   598 ;; This function uses a non-reentrant model
   599 ;;
   600                           psect	text99
   601                           	file	"E:\KTU\Softwares\mplab\Lastoneon\lastoneon.c"
   602                           	line	12
   603                           	global	__size_of_led2
   604  001D                     	__size_of_led2	equ	__end_of_led2-_led2
   605                           	
   606  078A                     _led2:	
   607                           	opt	stack 7
   608                           ; Regs used in _led2: [wreg+status,2+btemp+1]
   609                           	line	13
   610                           	
   611  078A                     l1428:	
   612                           ;lastoneon.c: 13: int count=0;
   613  078A  01F0               	clrf	(led2@count)
   614  078B  01F1               	clrf	(led2@count+1)
   615                           	line	14
   616                           ;lastoneon.c: 14: while(count<30000)
   617  078C  2F98               	goto	l1432
   618                           	
   619  078D                     l1032:	
   620                           	line	16
   621                           	
   622  078D                     l1430:	
   623                           ;lastoneon.c: 15: {
   624                           ;lastoneon.c: 16: count++;
   625  078D  3001               	movlw	low(01h)
   626  078E  07F0               	addwf	(led2@count),f
   627  078F  1803               	skipnc
   628  0790  0AF1               	incf	(led2@count+1),f
   629  0791  3000               	movlw	high(01h)
   630  0792  07F1               	addwf	(led2@count+1),f
   631                           	line	17
   632                           ;lastoneon.c: 17: PORTA=0X02;
   633  0793  3002               	movlw	(02h)
   634  0794  1283               	bcf	status, 5	;RP0=0, select bank0
   635  0795  1303               	bcf	status, 6	;RP1=0, select bank0
   636  0796  0085               	movwf	(5)	;volatile
   637  0797  2F98               	goto	l1432
   638                           	line	18
   639                           	
   640  0798                     l1031:	
   641                           	line	14
   642                           	
   643  0798                     l1432:	
   644  0798  0871               	movf	(led2@count+1),w
   645  0799  3A80               	xorlw	80h
   646  079A  00FF               	movwf	btemp+1
   647  079B  30F5               	movlw	(high(07530h))^80h
   648  079C  027F               	subwf	btemp+1,w
   649  079D  1D03               	skipz
   650  079E  2FA1               	goto	u25
   651  079F  3030               	movlw	low(07530h)
   652  07A0  0270               	subwf	(led2@count),w
   653  07A1                     u25:
   654                           
   655  07A1  1C03               	skipc
   656  07A2  2FA4               	goto	u21
   657  07A3  2FA5               	goto	u20
   658  07A4                     u21:
   659  07A4  2F8D               	goto	l1430
   660  07A5                     u20:
   661  07A5  2FA6               	goto	l1034
   662                           	
   663  07A6                     l1033:	
   664                           	line	19
   665                           	
   666  07A6                     l1034:	
   667  07A6  0008               	return
   668                           	opt stack 0
   669                           GLOBAL	__end_of_led2
   670  07A7                     	__end_of_led2:
   671 ;; =============== function _led2 ends ============
   672                           
   673                           	signat	_led2,88
   674                           	global	_led1
   675                           psect	text100,local,class=CODE,delta=2
   676                           global __ptext100
   677  076D                     __ptext100:
   678                           
   679 ;; *************** function _led1 *****************
   680 ;; Defined at:
   681 ;;		line 3 in file "E:\KTU\Softwares\mplab\Lastoneon\lastoneon.c"
   682 ;; Parameters:    Size  Location     Type
   683 ;;		None
   684 ;; Auto vars:     Size  Location     Type
   685 ;;  count           2    0[COMMON] int 
   686 ;; Return value:  Size  Location     Type
   687 ;;		None               void
   688 ;; Registers used:
   689 ;;		wreg, status,2, btemp+1
   690 ;; Tracked objects:
   691 ;;		On entry : 0/0
   692 ;;		On exit  : 0/0
   693 ;;		Unchanged: 0/0
   694 ;; Data sizes:     COMMON   BANK0   BANK1   BANK3   BANK2
   695 ;;      Params:         0       0       0       0       0
   696 ;;      Locals:         2       0       0       0       0
   697 ;;      Temps:          0       0       0       0       0
   698 ;;      Totals:         2       0       0       0       0
   699 ;;Total ram usage:        2 bytes
   700 ;; Hardware stack levels used:    1
   701 ;; This function calls:
   702 ;;		Nothing
   703 ;; This function is called by:
   704 ;;		_main
   705 ;; This function uses a non-reentrant model
   706 ;;
   707                           psect	text100
   708                           	file	"E:\KTU\Softwares\mplab\Lastoneon\lastoneon.c"
   709                           	line	3
   710                           	global	__size_of_led1
   711  001D                     	__size_of_led1	equ	__end_of_led1-_led1
   712                           	
   713  076D                     _led1:	
   714                           	opt	stack 7
   715                           ; Regs used in _led1: [wreg+status,2+btemp+1]
   716                           	line	4
   717                           	
   718  076D                     l1422:	
   719                           ;lastoneon.c: 4: int count=0;
   720  076D  01F0               	clrf	(led1@count)
   721  076E  01F1               	clrf	(led1@count+1)
   722                           	line	5
   723                           ;lastoneon.c: 5: while(count<30000)
   724  076F  2F7B               	goto	l1426
   725                           	
   726  0770                     l1026:	
   727                           	line	7
   728                           	
   729  0770                     l1424:	
   730                           ;lastoneon.c: 6: {
   731                           ;lastoneon.c: 7: count++;
   732  0770  3001               	movlw	low(01h)
   733  0771  07F0               	addwf	(led1@count),f
   734  0772  1803               	skipnc
   735  0773  0AF1               	incf	(led1@count+1),f
   736  0774  3000               	movlw	high(01h)
   737  0775  07F1               	addwf	(led1@count+1),f
   738                           	line	8
   739                           ;lastoneon.c: 8: PORTA=0X01;
   740  0776  3001               	movlw	(01h)
   741  0777  1283               	bcf	status, 5	;RP0=0, select bank0
   742  0778  1303               	bcf	status, 6	;RP1=0, select bank0
   743  0779  0085               	movwf	(5)	;volatile
   744  077A  2F7B               	goto	l1426
   745                           	line	9
   746                           	
   747  077B                     l1025:	
   748                           	line	5
   749                           	
   750  077B                     l1426:	
   751  077B  0871               	movf	(led1@count+1),w
   752  077C  3A80               	xorlw	80h
   753  077D  00FF               	movwf	btemp+1
   754  077E  30F5               	movlw	(high(07530h))^80h
   755  077F  027F               	subwf	btemp+1,w
   756  0780  1D03               	skipz
   757  0781  2F84               	goto	u15
   758  0782  3030               	movlw	low(07530h)
   759  0783  0270               	subwf	(led1@count),w
   760  0784                     u15:
   761                           
   762  0784  1C03               	skipc
   763  0785  2F87               	goto	u11
   764  0786  2F88               	goto	u10
   765  0787                     u11:
   766  0787  2F70               	goto	l1424
   767  0788                     u10:
   768  0788  2F89               	goto	l1028
   769                           	
   770  0789                     l1027:	
   771                           	line	10
   772                           	
   773  0789                     l1028:	
   774  0789  0008               	return
   775                           	opt stack 0
   776                           GLOBAL	__end_of_led1
   777  078A                     	__end_of_led1:
   778 ;; =============== function _led1 ends ============
   779                           
   780                           	signat	_led1,88
   781                           psect	text101,local,class=CODE,delta=2
   782                           global __ptext101
   783  0000                     __ptext101:
   784                           	global	btemp
   785  007E                     	btemp set 07Eh
   786                           
   787                           	DABS	1,126,2	;btemp
   788                           	global	wtemp0
   789  007E                     	wtemp0 set btemp


HI-TECH Software PICC Macro Assembler V9.81 build 7503 
Symbol Table                                                                                   Wed Apr 07 12:39:37 2021

                  u10 0788                    u11 0787                    u20 07A5                    u21 07A4  
                  u30 07C2                    u15 0784                    u31 07C1                    u25 07A1  
                  u35 07BE                  l1031 0798                  l1032 078D                  l1040 07C3  
                l1025 077B                  l1033 07A6                  l1026 0770                  l1034 07A6  
                l1050 07F6                  l1027 0789                  l1043 0766                  l1051 07FC  
                l1028 0789                  l1044 076B                  l1052 07FD                  l1037 07B5  
                l1045 076C                  l1053 07FD                  l1038 07AA                  l1046 076C  
                l1039 07C3                  l1049 07D2                  l2210 07C4                  l2220 07D9  
                l2212 07C8                  l1422 076D                  l1430 078D                  l2230 07F1  
                l2222 07DE                  l2214 07CB                  l1424 0770                  l1432 0798  
                l1440 0763                  l2224 07E1                  l2232 07F6                  l2216 07CE  
                l1426 077B                  l1434 07A7                  l1442 0766                  l2226 07E9  
                l2218 07D1                  l1428 078A                  l1436 07AA                  l2228 07EE  
                l1438 07B5                  u2170 07D9                  u2171 07D8                  _led1 076D  
                _led2 078A                  _led3 07A7                  _led4 0763                  _main 07C4  
                btemp 007E                  start 0000                 ?_led1 0070                 ?_led2 0070  
               ?_led3 0070                 ?_led4 0070                 ?_main 0070                 _ANSEL 0188  
               _PORTA 0005                 _TRISA 0085                 status 0003                 wtemp0 007E  
        __end_of_led1 078A          __end_of_led2 07A7          __end_of_led3 07C4          __end_of_led4 076D  
        __end_of_main 0800                ??_led1 0070                ??_led2 0070                ??_led3 0070  
              ??_led4 0070                ??_main 0072                _ANSELH 0189        __pcstackCOMMON 0070  
          __pmaintext 07C4  end_of_initialization 075F   start_initialization 075F             __ptext100 076D  
           __ptext101 0000             led1@count 0070             led2@count 0070             led3@count 0070  
           led4@count 0070              __ptext96 0000              __ptext97 0763              __ptext98 07A7  
            __ptext99 078A         __size_of_led1 001D         __size_of_led2 001D         __size_of_led3 001D  
       __size_of_led4 000A         __size_of_main 003C              main@stop 0072  
