

HI-TECH Software PIC LITE Macro Assembler V9.81 build 7503 
                                                                                               Mon Jun 07 12:48:16 2021

HI-TECH Software Omniscient Code Generator (Lite mode) build 7503
     1  0000                     opt subtitle "HI-TECH Software Omniscient Code Generator (Lite mode) build 7503"
     2                           
     3                           opt pagewidth 120
     4                           
     5                           	opt lm
     6                           
     7                           	processor	16F887
     8                           clrc	macro
     9                           	bcf	3,0
    10  0000                     	endm
    11                           clrz	macro
    12                           	bcf	3,2
    13  0000                     	endm
    14                           setc	macro
    15                           	bsf	3,0
    16  0000                     	endm
    17                           setz	macro
    18                           	bsf	3,2
    19  0000                     	endm
    20                           skipc	macro
    21                           	btfss	3,0
    22  0000                     	endm
    23                           skipz	macro
    24                           	btfss	3,2
    25  0000                     	endm
    26                           skipnc	macro
    27                           	btfsc	3,0
    28  0000                     	endm
    29                           skipnz	macro
    30                           	btfsc	3,2
    31  0000                     	endm
    32  0000                     indf	equ	0
    33  0000                     indf0	equ	0
    34  0002                     pc	equ	2
    35  0002                     pcl	equ	2
    36  0003                     status	equ	3
    37  0004                     fsr	equ	4
    38  0004                     fsr0	equ	4
    39  0001                     c	equ	1
    40  0000                     z	equ	0
    41  000A                     pclath	equ	10
    42                           	FNCALL	_main,_on
    43                           	FNCALL	_main,_type
    44                           	FNCALL	_main,_adc
    45                           	FNCALL	_main,_address
    46                           	FNCALL	_main,___awmod
    47                           	FNCALL	_main,_display
    48                           	FNCALL	_main,___awdiv
    49                           	FNCALL	_display,_pulse
    50                           	FNCALL	_address,_pulse
    51                           	FNCALL	_type,_pulse
    52                           	FNCALL	_on,_pulse
    53                           	FNCALL	_pulse,_delay
    54                           	FNROOT	_main
    55                           	global	_x
    56                           	global	_ADCON0
    57                           psect	text238,local,class=CODE,delta=2
    58                           global __ptext238
    59  0000                     __ptext238:
    60  001F                     _ADCON0	set	31
    61                           	global	_ADRESH
    62  001E                     _ADRESH	set	30
    63                           	global	_PORTA
    64  0005                     _PORTA	set	5
    65                           	global	_PORTC
    66  0007                     _PORTC	set	7
    67                           	global	_PORTD
    68  0008                     _PORTD	set	8
    69                           	global	_GO
    70  00F9                     _GO	set	249
    71                           	global	_RA1
    72  0029                     _RA1	set	41
    73                           	global	_RD0
    74  0040                     _RD0	set	64
    75                           	global	_RD1
    76  0041                     _RD1	set	65
    77                           	global	_RD2
    78  0042                     _RD2	set	66
    79                           	global	_ADCON1
    80  009F                     _ADCON1	set	159
    81                           	global	_ADRESL
    82  009E                     _ADRESL	set	158
    83                           	global	_TRISA
    84  0085                     _TRISA	set	133
    85                           	global	_TRISC
    86  0087                     _TRISC	set	135
    87                           	global	_TRISD
    88  0088                     _TRISD	set	136
    89                           	global	_ANSEL
    90  0188                     _ANSEL	set	392
    91                           	global	_ANSELH
    92  0189                     _ANSELH	set	393
    93                           	file	"adc.as"
    94                           	line	#
    95                           psect cinit,class=CODE,delta=2
    96                           global start_initialization
    97  0616                     start_initialization:
    98                           
    99                           psect	bssBANK0,class=BANK0,space=1
   100                           global __pbssBANK0
   101  0020                     __pbssBANK0:
   102  0020                     _x:
   103  0020                            ds      2
   104                           
   105                           ; Clear objects allocated to BANK0
   106                           psect cinit,class=CODE,delta=2
   107  0616  01A0               	clrf	((__pbssBANK0)+0)&07Fh
   108  0617  01A1               	clrf	((__pbssBANK0)+1)&07Fh
   109                           psect cinit,class=CODE,delta=2
   110                           global end_of_initialization
   111                           
   112                           ;End of C runtime variable initialization code
   113                           
   114  0618                     end_of_initialization:
   115  0618  0183               clrf status
   116  0619  120A  118A  2F74   ljmp _main	;jump to C main() function
   117                           psect	cstackCOMMON,class=COMMON,space=1
   118                           global __pcstackCOMMON
   119  0070                     __pcstackCOMMON:
   120                           	global	?_adc
   121  0070                     ?_adc:	; 0 bytes @ 0x0
   122                           	global	??_adc
   123  0070                     ??_adc:	; 0 bytes @ 0x0
   124                           	global	?_delay
   125  0070                     ?_delay:	; 0 bytes @ 0x0
   126                           	global	?_pulse
   127  0070                     ?_pulse:	; 0 bytes @ 0x0
   128                           	global	?_on
   129  0070                     ?_on:	; 0 bytes @ 0x0
   130                           	global	?_type
   131  0070                     ?_type:	; 0 bytes @ 0x0
   132                           	global	?_address
   133  0070                     ?_address:	; 0 bytes @ 0x0
   134                           	global	?_display
   135  0070                     ?_display:	; 0 bytes @ 0x0
   136                           	global	?_main
   137  0070                     ?_main:	; 0 bytes @ 0x0
   138                           	global	?___awdiv
   139  0070                     ?___awdiv:	; 2 bytes @ 0x0
   140                           	global	?___awmod
   141  0070                     ?___awmod:	; 2 bytes @ 0x0
   142                           	global	delay@del
   143  0070                     delay@del:	; 2 bytes @ 0x0
   144                           	global	___awdiv@divisor
   145  0070                     ___awdiv@divisor:	; 2 bytes @ 0x0
   146                           	global	___awmod@divisor
   147  0070                     ___awmod@divisor:	; 2 bytes @ 0x0
   148  0070                     	ds	2
   149                           	global	??_delay
   150  0072                     ??_delay:	; 0 bytes @ 0x2
   151                           	global	??_pulse
   152  0072                     ??_pulse:	; 0 bytes @ 0x2
   153                           	global	??_on
   154  0072                     ??_on:	; 0 bytes @ 0x2
   155                           	global	??_type
   156  0072                     ??_type:	; 0 bytes @ 0x2
   157                           	global	??_address
   158  0072                     ??_address:	; 0 bytes @ 0x2
   159                           	global	??_display
   160  0072                     ??_display:	; 0 bytes @ 0x2
   161                           	global	address@data
   162  0072                     address@data:	; 1 bytes @ 0x2
   163                           	global	display@data
   164  0072                     display@data:	; 1 bytes @ 0x2
   165                           	global	___awdiv@dividend
   166  0072                     ___awdiv@dividend:	; 2 bytes @ 0x2
   167                           	global	___awmod@dividend
   168  0072                     ___awmod@dividend:	; 2 bytes @ 0x2
   169  0072                     	ds	2
   170                           	global	??___awdiv
   171  0074                     ??___awdiv:	; 0 bytes @ 0x4
   172                           	global	??___awmod
   173  0074                     ??___awmod:	; 0 bytes @ 0x4
   174  0074                     	ds	1
   175                           	global	___awdiv@counter
   176  0075                     ___awdiv@counter:	; 1 bytes @ 0x5
   177                           	global	___awmod@counter
   178  0075                     ___awmod@counter:	; 1 bytes @ 0x5
   179  0075                     	ds	1
   180                           	global	___awdiv@sign
   181  0076                     ___awdiv@sign:	; 1 bytes @ 0x6
   182                           	global	___awmod@sign
   183  0076                     ___awmod@sign:	; 1 bytes @ 0x6
   184  0076                     	ds	1
   185                           	global	___awdiv@quotient
   186  0077                     ___awdiv@quotient:	; 2 bytes @ 0x7
   187  0077                     	ds	2
   188                           	global	??_main
   189  0079                     ??_main:	; 0 bytes @ 0x9
   190                           	global	main@t
   191  0079                     main@t:	; 2 bytes @ 0x9
   192  0079                     	ds	2
   193                           	global	main@i
   194  007B                     main@i:	; 2 bytes @ 0xB
   195  007B                     	ds	2
   196 ;;Data sizes: Strings 0, constant 0, data 0, bss 2, persistent 0 stack 0
   197 ;;Auto spaces:   Size  Autos    Used
   198 ;; COMMON          14     13      13
   199 ;; BANK0           80      0       2
   200 ;; BANK1           80      0       0
   201 ;; BANK3           96      0       0
   202 ;; BANK2           96      0       0
   203                           
   204 ;;
   205 ;; Pointer list with targets:
   206                           
   207 ;; ?___awdiv	int  size(1) Largest target is 0
   208 ;;
   209 ;; ?___awmod	int  size(1) Largest target is 0
   210 ;;
   211                           
   212                           
   213 ;;
   214 ;; Critical Paths under _main in COMMON
   215 ;;
   216 ;;   _main->___awdiv
   217 ;;   _pulse->_delay
   218 ;;
   219 ;; Critical Paths under _main in BANK0
   220 ;;
   221 ;;   None.
   222 ;;
   223 ;; Critical Paths under _main in BANK1
   224 ;;
   225 ;;   None.
   226 ;;
   227 ;; Critical Paths under _main in BANK3
   228 ;;
   229 ;;   None.
   230 ;;
   231 ;; Critical Paths under _main in BANK2
   232 ;;
   233 ;;   None.
   234                           
   235 ;;
   236 ;;Main: autosize = 0, tempsize = 0, incstack = 0, save=0
   237 ;;
   238                           
   239 ;;
   240 ;;Call Graph Tables:
   241 ;;
   242 ;; ---------------------------------------------------------------------------------
   243 ;; (Depth) Function   	        Calls       Base Space   Used Autos Params    Refs
   244 ;; ---------------------------------------------------------------------------------
   245 ;; (0) _main                                                 4     4      0     842
   246 ;;                                              9 COMMON     4     4      0
   247 ;;                                 _on
   248 ;;                               _type
   249 ;;                                _adc
   250 ;;                            _address
   251 ;;                            ___awmod
   252 ;;                            _display
   253 ;;                            ___awdiv
   254 ;; ---------------------------------------------------------------------------------
   255 ;; (1) _display                                              1     1      0      44
   256 ;;                                              2 COMMON     1     1      0
   257 ;;                              _pulse
   258 ;; ---------------------------------------------------------------------------------
   259 ;; (1) _address                                              1     1      0      44
   260 ;;                                              2 COMMON     1     1      0
   261 ;;                              _pulse
   262 ;; ---------------------------------------------------------------------------------
   263 ;; (1) _type                                                 0     0      0      22
   264 ;;                              _pulse
   265 ;; ---------------------------------------------------------------------------------
   266 ;; (1) _on                                                   0     0      0      22
   267 ;;                              _pulse
   268 ;; ---------------------------------------------------------------------------------
   269 ;; (2) _pulse                                                0     0      0      22
   270 ;;                              _delay
   271 ;; ---------------------------------------------------------------------------------
   272 ;; (1) ___awmod                                              7     3      4     296
   273 ;;                                              0 COMMON     7     3      4
   274 ;; ---------------------------------------------------------------------------------
   275 ;; (1) ___awdiv                                              9     5      4     300
   276 ;;                                              0 COMMON     9     5      4
   277 ;; ---------------------------------------------------------------------------------
   278 ;; (3) _delay                                                2     0      2      22
   279 ;;                                              0 COMMON     2     0      2
   280 ;; ---------------------------------------------------------------------------------
   281 ;; (1) _adc                                                  2     2      0       0
   282 ;;                                              0 COMMON     2     2      0
   283 ;; ---------------------------------------------------------------------------------
   284 ;; Estimated maximum stack depth 3
   285 ;; ---------------------------------------------------------------------------------
   286                           
   287 ;; Call Graph Graphs:
   288                           
   289 ;; _main (ROOT)
   290 ;;   _on
   291 ;;     _pulse
   292 ;;       _delay
   293 ;;   _type
   294 ;;     _pulse
   295 ;;       _delay
   296 ;;   _adc
   297 ;;   _address
   298 ;;     _pulse
   299 ;;       _delay
   300 ;;   ___awmod
   301 ;;   _display
   302 ;;     _pulse
   303 ;;       _delay
   304 ;;   ___awdiv
   305 ;;
   306                           
   307 ;; Address spaces:
   308                           
   309 ;;Name               Size   Autos  Total    Cost      Usage
   310 ;;BITCOMMON            E      0       0       0        0.0%
   311 ;;EEDATA             100      0       0       0        0.0%
   312 ;;NULL                 0      0       0       0        0.0%
   313 ;;CODE                 0      0       0       0        0.0%
   314 ;;COMMON               E      D       D       1       92.9%
   315 ;;BITSFR0              0      0       0       1        0.0%
   316 ;;SFR0                 0      0       0       1        0.0%
   317 ;;BITSFR1              0      0       0       2        0.0%
   318 ;;SFR1                 0      0       0       2        0.0%
   319 ;;STACK                0      0       3       2        0.0%
   320 ;;ABS                  0      0       F       3        0.0%
   321 ;;BITBANK0            50      0       0       4        0.0%
   322 ;;BITSFR3              0      0       0       4        0.0%
   323 ;;SFR3                 0      0       0       4        0.0%
   324 ;;BANK0               50      0       2       5        2.5%
   325 ;;BITSFR2              0      0       0       5        0.0%
   326 ;;SFR2                 0      0       0       5        0.0%
   327 ;;BITBANK1            50      0       0       6        0.0%
   328 ;;BANK1               50      0       0       7        0.0%
   329 ;;BITBANK3            60      0       0       8        0.0%
   330 ;;BANK3               60      0       0       9        0.0%
   331 ;;BITBANK2            60      0       0      10        0.0%
   332 ;;BANK2               60      0       0      11        0.0%
   333 ;;DATA                 0      0      12      12        0.0%
   334                           
   335                           	global	_main
   336                           psect	maintext,global,class=CODE,delta=2
   337                           global __pmaintext
   338  0774                     __pmaintext:
   339                           
   340 ;; *************** function _main *****************
   341 ;; Defined at:
   342 ;;		line 53 in file "E:\KTU\Softwares\MP lab\Adc\adc.c"
   343 ;; Parameters:    Size  Location     Type
   344 ;;		None
   345 ;; Auto vars:     Size  Location     Type
   346 ;;  i               2   11[COMMON] int 
   347 ;;  t               2    9[COMMON] int 
   348 ;; Return value:  Size  Location     Type
   349 ;;		None               void
   350 ;; Registers used:
   351 ;;		wreg, status,2, status,0, btemp+1, pclath, cstack
   352 ;; Tracked objects:
   353 ;;		On entry : 17F/0
   354 ;;		On exit  : 0/0
   355 ;;		Unchanged: 0/0
   356 ;; Data sizes:     COMMON   BANK0   BANK1   BANK3   BANK2
   357 ;;      Params:         0       0       0       0       0
   358 ;;      Locals:         4       0       0       0       0
   359 ;;      Temps:          0       0       0       0       0
   360 ;;      Totals:         4       0       0       0       0
   361 ;;Total ram usage:        4 bytes
   362 ;; Hardware stack levels required when called:    3
   363 ;; This function calls:
   364 ;;		_on
   365 ;;		_type
   366 ;;		_adc
   367 ;;		_address
   368 ;;		___awmod
   369 ;;		_display
   370 ;;		___awdiv
   371 ;; This function is called by:
   372 ;;		Startup code after reset
   373 ;; This function uses a non-reentrant model
   374 ;;
   375                           psect	maintext
   376                           	file	"E:\KTU\Softwares\MP lab\Adc\adc.c"
   377                           	line	53
   378                           	global	__size_of_main
   379  008C                     	__size_of_main	equ	__end_of_main-_main
   380                           	
   381  0774                     _main:	
   382                           	opt	stack 5
   383                           ; Regs used in _main: [wreg+status,2+status,0+btemp+1+pclath+cstack]
   384                           	line	54
   385                           	
   386  0774                     l2416:	
   387                           ;adc.c: 54: PORTA=0X00;
   388  0774  1283               	bcf	status, 5	;RP0=0, select bank0
   389  0775  1303               	bcf	status, 6	;RP1=0, select bank0
   390  0776  0185               	clrf	(5)	;volatile
   391                           	line	55
   392                           	
   393  0777                     l2418:	
   394                           ;adc.c: 55: TRISA=0X01;
   395  0777  3001               	movlw	(01h)
   396  0778  1683               	bsf	status, 5	;RP0=1, select bank1
   397  0779  1303               	bcf	status, 6	;RP1=0, select bank1
   398  077A  0085               	movwf	(133)^080h	;volatile
   399                           	line	56
   400                           	
   401  077B                     l2420:	
   402                           ;adc.c: 56: PORTC=0X00;
   403  077B  1283               	bcf	status, 5	;RP0=0, select bank0
   404  077C  1303               	bcf	status, 6	;RP1=0, select bank0
   405  077D  0187               	clrf	(7)	;volatile
   406                           	line	57
   407                           	
   408  077E                     l2422:	
   409                           ;adc.c: 57: TRISC=0X00;
   410  077E  1683               	bsf	status, 5	;RP0=1, select bank1
   411  077F  1303               	bcf	status, 6	;RP1=0, select bank1
   412  0780  0187               	clrf	(135)^080h	;volatile
   413                           	line	58
   414                           	
   415  0781                     l2424:	
   416                           ;adc.c: 58: PORTD=0X00;
   417  0781  1283               	bcf	status, 5	;RP0=0, select bank0
   418  0782  1303               	bcf	status, 6	;RP1=0, select bank0
   419  0783  0188               	clrf	(8)	;volatile
   420                           	line	59
   421                           	
   422  0784                     l2426:	
   423                           ;adc.c: 59: TRISD=0X00;
   424  0784  1683               	bsf	status, 5	;RP0=1, select bank1
   425  0785  1303               	bcf	status, 6	;RP1=0, select bank1
   426  0786  0188               	clrf	(136)^080h	;volatile
   427                           	line	60
   428                           	
   429  0787                     l2428:	
   430                           ;adc.c: 60: ANSEL=0X01;
   431  0787  3001               	movlw	(01h)
   432  0788  1683               	bsf	status, 5	;RP0=1, select bank3
   433  0789  1703               	bsf	status, 6	;RP1=1, select bank3
   434  078A  0088               	movwf	(392)^0180h	;volatile
   435                           	line	61
   436                           ;adc.c: 61: ANSELH=0X00;
   437  078B  0189               	clrf	(393)^0180h	;volatile
   438                           	line	62
   439                           	
   440  078C                     l2430:	
   441                           ;adc.c: 62: on();
   442  078C  120A  118A  261C   	fcall	_on
              120A  118A         
   443                           	line	63
   444                           	
   445  0791                     l2432:	
   446                           ;adc.c: 63: type();
   447  0791  120A  118A  2628   	fcall	_type
              120A  118A         
   448  0796  2F97               	goto	l2434
   449                           	line	64
   450                           ;adc.c: 64: while(1)
   451                           	
   452  0797                     l1054:	
   453                           	line	66
   454                           	
   455  0797                     l2434:	
   456                           ;adc.c: 65: {
   457                           ;adc.c: 66: adc();
   458  0797  120A  118A  267B   	fcall	_adc
              120A  118A         
   459                           	line	67
   460                           	
   461  079C                     l2436:	
   462                           ;adc.c: 67: int t=x;
   463  079C  1283               	bcf	status, 5	;RP0=0, select bank0
   464  079D  1303               	bcf	status, 6	;RP1=0, select bank0
   465  079E  0821               	movf	(_x+1),w
   466  079F  01FA               	clrf	(main@t+1)
   467  07A0  07FA               	addwf	(main@t+1)
   468  07A1  0820               	movf	(_x),w
   469  07A2  01F9               	clrf	(main@t)
   470  07A3  07F9               	addwf	(main@t)
   471                           
   472                           	line	68
   473                           	
   474  07A4                     l2438:	
   475                           ;adc.c: 68: for(int i=3;i>=0;i--)
   476  07A4  3003               	movlw	low(03h)
   477  07A5  00FB               	movwf	(main@i)
   478  07A6  3000               	movlw	high(03h)
   479  07A7  00FC               	movwf	((main@i))+1
   480                           	
   481  07A8                     l2440:	
   482  07A8  1FFC               	btfss	(main@i+1),7
   483  07A9  2FAB               	goto	u2401
   484  07AA  2FAC               	goto	u2400
   485  07AB                     u2401:
   486  07AB  2FAE               	goto	l2444
   487  07AC                     u2400:
   488  07AC  2FEB               	goto	l2450
   489                           	
   490  07AD                     l2442:	
   491  07AD  2FEB               	goto	l2450
   492                           	line	69
   493                           	
   494  07AE                     l1055:	
   495                           	line	70
   496                           	
   497  07AE                     l2444:	
   498                           ;adc.c: 69: {
   499                           ;adc.c: 70: address(0X80+i);
   500  07AE  087B               	movf	(main@i),w
   501  07AF  3E80               	addlw	080h
   502  07B0  120A  118A  2634   	fcall	_address
              120A  118A         
   503                           	line	71
   504                           ;adc.c: 71: display(0X30+(t%10));
   505  07B5  300A               	movlw	low(0Ah)
   506  07B6  00F0               	movwf	(?___awmod)
   507  07B7  3000               	movlw	high(0Ah)
   508  07B8  00F1               	movwf	((?___awmod))+1
   509  07B9  087A               	movf	(main@t+1),w
   510  07BA  01F3               	clrf	1+(?___awmod)+02h
   511  07BB  07F3               	addwf	1+(?___awmod)+02h
   512  07BC  0879               	movf	(main@t),w
   513  07BD  01F2               	clrf	0+(?___awmod)+02h
   514  07BE  07F2               	addwf	0+(?___awmod)+02h
   515                           
   516  07BF  120A  118A  269A   	fcall	___awmod
              120A  118A         
   517  07C4  0870               	movf	(0+(?___awmod)),w
   518  07C5  3E30               	addlw	030h
   519  07C6  120A  118A  2641   	fcall	_display
              120A  118A         
   520                           	line	72
   521                           ;adc.c: 72: t=t/10;
   522  07CB  300A               	movlw	low(0Ah)
   523  07CC  00F0               	movwf	(?___awdiv)
   524  07CD  3000               	movlw	high(0Ah)
   525  07CE  00F1               	movwf	((?___awdiv))+1
   526  07CF  087A               	movf	(main@t+1),w
   527  07D0  01F3               	clrf	1+(?___awdiv)+02h
   528  07D1  07F3               	addwf	1+(?___awdiv)+02h
   529  07D2  0879               	movf	(main@t),w
   530  07D3  01F2               	clrf	0+(?___awdiv)+02h
   531  07D4  07F2               	addwf	0+(?___awdiv)+02h
   532                           
   533  07D5  120A  118A  2700   	fcall	___awdiv
              120A  118A         
   534  07DA  0871               	movf	(1+(?___awdiv)),w
   535  07DB  01FA               	clrf	(main@t+1)
   536  07DC  07FA               	addwf	(main@t+1)
   537  07DD  0870               	movf	(0+(?___awdiv)),w
   538  07DE  01F9               	clrf	(main@t)
   539  07DF  07F9               	addwf	(main@t)
   540                           
   541                           	line	68
   542                           	
   543  07E0                     l2446:	
   544  07E0  30FF               	movlw	low(-1)
   545  07E1  07FB               	addwf	(main@i),f
   546  07E2  1803               	skipnc
   547  07E3  0AFC               	incf	(main@i+1),f
   548  07E4  30FF               	movlw	high(-1)
   549  07E5  07FC               	addwf	(main@i+1),f
   550                           	
   551  07E6                     l2448:	
   552  07E6  1FFC               	btfss	(main@i+1),7
   553  07E7  2FE9               	goto	u2411
   554  07E8  2FEA               	goto	u2410
   555  07E9                     u2411:
   556  07E9  2FAE               	goto	l2444
   557  07EA                     u2410:
   558  07EA  2FEB               	goto	l2450
   559                           	
   560  07EB                     l1056:	
   561                           	line	74
   562                           	
   563  07EB                     l2450:	
   564                           ;adc.c: 73: }
   565                           ;adc.c: 74: if(x==1023)
   566  07EB  3003               	movlw	high(03FFh)
   567  07EC  1283               	bcf	status, 5	;RP0=0, select bank0
   568  07ED  1303               	bcf	status, 6	;RP1=0, select bank0
   569  07EE  0621               	xorwf	(_x+1),w
   570  07EF  1D03               	skipz
   571  07F0  2FF3               	goto	u2425
   572  07F1  30FF               	movlw	low(03FFh)
   573  07F2  0620               	xorwf	(_x),w
   574  07F3                     u2425:
   575                           
   576  07F3  1D03               	skipz
   577  07F4  2FF6               	goto	u2421
   578  07F5  2FF7               	goto	u2420
   579  07F6                     u2421:
   580  07F6  2FF9               	goto	l1057
   581  07F7                     u2420:
   582                           	line	76
   583                           	
   584  07F7                     l2452:	
   585                           ;adc.c: 75: {
   586                           ;adc.c: 76: RA1=1;
   587  07F7  1485               	bsf	(41/8),(41)&7
   588                           	line	77
   589                           ;adc.c: 77: }
   590  07F8  2F97               	goto	l2434
   591                           	line	78
   592                           	
   593  07F9                     l1057:	
   594                           	line	80
   595                           ;adc.c: 78: else
   596                           ;adc.c: 79: {
   597                           ;adc.c: 80: RA1=0;
   598  07F9  1085               	bcf	(41/8),(41)&7
   599  07FA  2F97               	goto	l2434
   600                           	line	81
   601                           	
   602  07FB                     l1058:	
   603  07FB  2F97               	goto	l2434
   604                           	line	82
   605                           	
   606  07FC                     l1059:	
   607                           	line	64
   608  07FC  2F97               	goto	l2434
   609                           	
   610  07FD                     l1060:	
   611                           	line	83
   612                           	
   613  07FD                     l1061:	
   614                           	global	start
   615  07FD  120A  118A  2800   	ljmp	start
   616                           	opt stack 0
   617                           GLOBAL	__end_of_main
   618  0800                     	__end_of_main:
   619 ;; =============== function _main ends ============
   620                           
   621                           	signat	_main,88
   622                           	global	_display
   623                           psect	text239,local,class=CODE,delta=2
   624                           global __ptext239
   625  0641                     __ptext239:
   626                           
   627 ;; *************** function _display *****************
   628 ;; Defined at:
   629 ;;		line 46 in file "E:\KTU\Softwares\MP lab\Adc\adc.c"
   630 ;; Parameters:    Size  Location     Type
   631 ;;  data            1    wreg     unsigned char 
   632 ;; Auto vars:     Size  Location     Type
   633 ;;  data            1    2[COMMON] unsigned char 
   634 ;; Return value:  Size  Location     Type
   635 ;;		None               void
   636 ;; Registers used:
   637 ;;		wreg, status,2, status,0, pclath, cstack
   638 ;; Tracked objects:
   639 ;;		On entry : 0/0
   640 ;;		On exit  : 0/0
   641 ;;		Unchanged: 0/0
   642 ;; Data sizes:     COMMON   BANK0   BANK1   BANK3   BANK2
   643 ;;      Params:         0       0       0       0       0
   644 ;;      Locals:         1       0       0       0       0
   645 ;;      Temps:          0       0       0       0       0
   646 ;;      Totals:         1       0       0       0       0
   647 ;;Total ram usage:        1 bytes
   648 ;; Hardware stack levels used:    1
   649 ;; Hardware stack levels required when called:    2
   650 ;; This function calls:
   651 ;;		_pulse
   652 ;; This function is called by:
   653 ;;		_main
   654 ;; This function uses a non-reentrant model
   655 ;;
   656                           psect	text239
   657                           	file	"E:\KTU\Softwares\MP lab\Adc\adc.c"
   658                           	line	46
   659                           	global	__size_of_display
   660  000D                     	__size_of_display	equ	__end_of_display-_display
   661                           	
   662  0641                     _display:	
   663                           	opt	stack 5
   664                           ; Regs used in _display: [wreg+status,2+status,0+pclath+cstack]
   665                           ;display@data stored from wreg
   666  0641  00F2               	movwf	(display@data)
   667                           	line	47
   668                           	
   669  0642                     l2410:	
   670                           ;adc.c: 47: RD0=1;
   671  0642  1283               	bcf	status, 5	;RP0=0, select bank0
   672  0643  1303               	bcf	status, 6	;RP1=0, select bank0
   673  0644  1408               	bsf	(64/8),(64)&7
   674                           	line	48
   675                           ;adc.c: 48: RD1=0;
   676  0645  1088               	bcf	(65/8),(65)&7
   677                           	line	49
   678                           	
   679  0646                     l2412:	
   680                           ;adc.c: 49: PORTC=data;
   681  0646  0872               	movf	(display@data),w
   682  0647  0087               	movwf	(7)	;volatile
   683                           	line	50
   684                           	
   685  0648                     l2414:	
   686                           ;adc.c: 50: pulse();
   687  0648  120A  118A  2662   	fcall	_pulse
              120A  118A         
   688                           	line	51
   689                           	
   690  064D                     l1051:	
   691  064D  0008               	return
   692                           	opt stack 0
   693                           GLOBAL	__end_of_display
   694  064E                     	__end_of_display:
   695 ;; =============== function _display ends ============
   696                           
   697                           	signat	_display,4216
   698                           	global	_address
   699                           psect	text240,local,class=CODE,delta=2
   700                           global __ptext240
   701  0634                     __ptext240:
   702                           
   703 ;; *************** function _address *****************
   704 ;; Defined at:
   705 ;;		line 39 in file "E:\KTU\Softwares\MP lab\Adc\adc.c"
   706 ;; Parameters:    Size  Location     Type
   707 ;;  data            1    wreg     unsigned char 
   708 ;; Auto vars:     Size  Location     Type
   709 ;;  data            1    2[COMMON] unsigned char 
   710 ;; Return value:  Size  Location     Type
   711 ;;		None               void
   712 ;; Registers used:
   713 ;;		wreg, status,2, status,0, pclath, cstack
   714 ;; Tracked objects:
   715 ;;		On entry : 0/0
   716 ;;		On exit  : 0/0
   717 ;;		Unchanged: 0/0
   718 ;; Data sizes:     COMMON   BANK0   BANK1   BANK3   BANK2
   719 ;;      Params:         0       0       0       0       0
   720 ;;      Locals:         1       0       0       0       0
   721 ;;      Temps:          0       0       0       0       0
   722 ;;      Totals:         1       0       0       0       0
   723 ;;Total ram usage:        1 bytes
   724 ;; Hardware stack levels used:    1
   725 ;; Hardware stack levels required when called:    2
   726 ;; This function calls:
   727 ;;		_pulse
   728 ;; This function is called by:
   729 ;;		_main
   730 ;; This function uses a non-reentrant model
   731 ;;
   732                           psect	text240
   733                           	file	"E:\KTU\Softwares\MP lab\Adc\adc.c"
   734                           	line	39
   735                           	global	__size_of_address
   736  000D                     	__size_of_address	equ	__end_of_address-_address
   737                           	
   738  0634                     _address:	
   739                           	opt	stack 5
   740                           ; Regs used in _address: [wreg+status,2+status,0+pclath+cstack]
   741                           ;address@data stored from wreg
   742  0634  00F2               	movwf	(address@data)
   743                           	line	40
   744                           	
   745  0635                     l2404:	
   746                           ;adc.c: 40: RD0=0;
   747  0635  1283               	bcf	status, 5	;RP0=0, select bank0
   748  0636  1303               	bcf	status, 6	;RP1=0, select bank0
   749  0637  1008               	bcf	(64/8),(64)&7
   750                           	line	41
   751                           ;adc.c: 41: RD1=0;
   752  0638  1088               	bcf	(65/8),(65)&7
   753                           	line	42
   754                           	
   755  0639                     l2406:	
   756                           ;adc.c: 42: PORTC= data;
   757  0639  0872               	movf	(address@data),w
   758  063A  0087               	movwf	(7)	;volatile
   759                           	line	43
   760                           	
   761  063B                     l2408:	
   762                           ;adc.c: 43: pulse();
   763  063B  120A  118A  2662   	fcall	_pulse
              120A  118A         
   764                           	line	44
   765                           	
   766  0640                     l1048:	
   767  0640  0008               	return
   768                           	opt stack 0
   769                           GLOBAL	__end_of_address
   770  0641                     	__end_of_address:
   771 ;; =============== function _address ends ============
   772                           
   773                           	signat	_address,4216
   774                           	global	_type
   775                           psect	text241,local,class=CODE,delta=2
   776                           global __ptext241
   777  0628                     __ptext241:
   778                           
   779 ;; *************** function _type *****************
   780 ;; Defined at:
   781 ;;		line 32 in file "E:\KTU\Softwares\MP lab\Adc\adc.c"
   782 ;; Parameters:    Size  Location     Type
   783 ;;		None
   784 ;; Auto vars:     Size  Location     Type
   785 ;;		None
   786 ;; Return value:  Size  Location     Type
   787 ;;		None               void
   788 ;; Registers used:
   789 ;;		wreg, status,2, status,0, pclath, cstack
   790 ;; Tracked objects:
   791 ;;		On entry : 0/0
   792 ;;		On exit  : 0/0
   793 ;;		Unchanged: 0/0
   794 ;; Data sizes:     COMMON   BANK0   BANK1   BANK3   BANK2
   795 ;;      Params:         0       0       0       0       0
   796 ;;      Locals:         0       0       0       0       0
   797 ;;      Temps:          0       0       0       0       0
   798 ;;      Totals:         0       0       0       0       0
   799 ;;Total ram usage:        0 bytes
   800 ;; Hardware stack levels used:    1
   801 ;; Hardware stack levels required when called:    2
   802 ;; This function calls:
   803 ;;		_pulse
   804 ;; This function is called by:
   805 ;;		_main
   806 ;; This function uses a non-reentrant model
   807 ;;
   808                           psect	text241
   809                           	file	"E:\KTU\Softwares\MP lab\Adc\adc.c"
   810                           	line	32
   811                           	global	__size_of_type
   812  000C                     	__size_of_type	equ	__end_of_type-_type
   813                           	
   814  0628                     _type:	
   815                           	opt	stack 5
   816                           ; Regs used in _type: [wreg+status,2+status,0+pclath+cstack]
   817                           	line	33
   818                           	
   819  0628                     l2398:	
   820                           ;adc.c: 33: RD0=0;
   821  0628  1283               	bcf	status, 5	;RP0=0, select bank0
   822  0629  1303               	bcf	status, 6	;RP1=0, select bank0
   823  062A  1008               	bcf	(64/8),(64)&7
   824                           	line	34
   825                           ;adc.c: 34: RD1=0;
   826  062B  1088               	bcf	(65/8),(65)&7
   827                           	line	35
   828                           	
   829  062C                     l2400:	
   830                           ;adc.c: 35: PORTC=0X38;
   831  062C  3038               	movlw	(038h)
   832  062D  0087               	movwf	(7)	;volatile
   833                           	line	36
   834                           	
   835  062E                     l2402:	
   836                           ;adc.c: 36: pulse();
   837  062E  120A  118A  2662   	fcall	_pulse
              120A  118A         
   838                           	line	37
   839                           	
   840  0633                     l1045:	
   841  0633  0008               	return
   842                           	opt stack 0
   843                           GLOBAL	__end_of_type
   844  0634                     	__end_of_type:
   845 ;; =============== function _type ends ============
   846                           
   847                           	signat	_type,88
   848                           	global	_on
   849                           psect	text242,local,class=CODE,delta=2
   850                           global __ptext242
   851  061C                     __ptext242:
   852                           
   853 ;; *************** function _on *****************
   854 ;; Defined at:
   855 ;;		line 25 in file "E:\KTU\Softwares\MP lab\Adc\adc.c"
   856 ;; Parameters:    Size  Location     Type
   857 ;;		None
   858 ;; Auto vars:     Size  Location     Type
   859 ;;		None
   860 ;; Return value:  Size  Location     Type
   861 ;;		None               void
   862 ;; Registers used:
   863 ;;		wreg, status,2, status,0, pclath, cstack
   864 ;; Tracked objects:
   865 ;;		On entry : 0/0
   866 ;;		On exit  : 0/0
   867 ;;		Unchanged: 0/0
   868 ;; Data sizes:     COMMON   BANK0   BANK1   BANK3   BANK2
   869 ;;      Params:         0       0       0       0       0
   870 ;;      Locals:         0       0       0       0       0
   871 ;;      Temps:          0       0       0       0       0
   872 ;;      Totals:         0       0       0       0       0
   873 ;;Total ram usage:        0 bytes
   874 ;; Hardware stack levels used:    1
   875 ;; Hardware stack levels required when called:    2
   876 ;; This function calls:
   877 ;;		_pulse
   878 ;; This function is called by:
   879 ;;		_main
   880 ;; This function uses a non-reentrant model
   881 ;;
   882                           psect	text242
   883                           	file	"E:\KTU\Softwares\MP lab\Adc\adc.c"
   884                           	line	25
   885                           	global	__size_of_on
   886  000C                     	__size_of_on	equ	__end_of_on-_on
   887                           	
   888  061C                     _on:	
   889                           	opt	stack 5
   890                           ; Regs used in _on: [wreg+status,2+status,0+pclath+cstack]
   891                           	line	26
   892                           	
   893  061C                     l2392:	
   894                           ;adc.c: 26: RD0=0;
   895  061C  1283               	bcf	status, 5	;RP0=0, select bank0
   896  061D  1303               	bcf	status, 6	;RP1=0, select bank0
   897  061E  1008               	bcf	(64/8),(64)&7
   898                           	line	27
   899                           ;adc.c: 27: RD1=0;
   900  061F  1088               	bcf	(65/8),(65)&7
   901                           	line	28
   902                           	
   903  0620                     l2394:	
   904                           ;adc.c: 28: PORTC=0X0E;
   905  0620  300E               	movlw	(0Eh)
   906  0621  0087               	movwf	(7)	;volatile
   907                           	line	29
   908                           	
   909  0622                     l2396:	
   910                           ;adc.c: 29: pulse();
   911  0622  120A  118A  2662   	fcall	_pulse
              120A  118A         
   912                           	line	30
   913                           	
   914  0627                     l1042:	
   915  0627  0008               	return
   916                           	opt stack 0
   917                           GLOBAL	__end_of_on
   918  0628                     	__end_of_on:
   919 ;; =============== function _on ends ============
   920                           
   921                           	signat	_on,88
   922                           	global	_pulse
   923                           psect	text243,local,class=CODE,delta=2
   924                           global __ptext243
   925  0662                     __ptext243:
   926                           
   927 ;; *************** function _pulse *****************
   928 ;; Defined at:
   929 ;;		line 18 in file "E:\KTU\Softwares\MP lab\Adc\adc.c"
   930 ;; Parameters:    Size  Location     Type
   931 ;;		None
   932 ;; Auto vars:     Size  Location     Type
   933 ;;		None
   934 ;; Return value:  Size  Location     Type
   935 ;;		None               void
   936 ;; Registers used:
   937 ;;		wreg, status,2, status,0, pclath, cstack
   938 ;; Tracked objects:
   939 ;;		On entry : 0/0
   940 ;;		On exit  : 0/0
   941 ;;		Unchanged: 0/0
   942 ;; Data sizes:     COMMON   BANK0   BANK1   BANK3   BANK2
   943 ;;      Params:         0       0       0       0       0
   944 ;;      Locals:         0       0       0       0       0
   945 ;;      Temps:          0       0       0       0       0
   946 ;;      Totals:         0       0       0       0       0
   947 ;;Total ram usage:        0 bytes
   948 ;; Hardware stack levels used:    1
   949 ;; Hardware stack levels required when called:    1
   950 ;; This function calls:
   951 ;;		_delay
   952 ;; This function is called by:
   953 ;;		_on
   954 ;;		_type
   955 ;;		_address
   956 ;;		_display
   957 ;; This function uses a non-reentrant model
   958 ;;
   959                           psect	text243
   960                           	file	"E:\KTU\Softwares\MP lab\Adc\adc.c"
   961                           	line	18
   962                           	global	__size_of_pulse
   963  0019                     	__size_of_pulse	equ	__end_of_pulse-_pulse
   964                           	
   965  0662                     _pulse:	
   966                           	opt	stack 5
   967                           ; Regs used in _pulse: [wreg+status,2+status,0+pclath+cstack]
   968                           	line	19
   969                           	
   970  0662                     l2386:	
   971                           ;adc.c: 19: RD2=1;
   972  0662  1283               	bcf	status, 5	;RP0=0, select bank0
   973  0663  1303               	bcf	status, 6	;RP1=0, select bank0
   974  0664  1508               	bsf	(66/8),(66)&7
   975                           	line	20
   976                           	
   977  0665                     l2388:	
   978                           ;adc.c: 20: delay(100);
   979  0665  3064               	movlw	low(064h)
   980  0666  00F0               	movwf	(?_delay)
   981  0667  3000               	movlw	high(064h)
   982  0668  00F1               	movwf	((?_delay))+1
   983  0669  120A  118A  264E   	fcall	_delay
              120A  118A         
   984                           	line	21
   985                           	
   986  066E                     l2390:	
   987                           ;adc.c: 21: RD2=0;
   988  066E  1283               	bcf	status, 5	;RP0=0, select bank0
   989  066F  1303               	bcf	status, 6	;RP1=0, select bank0
   990  0670  1108               	bcf	(66/8),(66)&7
   991                           	line	22
   992                           ;adc.c: 22: delay(100);
   993  0671  3064               	movlw	low(064h)
   994  0672  00F0               	movwf	(?_delay)
   995  0673  3000               	movlw	high(064h)
   996  0674  00F1               	movwf	((?_delay))+1
   997  0675  120A  118A  264E   	fcall	_delay
              120A  118A         
   998                           	line	23
   999                           	
  1000  067A                     l1039:	
  1001  067A  0008               	return
  1002                           	opt stack 0
  1003                           GLOBAL	__end_of_pulse
  1004  067B                     	__end_of_pulse:
  1005 ;; =============== function _pulse ends ============
  1006                           
  1007                           	signat	_pulse,88
  1008                           	global	___awmod
  1009                           psect	text244,local,class=CODE,delta=2
  1010                           global __ptext244
  1011  069A                     __ptext244:
  1012                           
  1013 ;; *************** function ___awmod *****************
  1014 ;; Defined at:
  1015 ;;		line 5 in file "C:\Program Files (x86)\HI-TECH Software\PICC\9.81\sources\awmod.c"
  1016 ;; Parameters:    Size  Location     Type
  1017 ;;  divisor         2    0[COMMON] int 
  1018 ;;  dividend        2    2[COMMON] int 
  1019 ;; Auto vars:     Size  Location     Type
  1020 ;;  sign            1    6[COMMON] unsigned char 
  1021 ;;  counter         1    5[COMMON] unsigned char 
  1022 ;; Return value:  Size  Location     Type
  1023 ;;                  2    0[COMMON] int 
  1024 ;; Registers used:
  1025 ;;		wreg, status,2, status,0
  1026 ;; Tracked objects:
  1027 ;;		On entry : 0/0
  1028 ;;		On exit  : 0/0
  1029 ;;		Unchanged: 0/0
  1030 ;; Data sizes:     COMMON   BANK0   BANK1   BANK3   BANK2
  1031 ;;      Params:         4       0       0       0       0
  1032 ;;      Locals:         2       0       0       0       0
  1033 ;;      Temps:          1       0       0       0       0
  1034 ;;      Totals:         7       0       0       0       0
  1035 ;;Total ram usage:        7 bytes
  1036 ;; Hardware stack levels used:    1
  1037 ;; This function calls:
  1038 ;;		Nothing
  1039 ;; This function is called by:
  1040 ;;		_main
  1041 ;; This function uses a non-reentrant model
  1042 ;;
  1043                           psect	text244
  1044                           	file	"C:\Program Files (x86)\HI-TECH Software\PICC\9.81\sources\awmod.c"
  1045                           	line	5
  1046                           	global	__size_of___awmod
  1047  0066                     	__size_of___awmod	equ	__end_of___awmod-___awmod
  1048                           	
  1049  069A                     ___awmod:	
  1050                           	opt	stack 7
  1051                           ; Regs used in ___awmod: [wreg+status,2+status,0]
  1052                           	line	8
  1053                           	
  1054  069A                     l2352:	
  1055  069A  01F6               	clrf	(___awmod@sign)
  1056                           	line	9
  1057  069B  1FF3               	btfss	(___awmod@dividend+1),7
  1058  069C  2E9E               	goto	u2311
  1059  069D  2E9F               	goto	u2310
  1060  069E                     u2311:
  1061  069E  2EA8               	goto	l2356
  1062  069F                     u2310:
  1063                           	line	10
  1064                           	
  1065  069F                     l2354:	
  1066  069F  09F2               	comf	(___awmod@dividend),f
  1067  06A0  09F3               	comf	(___awmod@dividend+1),f
  1068  06A1  0AF2               	incf	(___awmod@dividend),f
  1069  06A2  1903               	skipnz
  1070  06A3  0AF3               	incf	(___awmod@dividend+1),f
  1071                           	line	11
  1072  06A4  01F6               	clrf	(___awmod@sign)
  1073  06A5  1403               	bsf	status,0
  1074  06A6  0DF6               	rlf	(___awmod@sign),f
  1075  06A7  2EA8               	goto	l2356
  1076                           	line	12
  1077                           	
  1078  06A8                     l1278:	
  1079                           	line	13
  1080                           	
  1081  06A8                     l2356:	
  1082  06A8  1FF1               	btfss	(___awmod@divisor+1),7
  1083  06A9  2EAB               	goto	u2321
  1084  06AA  2EAC               	goto	u2320
  1085  06AB                     u2321:
  1086  06AB  2EB2               	goto	l2360
  1087  06AC                     u2320:
  1088                           	line	14
  1089                           	
  1090  06AC                     l2358:	
  1091  06AC  09F0               	comf	(___awmod@divisor),f
  1092  06AD  09F1               	comf	(___awmod@divisor+1),f
  1093  06AE  0AF0               	incf	(___awmod@divisor),f
  1094  06AF  1903               	skipnz
  1095  06B0  0AF1               	incf	(___awmod@divisor+1),f
  1096  06B1  2EB2               	goto	l2360
  1097                           	
  1098  06B2                     l1279:	
  1099                           	line	15
  1100                           	
  1101  06B2                     l2360:	
  1102  06B2  0871               	movf	(___awmod@divisor+1),w
  1103  06B3  0470               	iorwf	(___awmod@divisor),w
  1104  06B4  1903               	skipnz
  1105  06B5  2EB7               	goto	u2331
  1106  06B6  2EB8               	goto	u2330
  1107  06B7                     u2331:
  1108  06B7  2EEE               	goto	l2378
  1109  06B8                     u2330:
  1110                           	line	16
  1111                           	
  1112  06B8                     l2362:	
  1113  06B8  01F5               	clrf	(___awmod@counter)
  1114  06B9  1403               	bsf	status,0
  1115  06BA  0DF5               	rlf	(___awmod@counter),f
  1116                           	line	17
  1117  06BB  2EC8               	goto	l2368
  1118                           	
  1119  06BC                     l1282:	
  1120                           	line	18
  1121                           	
  1122  06BC                     l2364:	
  1123  06BC  3001               	movlw	01h
  1124                           	
  1125  06BD                     u2345:
  1126  06BD  1003               	clrc
  1127  06BE  0DF0               	rlf	(___awmod@divisor),f
  1128  06BF  0DF1               	rlf	(___awmod@divisor+1),f
  1129  06C0  3EFF               	addlw	-1
  1130  06C1  1D03               	skipz
  1131  06C2  2EBD               	goto	u2345
  1132                           	line	19
  1133                           	
  1134  06C3                     l2366:	
  1135  06C3  3001               	movlw	(01h)
  1136  06C4  00F4               	movwf	(??___awmod+0)+0
  1137  06C5  0874               	movf	(??___awmod+0)+0,w
  1138  06C6  07F5               	addwf	(___awmod@counter),f
  1139  06C7  2EC8               	goto	l2368
  1140                           	line	20
  1141                           	
  1142  06C8                     l1281:	
  1143                           	line	17
  1144                           	
  1145  06C8                     l2368:	
  1146  06C8  1FF1               	btfss	(___awmod@divisor+1),(15)&7
  1147  06C9  2ECB               	goto	u2351
  1148  06CA  2ECC               	goto	u2350
  1149  06CB                     u2351:
  1150  06CB  2EBC               	goto	l2364
  1151  06CC                     u2350:
  1152  06CC  2ECE               	goto	l2370
  1153                           	
  1154  06CD                     l1283:	
  1155  06CD  2ECE               	goto	l2370
  1156                           	line	21
  1157                           	
  1158  06CE                     l1284:	
  1159                           	line	22
  1160                           	
  1161  06CE                     l2370:	
  1162  06CE  0871               	movf	(___awmod@divisor+1),w
  1163  06CF  0273               	subwf	(___awmod@dividend+1),w
  1164  06D0  1D03               	skipz
  1165  06D1  2ED4               	goto	u2365
  1166  06D2  0870               	movf	(___awmod@divisor),w
  1167  06D3  0272               	subwf	(___awmod@dividend),w
  1168  06D4                     u2365:
  1169  06D4  1C03               	skipc
  1170  06D5  2ED7               	goto	u2361
  1171  06D6  2ED8               	goto	u2360
  1172  06D7                     u2361:
  1173  06D7  2EDF               	goto	l2374
  1174  06D8                     u2360:
  1175                           	line	23
  1176                           	
  1177  06D8                     l2372:	
  1178  06D8  0870               	movf	(___awmod@divisor),w
  1179  06D9  02F2               	subwf	(___awmod@dividend),f
  1180  06DA  0871               	movf	(___awmod@divisor+1),w
  1181  06DB  1C03               	skipc
  1182  06DC  03F3               	decf	(___awmod@dividend+1),f
  1183  06DD  02F3               	subwf	(___awmod@dividend+1),f
  1184  06DE  2EDF               	goto	l2374
  1185                           	
  1186  06DF                     l1285:	
  1187                           	line	24
  1188                           	
  1189  06DF                     l2374:	
  1190  06DF  3001               	movlw	01h
  1191                           	
  1192  06E0                     u2375:
  1193  06E0  1003               	clrc
  1194  06E1  0CF1               	rrf	(___awmod@divisor+1),f
  1195  06E2  0CF0               	rrf	(___awmod@divisor),f
  1196  06E3  3EFF               	addlw	-1
  1197  06E4  1D03               	skipz
  1198  06E5  2EE0               	goto	u2375
  1199                           	line	25
  1200                           	
  1201  06E6                     l2376:	
  1202  06E6  3001               	movlw	low(01h)
  1203  06E7  02F5               	subwf	(___awmod@counter),f
  1204  06E8  1D03               	btfss	status,2
  1205  06E9  2EEB               	goto	u2381
  1206  06EA  2EEC               	goto	u2380
  1207  06EB                     u2381:
  1208  06EB  2ECE               	goto	l2370
  1209  06EC                     u2380:
  1210  06EC  2EEE               	goto	l2378
  1211                           	
  1212  06ED                     l1286:	
  1213  06ED  2EEE               	goto	l2378
  1214                           	line	26
  1215                           	
  1216  06EE                     l1280:	
  1217                           	line	27
  1218                           	
  1219  06EE                     l2378:	
  1220  06EE  0876               	movf	(___awmod@sign),w
  1221  06EF  1D03               	skipz
  1222  06F0  2EF2               	goto	u2390
  1223  06F1  2EF8               	goto	l2382
  1224  06F2                     u2390:
  1225                           	line	28
  1226                           	
  1227  06F2                     l2380:	
  1228  06F2  09F2               	comf	(___awmod@dividend),f
  1229  06F3  09F3               	comf	(___awmod@dividend+1),f
  1230  06F4  0AF2               	incf	(___awmod@dividend),f
  1231  06F5  1903               	skipnz
  1232  06F6  0AF3               	incf	(___awmod@dividend+1),f
  1233  06F7  2EF8               	goto	l2382
  1234                           	
  1235  06F8                     l1287:	
  1236                           	line	29
  1237                           	
  1238  06F8                     l2382:	
  1239  06F8  0873               	movf	(___awmod@dividend+1),w
  1240  06F9  01F1               	clrf	(?___awmod+1)
  1241  06FA  07F1               	addwf	(?___awmod+1)
  1242  06FB  0872               	movf	(___awmod@dividend),w
  1243  06FC  01F0               	clrf	(?___awmod)
  1244  06FD  07F0               	addwf	(?___awmod)
  1245                           
  1246  06FE  2EFF               	goto	l1288
  1247                           	
  1248  06FF                     l2384:	
  1249                           	line	30
  1250                           	
  1251  06FF                     l1288:	
  1252  06FF  0008               	return
  1253                           	opt stack 0
  1254                           GLOBAL	__end_of___awmod
  1255  0700                     	__end_of___awmod:
  1256 ;; =============== function ___awmod ends ============
  1257                           
  1258                           	signat	___awmod,8314
  1259                           	global	___awdiv
  1260                           psect	text245,local,class=CODE,delta=2
  1261                           global __ptext245
  1262  0700                     __ptext245:
  1263                           
  1264 ;; *************** function ___awdiv *****************
  1265 ;; Defined at:
  1266 ;;		line 5 in file "C:\Program Files (x86)\HI-TECH Software\PICC\9.81\sources\awdiv.c"
  1267 ;; Parameters:    Size  Location     Type
  1268 ;;  divisor         2    0[COMMON] int 
  1269 ;;  dividend        2    2[COMMON] int 
  1270 ;; Auto vars:     Size  Location     Type
  1271 ;;  quotient        2    7[COMMON] int 
  1272 ;;  sign            1    6[COMMON] unsigned char 
  1273 ;;  counter         1    5[COMMON] unsigned char 
  1274 ;; Return value:  Size  Location     Type
  1275 ;;                  2    0[COMMON] int 
  1276 ;; Registers used:
  1277 ;;		wreg, status,2, status,0
  1278 ;; Tracked objects:
  1279 ;;		On entry : 0/0
  1280 ;;		On exit  : 0/0
  1281 ;;		Unchanged: 0/0
  1282 ;; Data sizes:     COMMON   BANK0   BANK1   BANK3   BANK2
  1283 ;;      Params:         4       0       0       0       0
  1284 ;;      Locals:         4       0       0       0       0
  1285 ;;      Temps:          1       0       0       0       0
  1286 ;;      Totals:         9       0       0       0       0
  1287 ;;Total ram usage:        9 bytes
  1288 ;; Hardware stack levels used:    1
  1289 ;; This function calls:
  1290 ;;		Nothing
  1291 ;; This function is called by:
  1292 ;;		_main
  1293 ;; This function uses a non-reentrant model
  1294 ;;
  1295                           psect	text245
  1296                           	file	"C:\Program Files (x86)\HI-TECH Software\PICC\9.81\sources\awdiv.c"
  1297                           	line	5
  1298                           	global	__size_of___awdiv
  1299  0074                     	__size_of___awdiv	equ	__end_of___awdiv-___awdiv
  1300                           	
  1301  0700                     ___awdiv:	
  1302                           	opt	stack 7
  1303                           ; Regs used in ___awdiv: [wreg+status,2+status,0]
  1304                           	line	9
  1305                           	
  1306  0700                     l2312:	
  1307  0700  01F6               	clrf	(___awdiv@sign)
  1308                           	line	10
  1309  0701  1FF1               	btfss	(___awdiv@divisor+1),7
  1310  0702  2F04               	goto	u2211
  1311  0703  2F05               	goto	u2210
  1312  0704                     u2211:
  1313  0704  2F0E               	goto	l2316
  1314  0705                     u2210:
  1315                           	line	11
  1316                           	
  1317  0705                     l2314:	
  1318  0705  09F0               	comf	(___awdiv@divisor),f
  1319  0706  09F1               	comf	(___awdiv@divisor+1),f
  1320  0707  0AF0               	incf	(___awdiv@divisor),f
  1321  0708  1903               	skipnz
  1322  0709  0AF1               	incf	(___awdiv@divisor+1),f
  1323                           	line	12
  1324  070A  01F6               	clrf	(___awdiv@sign)
  1325  070B  1403               	bsf	status,0
  1326  070C  0DF6               	rlf	(___awdiv@sign),f
  1327  070D  2F0E               	goto	l2316
  1328                           	line	13
  1329                           	
  1330  070E                     l1210:	
  1331                           	line	14
  1332                           	
  1333  070E                     l2316:	
  1334  070E  1FF3               	btfss	(___awdiv@dividend+1),7
  1335  070F  2F11               	goto	u2221
  1336  0710  2F12               	goto	u2220
  1337  0711                     u2221:
  1338  0711  2F1C               	goto	l2322
  1339  0712                     u2220:
  1340                           	line	15
  1341                           	
  1342  0712                     l2318:	
  1343  0712  09F2               	comf	(___awdiv@dividend),f
  1344  0713  09F3               	comf	(___awdiv@dividend+1),f
  1345  0714  0AF2               	incf	(___awdiv@dividend),f
  1346  0715  1903               	skipnz
  1347  0716  0AF3               	incf	(___awdiv@dividend+1),f
  1348                           	line	16
  1349                           	
  1350  0717                     l2320:	
  1351  0717  3001               	movlw	(01h)
  1352  0718  00F4               	movwf	(??___awdiv+0)+0
  1353  0719  0874               	movf	(??___awdiv+0)+0,w
  1354  071A  06F6               	xorwf	(___awdiv@sign),f
  1355  071B  2F1C               	goto	l2322
  1356                           	line	17
  1357                           	
  1358  071C                     l1211:	
  1359                           	line	18
  1360                           	
  1361  071C                     l2322:	
  1362  071C  01F7               	clrf	(___awdiv@quotient)
  1363  071D  01F8               	clrf	(___awdiv@quotient+1)
  1364                           	line	19
  1365                           	
  1366  071E                     l2324:	
  1367  071E  0871               	movf	(___awdiv@divisor+1),w
  1368  071F  0470               	iorwf	(___awdiv@divisor),w
  1369  0720  1903               	skipnz
  1370  0721  2F23               	goto	u2231
  1371  0722  2F24               	goto	u2230
  1372  0723                     u2231:
  1373  0723  2F62               	goto	l2344
  1374  0724                     u2230:
  1375                           	line	20
  1376                           	
  1377  0724                     l2326:	
  1378  0724  01F5               	clrf	(___awdiv@counter)
  1379  0725  1403               	bsf	status,0
  1380  0726  0DF5               	rlf	(___awdiv@counter),f
  1381                           	line	21
  1382  0727  2F34               	goto	l2332
  1383                           	
  1384  0728                     l1214:	
  1385                           	line	22
  1386                           	
  1387  0728                     l2328:	
  1388  0728  3001               	movlw	01h
  1389                           	
  1390  0729                     u2245:
  1391  0729  1003               	clrc
  1392  072A  0DF0               	rlf	(___awdiv@divisor),f
  1393  072B  0DF1               	rlf	(___awdiv@divisor+1),f
  1394  072C  3EFF               	addlw	-1
  1395  072D  1D03               	skipz
  1396  072E  2F29               	goto	u2245
  1397                           	line	23
  1398                           	
  1399  072F                     l2330:	
  1400  072F  3001               	movlw	(01h)
  1401  0730  00F4               	movwf	(??___awdiv+0)+0
  1402  0731  0874               	movf	(??___awdiv+0)+0,w
  1403  0732  07F5               	addwf	(___awdiv@counter),f
  1404  0733  2F34               	goto	l2332
  1405                           	line	24
  1406                           	
  1407  0734                     l1213:	
  1408                           	line	21
  1409                           	
  1410  0734                     l2332:	
  1411  0734  1FF1               	btfss	(___awdiv@divisor+1),(15)&7
  1412  0735  2F37               	goto	u2251
  1413  0736  2F38               	goto	u2250
  1414  0737                     u2251:
  1415  0737  2F28               	goto	l2328
  1416  0738                     u2250:
  1417  0738  2F3A               	goto	l2334
  1418                           	
  1419  0739                     l1215:	
  1420  0739  2F3A               	goto	l2334
  1421                           	line	25
  1422                           	
  1423  073A                     l1216:	
  1424                           	line	26
  1425                           	
  1426  073A                     l2334:	
  1427  073A  3001               	movlw	01h
  1428                           	
  1429  073B                     u2265:
  1430  073B  1003               	clrc
  1431  073C  0DF7               	rlf	(___awdiv@quotient),f
  1432  073D  0DF8               	rlf	(___awdiv@quotient+1),f
  1433  073E  3EFF               	addlw	-1
  1434  073F  1D03               	skipz
  1435  0740  2F3B               	goto	u2265
  1436                           	line	27
  1437  0741  0871               	movf	(___awdiv@divisor+1),w
  1438  0742  0273               	subwf	(___awdiv@dividend+1),w
  1439  0743  1D03               	skipz
  1440  0744  2F47               	goto	u2275
  1441  0745  0870               	movf	(___awdiv@divisor),w
  1442  0746  0272               	subwf	(___awdiv@dividend),w
  1443  0747                     u2275:
  1444  0747  1C03               	skipc
  1445  0748  2F4A               	goto	u2271
  1446  0749  2F4B               	goto	u2270
  1447  074A                     u2271:
  1448  074A  2F53               	goto	l2340
  1449  074B                     u2270:
  1450                           	line	28
  1451                           	
  1452  074B                     l2336:	
  1453  074B  0870               	movf	(___awdiv@divisor),w
  1454  074C  02F2               	subwf	(___awdiv@dividend),f
  1455  074D  0871               	movf	(___awdiv@divisor+1),w
  1456  074E  1C03               	skipc
  1457  074F  03F3               	decf	(___awdiv@dividend+1),f
  1458  0750  02F3               	subwf	(___awdiv@dividend+1),f
  1459                           	line	29
  1460                           	
  1461  0751                     l2338:	
  1462  0751  1477               	bsf	(___awdiv@quotient)+(0/8),(0)&7
  1463  0752  2F53               	goto	l2340
  1464                           	line	30
  1465                           	
  1466  0753                     l1217:	
  1467                           	line	31
  1468                           	
  1469  0753                     l2340:	
  1470  0753  3001               	movlw	01h
  1471                           	
  1472  0754                     u2285:
  1473  0754  1003               	clrc
  1474  0755  0CF1               	rrf	(___awdiv@divisor+1),f
  1475  0756  0CF0               	rrf	(___awdiv@divisor),f
  1476  0757  3EFF               	addlw	-1
  1477  0758  1D03               	skipz
  1478  0759  2F54               	goto	u2285
  1479                           	line	32
  1480                           	
  1481  075A                     l2342:	
  1482  075A  3001               	movlw	low(01h)
  1483  075B  02F5               	subwf	(___awdiv@counter),f
  1484  075C  1D03               	btfss	status,2
  1485  075D  2F5F               	goto	u2291
  1486  075E  2F60               	goto	u2290
  1487  075F                     u2291:
  1488  075F  2F3A               	goto	l2334
  1489  0760                     u2290:
  1490  0760  2F62               	goto	l2344
  1491                           	
  1492  0761                     l1218:	
  1493  0761  2F62               	goto	l2344
  1494                           	line	33
  1495                           	
  1496  0762                     l1212:	
  1497                           	line	34
  1498                           	
  1499  0762                     l2344:	
  1500  0762  0876               	movf	(___awdiv@sign),w
  1501  0763  1D03               	skipz
  1502  0764  2F66               	goto	u2300
  1503  0765  2F6C               	goto	l2348
  1504  0766                     u2300:
  1505                           	line	35
  1506                           	
  1507  0766                     l2346:	
  1508  0766  09F7               	comf	(___awdiv@quotient),f
  1509  0767  09F8               	comf	(___awdiv@quotient+1),f
  1510  0768  0AF7               	incf	(___awdiv@quotient),f
  1511  0769  1903               	skipnz
  1512  076A  0AF8               	incf	(___awdiv@quotient+1),f
  1513  076B  2F6C               	goto	l2348
  1514                           	
  1515  076C                     l1219:	
  1516                           	line	36
  1517                           	
  1518  076C                     l2348:	
  1519  076C  0878               	movf	(___awdiv@quotient+1),w
  1520  076D  01F1               	clrf	(?___awdiv+1)
  1521  076E  07F1               	addwf	(?___awdiv+1)
  1522  076F  0877               	movf	(___awdiv@quotient),w
  1523  0770  01F0               	clrf	(?___awdiv)
  1524  0771  07F0               	addwf	(?___awdiv)
  1525                           
  1526  0772  2F73               	goto	l1220
  1527                           	
  1528  0773                     l2350:	
  1529                           	line	37
  1530                           	
  1531  0773                     l1220:	
  1532  0773  0008               	return
  1533                           	opt stack 0
  1534                           GLOBAL	__end_of___awdiv
  1535  0774                     	__end_of___awdiv:
  1536 ;; =============== function ___awdiv ends ============
  1537                           
  1538                           	signat	___awdiv,8314
  1539                           	global	_delay
  1540                           psect	text246,local,class=CODE,delta=2
  1541                           global __ptext246
  1542  064E                     __ptext246:
  1543                           
  1544 ;; *************** function _delay *****************
  1545 ;; Defined at:
  1546 ;;		line 14 in file "E:\KTU\Softwares\MP lab\Adc\adc.c"
  1547 ;; Parameters:    Size  Location     Type
  1548 ;;  del             2    0[COMMON] int 
  1549 ;; Auto vars:     Size  Location     Type
  1550 ;;		None
  1551 ;; Return value:  Size  Location     Type
  1552 ;;		None               void
  1553 ;; Registers used:
  1554 ;;		wreg
  1555 ;; Tracked objects:
  1556 ;;		On entry : 0/0
  1557 ;;		On exit  : 0/0
  1558 ;;		Unchanged: 0/0
  1559 ;; Data sizes:     COMMON   BANK0   BANK1   BANK3   BANK2
  1560 ;;      Params:         2       0       0       0       0
  1561 ;;      Locals:         0       0       0       0       0
  1562 ;;      Temps:          0       0       0       0       0
  1563 ;;      Totals:         2       0       0       0       0
  1564 ;;Total ram usage:        2 bytes
  1565 ;; Hardware stack levels used:    1
  1566 ;; This function calls:
  1567 ;;		Nothing
  1568 ;; This function is called by:
  1569 ;;		_pulse
  1570 ;; This function uses a non-reentrant model
  1571 ;;
  1572                           psect	text246
  1573                           	file	"E:\KTU\Softwares\MP lab\Adc\adc.c"
  1574                           	line	14
  1575                           	global	__size_of_delay
  1576  0014                     	__size_of_delay	equ	__end_of_delay-_delay
  1577                           	
  1578  064E                     _delay:	
  1579                           	opt	stack 5
  1580                           ; Regs used in _delay: [wreg]
  1581                           	line	15
  1582                           	
  1583  064E                     l2308:	
  1584                           ;adc.c: 15: while(del--);
  1585  064E  2E50               	goto	l2310
  1586                           	
  1587  064F                     l1034:	
  1588  064F  2E50               	goto	l2310
  1589                           	
  1590  0650                     l1033:	
  1591                           	
  1592  0650                     l2310:	
  1593  0650  30FF               	movlw	low(-1)
  1594  0651  07F0               	addwf	(delay@del),f
  1595  0652  1803               	skipnc
  1596  0653  0AF1               	incf	(delay@del+1),f
  1597  0654  30FF               	movlw	high(-1)
  1598  0655  07F1               	addwf	(delay@del+1),f
  1599  0656  30FF               	movlw	high(-1)
  1600  0657  0671               	xorwf	((delay@del+1)),w
  1601  0658  1D03               	skipz
  1602  0659  2E5C               	goto	u2205
  1603  065A  30FF               	movlw	low(-1)
  1604  065B  0670               	xorwf	((delay@del)),w
  1605  065C                     u2205:
  1606                           
  1607  065C  1D03               	skipz
  1608  065D  2E5F               	goto	u2201
  1609  065E  2E60               	goto	u2200
  1610  065F                     u2201:
  1611  065F  2E50               	goto	l2310
  1612  0660                     u2200:
  1613  0660  2E61               	goto	l1036
  1614                           	
  1615  0661                     l1035:	
  1616                           	line	16
  1617                           	
  1618  0661                     l1036:	
  1619  0661  0008               	return
  1620                           	opt stack 0
  1621                           GLOBAL	__end_of_delay
  1622  0662                     	__end_of_delay:
  1623 ;; =============== function _delay ends ============
  1624                           
  1625                           	signat	_delay,4216
  1626                           	global	_adc
  1627                           psect	text247,local,class=CODE,delta=2
  1628                           global __ptext247
  1629  067B                     __ptext247:
  1630                           
  1631 ;; *************** function _adc *****************
  1632 ;; Defined at:
  1633 ;;		line 4 in file "E:\KTU\Softwares\MP lab\Adc\adc.c"
  1634 ;; Parameters:    Size  Location     Type
  1635 ;;		None
  1636 ;; Auto vars:     Size  Location     Type
  1637 ;;		None
  1638 ;; Return value:  Size  Location     Type
  1639 ;;		None               void
  1640 ;; Registers used:
  1641 ;;		wreg, btemp+1
  1642 ;; Tracked objects:
  1643 ;;		On entry : 0/0
  1644 ;;		On exit  : 0/0
  1645 ;;		Unchanged: 0/0
  1646 ;; Data sizes:     COMMON   BANK0   BANK1   BANK3   BANK2
  1647 ;;      Params:         0       0       0       0       0
  1648 ;;      Locals:         0       0       0       0       0
  1649 ;;      Temps:          2       0       0       0       0
  1650 ;;      Totals:         2       0       0       0       0
  1651 ;;Total ram usage:        2 bytes
  1652 ;; Hardware stack levels used:    1
  1653 ;; This function calls:
  1654 ;;		Nothing
  1655 ;; This function is called by:
  1656 ;;		_main
  1657 ;; This function uses a non-reentrant model
  1658 ;;
  1659                           psect	text247
  1660                           	file	"E:\KTU\Softwares\MP lab\Adc\adc.c"
  1661                           	line	4
  1662                           	global	__size_of_adc
  1663  001F                     	__size_of_adc	equ	__end_of_adc-_adc
  1664                           	
  1665  067B                     _adc:	
  1666                           	opt	stack 7
  1667                           ; Regs used in _adc: [wreg+btemp+1]
  1668                           	line	5
  1669                           	
  1670  067B                     l2304:	
  1671                           ;adc.c: 5: ADCON0=0X83;
  1672  067B  3083               	movlw	(083h)
  1673  067C  1283               	bcf	status, 5	;RP0=0, select bank0
  1674  067D  1303               	bcf	status, 6	;RP1=0, select bank0
  1675  067E  009F               	movwf	(31)	;volatile
  1676                           	line	6
  1677                           ;adc.c: 6: ADCON1=0X80;
  1678  067F  3080               	movlw	(080h)
  1679  0680  1683               	bsf	status, 5	;RP0=1, select bank1
  1680  0681  1303               	bcf	status, 6	;RP1=0, select bank1
  1681  0682  009F               	movwf	(159)^080h	;volatile
  1682                           	line	7
  1683                           ;adc.c: 7: while(GO==1);
  1684  0683  2E84               	goto	l1027
  1685                           	
  1686  0684                     l1028:	
  1687                           	
  1688  0684                     l1027:	
  1689  0684  1283               	bcf	status, 5	;RP0=0, select bank0
  1690  0685  189F               	btfsc	(249/8),(249)&7
  1691  0686  2E88               	goto	u2191
  1692  0687  2E89               	goto	u2190
  1693  0688                     u2191:
  1694  0688  2E84               	goto	l1027
  1695  0689                     u2190:
  1696  0689  2E8A               	goto	l2306
  1697                           	
  1698  068A                     l1029:	
  1699                           	line	8
  1700                           	
  1701  068A                     l2306:	
  1702                           ;adc.c: 8: x=ADRESL|(ADRESH<<8);
  1703  068A  081E               	movf	(30),w	;volatile
  1704  068B  00F0               	movwf	(??_adc+0)+0
  1705  068C  01F1               	clrf	(??_adc+0)+0+1
  1706  068D  0870               	movf	(??_adc+0)+0,w
  1707  068E  00F1               	movwf	(??_adc+0)+1
  1708  068F  01F0               	clrf	(??_adc+0)+0
  1709  0690  0870               	movf	0+(??_adc+0)+0,w
  1710  0691  1683               	bsf	status, 5	;RP0=1, select bank1
  1711  0692  1303               	bcf	status, 6	;RP1=0, select bank1
  1712  0693  041E               	iorwf	(158)^080h,w	;volatile
  1713  0694  1283               	bcf	status, 5	;RP0=0, select bank0
  1714  0695  1303               	bcf	status, 6	;RP1=0, select bank0
  1715  0696  00A0               	movwf	(_x)
  1716  0697  0871               	movf	1+(??_adc+0)+0,w
  1717  0698  00A1               	movwf	1+(_x)
  1718                           	line	9
  1719                           	
  1720  0699                     l1030:	
  1721  0699  0008               	return
  1722                           	opt stack 0
  1723                           GLOBAL	__end_of_adc
  1724  069A                     	__end_of_adc:
  1725 ;; =============== function _adc ends ============
  1726                           
  1727                           	signat	_adc,88
  1728                           psect	text248,local,class=CODE,delta=2
  1729                           global __ptext248
  1730  0000                     __ptext248:
  1731                           	global	btemp
  1732  007E                     	btemp set 07Eh
  1733                           
  1734                           	DABS	1,126,2	;btemp
  1735                           	global	wtemp0
  1736  007E                     	wtemp0 set btemp


HI-TECH Software PICC Macro Assembler V9.81 build 7503 
Symbol Table                                                                                   Mon Jun 07 12:48:16 2021

                   _x 0020                    _GO 00F9          ___awdiv@sign 0076                    _on 061C  
                 ?_on 0070                   _RA1 0029                   _RD0 0040                   _RD1 0041  
                 _RD2 0042                   _adc 067B          ___awmod@sign 0076                  ??_on 0072  
                ?_adc 0070                  l1030 0699                  l1033 0650                  l1034 064F  
                l1210 070E                  l1042 0627                  l1027 0684                  l1035 0661  
                l1211 071C                  l1051 064D                  l1028 0684                  l1036 0661  
                l1220 0773                  l1212 0762                  l1060 07FD                  l1029 068A  
                l1213 0734                  l1045 0633                  l1061 07FD                  l1214 0728  
                l1054 0797                  l1215 0739                  l1039 067A                  l1055 07AE  
                l1216 073A                  l1048 0640                  l1056 07EB                  l1217 0753  
                l1057 07F9                  l1218 0761                  l1058 07FB                  l1219 076C  
                l1059 07FC                  l2310 0650                  l2304 067B                  l2320 0717  
                l2312 0700                  l1280 06EE                  l2400 062C                  l1281 06C8  
                l2306 068A                  l2330 072F                  l2322 071C                  l2314 0705  
                l1282 06BC                  l2402 062E                  l2410 0642                  l1283 06CD  
                l2308 064E                  l2340 0753                  l2332 0734                  l2324 071E  
                l2316 070E                  l1284 06CE                  l2404 0635                  l2412 0646  
                l2420 077B                  l1285 06DF                  l2350 0773                  l2342 075A  
                l2334 073A                  l2326 0724                  l2318 0712                  l1286 06ED  
                l1278 06A8                  l2406 0639                  l2414 0648                  l2430 078C  
                l2422 077E                  l1287 06F8                  l1279 06B2                  l2336 074B  
                l2328 0728                  l2344 0762                  l1288 06FF                  l2360 06B2  
                l2352 069A                  l2408 063B                  l2440 07A8                  l2432 0791  
                l2424 0781                  l2416 0774                  l2346 0766                  l2338 0751  
                l2370 06CE                  l2362 06B8                  l2354 069F                  l2442 07AD  
                l2450 07EB                  l2434 0797                  l2426 0784                  l2418 0777  
                l2348 076C                  l2380 06F2                  l2372 06D8                  l2364 06BC  
                l2356 06A8                  l2452 07F7                  l2444 07AE                  l2436 079C  
                l2428 0787                  l2382 06F8                  l2374 06DF                  l2366 06C3  
                l2358 06AC                  l2390 066E                  l2446 07E0                  l2438 07A4  
                l2384 06FF                  l2376 06E6                  l2368 06C8                  l2392 061C  
                l2448 07E6                  l2378 06EE                  l2386 0662                  l2394 0620  
                l2388 0665                  l2396 0622                  l2398 0628                  u2200 0660  
                u2201 065F                  u2210 0705                  u2211 0704                  u2300 0766  
                u2220 0712                  u2205 065C                  u2221 0711                  u2230 0724  
                u2310 069F                  u2231 0723                  u2311 069E                  u2320 06AC  
                u2400 07AC                  u2321 06AB                  u2401 07AB                  u2250 0738  
                u2330 06B8                  u2410 07EA                  u2251 0737                  u2331 06B7  
                u2411 07E9                  u2420 07F7                  u2245 0729                  u2421 07F6  
                u2190 0689                  u2270 074B                  u2350 06CC                  u2191 0688  
                u2271 074A                  u2351 06CB                  u2360 06D8                  u2265 073B  
                u2361 06D7                  u2345 06BD                  u2425 07F3                  u2290 0760  
                u2291 075F                  u2275 0747                  u2380 06EC                  u2285 0754  
                u2381 06EB                  u2365 06D4                  u2390 06F2                  u2375 06E0  
         display@data 0072                  _main 0774                  btemp 007E                  _type 0628  
                start 0000                 ??_adc 0070                 ?_main 0070       __end_of___awdiv 0774  
     __end_of___awmod 0700                 _ANSEL 0188                 ?_type 0070       ___awdiv@divisor 0070  
     ___awdiv@counter 0075       __end_of_address 0641                 _PORTA 0005                 _PORTC 0007  
               _PORTD 0008                 _TRISA 0085                 _TRISC 0087                 _TRISD 0088  
     __end_of_display 064E                 _delay 064E                 _pulse 0662                 main@i 007B  
               main@t 0079                 status 0003                 wtemp0 007E          __end_of_main 0800  
        __end_of_type 0634                ??_main 0079                ??_type 0072                ?_delay 0070  
              _ADCON0 001F                _ADCON1 009F                _ADRESH 001E                _ADRESL 009E  
    ___awdiv@dividend 0072                ?_pulse 0070                _ANSELH 0189             ??___awdiv 0074  
           ??___awmod 0074             ??_address 0072      ___awdiv@quotient 0077       ___awmod@divisor 0070  
     ___awmod@counter 0075             ??_display 0072        __pcstackCOMMON 0070         __end_of_delay 0662  
       __end_of_pulse 067B            __end_of_on 0628               ??_delay 0072               ??_pulse 0072  
          __pbssBANK0 0020            __pmaintext 0774               ___awdiv 0700               ___awmod 069A  
             _address 0634               _display 0641          __size_of_adc 001F      ___awmod@dividend 0072  
end_of_initialization 0618   start_initialization 0616           __end_of_adc 069A              ?___awdiv 0070  
           __ptext240 0634             __ptext241 0628             __ptext242 061C             __ptext243 0662  
           __ptext244 069A             __ptext245 0700             __ptext246 064E             __ptext238 0000  
           __ptext247 067B             __ptext239 0641             __ptext248 0000              ?___awmod 0070  
            ?_address 0070              ?_display 0070        __size_of_delay 0014        __size_of_pulse 0019  
         __size_of_on 000C           address@data 0072      __size_of___awdiv 0074      __size_of___awmod 0066  
    __size_of_address 000D      __size_of_display 000D         __size_of_main 008C         __size_of_type 000C  
            delay@del 0070  
