

HI-TECH Software PIC LITE Macro Assembler V9.81 build 7503 
                                                                                               Mon Dec 06 11:06:53 2021

HI-TECH Software Omniscient Code Generator (Lite mode) build 7503
     1  0000                     opt subtitle "HI-TECH Software Omniscient Code Generator (Lite mode) build 7503"
     2                           
     3                           opt pagewidth 120
     4                           
     5                           	opt lm
     6                           
     7                           	processor	16F887
     8                           clrc	macro
     9                           	bcf	3,0
    10  0000                     	endm
    11                           clrz	macro
    12                           	bcf	3,2
    13  0000                     	endm
    14                           setc	macro
    15                           	bsf	3,0
    16  0000                     	endm
    17                           setz	macro
    18                           	bsf	3,2
    19  0000                     	endm
    20                           skipc	macro
    21                           	btfss	3,0
    22  0000                     	endm
    23                           skipz	macro
    24                           	btfss	3,2
    25  0000                     	endm
    26                           skipnc	macro
    27                           	btfsc	3,0
    28  0000                     	endm
    29                           skipnz	macro
    30                           	btfsc	3,2
    31  0000                     	endm
    32  0000                     indf	equ	0
    33  0000                     indf0	equ	0
    34  0002                     pc	equ	2
    35  0002                     pcl	equ	2
    36  0003                     status	equ	3
    37  0004                     fsr	equ	4
    38  0004                     fsr0	equ	4
    39  0001                     c	equ	1
    40  0000                     z	equ	0
    41  000A                     pclath	equ	10
    42                           	FNROOT	_main
    43                           	global	_PORTA
    44                           psect	maintext,global,class=CODE,delta=2
    45                           global __pmaintext
    46  07B6                     __pmaintext:
    47  0005                     _PORTA	set	5
    48                           	global	_PORTB
    49  0006                     _PORTB	set	6
    50                           	global	_RA0
    51  0028                     _RA0	set	40
    52                           	global	_RA1
    53  0029                     _RA1	set	41
    54                           	global	_RA2
    55  002A                     _RA2	set	42
    56                           	global	_RA3
    57  002B                     _RA3	set	43
    58                           	global	_RB0
    59  0030                     _RB0	set	48
    60                           	global	_RB1
    61  0031                     _RB1	set	49
    62                           	global	_RB2
    63  0032                     _RB2	set	50
    64                           	global	_RB3
    65  0033                     _RB3	set	51
    66                           	global	_TRISA
    67  0085                     _TRISA	set	133
    68                           	global	_TRISB
    69  0086                     _TRISB	set	134
    70                           	global	_ANSEL
    71  0188                     _ANSEL	set	392
    72                           	global	_ANSELH
    73  0189                     _ANSELH	set	393
    74                           	file	"fourbutton.as"
    75                           	line	#
    76                           psect cinit,class=CODE,delta=2
    77                           global start_initialization
    78  07B2                     start_initialization:
    79                           
    80                           psect cinit,class=CODE,delta=2
    81                           global end_of_initialization
    82                           
    83                           ;End of C runtime variable initialization code
    84                           
    85  07B2                     end_of_initialization:
    86  07B2  0183               clrf status
    87  07B3  120A  118A  2FB6   ljmp _main	;jump to C main() function
    88                           psect	cstackCOMMON,class=COMMON,space=1
    89                           global __pcstackCOMMON
    90  0000                     __pcstackCOMMON:
    91                           	global	?_main
    92  0000                     ?_main:	; 0 bytes @ 0x0
    93                           	global	??_main
    94  0000                     ??_main:	; 0 bytes @ 0x0
    95 ;;Data sizes: Strings 0, constant 0, data 0, bss 0, persistent 0 stack 0
    96 ;;Auto spaces:   Size  Autos    Used
    97 ;; COMMON          14      0       0
    98 ;; BANK0           80      0       0
    99 ;; BANK1           80      0       0
   100 ;; BANK3           96      0       0
   101 ;; BANK2           96      0       0
   102                           
   103 ;;
   104 ;; Pointer list with targets:
   105                           
   106                           
   107                           
   108 ;;
   109 ;; Critical Paths under _main in COMMON
   110 ;;
   111 ;;   None.
   112 ;;
   113 ;; Critical Paths under _main in BANK0
   114 ;;
   115 ;;   None.
   116 ;;
   117 ;; Critical Paths under _main in BANK1
   118 ;;
   119 ;;   None.
   120 ;;
   121 ;; Critical Paths under _main in BANK3
   122 ;;
   123 ;;   None.
   124 ;;
   125 ;; Critical Paths under _main in BANK2
   126 ;;
   127 ;;   None.
   128                           
   129 ;;
   130 ;;Main: autosize = 0, tempsize = 0, incstack = 0, save=0
   131 ;;
   132                           
   133 ;;
   134 ;;Call Graph Tables:
   135 ;;
   136 ;; ---------------------------------------------------------------------------------
   137 ;; (Depth) Function   	        Calls       Base Space   Used Autos Params    Refs
   138 ;; ---------------------------------------------------------------------------------
   139 ;; (0) _main                                                 0     0      0       0
   140 ;; ---------------------------------------------------------------------------------
   141 ;; Estimated maximum stack depth 0
   142 ;; ---------------------------------------------------------------------------------
   143                           
   144 ;; Call Graph Graphs:
   145                           
   146 ;; _main (ROOT)
   147 ;;
   148                           
   149 ;; Address spaces:
   150                           
   151 ;;Name               Size   Autos  Total    Cost      Usage
   152 ;;BITCOMMON            E      0       0       0        0.0%
   153 ;;EEDATA             100      0       0       0        0.0%
   154 ;;NULL                 0      0       0       0        0.0%
   155 ;;CODE                 0      0       0       0        0.0%
   156 ;;COMMON               E      0       0       1        0.0%
   157 ;;BITSFR0              0      0       0       1        0.0%
   158 ;;SFR0                 0      0       0       1        0.0%
   159 ;;BITSFR1              0      0       0       2        0.0%
   160 ;;SFR1                 0      0       0       2        0.0%
   161 ;;STACK                0      0       0       2        0.0%
   162 ;;ABS                  0      0       0       3        0.0%
   163 ;;BITBANK0            50      0       0       4        0.0%
   164 ;;BITSFR3              0      0       0       4        0.0%
   165 ;;SFR3                 0      0       0       4        0.0%
   166 ;;BANK0               50      0       0       5        0.0%
   167 ;;BITSFR2              0      0       0       5        0.0%
   168 ;;SFR2                 0      0       0       5        0.0%
   169 ;;BITBANK1            50      0       0       6        0.0%
   170 ;;BANK1               50      0       0       7        0.0%
   171 ;;BITBANK3            60      0       0       8        0.0%
   172 ;;BANK3               60      0       0       9        0.0%
   173 ;;BITBANK2            60      0       0      10        0.0%
   174 ;;BANK2               60      0       0      11        0.0%
   175 ;;DATA                 0      0       0      12        0.0%
   176                           
   177                           	global	_main
   178                           psect	maintext
   179                           
   180 ;; *************** function _main *****************
   181 ;; Defined at:
   182 ;;		line 3 in file "E:\KTU\Softwares\Embedded Systems\Pic Controller\BUTTON\fourbutton\fourbutton.c"
   183 ;; Parameters:    Size  Location     Type
   184 ;;		None
   185 ;; Auto vars:     Size  Location     Type
   186 ;;		None
   187 ;; Return value:  Size  Location     Type
   188 ;;		None               void
   189 ;; Registers used:
   190 ;;		wreg, status,2
   191 ;; Tracked objects:
   192 ;;		On entry : 17F/0
   193 ;;		On exit  : 0/0
   194 ;;		Unchanged: 0/0
   195 ;; Data sizes:     COMMON   BANK0   BANK1   BANK3   BANK2
   196 ;;      Params:         0       0       0       0       0
   197 ;;      Locals:         0       0       0       0       0
   198 ;;      Temps:          0       0       0       0       0
   199 ;;      Totals:         0       0       0       0       0
   200 ;;Total ram usage:        0 bytes
   201 ;; This function calls:
   202 ;;		Nothing
   203 ;; This function is called by:
   204 ;;		Startup code after reset
   205 ;; This function uses a non-reentrant model
   206 ;;
   207                           psect	maintext
   208                           	file	"E:\KTU\Softwares\Embedded Systems\Pic Controller\BUTTON\fourbutton\fourbutton.c"
   209                           	line	3
   210                           	global	__size_of_main
   211  004A                     	__size_of_main	equ	__end_of_main-_main
   212                           	
   213  07B6                     _main:	
   214                           	opt	stack 8
   215                           ; Regs used in _main: [wreg+status,2]
   216                           	line	4
   217                           	
   218  07B6                     l1417:	
   219                           ;fourbutton.c: 4: PORTA=0X00;
   220  07B6  1283               	bcf	status, 5	;RP0=0, select bank0
   221  07B7  1303               	bcf	status, 6	;RP1=0, select bank0
   222  07B8  0185               	clrf	(5)	;volatile
   223                           	line	5
   224                           ;fourbutton.c: 5: PORTB=0X00;
   225  07B9  0186               	clrf	(6)	;volatile
   226                           	line	6
   227                           ;fourbutton.c: 6: TRISA=0X00;
   228  07BA  1683               	bsf	status, 5	;RP0=1, select bank1
   229  07BB  1303               	bcf	status, 6	;RP1=0, select bank1
   230  07BC  0185               	clrf	(133)^080h	;volatile
   231                           	line	7
   232                           	
   233  07BD                     l1419:	
   234                           ;fourbutton.c: 7: TRISB=0X0F;
   235  07BD  300F               	movlw	(0Fh)
   236  07BE  0086               	movwf	(134)^080h	;volatile
   237                           	line	8
   238                           	
   239  07BF                     l1421:	
   240                           ;fourbutton.c: 8: ANSEL=0X00;
   241  07BF  1683               	bsf	status, 5	;RP0=1, select bank3
   242  07C0  1703               	bsf	status, 6	;RP1=1, select bank3
   243  07C1  0188               	clrf	(392)^0180h	;volatile
   244                           	line	9
   245                           	
   246  07C2                     l1423:	
   247                           ;fourbutton.c: 9: ANSELH=0X00;
   248  07C2  0189               	clrf	(393)^0180h	;volatile
   249  07C3  2FC4               	goto	l1425
   250                           	line	10
   251                           ;fourbutton.c: 10: while(1)
   252                           	
   253  07C4                     l1025:	
   254                           	line	13
   255                           	
   256  07C4                     l1425:	
   257                           ;fourbutton.c: 11: {
   258                           ;fourbutton.c: 13: if(RB0==1)
   259  07C4  1283               	bcf	status, 5	;RP0=0, select bank0
   260  07C5  1303               	bcf	status, 6	;RP1=0, select bank0
   261  07C6  1C06               	btfss	(48/8),(48)&7
   262  07C7  2FC9               	goto	u11
   263  07C8  2FCA               	goto	u10
   264  07C9                     u11:
   265  07C9  2FD2               	goto	l1026
   266  07CA                     u10:
   267                           	line	15
   268                           	
   269  07CA                     l1427:	
   270                           ;fourbutton.c: 14: {
   271                           ;fourbutton.c: 15: RA0=1;
   272  07CA  1405               	bsf	(40/8),(40)&7
   273                           	line	16
   274                           ;fourbutton.c: 16: while(RB0==1);
   275  07CB  2FCC               	goto	l1027
   276                           	
   277  07CC                     l1028:	
   278                           	
   279  07CC                     l1027:	
   280  07CC  1806               	btfsc	(48/8),(48)&7
   281  07CD  2FCF               	goto	u21
   282  07CE  2FD0               	goto	u20
   283  07CF                     u21:
   284  07CF  2FCC               	goto	l1027
   285  07D0                     u20:
   286  07D0  2FD3               	goto	l1030
   287                           	
   288  07D1                     l1029:	
   289                           	line	17
   290                           ;fourbutton.c: 17: }
   291  07D1  2FD3               	goto	l1030
   292                           	line	18
   293                           	
   294  07D2                     l1026:	
   295                           	line	20
   296                           ;fourbutton.c: 18: else
   297                           ;fourbutton.c: 19: {
   298                           ;fourbutton.c: 20: RA0=0;
   299  07D2  1005               	bcf	(40/8),(40)&7
   300                           	line	21
   301                           	
   302  07D3                     l1030:	
   303                           	line	23
   304                           ;fourbutton.c: 21: }
   305                           ;fourbutton.c: 23: if(RB1==1)
   306  07D3  1C86               	btfss	(49/8),(49)&7
   307  07D4  2FD6               	goto	u31
   308  07D5  2FD7               	goto	u30
   309  07D6                     u31:
   310  07D6  2FDF               	goto	l1031
   311  07D7                     u30:
   312                           	line	25
   313                           	
   314  07D7                     l1429:	
   315                           ;fourbutton.c: 24: {
   316                           ;fourbutton.c: 25: RA1=1;
   317  07D7  1485               	bsf	(41/8),(41)&7
   318                           	line	26
   319                           ;fourbutton.c: 26: while(RB1==1);
   320  07D8  2FD9               	goto	l1032
   321                           	
   322  07D9                     l1033:	
   323                           	
   324  07D9                     l1032:	
   325  07D9  1886               	btfsc	(49/8),(49)&7
   326  07DA  2FDC               	goto	u41
   327  07DB  2FDD               	goto	u40
   328  07DC                     u41:
   329  07DC  2FD9               	goto	l1032
   330  07DD                     u40:
   331  07DD  2FE0               	goto	l1035
   332                           	
   333  07DE                     l1034:	
   334                           	line	27
   335                           ;fourbutton.c: 27: }
   336  07DE  2FE0               	goto	l1035
   337                           	line	28
   338                           	
   339  07DF                     l1031:	
   340                           	line	30
   341                           ;fourbutton.c: 28: else
   342                           ;fourbutton.c: 29: {
   343                           ;fourbutton.c: 30: RA1=0;
   344  07DF  1085               	bcf	(41/8),(41)&7
   345                           	line	31
   346                           	
   347  07E0                     l1035:	
   348                           	line	33
   349                           ;fourbutton.c: 31: }
   350                           ;fourbutton.c: 33: if(RB2==1)
   351  07E0  1D06               	btfss	(50/8),(50)&7
   352  07E1  2FE3               	goto	u51
   353  07E2  2FE4               	goto	u50
   354  07E3                     u51:
   355  07E3  2FEC               	goto	l1036
   356  07E4                     u50:
   357                           	line	35
   358                           	
   359  07E4                     l1431:	
   360                           ;fourbutton.c: 34: {
   361                           ;fourbutton.c: 35: RA2=1;
   362  07E4  1505               	bsf	(42/8),(42)&7
   363                           	line	36
   364                           ;fourbutton.c: 36: while(RB2==1);
   365  07E5  2FE6               	goto	l1037
   366                           	
   367  07E6                     l1038:	
   368                           	
   369  07E6                     l1037:	
   370  07E6  1906               	btfsc	(50/8),(50)&7
   371  07E7  2FE9               	goto	u61
   372  07E8  2FEA               	goto	u60
   373  07E9                     u61:
   374  07E9  2FE6               	goto	l1037
   375  07EA                     u60:
   376  07EA  2FED               	goto	l1040
   377                           	
   378  07EB                     l1039:	
   379                           	line	37
   380                           ;fourbutton.c: 37: }
   381  07EB  2FED               	goto	l1040
   382                           	line	38
   383                           	
   384  07EC                     l1036:	
   385                           	line	40
   386                           ;fourbutton.c: 38: else
   387                           ;fourbutton.c: 39: {
   388                           ;fourbutton.c: 40: RA2=0;
   389  07EC  1105               	bcf	(42/8),(42)&7
   390                           	line	41
   391                           	
   392  07ED                     l1040:	
   393                           	line	43
   394                           ;fourbutton.c: 41: }
   395                           ;fourbutton.c: 43: if(RB3==1)
   396  07ED  1D86               	btfss	(51/8),(51)&7
   397  07EE  2FF0               	goto	u71
   398  07EF  2FF1               	goto	u70
   399  07F0                     u71:
   400  07F0  2FF9               	goto	l1041
   401  07F1                     u70:
   402                           	line	45
   403                           	
   404  07F1                     l1433:	
   405                           ;fourbutton.c: 44: {
   406                           ;fourbutton.c: 45: RA3=1;
   407  07F1  1585               	bsf	(43/8),(43)&7
   408                           	line	46
   409                           ;fourbutton.c: 46: while(RB3==1);
   410  07F2  2FF3               	goto	l1042
   411                           	
   412  07F3                     l1043:	
   413                           	
   414  07F3                     l1042:	
   415  07F3  1986               	btfsc	(51/8),(51)&7
   416  07F4  2FF6               	goto	u81
   417  07F5  2FF7               	goto	u80
   418  07F6                     u81:
   419  07F6  2FF3               	goto	l1042
   420  07F7                     u80:
   421  07F7  2FC4               	goto	l1425
   422                           	
   423  07F8                     l1044:	
   424                           	line	47
   425                           ;fourbutton.c: 47: }
   426  07F8  2FC4               	goto	l1425
   427                           	line	48
   428                           	
   429  07F9                     l1041:	
   430                           	line	50
   431                           ;fourbutton.c: 48: else
   432                           ;fourbutton.c: 49: {
   433                           ;fourbutton.c: 50: RA3=0;
   434  07F9  1185               	bcf	(43/8),(43)&7
   435  07FA  2FC4               	goto	l1425
   436                           	line	51
   437                           	
   438  07FB                     l1045:	
   439  07FB  2FC4               	goto	l1425
   440                           	line	52
   441                           	
   442  07FC                     l1046:	
   443                           	line	10
   444  07FC  2FC4               	goto	l1425
   445                           	
   446  07FD                     l1047:	
   447                           	line	53
   448                           	
   449  07FD                     l1048:	
   450                           	global	start
   451  07FD  120A  118A  2800   	ljmp	start
   452                           	opt stack 0
   453                           GLOBAL	__end_of_main
   454  0800                     	__end_of_main:
   455 ;; =============== function _main ends ============
   456                           
   457                           	signat	_main,88
   458                           psect	maintext
   459                           	global	btemp
   460  007E                     	btemp set 07Eh
   461                           
   462                           	DABS	1,126,2	;btemp
   463                           	global	wtemp0
   464  007E                     	wtemp0 set btemp


HI-TECH Software PICC Macro Assembler V9.81 build 7503 
Symbol Table                                                                                   Mon Dec 06 11:06:53 2021

                  u10 07CA                    u11 07C9                    u20 07D0                    u21 07CF  
                  u30 07D7                    u31 07D6                    u40 07DD                    u41 07DC  
                  u50 07E4                    u51 07E3                    u60 07EA                    u61 07E9  
                  u70 07F1                    u71 07F0                    u80 07F7                    u81 07F6  
                 _RA0 0028                   _RA1 0029                   _RB0 0030                   _RA2 002A  
                 _RB1 0031                   _RA3 002B                   _RB2 0032                   _RB3 0033  
                l1030 07D3                  l1031 07DF                  l1040 07ED                  l1032 07D9  
                l1041 07F9                  l1033 07D9                  l1025 07C4                  l1042 07F3  
                l1034 07DE                  l1026 07D2                  l1043 07F3                  l1035 07E0  
                l1027 07CC                  l1044 07F8                  l1036 07EC                  l1028 07CC  
                l1045 07FB                  l1037 07E6                  l1029 07D1                  l1046 07FC  
                l1038 07E6                  l1047 07FD                  l1039 07EB                  l1048 07FD  
                l1421 07BF                  l1431 07E4                  l1423 07C2                  l1433 07F1  
                l1425 07C4                  l1417 07B6                  l1427 07CA                  l1419 07BD  
                l1429 07D7                  _main 07B6                  btemp 007E                  start 0000  
               ?_main 0000                 _ANSEL 0188                 _PORTA 0005                 _PORTB 0006  
               _TRISA 0085                 _TRISB 0086                 status 0003                 wtemp0 007E  
        __end_of_main 0800                ??_main 0000                _ANSELH 0189        __pcstackCOMMON 0000  
          __pmaintext 07B6  end_of_initialization 07B2   start_initialization 07B2         __size_of_main 004A  
