

HI-TECH Software PIC LITE Macro Assembler V9.81 build 7503 
                                                                                               Wed Jun 16 12:16:35 2021

HI-TECH Software Omniscient Code Generator (Lite mode) build 7503
     1  0000                     opt subtitle "HI-TECH Software Omniscient Code Generator (Lite mode) build 7503"
     2                           
     3                           opt pagewidth 120
     4                           
     5                           	opt lm
     6                           
     7                           	processor	16F887
     8                           clrc	macro
     9                           	bcf	3,0
    10  0000                     	endm
    11                           clrz	macro
    12                           	bcf	3,2
    13  0000                     	endm
    14                           setc	macro
    15                           	bsf	3,0
    16  0000                     	endm
    17                           setz	macro
    18                           	bsf	3,2
    19  0000                     	endm
    20                           skipc	macro
    21                           	btfss	3,0
    22  0000                     	endm
    23                           skipz	macro
    24                           	btfss	3,2
    25  0000                     	endm
    26                           skipnc	macro
    27                           	btfsc	3,0
    28  0000                     	endm
    29                           skipnz	macro
    30                           	btfsc	3,2
    31  0000                     	endm
    32  0000                     indf	equ	0
    33  0000                     indf0	equ	0
    34  0002                     pc	equ	2
    35  0002                     pcl	equ	2
    36  0003                     status	equ	3
    37  0004                     fsr	equ	4
    38  0004                     fsr0	equ	4
    39  0001                     c	equ	1
    40  0000                     z	equ	0
    41  000A                     pclath	equ	10
    42                           	FNCALL	_main,_on
    43                           	FNCALL	_main,_type
    44                           	FNCALL	_main,_adc
    45                           	FNCALL	_main,_address
    46                           	FNCALL	_main,___awmod
    47                           	FNCALL	_main,_display
    48                           	FNCALL	_main,___awdiv
    49                           	FNCALL	_display,_pulse
    50                           	FNCALL	_address,_pulse
    51                           	FNCALL	_type,_pulse
    52                           	FNCALL	_on,_pulse
    53                           	FNCALL	_pulse,_delay
    54                           	FNROOT	_main
    55                           	global	_tot
    56                           	global	_ADCON0
    57                           psect	text136,local,class=CODE,delta=2
    58                           global __ptext136
    59  0000                     __ptext136:
    60  001F                     _ADCON0	set	31
    61                           	global	_ADRESH
    62  001E                     _ADRESH	set	30
    63                           	global	_PORTB
    64  0006                     _PORTB	set	6
    65                           	global	_PORTC
    66  0007                     _PORTC	set	7
    67                           	global	_PORTD
    68  0008                     _PORTD	set	8
    69                           	global	_GO
    70  00F9                     _GO	set	249
    71                           	global	_RD0
    72  0040                     _RD0	set	64
    73                           	global	_RD1
    74  0041                     _RD1	set	65
    75                           	global	_RD2
    76  0042                     _RD2	set	66
    77                           	global	_ADCON1
    78  009F                     _ADCON1	set	159
    79                           	global	_ADRESL
    80  009E                     _ADRESL	set	158
    81                           	global	_TRISB
    82  0086                     _TRISB	set	134
    83                           	global	_TRISC
    84  0087                     _TRISC	set	135
    85                           	global	_TRISD
    86  0088                     _TRISD	set	136
    87                           	global	_ANSEL
    88  0188                     _ANSEL	set	392
    89                           	global	_ANSELH
    90  0189                     _ANSELH	set	393
    91                           	file	"adc10.as"
    92                           	line	#
    93                           psect cinit,class=CODE,delta=2
    94                           global start_initialization
    95  05ED                     start_initialization:
    96                           
    97                           psect	bssCOMMON,class=COMMON,space=1
    98                           global __pbssCOMMON
    99  007B                     __pbssCOMMON:
   100  007B                     _tot:
   101  007B                            ds      2
   102                           
   103                           ; Clear objects allocated to COMMON
   104                           psect cinit,class=CODE,delta=2
   105  05ED  01FB               	clrf	((__pbssCOMMON)+0)&07Fh
   106  05EE  01FC               	clrf	((__pbssCOMMON)+1)&07Fh
   107                           psect cinit,class=CODE,delta=2
   108                           global end_of_initialization
   109                           
   110                           ;End of C runtime variable initialization code
   111                           
   112  05EF                     end_of_initialization:
   113  05EF  0183               clrf status
   114  05F0  120A  118A  2F8C   ljmp _main	;jump to C main() function
   115                           psect	cstackCOMMON,class=COMMON,space=1
   116                           global __pcstackCOMMON
   117  0070                     __pcstackCOMMON:
   118                           	global	??_adc
   119  0070                     ??_adc:	; 0 bytes @ 0x0
   120                           	global	?_delay
   121  0070                     ?_delay:	; 0 bytes @ 0x0
   122                           	global	?_pulse
   123  0070                     ?_pulse:	; 0 bytes @ 0x0
   124                           	global	?_on
   125  0070                     ?_on:	; 0 bytes @ 0x0
   126                           	global	?_type
   127  0070                     ?_type:	; 0 bytes @ 0x0
   128                           	global	?_address
   129  0070                     ?_address:	; 0 bytes @ 0x0
   130                           	global	?_display
   131  0070                     ?_display:	; 0 bytes @ 0x0
   132                           	global	?_main
   133  0070                     ?_main:	; 0 bytes @ 0x0
   134                           	global	?_adc
   135  0070                     ?_adc:	; 2 bytes @ 0x0
   136                           	global	?___awdiv
   137  0070                     ?___awdiv:	; 2 bytes @ 0x0
   138                           	global	?___awmod
   139  0070                     ?___awmod:	; 2 bytes @ 0x0
   140                           	global	delay@del
   141  0070                     delay@del:	; 2 bytes @ 0x0
   142                           	global	___awdiv@divisor
   143  0070                     ___awdiv@divisor:	; 2 bytes @ 0x0
   144                           	global	___awmod@divisor
   145  0070                     ___awmod@divisor:	; 2 bytes @ 0x0
   146  0070                     	ds	2
   147                           	global	??_delay
   148  0072                     ??_delay:	; 0 bytes @ 0x2
   149                           	global	??_pulse
   150  0072                     ??_pulse:	; 0 bytes @ 0x2
   151                           	global	??_on
   152  0072                     ??_on:	; 0 bytes @ 0x2
   153                           	global	??_type
   154  0072                     ??_type:	; 0 bytes @ 0x2
   155                           	global	??_address
   156  0072                     ??_address:	; 0 bytes @ 0x2
   157                           	global	??_display
   158  0072                     ??_display:	; 0 bytes @ 0x2
   159                           	global	address@data
   160  0072                     address@data:	; 1 bytes @ 0x2
   161                           	global	display@data
   162  0072                     display@data:	; 1 bytes @ 0x2
   163                           	global	adc@high
   164  0072                     adc@high:	; 2 bytes @ 0x2
   165                           	global	___awdiv@dividend
   166  0072                     ___awdiv@dividend:	; 2 bytes @ 0x2
   167                           	global	___awmod@dividend
   168  0072                     ___awmod@dividend:	; 2 bytes @ 0x2
   169  0072                     	ds	2
   170                           	global	??___awdiv
   171  0074                     ??___awdiv:	; 0 bytes @ 0x4
   172                           	global	??___awmod
   173  0074                     ??___awmod:	; 0 bytes @ 0x4
   174                           	global	adc@low
   175  0074                     adc@low:	; 2 bytes @ 0x4
   176  0074                     	ds	1
   177                           	global	___awdiv@counter
   178  0075                     ___awdiv@counter:	; 1 bytes @ 0x5
   179                           	global	___awmod@counter
   180  0075                     ___awmod@counter:	; 1 bytes @ 0x5
   181  0075                     	ds	1
   182                           	global	___awdiv@sign
   183  0076                     ___awdiv@sign:	; 1 bytes @ 0x6
   184                           	global	___awmod@sign
   185  0076                     ___awmod@sign:	; 1 bytes @ 0x6
   186  0076                     	ds	1
   187                           	global	___awdiv@quotient
   188  0077                     ___awdiv@quotient:	; 2 bytes @ 0x7
   189  0077                     	ds	2
   190                           	global	??_main
   191  0079                     ??_main:	; 0 bytes @ 0x9
   192                           	global	main@i
   193  0079                     main@i:	; 2 bytes @ 0x9
   194  0079                     	ds	2
   195 ;;Data sizes: Strings 0, constant 0, data 0, bss 2, persistent 0 stack 0
   196 ;;Auto spaces:   Size  Autos    Used
   197 ;; COMMON          14     11      13
   198 ;; BANK0           80      0       0
   199 ;; BANK1           80      0       0
   200 ;; BANK3           96      0       0
   201 ;; BANK2           96      0       0
   202                           
   203 ;;
   204 ;; Pointer list with targets:
   205                           
   206 ;; ?___awdiv	int  size(1) Largest target is 0
   207 ;;
   208 ;; ?___awmod	int  size(1) Largest target is 0
   209 ;;
   210 ;; ?_adc	int  size(1) Largest target is 0
   211 ;;
   212                           
   213                           
   214 ;;
   215 ;; Critical Paths under _main in COMMON
   216 ;;
   217 ;;   _main->___awdiv
   218 ;;   _pulse->_delay
   219 ;;
   220 ;; Critical Paths under _main in BANK0
   221 ;;
   222 ;;   None.
   223 ;;
   224 ;; Critical Paths under _main in BANK1
   225 ;;
   226 ;;   None.
   227 ;;
   228 ;; Critical Paths under _main in BANK3
   229 ;;
   230 ;;   None.
   231 ;;
   232 ;; Critical Paths under _main in BANK2
   233 ;;
   234 ;;   None.
   235                           
   236 ;;
   237 ;;Main: autosize = 0, tempsize = 0, incstack = 0, save=0
   238 ;;
   239                           
   240 ;;
   241 ;;Call Graph Tables:
   242 ;;
   243 ;; ---------------------------------------------------------------------------------
   244 ;; (Depth) Function   	        Calls       Base Space   Used Autos Params    Refs
   245 ;; ---------------------------------------------------------------------------------
   246 ;; (0) _main                                                 2     2      0     645
   247 ;;                                              9 COMMON     2     2      0
   248 ;;                                 _on
   249 ;;                               _type
   250 ;;                                _adc
   251 ;;                            _address
   252 ;;                            ___awmod
   253 ;;                            _display
   254 ;;                            ___awdiv
   255 ;; ---------------------------------------------------------------------------------
   256 ;; (1) _display                                              1     1      0      30
   257 ;;                                              2 COMMON     1     1      0
   258 ;;                              _pulse
   259 ;; ---------------------------------------------------------------------------------
   260 ;; (1) _address                                              1     1      0      30
   261 ;;                                              2 COMMON     1     1      0
   262 ;;                              _pulse
   263 ;; ---------------------------------------------------------------------------------
   264 ;; (1) _type                                                 0     0      0      15
   265 ;;                              _pulse
   266 ;; ---------------------------------------------------------------------------------
   267 ;; (1) _on                                                   0     0      0      15
   268 ;;                              _pulse
   269 ;; ---------------------------------------------------------------------------------
   270 ;; (2) _pulse                                                0     0      0      15
   271 ;;                              _delay
   272 ;; ---------------------------------------------------------------------------------
   273 ;; (1) ___awmod                                              7     3      4     195
   274 ;;                                              0 COMMON     7     3      4
   275 ;; ---------------------------------------------------------------------------------
   276 ;; (1) ___awdiv                                              9     5      4     195
   277 ;;                                              0 COMMON     9     5      4
   278 ;; ---------------------------------------------------------------------------------
   279 ;; (3) _delay                                                2     0      2      15
   280 ;;                                              0 COMMON     2     0      2
   281 ;; ---------------------------------------------------------------------------------
   282 ;; (1) _adc                                                  6     6      0     120
   283 ;;                                              0 COMMON     6     6      0
   284 ;; ---------------------------------------------------------------------------------
   285 ;; Estimated maximum stack depth 3
   286 ;; ---------------------------------------------------------------------------------
   287                           
   288 ;; Call Graph Graphs:
   289                           
   290 ;; _main (ROOT)
   291 ;;   _on
   292 ;;     _pulse
   293 ;;       _delay
   294 ;;   _type
   295 ;;     _pulse
   296 ;;       _delay
   297 ;;   _adc
   298 ;;   _address
   299 ;;     _pulse
   300 ;;       _delay
   301 ;;   ___awmod
   302 ;;   _display
   303 ;;     _pulse
   304 ;;       _delay
   305 ;;   ___awdiv
   306 ;;
   307                           
   308 ;; Address spaces:
   309                           
   310 ;;Name               Size   Autos  Total    Cost      Usage
   311 ;;BITCOMMON            E      0       0       0        0.0%
   312 ;;EEDATA             100      0       0       0        0.0%
   313 ;;NULL                 0      0       0       0        0.0%
   314 ;;CODE                 0      0       0       0        0.0%
   315 ;;COMMON               E      B       D       1       92.9%
   316 ;;BITSFR0              0      0       0       1        0.0%
   317 ;;SFR0                 0      0       0       1        0.0%
   318 ;;BITSFR1              0      0       0       2        0.0%
   319 ;;SFR1                 0      0       0       2        0.0%
   320 ;;STACK                0      0       3       2        0.0%
   321 ;;ABS                  0      0       D       3        0.0%
   322 ;;BITBANK0            50      0       0       4        0.0%
   323 ;;BITSFR3              0      0       0       4        0.0%
   324 ;;SFR3                 0      0       0       4        0.0%
   325 ;;BANK0               50      0       0       5        0.0%
   326 ;;BITSFR2              0      0       0       5        0.0%
   327 ;;SFR2                 0      0       0       5        0.0%
   328 ;;BITBANK1            50      0       0       6        0.0%
   329 ;;BANK1               50      0       0       7        0.0%
   330 ;;BITBANK3            60      0       0       8        0.0%
   331 ;;BANK3               60      0       0       9        0.0%
   332 ;;BITBANK2            60      0       0      10        0.0%
   333 ;;BANK2               60      0       0      11        0.0%
   334 ;;DATA                 0      0      10      12        0.0%
   335                           
   336                           	global	_main
   337                           psect	maintext,global,class=CODE,delta=2
   338                           global __pmaintext
   339  078C                     __pmaintext:
   340                           
   341 ;; *************** function _main *****************
   342 ;; Defined at:
   343 ;;		line 64 in file "E:\KTU\Softwares\MP lab\ADC\Adcpin10\adc10.c"
   344 ;; Parameters:    Size  Location     Type
   345 ;;		None
   346 ;; Auto vars:     Size  Location     Type
   347 ;;  i               2    9[COMMON] int 
   348 ;; Return value:  Size  Location     Type
   349 ;;		None               void
   350 ;; Registers used:
   351 ;;		wreg, status,2, status,0, pclath, cstack
   352 ;; Tracked objects:
   353 ;;		On entry : 17F/0
   354 ;;		On exit  : 0/0
   355 ;;		Unchanged: 0/0
   356 ;; Data sizes:     COMMON   BANK0   BANK1   BANK3   BANK2
   357 ;;      Params:         0       0       0       0       0
   358 ;;      Locals:         2       0       0       0       0
   359 ;;      Temps:          0       0       0       0       0
   360 ;;      Totals:         2       0       0       0       0
   361 ;;Total ram usage:        2 bytes
   362 ;; Hardware stack levels required when called:    3
   363 ;; This function calls:
   364 ;;		_on
   365 ;;		_type
   366 ;;		_adc
   367 ;;		_address
   368 ;;		___awmod
   369 ;;		_display
   370 ;;		___awdiv
   371 ;; This function is called by:
   372 ;;		Startup code after reset
   373 ;; This function uses a non-reentrant model
   374 ;;
   375                           psect	maintext
   376                           	file	"E:\KTU\Softwares\MP lab\ADC\Adcpin10\adc10.c"
   377                           	line	64
   378                           	global	__size_of_main
   379  0074                     	__size_of_main	equ	__end_of_main-_main
   380                           	
   381  078C                     _main:	
   382                           	opt	stack 5
   383                           ; Regs used in _main: [wreg+status,2+status,0+pclath+cstack]
   384                           	line	65
   385                           	
   386  078C                     l2282:	
   387                           ;adc10.c: 65: PORTB=0X00;
   388  078C  1283               	bcf	status, 5	;RP0=0, select bank0
   389  078D  1303               	bcf	status, 6	;RP1=0, select bank0
   390  078E  0186               	clrf	(6)	;volatile
   391                           	line	66
   392                           	
   393  078F                     l2284:	
   394                           ;adc10.c: 66: TRISB=0X02;
   395  078F  3002               	movlw	(02h)
   396  0790  1683               	bsf	status, 5	;RP0=1, select bank1
   397  0791  1303               	bcf	status, 6	;RP1=0, select bank1
   398  0792  0086               	movwf	(134)^080h	;volatile
   399                           	line	67
   400                           	
   401  0793                     l2286:	
   402                           ;adc10.c: 67: PORTC=0X00;
   403  0793  1283               	bcf	status, 5	;RP0=0, select bank0
   404  0794  1303               	bcf	status, 6	;RP1=0, select bank0
   405  0795  0187               	clrf	(7)	;volatile
   406                           	line	68
   407                           	
   408  0796                     l2288:	
   409                           ;adc10.c: 68: TRISC=0X00;
   410  0796  1683               	bsf	status, 5	;RP0=1, select bank1
   411  0797  1303               	bcf	status, 6	;RP1=0, select bank1
   412  0798  0187               	clrf	(135)^080h	;volatile
   413                           	line	69
   414                           	
   415  0799                     l2290:	
   416                           ;adc10.c: 69: PORTD=0X00;
   417  0799  1283               	bcf	status, 5	;RP0=0, select bank0
   418  079A  1303               	bcf	status, 6	;RP1=0, select bank0
   419  079B  0188               	clrf	(8)	;volatile
   420                           	line	70
   421                           	
   422  079C                     l2292:	
   423                           ;adc10.c: 70: TRISD=0X00;
   424  079C  1683               	bsf	status, 5	;RP0=1, select bank1
   425  079D  1303               	bcf	status, 6	;RP1=0, select bank1
   426  079E  0188               	clrf	(136)^080h	;volatile
   427                           	line	71
   428                           	
   429  079F                     l2294:	
   430                           ;adc10.c: 71: ANSEL=0X00;
   431  079F  1683               	bsf	status, 5	;RP0=1, select bank3
   432  07A0  1703               	bsf	status, 6	;RP1=1, select bank3
   433  07A1  0188               	clrf	(392)^0180h	;volatile
   434                           	line	72
   435                           ;adc10.c: 72: ANSELH=0X04;
   436  07A2  3004               	movlw	(04h)
   437  07A3  0089               	movwf	(393)^0180h	;volatile
   438                           	line	73
   439                           	
   440  07A4                     l2296:	
   441                           ;adc10.c: 73: on();
   442  07A4  120A  118A  25F3   	fcall	_on
              120A  118A         
   443                           	line	74
   444                           	
   445  07A9                     l2298:	
   446                           ;adc10.c: 74: type();
   447  07A9  120A  118A  25FF   	fcall	_type
              120A  118A         
   448  07AE  2FAF               	goto	l2300
   449                           	line	75
   450                           ;adc10.c: 75: while(1)
   451                           	
   452  07AF                     l1058:	
   453                           	line	77
   454                           	
   455  07AF                     l2300:	
   456                           ;adc10.c: 76: {
   457                           ;adc10.c: 77: adc();
   458  07AF  120A  118A  2652   	fcall	_adc
              120A  118A         
   459                           	line	78
   460                           	
   461  07B4                     l2302:	
   462                           ;adc10.c: 78: for(int i=3;i>=0;i--)
   463  07B4  3003               	movlw	low(03h)
   464  07B5  00F9               	movwf	(main@i)
   465  07B6  3000               	movlw	high(03h)
   466  07B7  00FA               	movwf	((main@i))+1
   467                           	
   468  07B8                     l2304:	
   469  07B8  1FFA               	btfss	(main@i+1),7
   470  07B9  2FBB               	goto	u2201
   471  07BA  2FBC               	goto	u2200
   472  07BB                     u2201:
   473  07BB  2FBE               	goto	l2308
   474  07BC                     u2200:
   475  07BC  2FAF               	goto	l2300
   476                           	
   477  07BD                     l2306:	
   478  07BD  2FAF               	goto	l2300
   479                           	line	79
   480                           	
   481  07BE                     l1059:	
   482                           	line	80
   483                           	
   484  07BE                     l2308:	
   485                           ;adc10.c: 79: {
   486                           ;adc10.c: 80: address(0X80+i);
   487  07BE  0879               	movf	(main@i),w
   488  07BF  3E80               	addlw	080h
   489  07C0  120A  118A  260B   	fcall	_address
              120A  118A         
   490                           	line	81
   491                           ;adc10.c: 81: display(0X30+(tot%10));
   492  07C5  300A               	movlw	low(0Ah)
   493  07C6  00F0               	movwf	(?___awmod)
   494  07C7  3000               	movlw	high(0Ah)
   495  07C8  00F1               	movwf	((?___awmod))+1
   496  07C9  087C               	movf	(_tot+1),w
   497  07CA  01F3               	clrf	1+(?___awmod)+02h
   498  07CB  07F3               	addwf	1+(?___awmod)+02h
   499  07CC  087B               	movf	(_tot),w
   500  07CD  01F2               	clrf	0+(?___awmod)+02h
   501  07CE  07F2               	addwf	0+(?___awmod)+02h
   502                           
   503  07CF  120A  118A  26B2   	fcall	___awmod
              120A  118A         
   504  07D4  0870               	movf	(0+(?___awmod)),w
   505  07D5  3E30               	addlw	030h
   506  07D6  120A  118A  2618   	fcall	_display
              120A  118A         
   507                           	line	82
   508                           ;adc10.c: 82: tot=tot/10;
   509  07DB  300A               	movlw	low(0Ah)
   510  07DC  00F0               	movwf	(?___awdiv)
   511  07DD  3000               	movlw	high(0Ah)
   512  07DE  00F1               	movwf	((?___awdiv))+1
   513  07DF  087C               	movf	(_tot+1),w
   514  07E0  01F3               	clrf	1+(?___awdiv)+02h
   515  07E1  07F3               	addwf	1+(?___awdiv)+02h
   516  07E2  087B               	movf	(_tot),w
   517  07E3  01F2               	clrf	0+(?___awdiv)+02h
   518  07E4  07F2               	addwf	0+(?___awdiv)+02h
   519                           
   520  07E5  120A  118A  2718   	fcall	___awdiv
              120A  118A         
   521  07EA  0871               	movf	(1+(?___awdiv)),w
   522  07EB  01FC               	clrf	(_tot+1)
   523  07EC  07FC               	addwf	(_tot+1)
   524  07ED  0870               	movf	(0+(?___awdiv)),w
   525  07EE  01FB               	clrf	(_tot)
   526  07EF  07FB               	addwf	(_tot)
   527                           
   528                           	line	78
   529                           	
   530  07F0                     l2310:	
   531  07F0  30FF               	movlw	low(-1)
   532  07F1  07F9               	addwf	(main@i),f
   533  07F2  1803               	skipnc
   534  07F3  0AFA               	incf	(main@i+1),f
   535  07F4  30FF               	movlw	high(-1)
   536  07F5  07FA               	addwf	(main@i+1),f
   537                           	
   538  07F6                     l2312:	
   539  07F6  1FFA               	btfss	(main@i+1),7
   540  07F7  2FF9               	goto	u2211
   541  07F8  2FFA               	goto	u2210
   542  07F9                     u2211:
   543  07F9  2FBE               	goto	l2308
   544  07FA                     u2210:
   545  07FA  2FAF               	goto	l2300
   546                           	
   547  07FB                     l1060:	
   548  07FB  2FAF               	goto	l2300
   549                           	line	84
   550                           	
   551  07FC                     l1061:	
   552                           	line	75
   553  07FC  2FAF               	goto	l2300
   554                           	
   555  07FD                     l1062:	
   556                           	line	85
   557                           	
   558  07FD                     l1063:	
   559                           	global	start
   560  07FD  120A  118A  2800   	ljmp	start
   561                           	opt stack 0
   562                           GLOBAL	__end_of_main
   563  0800                     	__end_of_main:
   564 ;; =============== function _main ends ============
   565                           
   566                           	signat	_main,88
   567                           	global	_display
   568                           psect	text137,local,class=CODE,delta=2
   569                           global __ptext137
   570  0618                     __ptext137:
   571                           
   572 ;; *************** function _display *****************
   573 ;; Defined at:
   574 ;;		line 57 in file "E:\KTU\Softwares\MP lab\ADC\Adcpin10\adc10.c"
   575 ;; Parameters:    Size  Location     Type
   576 ;;  data            1    wreg     unsigned char 
   577 ;; Auto vars:     Size  Location     Type
   578 ;;  data            1    2[COMMON] unsigned char 
   579 ;; Return value:  Size  Location     Type
   580 ;;		None               void
   581 ;; Registers used:
   582 ;;		wreg, status,2, status,0, pclath, cstack
   583 ;; Tracked objects:
   584 ;;		On entry : 0/0
   585 ;;		On exit  : 0/0
   586 ;;		Unchanged: 0/0
   587 ;; Data sizes:     COMMON   BANK0   BANK1   BANK3   BANK2
   588 ;;      Params:         0       0       0       0       0
   589 ;;      Locals:         1       0       0       0       0
   590 ;;      Temps:          0       0       0       0       0
   591 ;;      Totals:         1       0       0       0       0
   592 ;;Total ram usage:        1 bytes
   593 ;; Hardware stack levels used:    1
   594 ;; Hardware stack levels required when called:    2
   595 ;; This function calls:
   596 ;;		_pulse
   597 ;; This function is called by:
   598 ;;		_main
   599 ;; This function uses a non-reentrant model
   600 ;;
   601                           psect	text137
   602                           	file	"E:\KTU\Softwares\MP lab\ADC\Adcpin10\adc10.c"
   603                           	line	57
   604                           	global	__size_of_display
   605  000D                     	__size_of_display	equ	__end_of_display-_display
   606                           	
   607  0618                     _display:	
   608                           	opt	stack 5
   609                           ; Regs used in _display: [wreg+status,2+status,0+pclath+cstack]
   610                           ;display@data stored from wreg
   611  0618  00F2               	movwf	(display@data)
   612                           	line	58
   613                           	
   614  0619                     l2276:	
   615                           ;adc10.c: 58: RD0=1;
   616  0619  1283               	bcf	status, 5	;RP0=0, select bank0
   617  061A  1303               	bcf	status, 6	;RP1=0, select bank0
   618  061B  1408               	bsf	(64/8),(64)&7
   619                           	line	59
   620                           ;adc10.c: 59: RD1=0;
   621  061C  1088               	bcf	(65/8),(65)&7
   622                           	line	60
   623                           	
   624  061D                     l2278:	
   625                           ;adc10.c: 60: PORTC=data;
   626  061D  0872               	movf	(display@data),w
   627  061E  0087               	movwf	(7)	;volatile
   628                           	line	61
   629                           	
   630  061F                     l2280:	
   631                           ;adc10.c: 61: pulse();
   632  061F  120A  118A  2639   	fcall	_pulse
              120A  118A         
   633                           	line	62
   634                           	
   635  0624                     l1055:	
   636  0624  0008               	return
   637                           	opt stack 0
   638                           GLOBAL	__end_of_display
   639  0625                     	__end_of_display:
   640 ;; =============== function _display ends ============
   641                           
   642                           	signat	_display,4216
   643                           	global	_address
   644                           psect	text138,local,class=CODE,delta=2
   645                           global __ptext138
   646  060B                     __ptext138:
   647                           
   648 ;; *************** function _address *****************
   649 ;; Defined at:
   650 ;;		line 50 in file "E:\KTU\Softwares\MP lab\ADC\Adcpin10\adc10.c"
   651 ;; Parameters:    Size  Location     Type
   652 ;;  data            1    wreg     unsigned char 
   653 ;; Auto vars:     Size  Location     Type
   654 ;;  data            1    2[COMMON] unsigned char 
   655 ;; Return value:  Size  Location     Type
   656 ;;		None               void
   657 ;; Registers used:
   658 ;;		wreg, status,2, status,0, pclath, cstack
   659 ;; Tracked objects:
   660 ;;		On entry : 0/0
   661 ;;		On exit  : 0/0
   662 ;;		Unchanged: 0/0
   663 ;; Data sizes:     COMMON   BANK0   BANK1   BANK3   BANK2
   664 ;;      Params:         0       0       0       0       0
   665 ;;      Locals:         1       0       0       0       0
   666 ;;      Temps:          0       0       0       0       0
   667 ;;      Totals:         1       0       0       0       0
   668 ;;Total ram usage:        1 bytes
   669 ;; Hardware stack levels used:    1
   670 ;; Hardware stack levels required when called:    2
   671 ;; This function calls:
   672 ;;		_pulse
   673 ;; This function is called by:
   674 ;;		_main
   675 ;; This function uses a non-reentrant model
   676 ;;
   677                           psect	text138
   678                           	file	"E:\KTU\Softwares\MP lab\ADC\Adcpin10\adc10.c"
   679                           	line	50
   680                           	global	__size_of_address
   681  000D                     	__size_of_address	equ	__end_of_address-_address
   682                           	
   683  060B                     _address:	
   684                           	opt	stack 5
   685                           ; Regs used in _address: [wreg+status,2+status,0+pclath+cstack]
   686                           ;address@data stored from wreg
   687  060B  00F2               	movwf	(address@data)
   688                           	line	51
   689                           	
   690  060C                     l2270:	
   691                           ;adc10.c: 51: RD0=0;
   692  060C  1283               	bcf	status, 5	;RP0=0, select bank0
   693  060D  1303               	bcf	status, 6	;RP1=0, select bank0
   694  060E  1008               	bcf	(64/8),(64)&7
   695                           	line	52
   696                           ;adc10.c: 52: RD1=0;
   697  060F  1088               	bcf	(65/8),(65)&7
   698                           	line	53
   699                           	
   700  0610                     l2272:	
   701                           ;adc10.c: 53: PORTC= data;
   702  0610  0872               	movf	(address@data),w
   703  0611  0087               	movwf	(7)	;volatile
   704                           	line	54
   705                           	
   706  0612                     l2274:	
   707                           ;adc10.c: 54: pulse();
   708  0612  120A  118A  2639   	fcall	_pulse
              120A  118A         
   709                           	line	55
   710                           	
   711  0617                     l1052:	
   712  0617  0008               	return
   713                           	opt stack 0
   714                           GLOBAL	__end_of_address
   715  0618                     	__end_of_address:
   716 ;; =============== function _address ends ============
   717                           
   718                           	signat	_address,4216
   719                           	global	_type
   720                           psect	text139,local,class=CODE,delta=2
   721                           global __ptext139
   722  05FF                     __ptext139:
   723                           
   724 ;; *************** function _type *****************
   725 ;; Defined at:
   726 ;;		line 43 in file "E:\KTU\Softwares\MP lab\ADC\Adcpin10\adc10.c"
   727 ;; Parameters:    Size  Location     Type
   728 ;;		None
   729 ;; Auto vars:     Size  Location     Type
   730 ;;		None
   731 ;; Return value:  Size  Location     Type
   732 ;;		None               void
   733 ;; Registers used:
   734 ;;		wreg, status,2, status,0, pclath, cstack
   735 ;; Tracked objects:
   736 ;;		On entry : 0/0
   737 ;;		On exit  : 0/0
   738 ;;		Unchanged: 0/0
   739 ;; Data sizes:     COMMON   BANK0   BANK1   BANK3   BANK2
   740 ;;      Params:         0       0       0       0       0
   741 ;;      Locals:         0       0       0       0       0
   742 ;;      Temps:          0       0       0       0       0
   743 ;;      Totals:         0       0       0       0       0
   744 ;;Total ram usage:        0 bytes
   745 ;; Hardware stack levels used:    1
   746 ;; Hardware stack levels required when called:    2
   747 ;; This function calls:
   748 ;;		_pulse
   749 ;; This function is called by:
   750 ;;		_main
   751 ;; This function uses a non-reentrant model
   752 ;;
   753                           psect	text139
   754                           	file	"E:\KTU\Softwares\MP lab\ADC\Adcpin10\adc10.c"
   755                           	line	43
   756                           	global	__size_of_type
   757  000C                     	__size_of_type	equ	__end_of_type-_type
   758                           	
   759  05FF                     _type:	
   760                           	opt	stack 5
   761                           ; Regs used in _type: [wreg+status,2+status,0+pclath+cstack]
   762                           	line	44
   763                           	
   764  05FF                     l2264:	
   765                           ;adc10.c: 44: RD0=0;
   766  05FF  1283               	bcf	status, 5	;RP0=0, select bank0
   767  0600  1303               	bcf	status, 6	;RP1=0, select bank0
   768  0601  1008               	bcf	(64/8),(64)&7
   769                           	line	45
   770                           ;adc10.c: 45: RD1=0;
   771  0602  1088               	bcf	(65/8),(65)&7
   772                           	line	46
   773                           	
   774  0603                     l2266:	
   775                           ;adc10.c: 46: PORTC=0X38;
   776  0603  3038               	movlw	(038h)
   777  0604  0087               	movwf	(7)	;volatile
   778                           	line	47
   779                           	
   780  0605                     l2268:	
   781                           ;adc10.c: 47: pulse();
   782  0605  120A  118A  2639   	fcall	_pulse
              120A  118A         
   783                           	line	48
   784                           	
   785  060A                     l1049:	
   786  060A  0008               	return
   787                           	opt stack 0
   788                           GLOBAL	__end_of_type
   789  060B                     	__end_of_type:
   790 ;; =============== function _type ends ============
   791                           
   792                           	signat	_type,88
   793                           	global	_on
   794                           psect	text140,local,class=CODE,delta=2
   795                           global __ptext140
   796  05F3                     __ptext140:
   797                           
   798 ;; *************** function _on *****************
   799 ;; Defined at:
   800 ;;		line 36 in file "E:\KTU\Softwares\MP lab\ADC\Adcpin10\adc10.c"
   801 ;; Parameters:    Size  Location     Type
   802 ;;		None
   803 ;; Auto vars:     Size  Location     Type
   804 ;;		None
   805 ;; Return value:  Size  Location     Type
   806 ;;		None               void
   807 ;; Registers used:
   808 ;;		wreg, status,2, status,0, pclath, cstack
   809 ;; Tracked objects:
   810 ;;		On entry : 0/0
   811 ;;		On exit  : 0/0
   812 ;;		Unchanged: 0/0
   813 ;; Data sizes:     COMMON   BANK0   BANK1   BANK3   BANK2
   814 ;;      Params:         0       0       0       0       0
   815 ;;      Locals:         0       0       0       0       0
   816 ;;      Temps:          0       0       0       0       0
   817 ;;      Totals:         0       0       0       0       0
   818 ;;Total ram usage:        0 bytes
   819 ;; Hardware stack levels used:    1
   820 ;; Hardware stack levels required when called:    2
   821 ;; This function calls:
   822 ;;		_pulse
   823 ;; This function is called by:
   824 ;;		_main
   825 ;; This function uses a non-reentrant model
   826 ;;
   827                           psect	text140
   828                           	file	"E:\KTU\Softwares\MP lab\ADC\Adcpin10\adc10.c"
   829                           	line	36
   830                           	global	__size_of_on
   831  000C                     	__size_of_on	equ	__end_of_on-_on
   832                           	
   833  05F3                     _on:	
   834                           	opt	stack 5
   835                           ; Regs used in _on: [wreg+status,2+status,0+pclath+cstack]
   836                           	line	37
   837                           	
   838  05F3                     l2258:	
   839                           ;adc10.c: 37: RD0=0;
   840  05F3  1283               	bcf	status, 5	;RP0=0, select bank0
   841  05F4  1303               	bcf	status, 6	;RP1=0, select bank0
   842  05F5  1008               	bcf	(64/8),(64)&7
   843                           	line	38
   844                           ;adc10.c: 38: RD1=0;
   845  05F6  1088               	bcf	(65/8),(65)&7
   846                           	line	39
   847                           	
   848  05F7                     l2260:	
   849                           ;adc10.c: 39: PORTC=0X0E;
   850  05F7  300E               	movlw	(0Eh)
   851  05F8  0087               	movwf	(7)	;volatile
   852                           	line	40
   853                           	
   854  05F9                     l2262:	
   855                           ;adc10.c: 40: pulse();
   856  05F9  120A  118A  2639   	fcall	_pulse
              120A  118A         
   857                           	line	41
   858                           	
   859  05FE                     l1046:	
   860  05FE  0008               	return
   861                           	opt stack 0
   862                           GLOBAL	__end_of_on
   863  05FF                     	__end_of_on:
   864 ;; =============== function _on ends ============
   865                           
   866                           	signat	_on,88
   867                           	global	_pulse
   868                           psect	text141,local,class=CODE,delta=2
   869                           global __ptext141
   870  0639                     __ptext141:
   871                           
   872 ;; *************** function _pulse *****************
   873 ;; Defined at:
   874 ;;		line 29 in file "E:\KTU\Softwares\MP lab\ADC\Adcpin10\adc10.c"
   875 ;; Parameters:    Size  Location     Type
   876 ;;		None
   877 ;; Auto vars:     Size  Location     Type
   878 ;;		None
   879 ;; Return value:  Size  Location     Type
   880 ;;		None               void
   881 ;; Registers used:
   882 ;;		wreg, status,2, status,0, pclath, cstack
   883 ;; Tracked objects:
   884 ;;		On entry : 0/0
   885 ;;		On exit  : 0/0
   886 ;;		Unchanged: 0/0
   887 ;; Data sizes:     COMMON   BANK0   BANK1   BANK3   BANK2
   888 ;;      Params:         0       0       0       0       0
   889 ;;      Locals:         0       0       0       0       0
   890 ;;      Temps:          0       0       0       0       0
   891 ;;      Totals:         0       0       0       0       0
   892 ;;Total ram usage:        0 bytes
   893 ;; Hardware stack levels used:    1
   894 ;; Hardware stack levels required when called:    1
   895 ;; This function calls:
   896 ;;		_delay
   897 ;; This function is called by:
   898 ;;		_on
   899 ;;		_type
   900 ;;		_address
   901 ;;		_display
   902 ;; This function uses a non-reentrant model
   903 ;;
   904                           psect	text141
   905                           	file	"E:\KTU\Softwares\MP lab\ADC\Adcpin10\adc10.c"
   906                           	line	29
   907                           	global	__size_of_pulse
   908  0019                     	__size_of_pulse	equ	__end_of_pulse-_pulse
   909                           	
   910  0639                     _pulse:	
   911                           	opt	stack 5
   912                           ; Regs used in _pulse: [wreg+status,2+status,0+pclath+cstack]
   913                           	line	30
   914                           	
   915  0639                     l2252:	
   916                           ;adc10.c: 30: RD2=1;
   917  0639  1283               	bcf	status, 5	;RP0=0, select bank0
   918  063A  1303               	bcf	status, 6	;RP1=0, select bank0
   919  063B  1508               	bsf	(66/8),(66)&7
   920                           	line	31
   921                           	
   922  063C                     l2254:	
   923                           ;adc10.c: 31: delay(100);
   924  063C  3064               	movlw	low(064h)
   925  063D  00F0               	movwf	(?_delay)
   926  063E  3000               	movlw	high(064h)
   927  063F  00F1               	movwf	((?_delay))+1
   928  0640  120A  118A  2625   	fcall	_delay
              120A  118A         
   929                           	line	32
   930                           	
   931  0645                     l2256:	
   932                           ;adc10.c: 32: RD2=0;
   933  0645  1283               	bcf	status, 5	;RP0=0, select bank0
   934  0646  1303               	bcf	status, 6	;RP1=0, select bank0
   935  0647  1108               	bcf	(66/8),(66)&7
   936                           	line	33
   937                           ;adc10.c: 33: delay(100);
   938  0648  3064               	movlw	low(064h)
   939  0649  00F0               	movwf	(?_delay)
   940  064A  3000               	movlw	high(064h)
   941  064B  00F1               	movwf	((?_delay))+1
   942  064C  120A  118A  2625   	fcall	_delay
              120A  118A         
   943                           	line	34
   944                           	
   945  0651                     l1043:	
   946  0651  0008               	return
   947                           	opt stack 0
   948                           GLOBAL	__end_of_pulse
   949  0652                     	__end_of_pulse:
   950 ;; =============== function _pulse ends ============
   951                           
   952                           	signat	_pulse,88
   953                           	global	___awmod
   954                           psect	text142,local,class=CODE,delta=2
   955                           global __ptext142
   956  06B2                     __ptext142:
   957                           
   958 ;; *************** function ___awmod *****************
   959 ;; Defined at:
   960 ;;		line 5 in file "C:\Program Files (x86)\HI-TECH Software\PICC\9.81\sources\awmod.c"
   961 ;; Parameters:    Size  Location     Type
   962 ;;  divisor         2    0[COMMON] int 
   963 ;;  dividend        2    2[COMMON] int 
   964 ;; Auto vars:     Size  Location     Type
   965 ;;  sign            1    6[COMMON] unsigned char 
   966 ;;  counter         1    5[COMMON] unsigned char 
   967 ;; Return value:  Size  Location     Type
   968 ;;                  2    0[COMMON] int 
   969 ;; Registers used:
   970 ;;		wreg, status,2, status,0
   971 ;; Tracked objects:
   972 ;;		On entry : 0/0
   973 ;;		On exit  : 0/0
   974 ;;		Unchanged: 0/0
   975 ;; Data sizes:     COMMON   BANK0   BANK1   BANK3   BANK2
   976 ;;      Params:         4       0       0       0       0
   977 ;;      Locals:         2       0       0       0       0
   978 ;;      Temps:          1       0       0       0       0
   979 ;;      Totals:         7       0       0       0       0
   980 ;;Total ram usage:        7 bytes
   981 ;; Hardware stack levels used:    1
   982 ;; This function calls:
   983 ;;		Nothing
   984 ;; This function is called by:
   985 ;;		_main
   986 ;; This function uses a non-reentrant model
   987 ;;
   988                           psect	text142
   989                           	file	"C:\Program Files (x86)\HI-TECH Software\PICC\9.81\sources\awmod.c"
   990                           	line	5
   991                           	global	__size_of___awmod
   992  0066                     	__size_of___awmod	equ	__end_of___awmod-___awmod
   993                           	
   994  06B2                     ___awmod:	
   995                           	opt	stack 7
   996                           ; Regs used in ___awmod: [wreg+status,2+status,0]
   997                           	line	8
   998                           	
   999  06B2                     l1990:	
  1000  06B2  01F6               	clrf	(___awmod@sign)
  1001                           	line	9
  1002  06B3  1FF3               	btfss	(___awmod@dividend+1),7
  1003  06B4  2EB6               	goto	u1541
  1004  06B5  2EB7               	goto	u1540
  1005  06B6                     u1541:
  1006  06B6  2EC0               	goto	l1994
  1007  06B7                     u1540:
  1008                           	line	10
  1009                           	
  1010  06B7                     l1992:	
  1011  06B7  09F2               	comf	(___awmod@dividend),f
  1012  06B8  09F3               	comf	(___awmod@dividend+1),f
  1013  06B9  0AF2               	incf	(___awmod@dividend),f
  1014  06BA  1903               	skipnz
  1015  06BB  0AF3               	incf	(___awmod@dividend+1),f
  1016                           	line	11
  1017  06BC  01F6               	clrf	(___awmod@sign)
  1018  06BD  1403               	bsf	status,0
  1019  06BE  0DF6               	rlf	(___awmod@sign),f
  1020  06BF  2EC0               	goto	l1994
  1021                           	line	12
  1022                           	
  1023  06C0                     l1280:	
  1024                           	line	13
  1025                           	
  1026  06C0                     l1994:	
  1027  06C0  1FF1               	btfss	(___awmod@divisor+1),7
  1028  06C1  2EC3               	goto	u1551
  1029  06C2  2EC4               	goto	u1550
  1030  06C3                     u1551:
  1031  06C3  2ECA               	goto	l1998
  1032  06C4                     u1550:
  1033                           	line	14
  1034                           	
  1035  06C4                     l1996:	
  1036  06C4  09F0               	comf	(___awmod@divisor),f
  1037  06C5  09F1               	comf	(___awmod@divisor+1),f
  1038  06C6  0AF0               	incf	(___awmod@divisor),f
  1039  06C7  1903               	skipnz
  1040  06C8  0AF1               	incf	(___awmod@divisor+1),f
  1041  06C9  2ECA               	goto	l1998
  1042                           	
  1043  06CA                     l1281:	
  1044                           	line	15
  1045                           	
  1046  06CA                     l1998:	
  1047  06CA  0871               	movf	(___awmod@divisor+1),w
  1048  06CB  0470               	iorwf	(___awmod@divisor),w
  1049  06CC  1903               	skipnz
  1050  06CD  2ECF               	goto	u1561
  1051  06CE  2ED0               	goto	u1560
  1052  06CF                     u1561:
  1053  06CF  2F06               	goto	l2016
  1054  06D0                     u1560:
  1055                           	line	16
  1056                           	
  1057  06D0                     l2000:	
  1058  06D0  01F5               	clrf	(___awmod@counter)
  1059  06D1  1403               	bsf	status,0
  1060  06D2  0DF5               	rlf	(___awmod@counter),f
  1061                           	line	17
  1062  06D3  2EE0               	goto	l2006
  1063                           	
  1064  06D4                     l1284:	
  1065                           	line	18
  1066                           	
  1067  06D4                     l2002:	
  1068  06D4  3001               	movlw	01h
  1069                           	
  1070  06D5                     u1575:
  1071  06D5  1003               	clrc
  1072  06D6  0DF0               	rlf	(___awmod@divisor),f
  1073  06D7  0DF1               	rlf	(___awmod@divisor+1),f
  1074  06D8  3EFF               	addlw	-1
  1075  06D9  1D03               	skipz
  1076  06DA  2ED5               	goto	u1575
  1077                           	line	19
  1078                           	
  1079  06DB                     l2004:	
  1080  06DB  3001               	movlw	(01h)
  1081  06DC  00F4               	movwf	(??___awmod+0)+0
  1082  06DD  0874               	movf	(??___awmod+0)+0,w
  1083  06DE  07F5               	addwf	(___awmod@counter),f
  1084  06DF  2EE0               	goto	l2006
  1085                           	line	20
  1086                           	
  1087  06E0                     l1283:	
  1088                           	line	17
  1089                           	
  1090  06E0                     l2006:	
  1091  06E0  1FF1               	btfss	(___awmod@divisor+1),(15)&7
  1092  06E1  2EE3               	goto	u1581
  1093  06E2  2EE4               	goto	u1580
  1094  06E3                     u1581:
  1095  06E3  2ED4               	goto	l2002
  1096  06E4                     u1580:
  1097  06E4  2EE6               	goto	l2008
  1098                           	
  1099  06E5                     l1285:	
  1100  06E5  2EE6               	goto	l2008
  1101                           	line	21
  1102                           	
  1103  06E6                     l1286:	
  1104                           	line	22
  1105                           	
  1106  06E6                     l2008:	
  1107  06E6  0871               	movf	(___awmod@divisor+1),w
  1108  06E7  0273               	subwf	(___awmod@dividend+1),w
  1109  06E8  1D03               	skipz
  1110  06E9  2EEC               	goto	u1595
  1111  06EA  0870               	movf	(___awmod@divisor),w
  1112  06EB  0272               	subwf	(___awmod@dividend),w
  1113  06EC                     u1595:
  1114  06EC  1C03               	skipc
  1115  06ED  2EEF               	goto	u1591
  1116  06EE  2EF0               	goto	u1590
  1117  06EF                     u1591:
  1118  06EF  2EF7               	goto	l2012
  1119  06F0                     u1590:
  1120                           	line	23
  1121                           	
  1122  06F0                     l2010:	
  1123  06F0  0870               	movf	(___awmod@divisor),w
  1124  06F1  02F2               	subwf	(___awmod@dividend),f
  1125  06F2  0871               	movf	(___awmod@divisor+1),w
  1126  06F3  1C03               	skipc
  1127  06F4  03F3               	decf	(___awmod@dividend+1),f
  1128  06F5  02F3               	subwf	(___awmod@dividend+1),f
  1129  06F6  2EF7               	goto	l2012
  1130                           	
  1131  06F7                     l1287:	
  1132                           	line	24
  1133                           	
  1134  06F7                     l2012:	
  1135  06F7  3001               	movlw	01h
  1136                           	
  1137  06F8                     u1605:
  1138  06F8  1003               	clrc
  1139  06F9  0CF1               	rrf	(___awmod@divisor+1),f
  1140  06FA  0CF0               	rrf	(___awmod@divisor),f
  1141  06FB  3EFF               	addlw	-1
  1142  06FC  1D03               	skipz
  1143  06FD  2EF8               	goto	u1605
  1144                           	line	25
  1145                           	
  1146  06FE                     l2014:	
  1147  06FE  3001               	movlw	low(01h)
  1148  06FF  02F5               	subwf	(___awmod@counter),f
  1149  0700  1D03               	btfss	status,2
  1150  0701  2F03               	goto	u1611
  1151  0702  2F04               	goto	u1610
  1152  0703                     u1611:
  1153  0703  2EE6               	goto	l2008
  1154  0704                     u1610:
  1155  0704  2F06               	goto	l2016
  1156                           	
  1157  0705                     l1288:	
  1158  0705  2F06               	goto	l2016
  1159                           	line	26
  1160                           	
  1161  0706                     l1282:	
  1162                           	line	27
  1163                           	
  1164  0706                     l2016:	
  1165  0706  0876               	movf	(___awmod@sign),w
  1166  0707  1D03               	skipz
  1167  0708  2F0A               	goto	u1620
  1168  0709  2F10               	goto	l2020
  1169  070A                     u1620:
  1170                           	line	28
  1171                           	
  1172  070A                     l2018:	
  1173  070A  09F2               	comf	(___awmod@dividend),f
  1174  070B  09F3               	comf	(___awmod@dividend+1),f
  1175  070C  0AF2               	incf	(___awmod@dividend),f
  1176  070D  1903               	skipnz
  1177  070E  0AF3               	incf	(___awmod@dividend+1),f
  1178  070F  2F10               	goto	l2020
  1179                           	
  1180  0710                     l1289:	
  1181                           	line	29
  1182                           	
  1183  0710                     l2020:	
  1184  0710  0873               	movf	(___awmod@dividend+1),w
  1185  0711  01F1               	clrf	(?___awmod+1)
  1186  0712  07F1               	addwf	(?___awmod+1)
  1187  0713  0872               	movf	(___awmod@dividend),w
  1188  0714  01F0               	clrf	(?___awmod)
  1189  0715  07F0               	addwf	(?___awmod)
  1190                           
  1191  0716  2F17               	goto	l1290
  1192                           	
  1193  0717                     l2022:	
  1194                           	line	30
  1195                           	
  1196  0717                     l1290:	
  1197  0717  0008               	return
  1198                           	opt stack 0
  1199                           GLOBAL	__end_of___awmod
  1200  0718                     	__end_of___awmod:
  1201 ;; =============== function ___awmod ends ============
  1202                           
  1203                           	signat	___awmod,8314
  1204                           	global	___awdiv
  1205                           psect	text143,local,class=CODE,delta=2
  1206                           global __ptext143
  1207  0718                     __ptext143:
  1208                           
  1209 ;; *************** function ___awdiv *****************
  1210 ;; Defined at:
  1211 ;;		line 5 in file "C:\Program Files (x86)\HI-TECH Software\PICC\9.81\sources\awdiv.c"
  1212 ;; Parameters:    Size  Location     Type
  1213 ;;  divisor         2    0[COMMON] int 
  1214 ;;  dividend        2    2[COMMON] int 
  1215 ;; Auto vars:     Size  Location     Type
  1216 ;;  quotient        2    7[COMMON] int 
  1217 ;;  sign            1    6[COMMON] unsigned char 
  1218 ;;  counter         1    5[COMMON] unsigned char 
  1219 ;; Return value:  Size  Location     Type
  1220 ;;                  2    0[COMMON] int 
  1221 ;; Registers used:
  1222 ;;		wreg, status,2, status,0
  1223 ;; Tracked objects:
  1224 ;;		On entry : 0/0
  1225 ;;		On exit  : 0/0
  1226 ;;		Unchanged: 0/0
  1227 ;; Data sizes:     COMMON   BANK0   BANK1   BANK3   BANK2
  1228 ;;      Params:         4       0       0       0       0
  1229 ;;      Locals:         4       0       0       0       0
  1230 ;;      Temps:          1       0       0       0       0
  1231 ;;      Totals:         9       0       0       0       0
  1232 ;;Total ram usage:        9 bytes
  1233 ;; Hardware stack levels used:    1
  1234 ;; This function calls:
  1235 ;;		Nothing
  1236 ;; This function is called by:
  1237 ;;		_main
  1238 ;; This function uses a non-reentrant model
  1239 ;;
  1240                           psect	text143
  1241                           	file	"C:\Program Files (x86)\HI-TECH Software\PICC\9.81\sources\awdiv.c"
  1242                           	line	5
  1243                           	global	__size_of___awdiv
  1244  0074                     	__size_of___awdiv	equ	__end_of___awdiv-___awdiv
  1245                           	
  1246  0718                     ___awdiv:	
  1247                           	opt	stack 7
  1248                           ; Regs used in ___awdiv: [wreg+status,2+status,0]
  1249                           	line	9
  1250                           	
  1251  0718                     l1826:	
  1252  0718  01F6               	clrf	(___awdiv@sign)
  1253                           	line	10
  1254  0719  1FF1               	btfss	(___awdiv@divisor+1),7
  1255  071A  2F1C               	goto	u1071
  1256  071B  2F1D               	goto	u1070
  1257  071C                     u1071:
  1258  071C  2F26               	goto	l1830
  1259  071D                     u1070:
  1260                           	line	11
  1261                           	
  1262  071D                     l1828:	
  1263  071D  09F0               	comf	(___awdiv@divisor),f
  1264  071E  09F1               	comf	(___awdiv@divisor+1),f
  1265  071F  0AF0               	incf	(___awdiv@divisor),f
  1266  0720  1903               	skipnz
  1267  0721  0AF1               	incf	(___awdiv@divisor+1),f
  1268                           	line	12
  1269  0722  01F6               	clrf	(___awdiv@sign)
  1270  0723  1403               	bsf	status,0
  1271  0724  0DF6               	rlf	(___awdiv@sign),f
  1272  0725  2F26               	goto	l1830
  1273                           	line	13
  1274                           	
  1275  0726                     l1212:	
  1276                           	line	14
  1277                           	
  1278  0726                     l1830:	
  1279  0726  1FF3               	btfss	(___awdiv@dividend+1),7
  1280  0727  2F29               	goto	u1081
  1281  0728  2F2A               	goto	u1080
  1282  0729                     u1081:
  1283  0729  2F34               	goto	l1836
  1284  072A                     u1080:
  1285                           	line	15
  1286                           	
  1287  072A                     l1832:	
  1288  072A  09F2               	comf	(___awdiv@dividend),f
  1289  072B  09F3               	comf	(___awdiv@dividend+1),f
  1290  072C  0AF2               	incf	(___awdiv@dividend),f
  1291  072D  1903               	skipnz
  1292  072E  0AF3               	incf	(___awdiv@dividend+1),f
  1293                           	line	16
  1294                           	
  1295  072F                     l1834:	
  1296  072F  3001               	movlw	(01h)
  1297  0730  00F4               	movwf	(??___awdiv+0)+0
  1298  0731  0874               	movf	(??___awdiv+0)+0,w
  1299  0732  06F6               	xorwf	(___awdiv@sign),f
  1300  0733  2F34               	goto	l1836
  1301                           	line	17
  1302                           	
  1303  0734                     l1213:	
  1304                           	line	18
  1305                           	
  1306  0734                     l1836:	
  1307  0734  01F7               	clrf	(___awdiv@quotient)
  1308  0735  01F8               	clrf	(___awdiv@quotient+1)
  1309                           	line	19
  1310                           	
  1311  0736                     l1838:	
  1312  0736  0871               	movf	(___awdiv@divisor+1),w
  1313  0737  0470               	iorwf	(___awdiv@divisor),w
  1314  0738  1903               	skipnz
  1315  0739  2F3B               	goto	u1091
  1316  073A  2F3C               	goto	u1090
  1317  073B                     u1091:
  1318  073B  2F7A               	goto	l1858
  1319  073C                     u1090:
  1320                           	line	20
  1321                           	
  1322  073C                     l1840:	
  1323  073C  01F5               	clrf	(___awdiv@counter)
  1324  073D  1403               	bsf	status,0
  1325  073E  0DF5               	rlf	(___awdiv@counter),f
  1326                           	line	21
  1327  073F  2F4C               	goto	l1846
  1328                           	
  1329  0740                     l1216:	
  1330                           	line	22
  1331                           	
  1332  0740                     l1842:	
  1333  0740  3001               	movlw	01h
  1334                           	
  1335  0741                     u1105:
  1336  0741  1003               	clrc
  1337  0742  0DF0               	rlf	(___awdiv@divisor),f
  1338  0743  0DF1               	rlf	(___awdiv@divisor+1),f
  1339  0744  3EFF               	addlw	-1
  1340  0745  1D03               	skipz
  1341  0746  2F41               	goto	u1105
  1342                           	line	23
  1343                           	
  1344  0747                     l1844:	
  1345  0747  3001               	movlw	(01h)
  1346  0748  00F4               	movwf	(??___awdiv+0)+0
  1347  0749  0874               	movf	(??___awdiv+0)+0,w
  1348  074A  07F5               	addwf	(___awdiv@counter),f
  1349  074B  2F4C               	goto	l1846
  1350                           	line	24
  1351                           	
  1352  074C                     l1215:	
  1353                           	line	21
  1354                           	
  1355  074C                     l1846:	
  1356  074C  1FF1               	btfss	(___awdiv@divisor+1),(15)&7
  1357  074D  2F4F               	goto	u1111
  1358  074E  2F50               	goto	u1110
  1359  074F                     u1111:
  1360  074F  2F40               	goto	l1842
  1361  0750                     u1110:
  1362  0750  2F52               	goto	l1848
  1363                           	
  1364  0751                     l1217:	
  1365  0751  2F52               	goto	l1848
  1366                           	line	25
  1367                           	
  1368  0752                     l1218:	
  1369                           	line	26
  1370                           	
  1371  0752                     l1848:	
  1372  0752  3001               	movlw	01h
  1373                           	
  1374  0753                     u1125:
  1375  0753  1003               	clrc
  1376  0754  0DF7               	rlf	(___awdiv@quotient),f
  1377  0755  0DF8               	rlf	(___awdiv@quotient+1),f
  1378  0756  3EFF               	addlw	-1
  1379  0757  1D03               	skipz
  1380  0758  2F53               	goto	u1125
  1381                           	line	27
  1382  0759  0871               	movf	(___awdiv@divisor+1),w
  1383  075A  0273               	subwf	(___awdiv@dividend+1),w
  1384  075B  1D03               	skipz
  1385  075C  2F5F               	goto	u1135
  1386  075D  0870               	movf	(___awdiv@divisor),w
  1387  075E  0272               	subwf	(___awdiv@dividend),w
  1388  075F                     u1135:
  1389  075F  1C03               	skipc
  1390  0760  2F62               	goto	u1131
  1391  0761  2F63               	goto	u1130
  1392  0762                     u1131:
  1393  0762  2F6B               	goto	l1854
  1394  0763                     u1130:
  1395                           	line	28
  1396                           	
  1397  0763                     l1850:	
  1398  0763  0870               	movf	(___awdiv@divisor),w
  1399  0764  02F2               	subwf	(___awdiv@dividend),f
  1400  0765  0871               	movf	(___awdiv@divisor+1),w
  1401  0766  1C03               	skipc
  1402  0767  03F3               	decf	(___awdiv@dividend+1),f
  1403  0768  02F3               	subwf	(___awdiv@dividend+1),f
  1404                           	line	29
  1405                           	
  1406  0769                     l1852:	
  1407  0769  1477               	bsf	(___awdiv@quotient)+(0/8),(0)&7
  1408  076A  2F6B               	goto	l1854
  1409                           	line	30
  1410                           	
  1411  076B                     l1219:	
  1412                           	line	31
  1413                           	
  1414  076B                     l1854:	
  1415  076B  3001               	movlw	01h
  1416                           	
  1417  076C                     u1145:
  1418  076C  1003               	clrc
  1419  076D  0CF1               	rrf	(___awdiv@divisor+1),f
  1420  076E  0CF0               	rrf	(___awdiv@divisor),f
  1421  076F  3EFF               	addlw	-1
  1422  0770  1D03               	skipz
  1423  0771  2F6C               	goto	u1145
  1424                           	line	32
  1425                           	
  1426  0772                     l1856:	
  1427  0772  3001               	movlw	low(01h)
  1428  0773  02F5               	subwf	(___awdiv@counter),f
  1429  0774  1D03               	btfss	status,2
  1430  0775  2F77               	goto	u1151
  1431  0776  2F78               	goto	u1150
  1432  0777                     u1151:
  1433  0777  2F52               	goto	l1848
  1434  0778                     u1150:
  1435  0778  2F7A               	goto	l1858
  1436                           	
  1437  0779                     l1220:	
  1438  0779  2F7A               	goto	l1858
  1439                           	line	33
  1440                           	
  1441  077A                     l1214:	
  1442                           	line	34
  1443                           	
  1444  077A                     l1858:	
  1445  077A  0876               	movf	(___awdiv@sign),w
  1446  077B  1D03               	skipz
  1447  077C  2F7E               	goto	u1160
  1448  077D  2F84               	goto	l1862
  1449  077E                     u1160:
  1450                           	line	35
  1451                           	
  1452  077E                     l1860:	
  1453  077E  09F7               	comf	(___awdiv@quotient),f
  1454  077F  09F8               	comf	(___awdiv@quotient+1),f
  1455  0780  0AF7               	incf	(___awdiv@quotient),f
  1456  0781  1903               	skipnz
  1457  0782  0AF8               	incf	(___awdiv@quotient+1),f
  1458  0783  2F84               	goto	l1862
  1459                           	
  1460  0784                     l1221:	
  1461                           	line	36
  1462                           	
  1463  0784                     l1862:	
  1464  0784  0878               	movf	(___awdiv@quotient+1),w
  1465  0785  01F1               	clrf	(?___awdiv+1)
  1466  0786  07F1               	addwf	(?___awdiv+1)
  1467  0787  0877               	movf	(___awdiv@quotient),w
  1468  0788  01F0               	clrf	(?___awdiv)
  1469  0789  07F0               	addwf	(?___awdiv)
  1470                           
  1471  078A  2F8B               	goto	l1222
  1472                           	
  1473  078B                     l1864:	
  1474                           	line	37
  1475                           	
  1476  078B                     l1222:	
  1477  078B  0008               	return
  1478                           	opt stack 0
  1479                           GLOBAL	__end_of___awdiv
  1480  078C                     	__end_of___awdiv:
  1481 ;; =============== function ___awdiv ends ============
  1482                           
  1483                           	signat	___awdiv,8314
  1484                           	global	_delay
  1485                           psect	text144,local,class=CODE,delta=2
  1486                           global __ptext144
  1487  0625                     __ptext144:
  1488                           
  1489 ;; *************** function _delay *****************
  1490 ;; Defined at:
  1491 ;;		line 25 in file "E:\KTU\Softwares\MP lab\ADC\Adcpin10\adc10.c"
  1492 ;; Parameters:    Size  Location     Type
  1493 ;;  del             2    0[COMMON] int 
  1494 ;; Auto vars:     Size  Location     Type
  1495 ;;		None
  1496 ;; Return value:  Size  Location     Type
  1497 ;;		None               void
  1498 ;; Registers used:
  1499 ;;		wreg
  1500 ;; Tracked objects:
  1501 ;;		On entry : 0/0
  1502 ;;		On exit  : 0/0
  1503 ;;		Unchanged: 0/0
  1504 ;; Data sizes:     COMMON   BANK0   BANK1   BANK3   BANK2
  1505 ;;      Params:         2       0       0       0       0
  1506 ;;      Locals:         0       0       0       0       0
  1507 ;;      Temps:          0       0       0       0       0
  1508 ;;      Totals:         2       0       0       0       0
  1509 ;;Total ram usage:        2 bytes
  1510 ;; Hardware stack levels used:    1
  1511 ;; This function calls:
  1512 ;;		Nothing
  1513 ;; This function is called by:
  1514 ;;		_pulse
  1515 ;; This function uses a non-reentrant model
  1516 ;;
  1517                           psect	text144
  1518                           	file	"E:\KTU\Softwares\MP lab\ADC\Adcpin10\adc10.c"
  1519                           	line	25
  1520                           	global	__size_of_delay
  1521  0014                     	__size_of_delay	equ	__end_of_delay-_delay
  1522                           	
  1523  0625                     _delay:	
  1524                           	opt	stack 5
  1525                           ; Regs used in _delay: [wreg]
  1526                           	line	26
  1527                           	
  1528  0625                     l1478:	
  1529                           ;adc10.c: 26: while(del--);
  1530  0625  2E27               	goto	l1480
  1531                           	
  1532  0626                     l1038:	
  1533  0626  2E27               	goto	l1480
  1534                           	
  1535  0627                     l1037:	
  1536                           	
  1537  0627                     l1480:	
  1538  0627  30FF               	movlw	low(-1)
  1539  0628  07F0               	addwf	(delay@del),f
  1540  0629  1803               	skipnc
  1541  062A  0AF1               	incf	(delay@del+1),f
  1542  062B  30FF               	movlw	high(-1)
  1543  062C  07F1               	addwf	(delay@del+1),f
  1544  062D  30FF               	movlw	high(-1)
  1545  062E  0671               	xorwf	((delay@del+1)),w
  1546  062F  1D03               	skipz
  1547  0630  2E33               	goto	u65
  1548  0631  30FF               	movlw	low(-1)
  1549  0632  0670               	xorwf	((delay@del)),w
  1550  0633                     u65:
  1551                           
  1552  0633  1D03               	skipz
  1553  0634  2E36               	goto	u61
  1554  0635  2E37               	goto	u60
  1555  0636                     u61:
  1556  0636  2E27               	goto	l1480
  1557  0637                     u60:
  1558  0637  2E38               	goto	l1040
  1559                           	
  1560  0638                     l1039:	
  1561                           	line	27
  1562                           	
  1563  0638                     l1040:	
  1564  0638  0008               	return
  1565                           	opt stack 0
  1566                           GLOBAL	__end_of_delay
  1567  0639                     	__end_of_delay:
  1568 ;; =============== function _delay ends ============
  1569                           
  1570                           	signat	_delay,4216
  1571                           	global	_adc
  1572                           psect	text145,local,class=CODE,delta=2
  1573                           global __ptext145
  1574  0652                     __ptext145:
  1575                           
  1576 ;; *************** function _adc *****************
  1577 ;; Defined at:
  1578 ;;		line 4 in file "E:\KTU\Softwares\MP lab\ADC\Adcpin10\adc10.c"
  1579 ;; Parameters:    Size  Location     Type
  1580 ;;		None
  1581 ;; Auto vars:     Size  Location     Type
  1582 ;;  low             2    4[COMMON] int 
  1583 ;;  high            2    2[COMMON] int 
  1584 ;; Return value:  Size  Location     Type
  1585 ;;                  2  1026[COMMON] int 
  1586 ;; Registers used:
  1587 ;;		wreg, status,2, status,0
  1588 ;; Tracked objects:
  1589 ;;		On entry : 0/0
  1590 ;;		On exit  : 0/0
  1591 ;;		Unchanged: 0/0
  1592 ;; Data sizes:     COMMON   BANK0   BANK1   BANK3   BANK2
  1593 ;;      Params:         0       0       0       0       0
  1594 ;;      Locals:         4       0       0       0       0
  1595 ;;      Temps:          2       0       0       0       0
  1596 ;;      Totals:         6       0       0       0       0
  1597 ;;Total ram usage:        6 bytes
  1598 ;; Hardware stack levels used:    1
  1599 ;; This function calls:
  1600 ;;		Nothing
  1601 ;; This function is called by:
  1602 ;;		_main
  1603 ;; This function uses a non-reentrant model
  1604 ;;
  1605                           psect	text145
  1606                           	file	"E:\KTU\Softwares\MP lab\ADC\Adcpin10\adc10.c"
  1607                           	line	4
  1608                           	global	__size_of_adc
  1609  0060                     	__size_of_adc	equ	__end_of_adc-_adc
  1610                           	
  1611  0652                     _adc:	
  1612                           	opt	stack 7
  1613                           ; Regs used in _adc: [wreg+status,2+status,0]
  1614                           	line	6
  1615                           	
  1616  0652                     l1456:	
  1617                           ;adc10.c: 5: int high,low;
  1618                           ;adc10.c: 6: ADCON0=0X2B;
  1619  0652  302B               	movlw	(02Bh)
  1620  0653  1283               	bcf	status, 5	;RP0=0, select bank0
  1621  0654  1303               	bcf	status, 6	;RP1=0, select bank0
  1622  0655  009F               	movwf	(31)	;volatile
  1623                           	line	7
  1624                           ;adc10.c: 7: ADCON1=0X80;
  1625  0656  3080               	movlw	(080h)
  1626  0657  1683               	bsf	status, 5	;RP0=1, select bank1
  1627  0658  1303               	bcf	status, 6	;RP1=0, select bank1
  1628  0659  009F               	movwf	(159)^080h	;volatile
  1629                           	line	8
  1630                           ;adc10.c: 8: while(GO!=0);
  1631  065A  2E5B               	goto	l1027
  1632                           	
  1633  065B                     l1028:	
  1634                           	
  1635  065B                     l1027:	
  1636  065B  1283               	bcf	status, 5	;RP0=0, select bank0
  1637  065C  189F               	btfsc	(249/8),(249)&7
  1638  065D  2E5F               	goto	u11
  1639  065E  2E60               	goto	u10
  1640  065F                     u11:
  1641  065F  2E5B               	goto	l1027
  1642  0660                     u10:
  1643  0660  2E61               	goto	l1458
  1644                           	
  1645  0661                     l1029:	
  1646                           	line	9
  1647                           	
  1648  0661                     l1458:	
  1649                           ;adc10.c: 9: low=ADRESL;
  1650  0661  1683               	bsf	status, 5	;RP0=1, select bank1
  1651  0662  1303               	bcf	status, 6	;RP1=0, select bank1
  1652  0663  081E               	movf	(158)^080h,w	;volatile
  1653  0664  00F0               	movwf	(??_adc+0)+0
  1654  0665  01F1               	clrf	(??_adc+0)+0+1
  1655  0666  0870               	movf	0+(??_adc+0)+0,w
  1656  0667  00F4               	movwf	(adc@low)
  1657  0668  0871               	movf	1+(??_adc+0)+0,w
  1658  0669  00F5               	movwf	(adc@low+1)
  1659                           	line	10
  1660                           ;adc10.c: 10: high=ADRESH;
  1661  066A  1283               	bcf	status, 5	;RP0=0, select bank0
  1662  066B  1303               	bcf	status, 6	;RP1=0, select bank0
  1663  066C  081E               	movf	(30),w	;volatile
  1664  066D  00F0               	movwf	(??_adc+0)+0
  1665  066E  01F1               	clrf	(??_adc+0)+0+1
  1666  066F  0870               	movf	0+(??_adc+0)+0,w
  1667  0670  00F2               	movwf	(adc@high)
  1668  0671  0871               	movf	1+(??_adc+0)+0,w
  1669  0672  00F3               	movwf	(adc@high+1)
  1670                           	line	11
  1671                           	
  1672  0673                     l1460:	
  1673                           ;adc10.c: 11: if(high==0)
  1674  0673  0873               	movf	((adc@high+1)),w
  1675  0674  0472               	iorwf	((adc@high)),w
  1676  0675  1D03               	skipz
  1677  0676  2E78               	goto	u21
  1678  0677  2E79               	goto	u20
  1679  0678                     u21:
  1680  0678  2E80               	goto	l1464
  1681  0679                     u20:
  1682                           	line	12
  1683                           	
  1684  0679                     l1462:	
  1685                           ;adc10.c: 12: tot = low+0;
  1686  0679  0875               	movf	(adc@low+1),w
  1687  067A  01FC               	clrf	(_tot+1)
  1688  067B  07FC               	addwf	(_tot+1)
  1689  067C  0874               	movf	(adc@low),w
  1690  067D  01FB               	clrf	(_tot)
  1691  067E  07FB               	addwf	(_tot)
  1692                           
  1693  067F  2E80               	goto	l1464
  1694                           	
  1695  0680                     l1030:	
  1696                           	line	13
  1697                           	
  1698  0680                     l1464:	
  1699                           ;adc10.c: 13: if(high==1)
  1700  0680  3001               	movlw	01h
  1701  0681  0672               	xorwf	(adc@high),w
  1702  0682  0473               	iorwf	(adc@high+1),w
  1703  0683  1D03               	skipz
  1704  0684  2E86               	goto	u31
  1705  0685  2E87               	goto	u30
  1706  0686                     u31:
  1707  0686  2E90               	goto	l1468
  1708  0687                     u30:
  1709                           	line	14
  1710                           	
  1711  0687                     l1466:	
  1712                           ;adc10.c: 14: tot = low+256;
  1713  0687  0874               	movf	(adc@low),w
  1714  0688  3E00               	addlw	low(0100h)
  1715  0689  00FB               	movwf	(_tot)
  1716  068A  0875               	movf	(adc@low+1),w
  1717  068B  1803               	skipnc
  1718  068C  3E01               	addlw	1
  1719  068D  3E01               	addlw	high(0100h)
  1720  068E  00FC               	movwf	1+(_tot)
  1721  068F  2E90               	goto	l1468
  1722                           	
  1723  0690                     l1031:	
  1724                           	line	15
  1725                           	
  1726  0690                     l1468:	
  1727                           ;adc10.c: 15: if(high==2)
  1728  0690  3002               	movlw	02h
  1729  0691  0672               	xorwf	(adc@high),w
  1730  0692  0473               	iorwf	(adc@high+1),w
  1731  0693  1D03               	skipz
  1732  0694  2E96               	goto	u41
  1733  0695  2E97               	goto	u40
  1734  0696                     u41:
  1735  0696  2EA0               	goto	l1472
  1736  0697                     u40:
  1737                           	line	16
  1738                           	
  1739  0697                     l1470:	
  1740                           ;adc10.c: 16: tot = low+512;
  1741  0697  0874               	movf	(adc@low),w
  1742  0698  3E00               	addlw	low(0200h)
  1743  0699  00FB               	movwf	(_tot)
  1744  069A  0875               	movf	(adc@low+1),w
  1745  069B  1803               	skipnc
  1746  069C  3E01               	addlw	1
  1747  069D  3E02               	addlw	high(0200h)
  1748  069E  00FC               	movwf	1+(_tot)
  1749  069F  2EA0               	goto	l1472
  1750                           	
  1751  06A0                     l1032:	
  1752                           	line	17
  1753                           	
  1754  06A0                     l1472:	
  1755                           ;adc10.c: 17: if(high==3)
  1756  06A0  3003               	movlw	03h
  1757  06A1  0672               	xorwf	(adc@high),w
  1758  06A2  0473               	iorwf	(adc@high+1),w
  1759  06A3  1D03               	skipz
  1760  06A4  2EA6               	goto	u51
  1761  06A5  2EA7               	goto	u50
  1762  06A6                     u51:
  1763  06A6  2EB1               	goto	l1034
  1764  06A7                     u50:
  1765                           	line	18
  1766                           	
  1767  06A7                     l1474:	
  1768                           ;adc10.c: 18: tot = low+768;
  1769  06A7  0874               	movf	(adc@low),w
  1770  06A8  3E00               	addlw	low(0300h)
  1771  06A9  00FB               	movwf	(_tot)
  1772  06AA  0875               	movf	(adc@low+1),w
  1773  06AB  1803               	skipnc
  1774  06AC  3E01               	addlw	1
  1775  06AD  3E03               	addlw	high(0300h)
  1776  06AE  00FC               	movwf	1+(_tot)
  1777  06AF  2EB1               	goto	l1034
  1778                           	
  1779  06B0                     l1033:	
  1780  06B0  2EB1               	goto	l1034
  1781                           	line	19
  1782                           	
  1783  06B1                     l1476:	
  1784                           	line	20
  1785                           ;adc10.c: 19: return tot;
  1786                           ;	Return value of _adc is never used
  1787                           	
  1788  06B1                     l1034:	
  1789  06B1  0008               	return
  1790                           	opt stack 0
  1791                           GLOBAL	__end_of_adc
  1792  06B2                     	__end_of_adc:
  1793 ;; =============== function _adc ends ============
  1794                           
  1795                           	signat	_adc,90
  1796                           psect	text146,local,class=CODE,delta=2
  1797                           global __ptext146
  1798  0000                     __ptext146:
  1799                           	global	btemp
  1800  007E                     	btemp set 07Eh
  1801                           
  1802                           	DABS	1,126,2	;btemp
  1803                           	global	wtemp0
  1804  007E                     	wtemp0 set btemp


HI-TECH Software PICC Macro Assembler V9.81 build 7503 
Symbol Table                                                                                   Wed Jun 16 12:16:35 2021

                  _GO 00F9                    u10 0660                    u11 065F                    u20 0679  
                  u21 0678                    u30 0687                    u31 0686                    u40 0697  
                  u41 0696                    u50 06A7                    u51 06A6                    u60 0637  
                  u61 0636                    u65 0633          ___awdiv@sign 0076                    _on 05F3  
                 ?_on 0070                   _RD0 0040                   _RD1 0041                   _RD2 0042  
                 _adc 0652                   _tot 007B          ___awmod@sign 0076                  ??_on 0072  
                ?_adc 0070                  l1030 0680                  l1031 0690                  l1032 06A0  
                l1040 0638                  l2000 06D0                  l1033 06B0                  l1034 06B1  
                l2010 06F0                  l2002 06D4                  l1027 065B                  l1043 0651  
                l1028 065B                  l1220 0779                  l1212 0726                  l2020 0710  
                l2012 06F7                  l2004 06DB                  l1052 0617                  l1060 07FB  
                l1029 0661                  l1037 0627                  l1221 0784                  l1213 0734  
                l1061 07FC                  l1038 0626                  l1222 078B                  l1214 077A  
                l2022 0717                  l2014 06FE                  l2006 06E0                  l1046 05FE  
                l1062 07FD                  l1039 0638                  l1215 074C                  l1055 0624  
                l1063 07FD                  l1216 0740                  l2008 06E6                  l2016 0706  
                l1217 0751                  l1049 060A                  l1218 0752                  l2018 070A  
                l1058 07AF                  l1219 076B                  l1059 07BE                  l2300 07AF  
                l2310 07F0                  l2302 07B4                  l1280 06C0                  l2312 07F6  
                l2304 07B8                  l1281 06CA                  l1290 0717                  l1282 0706  
                l2306 07BD                  l1283 06E0                  l1460 0673                  l1284 06D4  
                l2252 0639                  l2260 05F7                  l2308 07BE                  l1285 06E5  
                l1470 0697                  l1462 0679                  l1286 06E6                  l2254 063C  
                l2262 05F9                  l2270 060C                  l1287 06F7                  l1472 06A0  
                l1464 0680                  l1456 0652                  l1480 0627                  l1288 0705  
                l2256 0645                  l2264 05FF                  l2272 0610                  l2280 061F  
                l1289 0710                  l1474 06A7                  l1466 0687                  l1458 0661  
                l2258 05F3                  l2266 0603                  l2274 0612                  l2290 0799  
                l2282 078C                  l1476 06B1                  l1468 0690                  l2268 0605  
                l2276 0619                  l2292 079C                  l2284 078F                  l1478 0625  
                l1830 0726                  l2278 061D                  l2294 079F                  l2286 0793  
                l1840 073C                  l1832 072A                  l2296 07A4                  l2288 0796  
                l1850 0763                  l1842 0740                  l1834 072F                  l1826 0718  
                l2298 07A9                  l1860 077E                  l1852 0769                  l1844 0747  
                l1836 0734                  l1828 071D                  l1862 0784                  l1854 076B  
                l1846 074C                  l1838 0736                  l1864 078B                  l1856 0772  
                l1848 0752                  l1858 077A                  l1990 06B2                  l1992 06B7  
                l1994 06C0                  l1996 06C4                  l1998 06CA                  u1110 0750  
                u1111 074F                  u1105 0741                  u1130 0763                  u1131 0762  
                u1125 0753                  u1150 0778                  u1070 071D                  u1151 0777  
                u1135 075F                  u1071 071C                  u1160 077E                  u1080 072A  
                u2200 07BC                  u1145 076C                  u1081 0729                  u2201 07BB  
                u1090 073C                  u2210 07FA                  u1091 073B                  u2211 07F9  
                u1610 0704                  u1611 0703                  u1620 070A                  u1540 06B7  
                u1605 06F8                  u1541 06B6                  u1550 06C4                  u1551 06C3  
                u1560 06D0                  u1561 06CF                  u1580 06E4                  u1581 06E3  
                u1590 06F0                  u1591 06EF                  u1575 06D5                  u1595 06EC  
         display@data 0072                  _main 078C                  btemp 007E                  _type 05FF  
                start 0000                 ??_adc 0070                 ?_main 0070       __end_of___awdiv 078C  
     __end_of___awmod 0718                 _ANSEL 0188                 ?_type 0070       ___awdiv@divisor 0070  
     ___awdiv@counter 0075       __end_of_address 0618                 _PORTB 0006                 _PORTC 0007  
               _PORTD 0008                 _TRISB 0086                 _TRISC 0087                 _TRISD 0088  
     __end_of_display 0625                 _delay 0625                 _pulse 0639                 main@i 0079  
               status 0003                 wtemp0 007E          __end_of_main 0800          __end_of_type 060B  
              ??_main 0079                ??_type 0072                ?_delay 0070                _ADCON0 001F  
              _ADCON1 009F                _ADRESH 001E                _ADRESL 009E      ___awdiv@dividend 0072  
              ?_pulse 0070                _ANSELH 0189                adc@low 0074             ??___awdiv 0074  
           ??___awmod 0074             ??_address 0072      ___awdiv@quotient 0077       ___awmod@divisor 0070  
     ___awmod@counter 0075             ??_display 0072        __pcstackCOMMON 0070         __end_of_delay 0639  
       __end_of_pulse 0652            __end_of_on 05FF               ??_delay 0072               ??_pulse 0072  
          __pmaintext 078C               ___awdiv 0718               ___awmod 06B2               adc@high 0072  
             _address 060B               _display 0618          __size_of_adc 0060      ___awmod@dividend 0072  
end_of_initialization 05EF   start_initialization 05ED           __end_of_adc 06B2           __pbssCOMMON 007B  
            ?___awdiv 0070             __ptext140 05F3             __ptext141 0639             __ptext142 06B2  
           __ptext143 0718             __ptext144 0625             __ptext136 0000             __ptext145 0652  
           __ptext137 0618             __ptext146 0000             __ptext138 060B             __ptext139 05FF  
            ?___awmod 0070              ?_address 0070              ?_display 0070        __size_of_delay 0014  
      __size_of_pulse 0019           __size_of_on 000C           address@data 0072      __size_of___awdiv 0074  
    __size_of___awmod 0066      __size_of_address 000D      __size_of_display 000D         __size_of_main 0074  
       __size_of_type 000C              delay@del 0070  
