

HI-TECH Software PIC LITE Macro Assembler V9.81 build 7503 
                                                                                               Sat Apr 10 11:51:10 2021

HI-TECH Software Omniscient Code Generator (Lite mode) build 7503
     1  0000                     opt subtitle "HI-TECH Software Omniscient Code Generator (Lite mode) build 7503"
     2                           
     3                           opt pagewidth 120
     4                           
     5                           	opt lm
     6                           
     7                           	processor	16F887
     8                           clrc	macro
     9                           	bcf	3,0
    10  0000                     	endm
    11                           clrz	macro
    12                           	bcf	3,2
    13  0000                     	endm
    14                           setc	macro
    15                           	bsf	3,0
    16  0000                     	endm
    17                           setz	macro
    18                           	bsf	3,2
    19  0000                     	endm
    20                           skipc	macro
    21                           	btfss	3,0
    22  0000                     	endm
    23                           skipz	macro
    24                           	btfss	3,2
    25  0000                     	endm
    26                           skipnc	macro
    27                           	btfsc	3,0
    28  0000                     	endm
    29                           skipnz	macro
    30                           	btfsc	3,2
    31  0000                     	endm
    32  0000                     indf	equ	0
    33  0000                     indf0	equ	0
    34  0002                     pc	equ	2
    35  0002                     pcl	equ	2
    36  0003                     status	equ	3
    37  0004                     fsr	equ	4
    38  0004                     fsr0	equ	4
    39  0001                     c	equ	1
    40  0000                     z	equ	0
    41  000A                     pclath	equ	10
    42                           	FNROOT	_main
    43                           	global	_PORTA
    44                           psect	maintext,global,class=CODE,delta=2
    45                           global __pmaintext
    46  07AC                     __pmaintext:
    47  0005                     _PORTA	set	5
    48                           	global	_PORTB
    49  0006                     _PORTB	set	6
    50                           	global	_RA0
    51  0028                     _RA0	set	40
    52                           	global	_RA1
    53  0029                     _RA1	set	41
    54                           	global	_RB0
    55  0030                     _RB0	set	48
    56                           	global	_RB1
    57  0031                     _RB1	set	49
    58                           	global	_RB2
    59  0032                     _RB2	set	50
    60                           	global	_TRISA
    61  0085                     _TRISA	set	133
    62                           	global	_TRISB
    63  0086                     _TRISB	set	134
    64                           	global	_ANSEL
    65  0188                     _ANSEL	set	392
    66                           	global	_ANSELH
    67  0189                     _ANSELH	set	393
    68                           	file	"firstonethen.as"
    69                           	line	#
    70                           psect cinit,class=CODE,delta=2
    71                           global start_initialization
    72  07A8                     start_initialization:
    73                           
    74                           psect cinit,class=CODE,delta=2
    75                           global end_of_initialization
    76                           
    77                           ;End of C runtime variable initialization code
    78                           
    79  07A8                     end_of_initialization:
    80  07A8  0183               clrf status
    81  07A9  120A  118A  2FAC   ljmp _main	;jump to C main() function
    82                           psect	cstackCOMMON,class=COMMON,space=1
    83                           global __pcstackCOMMON
    84  0070                     __pcstackCOMMON:
    85                           	global	?_main
    86  0070                     ?_main:	; 0 bytes @ 0x0
    87                           	global	??_main
    88  0070                     ??_main:	; 0 bytes @ 0x0
    89                           	global	main@a
    90  0070                     main@a:	; 2 bytes @ 0x0
    91  0070                     	ds	2
    92                           	global	main@b
    93  0072                     main@b:	; 2 bytes @ 0x2
    94  0072                     	ds	2
    95 ;;Data sizes: Strings 0, constant 0, data 0, bss 0, persistent 0 stack 0
    96 ;;Auto spaces:   Size  Autos    Used
    97 ;; COMMON          14      4       4
    98 ;; BANK0           80      0       0
    99 ;; BANK1           80      0       0
   100 ;; BANK3           96      0       0
   101 ;; BANK2           96      0       0
   102                           
   103 ;;
   104 ;; Pointer list with targets:
   105                           
   106                           
   107                           
   108 ;;
   109 ;; Critical Paths under _main in COMMON
   110 ;;
   111 ;;   None.
   112 ;;
   113 ;; Critical Paths under _main in BANK0
   114 ;;
   115 ;;   None.
   116 ;;
   117 ;; Critical Paths under _main in BANK1
   118 ;;
   119 ;;   None.
   120 ;;
   121 ;; Critical Paths under _main in BANK3
   122 ;;
   123 ;;   None.
   124 ;;
   125 ;; Critical Paths under _main in BANK2
   126 ;;
   127 ;;   None.
   128                           
   129 ;;
   130 ;;Main: autosize = 0, tempsize = 0, incstack = 0, save=0
   131 ;;
   132                           
   133 ;;
   134 ;;Call Graph Tables:
   135 ;;
   136 ;; ---------------------------------------------------------------------------------
   137 ;; (Depth) Function   	        Calls       Base Space   Used Autos Params    Refs
   138 ;; ---------------------------------------------------------------------------------
   139 ;; (0) _main                                                 4     4      0      30
   140 ;;                                              0 COMMON     4     4      0
   141 ;; ---------------------------------------------------------------------------------
   142 ;; Estimated maximum stack depth 0
   143 ;; ---------------------------------------------------------------------------------
   144                           
   145 ;; Call Graph Graphs:
   146                           
   147 ;; _main (ROOT)
   148 ;;
   149                           
   150 ;; Address spaces:
   151                           
   152 ;;Name               Size   Autos  Total    Cost      Usage
   153 ;;BITCOMMON            E      0       0       0        0.0%
   154 ;;EEDATA             100      0       0       0        0.0%
   155 ;;NULL                 0      0       0       0        0.0%
   156 ;;CODE                 0      0       0       0        0.0%
   157 ;;COMMON               E      4       4       1       28.6%
   158 ;;BITSFR0              0      0       0       1        0.0%
   159 ;;SFR0                 0      0       0       1        0.0%
   160 ;;BITSFR1              0      0       0       2        0.0%
   161 ;;SFR1                 0      0       0       2        0.0%
   162 ;;STACK                0      0       0       2        0.0%
   163 ;;ABS                  0      0       0       3        0.0%
   164 ;;BITBANK0            50      0       0       4        0.0%
   165 ;;BITSFR3              0      0       0       4        0.0%
   166 ;;SFR3                 0      0       0       4        0.0%
   167 ;;BANK0               50      0       0       5        0.0%
   168 ;;BITSFR2              0      0       0       5        0.0%
   169 ;;SFR2                 0      0       0       5        0.0%
   170 ;;BITBANK1            50      0       0       6        0.0%
   171 ;;BANK1               50      0       0       7        0.0%
   172 ;;BITBANK3            60      0       0       8        0.0%
   173 ;;BANK3               60      0       0       9        0.0%
   174 ;;BITBANK2            60      0       0      10        0.0%
   175 ;;BANK2               60      0       0      11        0.0%
   176 ;;DATA                 0      0       0      12        0.0%
   177                           
   178                           	global	_main
   179                           psect	maintext
   180                           
   181 ;; *************** function _main *****************
   182 ;; Defined at:
   183 ;;		line 3 in file "E:\KTU\Softwares\mplab\Firstonethen\firstonethen.c"
   184 ;; Parameters:    Size  Location     Type
   185 ;;		None
   186 ;; Auto vars:     Size  Location     Type
   187 ;;  b               2    2[COMMON] int 
   188 ;;  a               2    0[COMMON] int 
   189 ;; Return value:  Size  Location     Type
   190 ;;		None               void
   191 ;; Registers used:
   192 ;;		wreg, status,2
   193 ;; Tracked objects:
   194 ;;		On entry : 17F/0
   195 ;;		On exit  : 0/0
   196 ;;		Unchanged: 0/0
   197 ;; Data sizes:     COMMON   BANK0   BANK1   BANK3   BANK2
   198 ;;      Params:         0       0       0       0       0
   199 ;;      Locals:         4       0       0       0       0
   200 ;;      Temps:          0       0       0       0       0
   201 ;;      Totals:         4       0       0       0       0
   202 ;;Total ram usage:        4 bytes
   203 ;; This function calls:
   204 ;;		Nothing
   205 ;; This function is called by:
   206 ;;		Startup code after reset
   207 ;; This function uses a non-reentrant model
   208 ;;
   209                           psect	maintext
   210                           	file	"E:\KTU\Softwares\mplab\Firstonethen\firstonethen.c"
   211                           	line	3
   212                           	global	__size_of_main
   213  0054                     	__size_of_main	equ	__end_of_main-_main
   214                           	
   215  07AC                     _main:	
   216                           	opt	stack 8
   217                           ; Regs used in _main: [wreg+status,2]
   218                           	line	4
   219                           	
   220  07AC                     l1402:	
   221                           ;firstonethen.c: 4: PORTA=0X00;
   222  07AC  1283               	bcf	status, 5	;RP0=0, select bank0
   223  07AD  1303               	bcf	status, 6	;RP1=0, select bank0
   224  07AE  0185               	clrf	(5)	;volatile
   225                           	line	5
   226                           ;firstonethen.c: 5: PORTB=0X00;
   227  07AF  0186               	clrf	(6)	;volatile
   228                           	line	6
   229                           ;firstonethen.c: 6: TRISA=0X00;
   230  07B0  1683               	bsf	status, 5	;RP0=1, select bank1
   231  07B1  1303               	bcf	status, 6	;RP1=0, select bank1
   232  07B2  0185               	clrf	(133)^080h	;volatile
   233                           	line	7
   234                           	
   235  07B3                     l1404:	
   236                           ;firstonethen.c: 7: TRISB=0X03;
   237  07B3  3003               	movlw	(03h)
   238  07B4  0086               	movwf	(134)^080h	;volatile
   239                           	line	8
   240                           	
   241  07B5                     l1406:	
   242                           ;firstonethen.c: 8: ANSEL=0X00;
   243  07B5  1683               	bsf	status, 5	;RP0=1, select bank3
   244  07B6  1703               	bsf	status, 6	;RP1=1, select bank3
   245  07B7  0188               	clrf	(392)^0180h	;volatile
   246                           	line	9
   247                           	
   248  07B8                     l1408:	
   249                           ;firstonethen.c: 9: ANSELH=0X00;
   250  07B8  0189               	clrf	(393)^0180h	;volatile
   251                           	line	10
   252                           	
   253  07B9                     l1410:	
   254                           ;firstonethen.c: 10: int a=0;
   255  07B9  01F0               	clrf	(main@a)
   256  07BA  01F1               	clrf	(main@a+1)
   257                           	line	11
   258                           	
   259  07BB                     l1412:	
   260                           ;firstonethen.c: 11: int b=0;
   261  07BB  01F2               	clrf	(main@b)
   262  07BC  01F3               	clrf	(main@b+1)
   263  07BD  2FBE               	goto	l1414
   264                           	line	12
   265                           ;firstonethen.c: 12: while(1)
   266                           	
   267  07BE                     l1025:	
   268                           	line	14
   269                           	
   270  07BE                     l1414:	
   271                           ;firstonethen.c: 13: {
   272                           ;firstonethen.c: 14: if(RB0==1)
   273  07BE  1283               	bcf	status, 5	;RP0=0, select bank0
   274  07BF  1303               	bcf	status, 6	;RP1=0, select bank0
   275  07C0  1C06               	btfss	(48/8),(48)&7
   276  07C1  2FC3               	goto	u11
   277  07C2  2FC4               	goto	u10
   278  07C3                     u11:
   279  07C3  2FC8               	goto	l1026
   280  07C4                     u10:
   281                           	line	16
   282                           	
   283  07C4                     l1416:	
   284                           ;firstonethen.c: 15: {
   285                           ;firstonethen.c: 16: a=5;
   286  07C4  3005               	movlw	low(05h)
   287  07C5  00F0               	movwf	(main@a)
   288  07C6  3000               	movlw	high(05h)
   289  07C7  00F1               	movwf	((main@a))+1
   290                           	line	17
   291                           	
   292  07C8                     l1026:	
   293                           	line	18
   294                           ;firstonethen.c: 17: }
   295                           ;firstonethen.c: 18: if(a==5 && RB1==1)
   296  07C8  3005               	movlw	05h
   297  07C9  0670               	xorwf	(main@a),w
   298  07CA  0471               	iorwf	(main@a+1),w
   299  07CB  1D03               	skipz
   300  07CC  2FCE               	goto	u21
   301  07CD  2FCF               	goto	u20
   302  07CE                     u21:
   303  07CE  2FD8               	goto	l1424
   304  07CF                     u20:
   305                           	
   306  07CF                     l1418:	
   307  07CF  1C86               	btfss	(49/8),(49)&7
   308  07D0  2FD2               	goto	u31
   309  07D1  2FD3               	goto	u30
   310  07D2                     u31:
   311  07D2  2FD8               	goto	l1424
   312  07D3                     u30:
   313                           	line	20
   314                           	
   315  07D3                     l1420:	
   316                           ;firstonethen.c: 19: {
   317                           ;firstonethen.c: 20: RA0=1;
   318  07D3  1405               	bsf	(40/8),(40)&7
   319                           	line	21
   320                           ;firstonethen.c: 21: RA1=0;
   321  07D4  1085               	bcf	(41/8),(41)&7
   322                           	line	22
   323                           	
   324  07D5                     l1422:	
   325                           ;firstonethen.c: 22: a=0;
   326  07D5  01F0               	clrf	(main@a)
   327  07D6  01F1               	clrf	(main@a+1)
   328  07D7  2FD8               	goto	l1424
   329                           	line	23
   330                           	
   331  07D8                     l1027:	
   332                           	line	24
   333                           	
   334  07D8                     l1424:	
   335                           ;firstonethen.c: 23: }
   336                           ;firstonethen.c: 24: if(RB1==1)
   337  07D8  1C86               	btfss	(49/8),(49)&7
   338  07D9  2FDB               	goto	u41
   339  07DA  2FDC               	goto	u40
   340  07DB                     u41:
   341  07DB  2FE0               	goto	l1028
   342  07DC                     u40:
   343                           	line	26
   344                           	
   345  07DC                     l1426:	
   346                           ;firstonethen.c: 25: {
   347                           ;firstonethen.c: 26: b=5;
   348  07DC  3005               	movlw	low(05h)
   349  07DD  00F2               	movwf	(main@b)
   350  07DE  3000               	movlw	high(05h)
   351  07DF  00F3               	movwf	((main@b))+1
   352                           	line	27
   353                           	
   354  07E0                     l1028:	
   355                           	line	28
   356                           ;firstonethen.c: 27: }
   357                           ;firstonethen.c: 28: if(b==5 && RB0==1)
   358  07E0  3005               	movlw	05h
   359  07E1  0672               	xorwf	(main@b),w
   360  07E2  0473               	iorwf	(main@b+1),w
   361  07E3  1D03               	skipz
   362  07E4  2FE6               	goto	u51
   363  07E5  2FE7               	goto	u50
   364  07E6                     u51:
   365  07E6  2FF0               	goto	l1434
   366  07E7                     u50:
   367                           	
   368  07E7                     l1428:	
   369  07E7  1C06               	btfss	(48/8),(48)&7
   370  07E8  2FEA               	goto	u61
   371  07E9  2FEB               	goto	u60
   372  07EA                     u61:
   373  07EA  2FF0               	goto	l1434
   374  07EB                     u60:
   375                           	line	30
   376                           	
   377  07EB                     l1430:	
   378                           ;firstonethen.c: 29: {
   379                           ;firstonethen.c: 30: RA1=1;
   380  07EB  1485               	bsf	(41/8),(41)&7
   381                           	line	31
   382                           ;firstonethen.c: 31: RA0=0;
   383  07EC  1005               	bcf	(40/8),(40)&7
   384                           	line	32
   385                           	
   386  07ED                     l1432:	
   387                           ;firstonethen.c: 32: b=0;
   388  07ED  01F2               	clrf	(main@b)
   389  07EE  01F3               	clrf	(main@b+1)
   390  07EF  2FF0               	goto	l1434
   391                           	line	33
   392                           	
   393  07F0                     l1029:	
   394                           	line	34
   395                           	
   396  07F0                     l1434:	
   397                           ;firstonethen.c: 33: }
   398                           ;firstonethen.c: 34: if(RB2==1)
   399  07F0  1D06               	btfss	(50/8),(50)&7
   400  07F1  2FF3               	goto	u71
   401  07F2  2FF4               	goto	u70
   402  07F3                     u71:
   403  07F3  2FBE               	goto	l1414
   404  07F4                     u70:
   405                           	line	36
   406                           	
   407  07F4                     l1436:	
   408                           ;firstonethen.c: 35: {
   409                           ;firstonethen.c: 36: RA0=0;
   410  07F4  1005               	bcf	(40/8),(40)&7
   411                           	line	37
   412                           ;firstonethen.c: 37: RA1=0;
   413  07F5  1085               	bcf	(41/8),(41)&7
   414                           	line	38
   415                           	
   416  07F6                     l1438:	
   417                           ;firstonethen.c: 38: a=0;
   418  07F6  01F0               	clrf	(main@a)
   419  07F7  01F1               	clrf	(main@a+1)
   420                           	line	39
   421                           ;firstonethen.c: 39: b=0;
   422  07F8  01F2               	clrf	(main@b)
   423  07F9  01F3               	clrf	(main@b+1)
   424  07FA  2FBE               	goto	l1414
   425                           	line	40
   426                           	
   427  07FB                     l1030:	
   428  07FB  2FBE               	goto	l1414
   429                           	line	41
   430                           	
   431  07FC                     l1031:	
   432                           	line	12
   433  07FC  2FBE               	goto	l1414
   434                           	
   435  07FD                     l1032:	
   436                           	line	42
   437                           	
   438  07FD                     l1033:	
   439                           	global	start
   440  07FD  120A  118A  2800   	ljmp	start
   441                           	opt stack 0
   442                           GLOBAL	__end_of_main
   443  0800                     	__end_of_main:
   444 ;; =============== function _main ends ============
   445                           
   446                           	signat	_main,88
   447                           psect	maintext
   448                           	global	btemp
   449  007E                     	btemp set 07Eh
   450                           
   451                           	DABS	1,126,2	;btemp
   452                           	global	wtemp0
   453  007E                     	wtemp0 set btemp


HI-TECH Software PICC Macro Assembler V9.81 build 7503 
Symbol Table                                                                                   Sat Apr 10 11:51:10 2021

                  u10 07C4                    u11 07C3                    u20 07CF                    u21 07CE  
                  u30 07D3                    u31 07D2                    u40 07DC                    u41 07DB  
                  u50 07E7                    u51 07E6                    u60 07EB                    u61 07EA  
                  u70 07F4                    u71 07F3                   _RA0 0028                   _RA1 0029  
                 _RB0 0030                   _RB1 0031                   _RB2 0032                  l1030 07FB  
                l1031 07FC                  l1032 07FD                  l1033 07FD                  l1025 07BE  
                l1026 07C8                  l1027 07D8                  l1028 07E0                  l1029 07F0  
                l1410 07B9                  l1402 07AC                  l1420 07D3                  l1412 07BB  
                l1404 07B3                  l1430 07EB                  l1422 07D5                  l1414 07BE  
                l1406 07B5                  l1432 07ED                  l1424 07D8                  l1416 07C4  
                l1408 07B8                  l1434 07F0                  l1426 07DC                  l1418 07CF  
                l1436 07F4                  l1428 07E7                  l1438 07F6                  _main 07AC  
                btemp 007E                  start 0000                 ?_main 0070                 _ANSEL 0188  
               _PORTA 0005                 _PORTB 0006                 _TRISA 0085                 _TRISB 0086  
               main@a 0070                 main@b 0072                 status 0003                 wtemp0 007E  
        __end_of_main 0800                ??_main 0070                _ANSELH 0189        __pcstackCOMMON 0070  
          __pmaintext 07AC  end_of_initialization 07A8   start_initialization 07A8         __size_of_main 0054  
