

HI-TECH Software PIC LITE Macro Assembler V9.81 build 7503 
                                                                                               Wed Jun 23 12:45:18 2021

HI-TECH Software Omniscient Code Generator (Lite mode) build 7503
     1  0000                     opt subtitle "HI-TECH Software Omniscient Code Generator (Lite mode) build 7503"
     2                           
     3                           opt pagewidth 120
     4                           
     5                           	opt lm
     6                           
     7                           	processor	16F887
     8                           clrc	macro
     9                           	bcf	3,0
    10  0000                     	endm
    11                           clrz	macro
    12                           	bcf	3,2
    13  0000                     	endm
    14                           setc	macro
    15                           	bsf	3,0
    16  0000                     	endm
    17                           setz	macro
    18                           	bsf	3,2
    19  0000                     	endm
    20                           skipc	macro
    21                           	btfss	3,0
    22  0000                     	endm
    23                           skipz	macro
    24                           	btfss	3,2
    25  0000                     	endm
    26                           skipnc	macro
    27                           	btfsc	3,0
    28  0000                     	endm
    29                           skipnz	macro
    30                           	btfsc	3,2
    31  0000                     	endm
    32  0000                     indf	equ	0
    33  0000                     indf0	equ	0
    34  0002                     pc	equ	2
    35  0002                     pcl	equ	2
    36  0003                     status	equ	3
    37  0004                     fsr	equ	4
    38  0004                     fsr0	equ	4
    39  0001                     c	equ	1
    40  0000                     z	equ	0
    41  000A                     pclath	equ	10
    42                           # 3 "E:\KTU\Softwares\MP lab\UART\UART transmit\Uart transmit.c"
    43                           	psect config,class=CONFIG,delta=2 ;#
    44                           # 3 "E:\KTU\Softwares\MP lab\UART\UART transmit\Uart transmit.c"
    45  2007  2CE4               	dw 0X2CE4 ;#
    46                           	FNCALL	_main,_tx
    47                           	FNROOT	_main
    48                           	global	_PORTC
    49                           psect	text60,local,class=CODE,delta=2
    50                           global __ptext60
    51  0000                     __ptext60:
    52  0007                     _PORTC	set	7
    53                           	global	_RCSTA
    54  0018                     _RCSTA	set	24
    55                           	global	_TXREG
    56  0019                     _TXREG	set	25
    57                           	global	_TXIF
    58  0064                     _TXIF	set	100
    59                           	global	_SPBRG
    60  0099                     _SPBRG	set	153
    61                           	global	_TRISC
    62  0087                     _TRISC	set	135
    63                           	global	_TXSTA
    64  0098                     _TXSTA	set	152
    65                           	global	_ANSEL
    66  0188                     _ANSEL	set	392
    67                           	global	_ANSELH
    68  0189                     _ANSELH	set	393
    69                           	file	"Uart transmit.as"
    70                           	line	#
    71                           psect cinit,class=CODE,delta=2
    72                           global start_initialization
    73  07C1                     start_initialization:
    74                           
    75                           psect cinit,class=CODE,delta=2
    76                           global end_of_initialization
    77                           
    78                           ;End of C runtime variable initialization code
    79                           
    80  07C1                     end_of_initialization:
    81  07C1  0183               clrf status
    82  07C2  120A  118A  2FD1   ljmp _main	;jump to C main() function
    83                           psect	cstackCOMMON,class=COMMON,space=1
    84                           global __pcstackCOMMON
    85  0070                     __pcstackCOMMON:
    86                           	global	?_tx
    87  0070                     ?_tx:	; 0 bytes @ 0x0
    88                           	global	??_tx
    89  0070                     ??_tx:	; 0 bytes @ 0x0
    90                           	global	?_main
    91  0070                     ?_main:	; 0 bytes @ 0x0
    92                           	global	tx@p
    93  0070                     tx@p:	; 1 bytes @ 0x0
    94  0070                     	ds	1
    95                           	global	??_main
    96  0071                     ??_main:	; 0 bytes @ 0x1
    97  0071                     	ds	3
    98 ;;Data sizes: Strings 0, constant 0, data 0, bss 0, persistent 0 stack 0
    99 ;;Auto spaces:   Size  Autos    Used
   100 ;; COMMON          14      4       4
   101 ;; BANK0           80      0       0
   102 ;; BANK1           80      0       0
   103 ;; BANK3           96      0       0
   104 ;; BANK2           96      0       0
   105                           
   106 ;;
   107 ;; Pointer list with targets:
   108                           
   109                           
   110                           
   111 ;;
   112 ;; Critical Paths under _main in COMMON
   113 ;;
   114 ;;   _main->_tx
   115 ;;
   116 ;; Critical Paths under _main in BANK0
   117 ;;
   118 ;;   None.
   119 ;;
   120 ;; Critical Paths under _main in BANK1
   121 ;;
   122 ;;   None.
   123 ;;
   124 ;; Critical Paths under _main in BANK3
   125 ;;
   126 ;;   None.
   127 ;;
   128 ;; Critical Paths under _main in BANK2
   129 ;;
   130 ;;   None.
   131                           
   132 ;;
   133 ;;Main: autosize = 0, tempsize = 3, incstack = 0, save=0
   134 ;;
   135                           
   136 ;;
   137 ;;Call Graph Tables:
   138 ;;
   139 ;; ---------------------------------------------------------------------------------
   140 ;; (Depth) Function   	        Calls       Base Space   Used Autos Params    Refs
   141 ;; ---------------------------------------------------------------------------------
   142 ;; (0) _main                                                 3     3      0      15
   143 ;;                                              1 COMMON     3     3      0
   144 ;;                                 _tx
   145 ;; ---------------------------------------------------------------------------------
   146 ;; (1) _tx                                                   1     1      0      15
   147 ;;                                              0 COMMON     1     1      0
   148 ;; ---------------------------------------------------------------------------------
   149 ;; Estimated maximum stack depth 1
   150 ;; ---------------------------------------------------------------------------------
   151                           
   152 ;; Call Graph Graphs:
   153                           
   154 ;; _main (ROOT)
   155 ;;   _tx
   156 ;;
   157                           
   158 ;; Address spaces:
   159                           
   160 ;;Name               Size   Autos  Total    Cost      Usage
   161 ;;BITCOMMON            E      0       0       0        0.0%
   162 ;;EEDATA             100      0       0       0        0.0%
   163 ;;NULL                 0      0       0       0        0.0%
   164 ;;CODE                 0      0       0       0        0.0%
   165 ;;COMMON               E      4       4       1       28.6%
   166 ;;BITSFR0              0      0       0       1        0.0%
   167 ;;SFR0                 0      0       0       1        0.0%
   168 ;;BITSFR1              0      0       0       2        0.0%
   169 ;;SFR1                 0      0       0       2        0.0%
   170 ;;STACK                0      0       1       2        0.0%
   171 ;;ABS                  0      0       0       3        0.0%
   172 ;;BITBANK0            50      0       0       4        0.0%
   173 ;;BITSFR3              0      0       0       4        0.0%
   174 ;;SFR3                 0      0       0       4        0.0%
   175 ;;BANK0               50      0       0       5        0.0%
   176 ;;BITSFR2              0      0       0       5        0.0%
   177 ;;SFR2                 0      0       0       5        0.0%
   178 ;;BITBANK1            50      0       0       6        0.0%
   179 ;;BANK1               50      0       0       7        0.0%
   180 ;;BITBANK3            60      0       0       8        0.0%
   181 ;;BANK3               60      0       0       9        0.0%
   182 ;;BITBANK2            60      0       0      10        0.0%
   183 ;;BANK2               60      0       0      11        0.0%
   184 ;;DATA                 0      0       0      12        0.0%
   185                           
   186                           	global	_main
   187                           psect	maintext,global,class=CODE,delta=2
   188                           global __pmaintext
   189  07D1                     __pmaintext:
   190                           
   191 ;; *************** function _main *****************
   192 ;; Defined at:
   193 ;;		line 11 in file "E:\KTU\Softwares\MP lab\UART\UART transmit\Uart transmit.c"
   194 ;; Parameters:    Size  Location     Type
   195 ;;		None
   196 ;; Auto vars:     Size  Location     Type
   197 ;;		None
   198 ;; Return value:  Size  Location     Type
   199 ;;		None               void
   200 ;; Registers used:
   201 ;;		wreg, status,2, status,0, pclath, cstack
   202 ;; Tracked objects:
   203 ;;		On entry : 17F/0
   204 ;;		On exit  : 0/0
   205 ;;		Unchanged: 0/0
   206 ;; Data sizes:     COMMON   BANK0   BANK1   BANK3   BANK2
   207 ;;      Params:         0       0       0       0       0
   208 ;;      Locals:         0       0       0       0       0
   209 ;;      Temps:          3       0       0       0       0
   210 ;;      Totals:         3       0       0       0       0
   211 ;;Total ram usage:        3 bytes
   212 ;; Hardware stack levels required when called:    1
   213 ;; This function calls:
   214 ;;		_tx
   215 ;; This function is called by:
   216 ;;		Startup code after reset
   217 ;; This function uses a non-reentrant model
   218 ;;
   219                           psect	maintext
   220                           	file	"E:\KTU\Softwares\MP lab\UART\UART transmit\Uart transmit.c"
   221                           	line	11
   222                           	global	__size_of_main
   223  002F                     	__size_of_main	equ	__end_of_main-_main
   224                           	
   225  07D1                     _main:	
   226                           	opt	stack 7
   227                           ; Regs used in _main: [wreg+status,2+status,0+pclath+cstack]
   228                           	line	13
   229                           	
   230  07D1                     l2173:	
   231                           ;Uart transmit.c: 13: PORTC=0X00;
   232  07D1  1283               	bcf	status, 5	;RP0=0, select bank0
   233  07D2  1303               	bcf	status, 6	;RP1=0, select bank0
   234  07D3  0187               	clrf	(7)	;volatile
   235                           	line	14
   236                           	
   237  07D4                     l2175:	
   238                           ;Uart transmit.c: 14: TRISC=0X80;
   239  07D4  3080               	movlw	(080h)
   240  07D5  1683               	bsf	status, 5	;RP0=1, select bank1
   241  07D6  1303               	bcf	status, 6	;RP1=0, select bank1
   242  07D7  0087               	movwf	(135)^080h	;volatile
   243                           	line	15
   244                           	
   245  07D8                     l2177:	
   246                           ;Uart transmit.c: 15: ANSEL=0X00;
   247  07D8  1683               	bsf	status, 5	;RP0=1, select bank3
   248  07D9  1703               	bsf	status, 6	;RP1=1, select bank3
   249  07DA  0188               	clrf	(392)^0180h	;volatile
   250                           	line	16
   251                           	
   252  07DB                     l2179:	
   253                           ;Uart transmit.c: 16: ANSELH=0X00;
   254  07DB  0189               	clrf	(393)^0180h	;volatile
   255                           	line	17
   256                           	
   257  07DC                     l2181:	
   258                           ;Uart transmit.c: 17: TXSTA=0X26;
   259  07DC  3026               	movlw	(026h)
   260  07DD  1683               	bsf	status, 5	;RP0=1, select bank1
   261  07DE  1303               	bcf	status, 6	;RP1=0, select bank1
   262  07DF  0098               	movwf	(152)^080h	;volatile
   263                           	line	18
   264                           	
   265  07E0                     l2183:	
   266                           ;Uart transmit.c: 18: RCSTA=0X90;
   267  07E0  3090               	movlw	(090h)
   268  07E1  1283               	bcf	status, 5	;RP0=0, select bank0
   269  07E2  1303               	bcf	status, 6	;RP1=0, select bank0
   270  07E3  0098               	movwf	(24)	;volatile
   271                           	line	19
   272                           	
   273  07E4                     l2185:	
   274                           ;Uart transmit.c: 19: SPBRG=25;
   275  07E4  3019               	movlw	(019h)
   276  07E5  1683               	bsf	status, 5	;RP0=1, select bank1
   277  07E6  1303               	bcf	status, 6	;RP1=0, select bank1
   278  07E7  0099               	movwf	(153)^080h	;volatile
   279  07E8  2FE9               	goto	l2187
   280                           	line	20
   281                           ;Uart transmit.c: 20: while(1)
   282                           	
   283  07E9                     l1033:	
   284                           	line	22
   285                           	
   286  07E9                     l2187:	
   287                           ;Uart transmit.c: 21: {
   288                           ;Uart transmit.c: 22: tx('A');
   289  07E9  3041               	movlw	(041h)
   290  07EA  120A  118A  27C5   	fcall	_tx
              120A  118A         
   291                           	line	23
   292                           	
   293  07EF                     l2189:	
   294                           ;Uart transmit.c: 23: _delay((unsigned long)((1000)*(4000000/4000.0)));
   295                           	opt asmopt_off
   296  07EF  3006               movlw  6
   297  07F0  00F3               movwf	((??_main+0)+0+2),f
   298  07F1  300E               movlw	14
   299  07F2  00F2               movwf	((??_main+0)+0+1),f
   300  07F3  30B0               	movlw	176
   301  07F4  00F1               movwf	((??_main+0)+0),f
   302  07F5                     u2157:
   303  07F5  0BF1               	decfsz	((??_main+0)+0),f
   304  07F6  2FF5               	goto	u2157
   305  07F7  0BF2               	decfsz	((??_main+0)+0+1),f
   306  07F8  2FF5               	goto	u2157
   307  07F9  0BF3               	decfsz	((??_main+0)+0+2),f
   308  07FA  2FF5               	goto	u2157
   309                           opt asmopt_on
   310                           
   311  07FB  2FE9               	goto	l2187
   312                           	line	24
   313                           	
   314  07FC                     l1034:	
   315                           	line	20
   316  07FC  2FE9               	goto	l2187
   317                           	
   318  07FD                     l1035:	
   319                           	line	25
   320                           	
   321  07FD                     l1036:	
   322                           	global	start
   323  07FD  120A  118A  2800   	ljmp	start
   324                           	opt stack 0
   325                           GLOBAL	__end_of_main
   326  0800                     	__end_of_main:
   327 ;; =============== function _main ends ============
   328                           
   329                           	signat	_main,88
   330                           	global	_tx
   331                           psect	text61,local,class=CODE,delta=2
   332                           global __ptext61
   333  07C5                     __ptext61:
   334                           
   335 ;; *************** function _tx *****************
   336 ;; Defined at:
   337 ;;		line 5 in file "E:\KTU\Softwares\MP lab\UART\UART transmit\Uart transmit.c"
   338 ;; Parameters:    Size  Location     Type
   339 ;;  p               1    wreg     unsigned char 
   340 ;; Auto vars:     Size  Location     Type
   341 ;;  p               1    0[COMMON] unsigned char 
   342 ;; Return value:  Size  Location     Type
   343 ;;		None               void
   344 ;; Registers used:
   345 ;;		wreg
   346 ;; Tracked objects:
   347 ;;		On entry : 0/0
   348 ;;		On exit  : 0/0
   349 ;;		Unchanged: 0/0
   350 ;; Data sizes:     COMMON   BANK0   BANK1   BANK3   BANK2
   351 ;;      Params:         0       0       0       0       0
   352 ;;      Locals:         1       0       0       0       0
   353 ;;      Temps:          0       0       0       0       0
   354 ;;      Totals:         1       0       0       0       0
   355 ;;Total ram usage:        1 bytes
   356 ;; Hardware stack levels used:    1
   357 ;; This function calls:
   358 ;;		Nothing
   359 ;; This function is called by:
   360 ;;		_main
   361 ;; This function uses a non-reentrant model
   362 ;;
   363                           psect	text61
   364                           	file	"E:\KTU\Softwares\MP lab\UART\UART transmit\Uart transmit.c"
   365                           	line	5
   366                           	global	__size_of_tx
   367  000C                     	__size_of_tx	equ	__end_of_tx-_tx
   368                           	
   369  07C5                     _tx:	
   370                           	opt	stack 7
   371                           ; Regs used in _tx: [wreg]
   372                           ;tx@p stored from wreg
   373  07C5  00F0               	movwf	(tx@p)
   374                           	line	6
   375                           	
   376  07C6                     l1405:	
   377                           ;Uart transmit.c: 6: TXREG=p;
   378  07C6  0870               	movf	(tx@p),w
   379  07C7  1283               	bcf	status, 5	;RP0=0, select bank0
   380  07C8  1303               	bcf	status, 6	;RP1=0, select bank0
   381  07C9  0099               	movwf	(25)	;volatile
   382                           	line	7
   383                           ;Uart transmit.c: 7: while(TXIF==0);
   384  07CA  2FCB               	goto	l1027
   385                           	
   386  07CB                     l1028:	
   387                           	
   388  07CB                     l1027:	
   389  07CB  1E0C               	btfss	(100/8),(100)&7
   390  07CC  2FCE               	goto	u11
   391  07CD  2FCF               	goto	u10
   392  07CE                     u11:
   393  07CE  2FCB               	goto	l1027
   394  07CF                     u10:
   395                           	
   396  07CF                     l1029:	
   397                           	line	8
   398                           ;Uart transmit.c: 8: TXIF=0;
   399  07CF  120C               	bcf	(100/8),(100)&7
   400                           	line	9
   401                           	
   402  07D0                     l1030:	
   403  07D0  0008               	return
   404                           	opt stack 0
   405                           GLOBAL	__end_of_tx
   406  07D1                     	__end_of_tx:
   407 ;; =============== function _tx ends ============
   408                           
   409                           	signat	_tx,4216
   410                           psect	text62,local,class=CODE,delta=2
   411                           global __ptext62
   412  0000                     __ptext62:
   413                           	global	btemp
   414  007E                     	btemp set 07Eh
   415                           
   416                           	DABS	1,126,2	;btemp
   417                           	global	wtemp0
   418  007E                     	wtemp0 set btemp


HI-TECH Software PICC Macro Assembler V9.81 build 7503 
Symbol Table                                                                                   Wed Jun 23 12:45:18 2021

                  u10 07CF                    u11 07CE                    _tx 07C5                   ?_tx 0070  
                 tx@p 0070                  ??_tx 0070                  l1030 07D0                  l1033 07E9  
                l1034 07FC                  l1027 07CB                  l1035 07FD                  l1028 07CB  
                l1036 07FD                  l1029 07CF                  l1405 07C6                  l2181 07DC  
                l2173 07D1                  l2183 07E0                  l2175 07D4                  l2185 07E4  
                l2177 07D8                  l2187 07E9                  l2179 07DB                  l2189 07EF  
                u2157 07F5                  _TXIF 0064                  _main 07D1                  btemp 007E  
                start 0000                 ?_main 0070                 _ANSEL 0188                 _RCSTA 0018  
               _SPBRG 0099                 _PORTC 0007                 _TRISC 0087                 _TXREG 0019  
               _TXSTA 0098                 status 0003                 wtemp0 007E          __end_of_main 0800  
              ??_main 0071                _ANSELH 0189        __pcstackCOMMON 0070            __end_of_tx 07D1  
          __pmaintext 07D1  end_of_initialization 07C1   start_initialization 07C1           __size_of_tx 000C  
            __ptext60 0000              __ptext61 07C5              __ptext62 0000         __size_of_main 002F  
