

HI-TECH Software PIC LITE Macro Assembler V9.81 build 7503 
                                                                                               Thu Apr 15 20:46:56 2021

HI-TECH Software Omniscient Code Generator (Lite mode) build 7503
     1  0000                     opt subtitle "HI-TECH Software Omniscient Code Generator (Lite mode) build 7503"
     2                           
     3                           opt pagewidth 120
     4                           
     5                           	opt lm
     6                           
     7                           	processor	16F887
     8                           clrc	macro
     9                           	bcf	3,0
    10  0000                     	endm
    11                           clrz	macro
    12                           	bcf	3,2
    13  0000                     	endm
    14                           setc	macro
    15                           	bsf	3,0
    16  0000                     	endm
    17                           setz	macro
    18                           	bsf	3,2
    19  0000                     	endm
    20                           skipc	macro
    21                           	btfss	3,0
    22  0000                     	endm
    23                           skipz	macro
    24                           	btfss	3,2
    25  0000                     	endm
    26                           skipnc	macro
    27                           	btfsc	3,0
    28  0000                     	endm
    29                           skipnz	macro
    30                           	btfsc	3,2
    31  0000                     	endm
    32  0000                     indf	equ	0
    33  0000                     indf0	equ	0
    34  0002                     pc	equ	2
    35  0002                     pcl	equ	2
    36  0003                     status	equ	3
    37  0004                     fsr	equ	4
    38  0004                     fsr0	equ	4
    39  0001                     c	equ	1
    40  0000                     z	equ	0
    41  000A                     pclath	equ	10
    42                           	FNROOT	_main
    43                           	global	_PORTA
    44                           psect	maintext,global,class=CODE,delta=2
    45                           global __pmaintext
    46  0714                     __pmaintext:
    47  0005                     _PORTA	set	5
    48                           	global	_PORTB
    49  0006                     _PORTB	set	6
    50                           	global	_RA0
    51  0028                     _RA0	set	40
    52                           	global	_RB0
    53  0030                     _RB0	set	48
    54                           	global	_RB1
    55  0031                     _RB1	set	49
    56                           	global	_TRISA
    57  0085                     _TRISA	set	133
    58                           	global	_TRISB
    59  0086                     _TRISB	set	134
    60                           	global	_ANSEL
    61  0188                     _ANSEL	set	392
    62                           	global	_ANSELH
    63  0189                     _ANSELH	set	393
    64                           	file	"nextbutton.as"
    65                           	line	#
    66                           psect cinit,class=CODE,delta=2
    67                           global start_initialization
    68  0710                     start_initialization:
    69                           
    70                           psect cinit,class=CODE,delta=2
    71                           global end_of_initialization
    72                           
    73                           ;End of C runtime variable initialization code
    74                           
    75  0710                     end_of_initialization:
    76  0710  0183               clrf status
    77  0711  120A  118A  2F14   ljmp _main	;jump to C main() function
    78                           psect	cstackCOMMON,class=COMMON,space=1
    79                           global __pcstackCOMMON
    80  0070                     __pcstackCOMMON:
    81                           	global	?_main
    82  0070                     ?_main:	; 0 bytes @ 0x0
    83                           	global	??_main
    84  0070                     ??_main:	; 0 bytes @ 0x0
    85                           	global	main@m
    86  0070                     main@m:	; 2 bytes @ 0x0
    87  0070                     	ds	2
    88                           	global	main@i
    89  0072                     main@i:	; 2 bytes @ 0x2
    90  0072                     	ds	2
    91                           	global	main@x
    92  0074                     main@x:	; 4 bytes @ 0x4
    93  0074                     	ds	4
    94                           	global	main@count
    95  0078                     main@count:	; 2 bytes @ 0x8
    96  0078                     	ds	2
    97 ;;Data sizes: Strings 0, constant 0, data 0, bss 0, persistent 0 stack 0
    98 ;;Auto spaces:   Size  Autos    Used
    99 ;; COMMON          14     10      10
   100 ;; BANK0           80      0       0
   101 ;; BANK1           80      0       0
   102 ;; BANK3           96      0       0
   103 ;; BANK2           96      0       0
   104                           
   105 ;;
   106 ;; Pointer list with targets:
   107                           
   108                           
   109                           
   110 ;;
   111 ;; Critical Paths under _main in COMMON
   112 ;;
   113 ;;   None.
   114 ;;
   115 ;; Critical Paths under _main in BANK0
   116 ;;
   117 ;;   None.
   118 ;;
   119 ;; Critical Paths under _main in BANK1
   120 ;;
   121 ;;   None.
   122 ;;
   123 ;; Critical Paths under _main in BANK3
   124 ;;
   125 ;;   None.
   126 ;;
   127 ;; Critical Paths under _main in BANK2
   128 ;;
   129 ;;   None.
   130                           
   131 ;;
   132 ;;Main: autosize = 0, tempsize = 0, incstack = 0, save=0
   133 ;;
   134                           
   135 ;;
   136 ;;Call Graph Tables:
   137 ;;
   138 ;; ---------------------------------------------------------------------------------
   139 ;; (Depth) Function   	        Calls       Base Space   Used Autos Params    Refs
   140 ;; ---------------------------------------------------------------------------------
   141 ;; (0) _main                                                10    10      0     165
   142 ;;                                              0 COMMON    10    10      0
   143 ;; ---------------------------------------------------------------------------------
   144 ;; Estimated maximum stack depth 0
   145 ;; ---------------------------------------------------------------------------------
   146                           
   147 ;; Call Graph Graphs:
   148                           
   149 ;; _main (ROOT)
   150 ;;
   151                           
   152 ;; Address spaces:
   153                           
   154 ;;Name               Size   Autos  Total    Cost      Usage
   155 ;;BITCOMMON            E      0       0       0        0.0%
   156 ;;EEDATA             100      0       0       0        0.0%
   157 ;;NULL                 0      0       0       0        0.0%
   158 ;;CODE                 0      0       0       0        0.0%
   159 ;;COMMON               E      A       A       1       71.4%
   160 ;;BITSFR0              0      0       0       1        0.0%
   161 ;;SFR0                 0      0       0       1        0.0%
   162 ;;BITSFR1              0      0       0       2        0.0%
   163 ;;SFR1                 0      0       0       2        0.0%
   164 ;;STACK                0      0       0       2        0.0%
   165 ;;ABS                  0      0       0       3        0.0%
   166 ;;BITBANK0            50      0       0       4        0.0%
   167 ;;BITSFR3              0      0       0       4        0.0%
   168 ;;SFR3                 0      0       0       4        0.0%
   169 ;;BANK0               50      0       0       5        0.0%
   170 ;;BITSFR2              0      0       0       5        0.0%
   171 ;;SFR2                 0      0       0       5        0.0%
   172 ;;BITBANK1            50      0       0       6        0.0%
   173 ;;BANK1               50      0       0       7        0.0%
   174 ;;BITBANK3            60      0       0       8        0.0%
   175 ;;BANK3               60      0       0       9        0.0%
   176 ;;BITBANK2            60      0       0      10        0.0%
   177 ;;BANK2               60      0       0      11        0.0%
   178 ;;DATA                 0      0       0      12        0.0%
   179                           
   180                           	global	_main
   181                           psect	maintext
   182                           
   183 ;; *************** function _main *****************
   184 ;; Defined at:
   185 ;;		line 3 in file "E:\KTU\Softwares\mplab\Nextbutton\nextbutton.c"
   186 ;; Parameters:    Size  Location     Type
   187 ;;		None
   188 ;; Auto vars:     Size  Location     Type
   189 ;;  x               4    4[COMMON] int [2]
   190 ;;  count           2    8[COMMON] int 
   191 ;;  i               2    2[COMMON] int 
   192 ;;  m               2    0[COMMON] int 
   193 ;; Return value:  Size  Location     Type
   194 ;;		None               void
   195 ;; Registers used:
   196 ;;		wreg, status,2, btemp+1
   197 ;; Tracked objects:
   198 ;;		On entry : 17F/0
   199 ;;		On exit  : 0/0
   200 ;;		Unchanged: 0/0
   201 ;; Data sizes:     COMMON   BANK0   BANK1   BANK3   BANK2
   202 ;;      Params:         0       0       0       0       0
   203 ;;      Locals:        10       0       0       0       0
   204 ;;      Temps:          0       0       0       0       0
   205 ;;      Totals:        10       0       0       0       0
   206 ;;Total ram usage:       10 bytes
   207 ;; This function calls:
   208 ;;		Nothing
   209 ;; This function is called by:
   210 ;;		Startup code after reset
   211 ;; This function uses a non-reentrant model
   212 ;;
   213                           psect	maintext
   214                           	file	"E:\KTU\Softwares\mplab\Nextbutton\nextbutton.c"
   215                           	line	3
   216                           	global	__size_of_main
   217  00EC                     	__size_of_main	equ	__end_of_main-_main
   218                           	
   219  0714                     _main:	
   220                           	opt	stack 8
   221                           ; Regs used in _main: [wreg+status,2+btemp+1]
   222                           	line	4
   223                           	
   224  0714                     l1424:	
   225                           ;nextbutton.c: 4: PORTA=0X00;
   226  0714  1283               	bcf	status, 5	;RP0=0, select bank0
   227  0715  1303               	bcf	status, 6	;RP1=0, select bank0
   228  0716  0185               	clrf	(5)	;volatile
   229                           	line	5
   230                           ;nextbutton.c: 5: PORTB=0X00;
   231  0717  0186               	clrf	(6)	;volatile
   232                           	line	6
   233                           ;nextbutton.c: 6: TRISA=0X00;
   234  0718  1683               	bsf	status, 5	;RP0=1, select bank1
   235  0719  1303               	bcf	status, 6	;RP1=0, select bank1
   236  071A  0185               	clrf	(133)^080h	;volatile
   237                           	line	7
   238                           	
   239  071B                     l1426:	
   240                           ;nextbutton.c: 7: TRISB=0X03;
   241  071B  3003               	movlw	(03h)
   242  071C  0086               	movwf	(134)^080h	;volatile
   243                           	line	8
   244                           	
   245  071D                     l1428:	
   246                           ;nextbutton.c: 8: ANSEL=0X00;
   247  071D  1683               	bsf	status, 5	;RP0=1, select bank3
   248  071E  1703               	bsf	status, 6	;RP1=1, select bank3
   249  071F  0188               	clrf	(392)^0180h	;volatile
   250                           	line	9
   251                           	
   252  0720                     l1430:	
   253                           ;nextbutton.c: 9: ANSELH=0X00;
   254  0720  0189               	clrf	(393)^0180h	;volatile
   255                           	line	11
   256                           	
   257  0721                     l1432:	
   258                           ;nextbutton.c: 10: int x[2];
   259                           ;nextbutton.c: 11: int count=0;
   260  0721  01F8               	clrf	(main@count)
   261  0722  01F9               	clrf	(main@count+1)
   262                           	line	12
   263                           ;nextbutton.c: 12: int m=1;
   264  0723  3001               	movlw	low(01h)
   265  0724  00F0               	movwf	(main@m)
   266  0725  3000               	movlw	high(01h)
   267  0726  00F1               	movwf	((main@m))+1
   268                           	line	14
   269                           ;nextbutton.c: 13: int i;
   270                           ;nextbutton.c: 14: while(1)
   271                           	
   272  0727                     l1025:	
   273                           	line	16
   274                           ;nextbutton.c: 15: {
   275                           ;nextbutton.c: 16: if(m==1)
   276  0727  3001               	movlw	01h
   277  0728  0670               	xorwf	(main@m),w
   278  0729  0471               	iorwf	(main@m+1),w
   279  072A  1D03               	skipz
   280  072B  2F2D               	goto	u11
   281  072C  2F2E               	goto	u10
   282  072D                     u11:
   283  072D  2F74               	goto	l1454
   284  072E                     u10:
   285                           	line	18
   286                           	
   287  072E                     l1434:	
   288                           ;nextbutton.c: 17: {
   289                           ;nextbutton.c: 18: if(RB0==1 || RB1==1 )
   290  072E  1283               	bcf	status, 5	;RP0=0, select bank0
   291  072F  1303               	bcf	status, 6	;RP1=0, select bank0
   292  0730  1806               	btfsc	(48/8),(48)&7
   293  0731  2F33               	goto	u21
   294  0732  2F34               	goto	u20
   295  0733                     u21:
   296  0733  2F39               	goto	l1438
   297  0734                     u20:
   298                           	
   299  0734                     l1436:	
   300  0734  1C86               	btfss	(49/8),(49)&7
   301  0735  2F37               	goto	u31
   302  0736  2F38               	goto	u30
   303  0737                     u31:
   304  0737  2F48               	goto	l1442
   305  0738                     u30:
   306  0738  2F39               	goto	l1438
   307                           	
   308  0739                     l1029:	
   309                           	line	20
   310                           	
   311  0739                     l1438:	
   312                           ;nextbutton.c: 19: {
   313                           ;nextbutton.c: 20: x[0]=1;
   314  0739  3001               	movlw	low(01h)
   315  073A  00F4               	movwf	(main@x)
   316  073B  3000               	movlw	high(01h)
   317  073C  00F5               	movwf	((main@x))+1
   318                           	line	21
   319                           ;nextbutton.c: 21: while(RB0==1 || RB1==1);
   320  073D  2F3E               	goto	l1030
   321                           	
   322  073E                     l1031:	
   323                           	
   324  073E                     l1030:	
   325  073E  1806               	btfsc	(48/8),(48)&7
   326  073F  2F41               	goto	u41
   327  0740  2F42               	goto	u40
   328  0741                     u41:
   329  0741  2F3E               	goto	l1030
   330  0742                     u40:
   331                           	
   332  0742                     l1440:	
   333  0742  1886               	btfsc	(49/8),(49)&7
   334  0743  2F45               	goto	u51
   335  0744  2F46               	goto	u50
   336  0745                     u51:
   337  0745  2F3E               	goto	l1030
   338  0746                     u50:
   339  0746  2F48               	goto	l1442
   340                           	
   341  0747                     l1032:	
   342  0747  2F48               	goto	l1442
   343                           	line	22
   344                           	
   345  0748                     l1027:	
   346                           	line	23
   347                           	
   348  0748                     l1442:	
   349                           ;nextbutton.c: 22: }
   350                           ;nextbutton.c: 23: if(x[0]==1)
   351  0748  3001               	movlw	01h
   352  0749  0674               	xorwf	(main@x),w
   353  074A  0475               	iorwf	(main@x+1),w
   354  074B  1D03               	skipz
   355  074C  2F4E               	goto	u61
   356  074D  2F4F               	goto	u60
   357  074E                     u61:
   358  074E  2F74               	goto	l1454
   359  074F                     u60:
   360                           	line	25
   361                           	
   362  074F                     l1444:	
   363                           ;nextbutton.c: 24: {
   364                           ;nextbutton.c: 25: count=0;
   365  074F  01F8               	clrf	(main@count)
   366  0750  01F9               	clrf	(main@count+1)
   367                           	line	26
   368                           ;nextbutton.c: 26: while(count<30000)
   369  0751  2F5C               	goto	l1448
   370                           	
   371  0752                     l1035:	
   372                           	line	28
   373                           ;nextbutton.c: 27: {
   374                           ;nextbutton.c: 28: RA0=1;
   375  0752  1283               	bcf	status, 5	;RP0=0, select bank0
   376  0753  1303               	bcf	status, 6	;RP1=0, select bank0
   377  0754  1405               	bsf	(40/8),(40)&7
   378                           	line	29
   379                           	
   380  0755                     l1446:	
   381                           ;nextbutton.c: 29: count++;
   382  0755  3001               	movlw	low(01h)
   383  0756  07F8               	addwf	(main@count),f
   384  0757  1803               	skipnc
   385  0758  0AF9               	incf	(main@count+1),f
   386  0759  3000               	movlw	high(01h)
   387  075A  07F9               	addwf	(main@count+1),f
   388  075B  2F5C               	goto	l1448
   389                           	line	30
   390                           	
   391  075C                     l1034:	
   392                           	line	26
   393                           	
   394  075C                     l1448:	
   395  075C  0879               	movf	(main@count+1),w
   396  075D  3A80               	xorlw	80h
   397  075E  00FF               	movwf	btemp+1
   398  075F  30F5               	movlw	(high(07530h))^80h
   399  0760  027F               	subwf	btemp+1,w
   400  0761  1D03               	skipz
   401  0762  2F65               	goto	u75
   402  0763  3030               	movlw	low(07530h)
   403  0764  0278               	subwf	(main@count),w
   404  0765                     u75:
   405                           
   406  0765  1C03               	skipc
   407  0766  2F68               	goto	u71
   408  0767  2F69               	goto	u70
   409  0768                     u71:
   410  0768  2F52               	goto	l1035
   411  0769                     u70:
   412                           	
   413  0769                     l1036:	
   414                           	line	31
   415                           ;nextbutton.c: 30: }
   416                           ;nextbutton.c: 31: RA0=0;
   417  0769  1283               	bcf	status, 5	;RP0=0, select bank0
   418  076A  1303               	bcf	status, 6	;RP1=0, select bank0
   419  076B  1005               	bcf	(40/8),(40)&7
   420                           	line	32
   421                           	
   422  076C                     l1450:	
   423                           ;nextbutton.c: 32: m=2;
   424  076C  3002               	movlw	low(02h)
   425  076D  00F0               	movwf	(main@m)
   426  076E  3000               	movlw	high(02h)
   427  076F  00F1               	movwf	((main@m))+1
   428                           	line	33
   429                           	
   430  0770                     l1452:	
   431                           ;nextbutton.c: 33: count=0;
   432  0770  01F8               	clrf	(main@count)
   433  0771  01F9               	clrf	(main@count+1)
   434  0772  2F74               	goto	l1454
   435                           	line	34
   436                           	
   437  0773                     l1033:	
   438  0773  2F74               	goto	l1454
   439                           	line	35
   440                           	
   441  0774                     l1026:	
   442                           	line	36
   443                           	
   444  0774                     l1454:	
   445                           ;nextbutton.c: 34: }
   446                           ;nextbutton.c: 35: }
   447                           ;nextbutton.c: 36: if(m==2)
   448  0774  3002               	movlw	02h
   449  0775  0670               	xorwf	(main@m),w
   450  0776  0471               	iorwf	(main@m+1),w
   451  0777  1D03               	skipz
   452  0778  2F7A               	goto	u81
   453  0779  2F7B               	goto	u80
   454  077A                     u81:
   455  077A  2F27               	goto	l1025
   456  077B                     u80:
   457                           	line	38
   458                           	
   459  077B                     l1456:	
   460                           ;nextbutton.c: 37: {
   461                           ;nextbutton.c: 38: if(RB0==1 || RB1==1)
   462  077B  1283               	bcf	status, 5	;RP0=0, select bank0
   463  077C  1303               	bcf	status, 6	;RP1=0, select bank0
   464  077D  1806               	btfsc	(48/8),(48)&7
   465  077E  2F80               	goto	u91
   466  077F  2F81               	goto	u90
   467  0780                     u91:
   468  0780  2F86               	goto	l1460
   469  0781                     u90:
   470                           	
   471  0781                     l1458:	
   472  0781  1C86               	btfss	(49/8),(49)&7
   473  0782  2F84               	goto	u101
   474  0783  2F85               	goto	u100
   475  0784                     u101:
   476  0784  2F95               	goto	l1464
   477  0785                     u100:
   478  0785  2F86               	goto	l1460
   479                           	
   480  0786                     l1040:	
   481                           	line	40
   482                           	
   483  0786                     l1460:	
   484                           ;nextbutton.c: 39: {
   485                           ;nextbutton.c: 40: x[1]=2;
   486  0786  3002               	movlw	low(02h)
   487  0787  00F6               	movwf	0+(main@x)+02h
   488  0788  3000               	movlw	high(02h)
   489  0789  00F7               	movwf	(0+(main@x)+02h)+1
   490                           	line	41
   491                           ;nextbutton.c: 41: while(RB0==1 || RB1==1);
   492  078A  2F8B               	goto	l1041
   493                           	
   494  078B                     l1042:	
   495                           	
   496  078B                     l1041:	
   497  078B  1806               	btfsc	(48/8),(48)&7
   498  078C  2F8E               	goto	u111
   499  078D  2F8F               	goto	u110
   500  078E                     u111:
   501  078E  2F8B               	goto	l1041
   502  078F                     u110:
   503                           	
   504  078F                     l1462:	
   505  078F  1886               	btfsc	(49/8),(49)&7
   506  0790  2F92               	goto	u121
   507  0791  2F93               	goto	u120
   508  0792                     u121:
   509  0792  2F8B               	goto	l1041
   510  0793                     u120:
   511  0793  2F95               	goto	l1464
   512                           	
   513  0794                     l1043:	
   514  0794  2F95               	goto	l1464
   515                           	line	42
   516                           	
   517  0795                     l1038:	
   518                           	line	43
   519                           	
   520  0795                     l1464:	
   521                           ;nextbutton.c: 42: }
   522                           ;nextbutton.c: 43: if(x[1]==2)
   523  0795  3002               	movlw	02h
   524  0796  0676               	xorwf	0+(main@x)+02h,w
   525  0797  0477               	iorwf	1+(main@x)+02h,w
   526  0798  1D03               	skipz
   527  0799  2F9B               	goto	u131
   528  079A  2F9C               	goto	u130
   529  079B                     u131:
   530  079B  2F27               	goto	l1025
   531  079C                     u130:
   532                           	line	45
   533                           	
   534  079C                     l1466:	
   535                           ;nextbutton.c: 44: {
   536                           ;nextbutton.c: 45: count=0;
   537  079C  01F8               	clrf	(main@count)
   538  079D  01F9               	clrf	(main@count+1)
   539                           	line	46
   540                           ;nextbutton.c: 46: for(i=0;i<2;i++)
   541  079E  01F2               	clrf	(main@i)
   542  079F  01F3               	clrf	(main@i+1)
   543                           	
   544  07A0                     l1468:	
   545  07A0  0873               	movf	(main@i+1),w
   546  07A1  3A80               	xorlw	80h
   547  07A2  00FF               	movwf	btemp+1
   548  07A3  3080               	movlw	(high(02h))^80h
   549  07A4  027F               	subwf	btemp+1,w
   550  07A5  1D03               	skipz
   551  07A6  2FA9               	goto	u145
   552  07A7  3002               	movlw	low(02h)
   553  07A8  0272               	subwf	(main@i),w
   554  07A9                     u145:
   555                           
   556  07A9  1C03               	skipc
   557  07AA  2FAC               	goto	u141
   558  07AB  2FAD               	goto	u140
   559  07AC                     u141:
   560  07AC  2FBA               	goto	l1474
   561  07AD                     u140:
   562  07AD  2FF5               	goto	l1484
   563                           	
   564  07AE                     l1470:	
   565  07AE  2FF5               	goto	l1484
   566                           	line	47
   567                           	
   568  07AF                     l1045:	
   569                           	line	48
   570                           ;nextbutton.c: 47: {
   571                           ;nextbutton.c: 48: while(count<30000)
   572  07AF  2FBA               	goto	l1474
   573                           	
   574  07B0                     l1048:	
   575                           	line	50
   576                           ;nextbutton.c: 49: {
   577                           ;nextbutton.c: 50: RA0=1;
   578  07B0  1283               	bcf	status, 5	;RP0=0, select bank0
   579  07B1  1303               	bcf	status, 6	;RP1=0, select bank0
   580  07B2  1405               	bsf	(40/8),(40)&7
   581                           	line	51
   582                           	
   583  07B3                     l1472:	
   584                           ;nextbutton.c: 51: count++;
   585  07B3  3001               	movlw	low(01h)
   586  07B4  07F8               	addwf	(main@count),f
   587  07B5  1803               	skipnc
   588  07B6  0AF9               	incf	(main@count+1),f
   589  07B7  3000               	movlw	high(01h)
   590  07B8  07F9               	addwf	(main@count+1),f
   591  07B9  2FBA               	goto	l1474
   592                           	line	52
   593                           	
   594  07BA                     l1047:	
   595                           	line	48
   596                           	
   597  07BA                     l1474:	
   598  07BA  0879               	movf	(main@count+1),w
   599  07BB  3A80               	xorlw	80h
   600  07BC  00FF               	movwf	btemp+1
   601  07BD  30F5               	movlw	(high(07530h))^80h
   602  07BE  027F               	subwf	btemp+1,w
   603  07BF  1D03               	skipz
   604  07C0  2FC3               	goto	u155
   605  07C1  3030               	movlw	low(07530h)
   606  07C2  0278               	subwf	(main@count),w
   607  07C3                     u155:
   608                           
   609  07C3  1C03               	skipc
   610  07C4  2FC6               	goto	u151
   611  07C5  2FC7               	goto	u150
   612  07C6                     u151:
   613  07C6  2FB0               	goto	l1048
   614  07C7                     u150:
   615  07C7  2FD3               	goto	l1478
   616                           	
   617  07C8                     l1049:	
   618                           	line	53
   619                           ;nextbutton.c: 52: }
   620                           ;nextbutton.c: 53: while(count>0)
   621  07C8  2FD3               	goto	l1478
   622                           	
   623  07C9                     l1051:	
   624                           	line	55
   625                           ;nextbutton.c: 54: {
   626                           ;nextbutton.c: 55: RA0=0;
   627  07C9  1283               	bcf	status, 5	;RP0=0, select bank0
   628  07CA  1303               	bcf	status, 6	;RP1=0, select bank0
   629  07CB  1005               	bcf	(40/8),(40)&7
   630                           	line	56
   631                           	
   632  07CC                     l1476:	
   633                           ;nextbutton.c: 56: count--;
   634  07CC  30FF               	movlw	low(-1)
   635  07CD  07F8               	addwf	(main@count),f
   636  07CE  1803               	skipnc
   637  07CF  0AF9               	incf	(main@count+1),f
   638  07D0  30FF               	movlw	high(-1)
   639  07D1  07F9               	addwf	(main@count+1),f
   640  07D2  2FD3               	goto	l1478
   641                           	line	57
   642                           	
   643  07D3                     l1050:	
   644                           	line	53
   645                           	
   646  07D3                     l1478:	
   647  07D3  0879               	movf	(main@count+1),w
   648  07D4  3A80               	xorlw	80h
   649  07D5  00FF               	movwf	btemp+1
   650  07D6  3080               	movlw	(high(01h))^80h
   651  07D7  027F               	subwf	btemp+1,w
   652  07D8  1D03               	skipz
   653  07D9  2FDC               	goto	u165
   654  07DA  3001               	movlw	low(01h)
   655  07DB  0278               	subwf	(main@count),w
   656  07DC                     u165:
   657                           
   658  07DC  1803               	skipnc
   659  07DD  2FDF               	goto	u161
   660  07DE  2FE0               	goto	u160
   661  07DF                     u161:
   662  07DF  2FC9               	goto	l1051
   663  07E0                     u160:
   664  07E0  2FE1               	goto	l1480
   665                           	
   666  07E1                     l1052:	
   667                           	line	46
   668                           	
   669  07E1                     l1480:	
   670  07E1  3001               	movlw	low(01h)
   671  07E2  07F2               	addwf	(main@i),f
   672  07E3  1803               	skipnc
   673  07E4  0AF3               	incf	(main@i+1),f
   674  07E5  3000               	movlw	high(01h)
   675  07E6  07F3               	addwf	(main@i+1),f
   676                           	
   677  07E7                     l1482:	
   678  07E7  0873               	movf	(main@i+1),w
   679  07E8  3A80               	xorlw	80h
   680  07E9  00FF               	movwf	btemp+1
   681  07EA  3080               	movlw	(high(02h))^80h
   682  07EB  027F               	subwf	btemp+1,w
   683  07EC  1D03               	skipz
   684  07ED  2FF0               	goto	u175
   685  07EE  3002               	movlw	low(02h)
   686  07EF  0272               	subwf	(main@i),w
   687  07F0                     u175:
   688                           
   689  07F0  1C03               	skipc
   690  07F1  2FF3               	goto	u171
   691  07F2  2FF4               	goto	u170
   692  07F3                     u171:
   693  07F3  2FBA               	goto	l1474
   694  07F4                     u170:
   695  07F4  2FF5               	goto	l1484
   696                           	
   697  07F5                     l1046:	
   698                           	line	59
   699                           	
   700  07F5                     l1484:	
   701                           ;nextbutton.c: 57: }
   702                           ;nextbutton.c: 58: }
   703                           ;nextbutton.c: 59: x[1]=0;
   704  07F5  01F6               	clrf	0+(main@x)+02h
   705  07F6  01F7               	clrf	1+(main@x)+02h
   706                           	line	60
   707                           ;nextbutton.c: 60: x[0]=0;
   708  07F7  01F4               	clrf	(main@x)
   709  07F8  01F5               	clrf	(main@x+1)
   710  07F9  2F27               	goto	l1025
   711                           	line	61
   712                           	
   713  07FA                     l1044:	
   714  07FA  2F27               	goto	l1025
   715                           	line	62
   716                           	
   717  07FB                     l1037:	
   718  07FB  2F27               	goto	l1025
   719                           	line	63
   720                           	
   721  07FC                     l1053:	
   722                           	line	14
   723  07FC  2F27               	goto	l1025
   724                           	
   725  07FD                     l1054:	
   726                           	line	64
   727                           	
   728  07FD                     l1055:	
   729                           	global	start
   730  07FD  120A  118A  2800   	ljmp	start
   731                           	opt stack 0
   732                           GLOBAL	__end_of_main
   733  0800                     	__end_of_main:
   734 ;; =============== function _main ends ============
   735                           
   736                           	signat	_main,88
   737                           psect	maintext
   738                           	global	btemp
   739  007E                     	btemp set 07Eh
   740                           
   741                           	DABS	1,126,2	;btemp
   742                           	global	wtemp0
   743  007E                     	wtemp0 set btemp


HI-TECH Software PICC Macro Assembler V9.81 build 7503 
Symbol Table                                                                                   Thu Apr 15 20:46:56 2021

                  u10 072E                    u11 072D                    u20 0734                    u21 0733  
                  u30 0738                    u31 0737                    u40 0742                    u41 0741  
                  u50 0746                    u51 0745                    u60 074F                    u61 074E  
                  u70 0769                    u71 0768                    u80 077B                    u81 077A  
                  u90 0781                    u91 0780                    u75 0765                   _RA0 0028  
                 _RB0 0030                   _RB1 0031                   u100 0785                   u101 0784  
                 u110 078F                   u111 078E                   u120 0793                   u121 0792  
                 u130 079C                   u131 079B                   u140 07AD                   u141 07AC  
                 u150 07C7                   u151 07C6                   u160 07E0                   u161 07DF  
                 u145 07A9                   u170 07F4                   u171 07F3                   u155 07C3  
                 u165 07DC                   u175 07F0                  l1030 073E                  l1031 073E  
                l1040 0786                  l1032 0747                  l1041 078B                  l1033 0773  
                l1025 0727                  l1050 07D3                  l1042 078B                  l1026 0774  
                l1034 075C                  l1051 07C9                  l1043 0794                  l1035 0752  
                l1027 0748                  l1044 07FA                  l1052 07E1                  l1036 0769  
                l1053 07FC                  l1037 07FB                  l1045 07AF                  l1029 0739  
                l1054 07FD                  l1046 07F5                  l1038 0795                  l1055 07FD  
                l1047 07BA                  l1048 07B0                  l1049 07C8                  l1430 0720  
                l1440 0742                  l1432 0721                  l1424 0714                  l1450 076C  
                l1442 0748                  l1434 072E                  l1426 071B                  l1460 0786  
                l1452 0770                  l1444 074F                  l1436 0734                  l1428 071D  
                l1470 07AE                  l1462 078F                  l1446 0755                  l1438 0739  
                l1454 0774                  l1480 07E1                  l1472 07B3                  l1464 0795  
                l1456 077B                  l1448 075C                  l1482 07E7                  l1474 07BA  
                l1466 079C                  l1458 0781                  l1476 07CC                  l1484 07F5  
                l1468 07A0                  l1478 07D3                  _main 0714                  btemp 007E  
                start 0000                 ?_main 0070                 _ANSEL 0188                 _PORTA 0005  
               _PORTB 0006                 _TRISA 0085                 _TRISB 0086                 main@i 0072  
               main@m 0070                 main@x 0074                 status 0003                 wtemp0 007E  
        __end_of_main 0800                ??_main 0070                _ANSELH 0189        __pcstackCOMMON 0070  
          __pmaintext 0714  end_of_initialization 0710   start_initialization 0710             main@count 0078  
       __size_of_main 00EC  
