

HI-TECH Software PIC LITE Macro Assembler V9.81 build 7503 
                                                                                               Sun May 23 21:04:36 2021

HI-TECH Software Omniscient Code Generator (Lite mode) build 7503
     1  0000                     opt subtitle "HI-TECH Software Omniscient Code Generator (Lite mode) build 7503"
     2                           
     3                           opt pagewidth 120
     4                           
     5                           	opt lm
     6                           
     7                           	processor	16F887
     8                           clrc	macro
     9                           	bcf	3,0
    10  0000                     	endm
    11                           clrz	macro
    12                           	bcf	3,2
    13  0000                     	endm
    14                           setc	macro
    15                           	bsf	3,0
    16  0000                     	endm
    17                           setz	macro
    18                           	bsf	3,2
    19  0000                     	endm
    20                           skipc	macro
    21                           	btfss	3,0
    22  0000                     	endm
    23                           skipz	macro
    24                           	btfss	3,2
    25  0000                     	endm
    26                           skipnc	macro
    27                           	btfsc	3,0
    28  0000                     	endm
    29                           skipnz	macro
    30                           	btfsc	3,2
    31  0000                     	endm
    32  0000                     indf	equ	0
    33  0000                     indf0	equ	0
    34  0002                     pc	equ	2
    35  0002                     pcl	equ	2
    36  0003                     status	equ	3
    37  0004                     fsr	equ	4
    38  0004                     fsr0	equ	4
    39  0001                     c	equ	1
    40  0000                     z	equ	0
    41  000A                     pclath	equ	10
    42                           	FNROOT	_main
    43                           	global	_PORTA
    44                           psect	maintext,global,class=CODE,delta=2
    45                           global __pmaintext
    46  07B0                     __pmaintext:
    47  0005                     _PORTA	set	5
    48                           	global	_RA0
    49  0028                     _RA0	set	40
    50                           	global	_RA1
    51  0029                     _RA1	set	41
    52                           	global	_RB0
    53  0030                     _RB0	set	48
    54                           	global	_TRISA
    55  0085                     _TRISA	set	133
    56                           	global	_ANSEL
    57  0188                     _ANSEL	set	392
    58                           	global	_ANSELH
    59  0189                     _ANSELH	set	393
    60                           	file	"increment.as"
    61                           	line	#
    62                           psect cinit,class=CODE,delta=2
    63                           global start_initialization
    64  07AC                     start_initialization:
    65                           
    66                           psect cinit,class=CODE,delta=2
    67                           global end_of_initialization
    68                           
    69                           ;End of C runtime variable initialization code
    70                           
    71  07AC                     end_of_initialization:
    72  07AC  0183               clrf status
    73  07AD  120A  118A  2FB0   ljmp _main	;jump to C main() function
    74                           psect	cstackCOMMON,class=COMMON,space=1
    75                           global __pcstackCOMMON
    76  0070                     __pcstackCOMMON:
    77                           	global	?_main
    78  0070                     ?_main:	; 0 bytes @ 0x0
    79                           	global	??_main
    80  0070                     ??_main:	; 0 bytes @ 0x0
    81                           	global	main@count
    82  0070                     main@count:	; 2 bytes @ 0x0
    83  0070                     	ds	2
    84 ;;Data sizes: Strings 0, constant 0, data 0, bss 0, persistent 0 stack 0
    85 ;;Auto spaces:   Size  Autos    Used
    86 ;; COMMON          14      2       2
    87 ;; BANK0           80      0       0
    88 ;; BANK1           80      0       0
    89 ;; BANK3           96      0       0
    90 ;; BANK2           96      0       0
    91                           
    92 ;;
    93 ;; Pointer list with targets:
    94                           
    95                           
    96                           
    97 ;;
    98 ;; Critical Paths under _main in COMMON
    99 ;;
   100 ;;   None.
   101 ;;
   102 ;; Critical Paths under _main in BANK0
   103 ;;
   104 ;;   None.
   105 ;;
   106 ;; Critical Paths under _main in BANK1
   107 ;;
   108 ;;   None.
   109 ;;
   110 ;; Critical Paths under _main in BANK3
   111 ;;
   112 ;;   None.
   113 ;;
   114 ;; Critical Paths under _main in BANK2
   115 ;;
   116 ;;   None.
   117                           
   118 ;;
   119 ;;Main: autosize = 0, tempsize = 0, incstack = 0, save=0
   120 ;;
   121                           
   122 ;;
   123 ;;Call Graph Tables:
   124 ;;
   125 ;; ---------------------------------------------------------------------------------
   126 ;; (Depth) Function   	        Calls       Base Space   Used Autos Params    Refs
   127 ;; ---------------------------------------------------------------------------------
   128 ;; (0) _main                                                 2     2      0      30
   129 ;;                                              0 COMMON     2     2      0
   130 ;; ---------------------------------------------------------------------------------
   131 ;; Estimated maximum stack depth 0
   132 ;; ---------------------------------------------------------------------------------
   133                           
   134 ;; Call Graph Graphs:
   135                           
   136 ;; _main (ROOT)
   137 ;;
   138                           
   139 ;; Address spaces:
   140                           
   141 ;;Name               Size   Autos  Total    Cost      Usage
   142 ;;BITCOMMON            E      0       0       0        0.0%
   143 ;;EEDATA             100      0       0       0        0.0%
   144 ;;NULL                 0      0       0       0        0.0%
   145 ;;CODE                 0      0       0       0        0.0%
   146 ;;COMMON               E      2       2       1       14.3%
   147 ;;BITSFR0              0      0       0       1        0.0%
   148 ;;SFR0                 0      0       0       1        0.0%
   149 ;;BITSFR1              0      0       0       2        0.0%
   150 ;;SFR1                 0      0       0       2        0.0%
   151 ;;STACK                0      0       0       2        0.0%
   152 ;;ABS                  0      0       0       3        0.0%
   153 ;;BITBANK0            50      0       0       4        0.0%
   154 ;;BITSFR3              0      0       0       4        0.0%
   155 ;;SFR3                 0      0       0       4        0.0%
   156 ;;BANK0               50      0       0       5        0.0%
   157 ;;BITSFR2              0      0       0       5        0.0%
   158 ;;SFR2                 0      0       0       5        0.0%
   159 ;;BITBANK1            50      0       0       6        0.0%
   160 ;;BANK1               50      0       0       7        0.0%
   161 ;;BITBANK3            60      0       0       8        0.0%
   162 ;;BANK3               60      0       0       9        0.0%
   163 ;;BITBANK2            60      0       0      10        0.0%
   164 ;;BANK2               60      0       0      11        0.0%
   165 ;;DATA                 0      0       0      12        0.0%
   166                           
   167                           	global	_main
   168                           psect	maintext
   169                           
   170 ;; *************** function _main *****************
   171 ;; Defined at:
   172 ;;		line 3 in file "E:\KTU\Softwares\mplab\Increment\increment.c"
   173 ;; Parameters:    Size  Location     Type
   174 ;;		None
   175 ;; Auto vars:     Size  Location     Type
   176 ;;  count           2    0[COMMON] int 
   177 ;; Return value:  Size  Location     Type
   178 ;;		None               void
   179 ;; Registers used:
   180 ;;		wreg, status,2, btemp+1
   181 ;; Tracked objects:
   182 ;;		On entry : 17F/0
   183 ;;		On exit  : 0/0
   184 ;;		Unchanged: 0/0
   185 ;; Data sizes:     COMMON   BANK0   BANK1   BANK3   BANK2
   186 ;;      Params:         0       0       0       0       0
   187 ;;      Locals:         2       0       0       0       0
   188 ;;      Temps:          0       0       0       0       0
   189 ;;      Totals:         2       0       0       0       0
   190 ;;Total ram usage:        2 bytes
   191 ;; This function calls:
   192 ;;		Nothing
   193 ;; This function is called by:
   194 ;;		Startup code after reset
   195 ;; This function uses a non-reentrant model
   196 ;;
   197                           psect	maintext
   198                           	file	"E:\KTU\Softwares\mplab\Increment\increment.c"
   199                           	line	3
   200                           	global	__size_of_main
   201  0050                     	__size_of_main	equ	__end_of_main-_main
   202                           	
   203  07B0                     _main:	
   204                           	opt	stack 8
   205                           ; Regs used in _main: [wreg+status,2+btemp+1]
   206                           	line	4
   207                           	
   208  07B0                     l1407:	
   209                           ;increment.c: 4: PORTA=0X00;
   210  07B0  1283               	bcf	status, 5	;RP0=0, select bank0
   211  07B1  1303               	bcf	status, 6	;RP1=0, select bank0
   212  07B2  0185               	clrf	(5)	;volatile
   213                           	line	5
   214                           ;increment.c: 5: TRISA=0X00;
   215  07B3  1683               	bsf	status, 5	;RP0=1, select bank1
   216  07B4  1303               	bcf	status, 6	;RP1=0, select bank1
   217  07B5  0185               	clrf	(133)^080h	;volatile
   218                           	line	6
   219                           ;increment.c: 6: ANSEL=0X00;
   220  07B6  1683               	bsf	status, 5	;RP0=1, select bank3
   221  07B7  1703               	bsf	status, 6	;RP1=1, select bank3
   222  07B8  0188               	clrf	(392)^0180h	;volatile
   223                           	line	7
   224                           ;increment.c: 7: ANSELH=0X00;
   225  07B9  0189               	clrf	(393)^0180h	;volatile
   226                           	line	8
   227                           ;increment.c: 8: int count=0;
   228  07BA  01F0               	clrf	(main@count)
   229  07BB  01F1               	clrf	(main@count+1)
   230  07BC  2FBD               	goto	l1409
   231                           	line	9
   232                           ;increment.c: 9: while(1)
   233                           	
   234  07BD                     l1025:	
   235                           	line	11
   236                           	
   237  07BD                     l1409:	
   238                           ;increment.c: 10: {
   239                           ;increment.c: 11: if(RB0==1)
   240  07BD  1283               	bcf	status, 5	;RP0=0, select bank0
   241  07BE  1303               	bcf	status, 6	;RP1=0, select bank0
   242  07BF  1C06               	btfss	(48/8),(48)&7
   243  07C0  2FC2               	goto	u11
   244  07C1  2FC3               	goto	u10
   245  07C2                     u11:
   246  07C2  2FBD               	goto	l1409
   247  07C3                     u10:
   248  07C3  2FD0               	goto	l1413
   249                           	line	13
   250                           ;increment.c: 12: {
   251                           ;increment.c: 13: while(1)
   252                           	
   253  07C4                     l1027:	
   254                           	line	15
   255                           ;increment.c: 14: {
   256                           ;increment.c: 15: while(count<30000)
   257  07C4  2FD0               	goto	l1413
   258                           	
   259  07C5                     l1029:	
   260                           	line	17
   261                           ;increment.c: 16: {
   262                           ;increment.c: 17: RA0=1;
   263  07C5  1283               	bcf	status, 5	;RP0=0, select bank0
   264  07C6  1303               	bcf	status, 6	;RP1=0, select bank0
   265  07C7  1405               	bsf	(40/8),(40)&7
   266                           	line	18
   267                           ;increment.c: 18: RA1=0;
   268  07C8  1085               	bcf	(41/8),(41)&7
   269                           	line	19
   270                           	
   271  07C9                     l1411:	
   272                           ;increment.c: 19: count++;
   273  07C9  3001               	movlw	low(01h)
   274  07CA  07F0               	addwf	(main@count),f
   275  07CB  1803               	skipnc
   276  07CC  0AF1               	incf	(main@count+1),f
   277  07CD  3000               	movlw	high(01h)
   278  07CE  07F1               	addwf	(main@count+1),f
   279  07CF  2FD0               	goto	l1413
   280                           	line	20
   281                           	
   282  07D0                     l1028:	
   283                           	line	15
   284                           	
   285  07D0                     l1413:	
   286  07D0  0871               	movf	(main@count+1),w
   287  07D1  3A80               	xorlw	80h
   288  07D2  00FF               	movwf	btemp+1
   289  07D3  30F5               	movlw	(high(07530h))^80h
   290  07D4  027F               	subwf	btemp+1,w
   291  07D5  1D03               	skipz
   292  07D6  2FD9               	goto	u25
   293  07D7  3030               	movlw	low(07530h)
   294  07D8  0270               	subwf	(main@count),w
   295  07D9                     u25:
   296                           
   297  07D9  1C03               	skipc
   298  07DA  2FDC               	goto	u21
   299  07DB  2FDD               	goto	u20
   300  07DC                     u21:
   301  07DC  2FC5               	goto	l1029
   302  07DD                     u20:
   303  07DD  2FEA               	goto	l1417
   304                           	
   305  07DE                     l1030:	
   306                           	line	21
   307                           ;increment.c: 20: }
   308                           ;increment.c: 21: while(count>0)
   309  07DE  2FEA               	goto	l1417
   310                           	
   311  07DF                     l1032:	
   312                           	line	23
   313                           ;increment.c: 22: {
   314                           ;increment.c: 23: RA1=1;
   315  07DF  1283               	bcf	status, 5	;RP0=0, select bank0
   316  07E0  1303               	bcf	status, 6	;RP1=0, select bank0
   317  07E1  1485               	bsf	(41/8),(41)&7
   318                           	line	24
   319                           ;increment.c: 24: RA0=0;
   320  07E2  1005               	bcf	(40/8),(40)&7
   321                           	line	25
   322                           	
   323  07E3                     l1415:	
   324                           ;increment.c: 25: count--;
   325  07E3  30FF               	movlw	low(-1)
   326  07E4  07F0               	addwf	(main@count),f
   327  07E5  1803               	skipnc
   328  07E6  0AF1               	incf	(main@count+1),f
   329  07E7  30FF               	movlw	high(-1)
   330  07E8  07F1               	addwf	(main@count+1),f
   331  07E9  2FEA               	goto	l1417
   332                           	line	26
   333                           	
   334  07EA                     l1031:	
   335                           	line	21
   336                           	
   337  07EA                     l1417:	
   338  07EA  0871               	movf	(main@count+1),w
   339  07EB  3A80               	xorlw	80h
   340  07EC  00FF               	movwf	btemp+1
   341  07ED  3080               	movlw	(high(01h))^80h
   342  07EE  027F               	subwf	btemp+1,w
   343  07EF  1D03               	skipz
   344  07F0  2FF3               	goto	u35
   345  07F1  3001               	movlw	low(01h)
   346  07F2  0270               	subwf	(main@count),w
   347  07F3                     u35:
   348                           
   349  07F3  1803               	skipnc
   350  07F4  2FF6               	goto	u31
   351  07F5  2FF7               	goto	u30
   352  07F6                     u31:
   353  07F6  2FDF               	goto	l1032
   354  07F7                     u30:
   355  07F7  2FD0               	goto	l1413
   356                           	
   357  07F8                     l1033:	
   358  07F8  2FD0               	goto	l1413
   359                           	line	27
   360                           	
   361  07F9                     l1034:	
   362                           	line	13
   363  07F9  2FD0               	goto	l1413
   364                           	
   365  07FA                     l1035:	
   366  07FA  2FBD               	goto	l1409
   367                           	line	28
   368                           	
   369  07FB                     l1026:	
   370  07FB  2FBD               	goto	l1409
   371                           	line	29
   372                           	
   373  07FC                     l1036:	
   374                           	line	9
   375  07FC  2FBD               	goto	l1409
   376                           	
   377  07FD                     l1037:	
   378                           	line	30
   379                           	
   380  07FD                     l1038:	
   381                           	global	start
   382  07FD  120A  118A  2800   	ljmp	start
   383                           	opt stack 0
   384                           GLOBAL	__end_of_main
   385  0800                     	__end_of_main:
   386 ;; =============== function _main ends ============
   387                           
   388                           	signat	_main,88
   389                           psect	maintext
   390                           	global	btemp
   391  007E                     	btemp set 07Eh
   392                           
   393                           	DABS	1,126,2	;btemp
   394                           	global	wtemp0
   395  007E                     	wtemp0 set btemp


HI-TECH Software PICC Macro Assembler V9.81 build 7503 
Symbol Table                                                                                   Sun May 23 21:04:36 2021

                  u10 07C3                    u11 07C2                    u20 07DD                    u21 07DC  
                  u30 07F7                    u31 07F6                    u25 07D9                    u35 07F3  
                 _RA0 0028                   _RA1 0029                   _RB0 0030                  l1030 07DE  
                l1031 07EA                  l1032 07DF                  l1033 07F8                  l1025 07BD  
                l1026 07FB                  l1034 07F9                  l1035 07FA                  l1027 07C4  
                l1036 07FC                  l1028 07D0                  l1037 07FD                  l1029 07C5  
                l1038 07FD                  l1411 07C9                  l1413 07D0                  l1415 07E3  
                l1407 07B0                  l1417 07EA                  l1409 07BD                  _main 07B0  
                btemp 007E                  start 0000                 ?_main 0070                 _ANSEL 0188  
               _PORTA 0005                 _TRISA 0085                 status 0003                 wtemp0 007E  
        __end_of_main 0800                ??_main 0070                _ANSELH 0189        __pcstackCOMMON 0070  
          __pmaintext 07B0  end_of_initialization 07AC   start_initialization 07AC             main@count 0070  
       __size_of_main 0050  
