

HI-TECH Software PIC LITE Macro Assembler V9.81 build 7503 
                                                                                               Wed Jun 30 13:55:28 2021

HI-TECH Software Omniscient Code Generator (Lite mode) build 7503
     1  0000                     opt subtitle "HI-TECH Software Omniscient Code Generator (Lite mode) build 7503"
     2                           
     3                           opt pagewidth 120
     4                           
     5                           	opt lm
     6                           
     7                           	processor	16F887
     8                           clrc	macro
     9                           	bcf	3,0
    10  0000                     	endm
    11                           clrz	macro
    12                           	bcf	3,2
    13  0000                     	endm
    14                           setc	macro
    15                           	bsf	3,0
    16  0000                     	endm
    17                           setz	macro
    18                           	bsf	3,2
    19  0000                     	endm
    20                           skipc	macro
    21                           	btfss	3,0
    22  0000                     	endm
    23                           skipz	macro
    24                           	btfss	3,2
    25  0000                     	endm
    26                           skipnc	macro
    27                           	btfsc	3,0
    28  0000                     	endm
    29                           skipnz	macro
    30                           	btfsc	3,2
    31  0000                     	endm
    32  0000                     indf	equ	0
    33  0000                     indf0	equ	0
    34  0002                     pc	equ	2
    35  0002                     pcl	equ	2
    36  0003                     status	equ	3
    37  0004                     fsr	equ	4
    38  0004                     fsr0	equ	4
    39  0001                     c	equ	1
    40  0000                     z	equ	0
    41  000A                     pclath	equ	10
    42                           	FNCALL	_main,_master
    43                           	FNCALL	_main,_delay
    44                           	FNCALL	_master,_delay
    45                           	FNROOT	_main
    46                           	global	main@F1605
    47                           psect	idataBANK0,class=CODE,space=0,delta=2
    48                           global __pidataBANK0
    49  0741                     __pidataBANK0:
    50                           	file	"E:\KTU\Softwares\MP lab\SPI\Master_slave\master.c"
    51                           	line	24
    52                           
    53                           ;initializer for main@F1605
    54  0741  3473               	retlw	073h
    55  0742  3461               	retlw	061h
    56  0743  3462               	retlw	062h
    57  0744  3469               	retlw	069h
    58  0745  346E               	retlw	06Eh
    59  0746  3400               	retlw	0
    60  0747  3400               	retlw	0
    61  0748  3400               	retlw	0
    62  0749  3400               	retlw	0
    63  074A  3400               	retlw	0
    64                           	global	_PORTC
    65  0007                     _PORTC	set	7
    66                           	global	_SSPBUF
    67  0013                     _SSPBUF	set	19
    68                           	global	_SSPCON
    69  0014                     _SSPCON	set	20
    70                           	global	_SSPIF
    71  0063                     _SSPIF	set	99
    72                           	global	_SSPSTAT
    73  0094                     _SSPSTAT	set	148
    74                           	global	_TRISC
    75  0087                     _TRISC	set	135
    76                           	global	_ANSEL
    77  0188                     _ANSEL	set	392
    78                           	global	_ANSELH
    79  0189                     _ANSELH	set	393
    80                           	file	"master.as"
    81                           	line	#
    82                           psect cinit,class=CODE,delta=2
    83                           global start_initialization
    84  075C                     start_initialization:
    85                           
    86                           psect	dataBANK0,class=BANK0,space=1
    87                           global __pdataBANK0
    88  0020                     __pdataBANK0:
    89                           	file	"E:\KTU\Softwares\MP lab\SPI\Master_slave\master.c"
    90  0020                     main@F1605:
    91  0020                            ds      10
    92                           
    93                           global btemp
    94                           psect inittext,class=CODE,delta=2
    95                           global init_fetch,btemp
    96                           ;	Called with low address in FSR and high address in W
    97  074B                     init_fetch:
    98  074B  087E               	movf btemp,w
    99  074C  008A               	movwf pclath
   100  074D  087F               	movf btemp+1,w
   101  074E  0082               	movwf pc
   102                           global init_ram
   103                           ;Called with:
   104                           ;	high address of idata address in btemp 
   105                           ;	low address of idata address in btemp+1 
   106                           ;	low address of data in FSR
   107                           ;	high address + 1 of data in btemp-1
   108  074F                     init_ram:
   109  074F  274B  120A  118A   	fcall init_fetch
   110  0752  0080               	movwf indf,f
   111  0753  0A84               	incf fsr,f
   112  0754  0804               	movf fsr,w
   113  0755  067D               	xorwf btemp-1,w
   114  0756  1903               	btfsc status,2
   115  0757  3400               	retlw 0
   116  0758  0AFF               	incf btemp+1,f
   117  0759  1903               	btfsc status,2
   118  075A  0AFE               	incf btemp,f
   119  075B  2F4F               	goto init_ram
   120                           ; Initialize objects allocated to BANK0
   121                           psect cinit,class=CODE,delta=2
   122                           global init_ram, __pidataBANK0
   123  075C  1383               	bcf	status, 7	;select IRP bank0
   124  075D  302A               	movlw low(__pdataBANK0+10)
   125  075E  00FD               	movwf btemp-1,f
   126  075F  3007               	movlw high(__pidataBANK0)
   127  0760  00FE               	movwf btemp,f
   128  0761  3041               	movlw low(__pidataBANK0)
   129  0762  00FF               	movwf btemp+1,f
   130  0763  3020               	movlw low(__pdataBANK0)
   131  0764  0084               	movwf fsr,f
   132  0765  120A  118A  274F   	fcall init_ram
              120A  118A         
   133                           psect cinit,class=CODE,delta=2
   134                           global end_of_initialization
   135                           
   136                           ;End of C runtime variable initialization code
   137                           
   138  076A                     end_of_initialization:
   139  076A  0183               clrf status
   140  076B  120A  118A  2F82   ljmp _main	;jump to C main() function
   141                           psect	cstackCOMMON,class=COMMON,space=1
   142                           global __pcstackCOMMON
   143  0070                     __pcstackCOMMON:
   144                           	global	?_delay
   145  0070                     ?_delay:	; 0 bytes @ 0x0
   146                           	global	?_master
   147  0070                     ?_master:	; 0 bytes @ 0x0
   148                           	global	?_main
   149  0070                     ?_main:	; 0 bytes @ 0x0
   150                           	global	delay@temp
   151  0070                     delay@temp:	; 2 bytes @ 0x0
   152  0070                     	ds	2
   153                           	global	??_delay
   154  0072                     ??_delay:	; 0 bytes @ 0x2
   155                           	global	??_master
   156  0072                     ??_master:	; 0 bytes @ 0x2
   157  0072                     	ds	1
   158                           	global	master@data
   159  0073                     master@data:	; 1 bytes @ 0x3
   160  0073                     	ds	1
   161                           	global	master@i
   162  0074                     master@i:	; 2 bytes @ 0x4
   163  0074                     	ds	2
   164                           	global	??_main
   165  0076                     ??_main:	; 0 bytes @ 0x6
   166  0076                     	ds	4
   167                           psect	cstackBANK0,class=BANK0,space=1
   168                           global __pcstackBANK0
   169  002A                     __pcstackBANK0:
   170                           	global	main@data
   171  002A                     main@data:	; 10 bytes @ 0x0
   172  002A                     	ds	10
   173 ;;Data sizes: Strings 0, constant 0, data 10, bss 0, persistent 0 stack 0
   174 ;;Auto spaces:   Size  Autos    Used
   175 ;; COMMON          14     10      10
   176 ;; BANK0           80     10      20
   177 ;; BANK1           80      0       0
   178 ;; BANK3           96      0       0
   179 ;; BANK2           96      0       0
   180                           
   181 ;;
   182 ;; Pointer list with targets:
   183                           
   184 ;; master@data	PTR unsigned char  size(1) Largest target is 10
   185 ;;		 -> main@data(BANK0[10]), 
   186 ;;
   187                           
   188                           
   189 ;;
   190 ;; Critical Paths under _main in COMMON
   191 ;;
   192 ;;   _main->_master
   193 ;;   _master->_delay
   194 ;;
   195 ;; Critical Paths under _main in BANK0
   196 ;;
   197 ;;   None.
   198 ;;
   199 ;; Critical Paths under _main in BANK1
   200 ;;
   201 ;;   None.
   202 ;;
   203 ;; Critical Paths under _main in BANK3
   204 ;;
   205 ;;   None.
   206 ;;
   207 ;; Critical Paths under _main in BANK2
   208 ;;
   209 ;;   None.
   210                           
   211 ;;
   212 ;;Main: autosize = 0, tempsize = 4, incstack = 0, save=0
   213 ;;
   214                           
   215 ;;
   216 ;;Call Graph Tables:
   217 ;;
   218 ;; ---------------------------------------------------------------------------------
   219 ;; (Depth) Function   	        Calls       Base Space   Used Autos Params    Refs
   220 ;; ---------------------------------------------------------------------------------
   221 ;; (0) _main                                                14    14      0     137
   222 ;;                                              6 COMMON     4     4      0
   223 ;;                                              0 BANK0     10    10      0
   224 ;;                             _master
   225 ;;                              _delay
   226 ;; ---------------------------------------------------------------------------------
   227 ;; (1) _master                                               4     4      0      91
   228 ;;                                              2 COMMON     4     4      0
   229 ;;                              _delay
   230 ;; ---------------------------------------------------------------------------------
   231 ;; (1) _delay                                                2     0      2      22
   232 ;;                                              0 COMMON     2     0      2
   233 ;; ---------------------------------------------------------------------------------
   234 ;; Estimated maximum stack depth 1
   235 ;; ---------------------------------------------------------------------------------
   236                           
   237 ;; Call Graph Graphs:
   238                           
   239 ;; _main (ROOT)
   240 ;;   _master
   241 ;;     _delay
   242 ;;   _delay
   243 ;;
   244                           
   245 ;; Address spaces:
   246                           
   247 ;;Name               Size   Autos  Total    Cost      Usage
   248 ;;BANK3               60      0       0       9        0.0%
   249 ;;BITBANK3            60      0       0       8        0.0%
   250 ;;SFR3                 0      0       0       4        0.0%
   251 ;;BITSFR3              0      0       0       4        0.0%
   252 ;;BANK2               60      0       0      11        0.0%
   253 ;;BITBANK2            60      0       0      10        0.0%
   254 ;;SFR2                 0      0       0       5        0.0%
   255 ;;BITSFR2              0      0       0       5        0.0%
   256 ;;SFR1                 0      0       0       2        0.0%
   257 ;;BITSFR1              0      0       0       2        0.0%
   258 ;;BANK1               50      0       0       7        0.0%
   259 ;;BITBANK1            50      0       0       6        0.0%
   260 ;;CODE                 0      0       0       0        0.0%
   261 ;;DATA                 0      0      20      12        0.0%
   262 ;;ABS                  0      0      1E       3        0.0%
   263 ;;NULL                 0      0       0       0        0.0%
   264 ;;STACK                0      0       2       2        0.0%
   265 ;;BANK0               50      A      14       5       25.0%
   266 ;;BITBANK0            50      0       0       4        0.0%
   267 ;;SFR0                 0      0       0       1        0.0%
   268 ;;BITSFR0              0      0       0       1        0.0%
   269 ;;COMMON               E      A       A       1       71.4%
   270 ;;BITCOMMON            E      0       0       0        0.0%
   271 ;;EEDATA             100      0       0       0        0.0%
   272                           
   273                           	global	_main
   274                           psect	maintext,global,class=CODE,delta=2
   275                           global __pmaintext
   276  0782                     __pmaintext:
   277                           
   278 ;; *************** function _main *****************
   279 ;; Defined at:
   280 ;;		line 17 in file "E:\KTU\Softwares\MP lab\SPI\Master_slave\master.c"
   281 ;; Parameters:    Size  Location     Type
   282 ;;		None
   283 ;; Auto vars:     Size  Location     Type
   284 ;;  data           10    0[BANK0 ] unsigned char [10]
   285 ;; Return value:  Size  Location     Type
   286 ;;		None               void
   287 ;; Registers used:
   288 ;;		wreg, fsr0l, fsr0h, status,2, status,0, btemp+1, pclath, cstack
   289 ;; Tracked objects:
   290 ;;		On entry : 17F/0
   291 ;;		On exit  : 0/0
   292 ;;		Unchanged: 0/0
   293 ;; Data sizes:     COMMON   BANK0   BANK1   BANK3   BANK2
   294 ;;      Params:         0       0       0       0       0
   295 ;;      Locals:         0      10       0       0       0
   296 ;;      Temps:          4       0       0       0       0
   297 ;;      Totals:         4      10       0       0       0
   298 ;;Total ram usage:       14 bytes
   299 ;; Hardware stack levels required when called:    2
   300 ;; This function calls:
   301 ;;		_master
   302 ;;		_delay
   303 ;; This function is called by:
   304 ;;		Startup code after reset
   305 ;; This function uses a non-reentrant model
   306 ;;
   307                           psect	maintext
   308                           	file	"E:\KTU\Softwares\MP lab\SPI\Master_slave\master.c"
   309                           	line	17
   310                           	global	__size_of_main
   311  003B                     	__size_of_main	equ	__end_of_main-_main
   312                           	
   313  0782                     _main:	
   314                           	opt	stack 6
   315                           ; Regs used in _main: [wreg-fsr0h+status,2+status,0+btemp+1+pclath+cstack]
   316                           	line	18
   317                           	
   318  0782                     l2233:	
   319                           ;master.c: 18: PORTC=0X00;
   320  0782  1283               	bcf	status, 5	;RP0=0, select bank0
   321  0783  1303               	bcf	status, 6	;RP1=0, select bank0
   322  0784  0187               	clrf	(7)	;volatile
   323                           	line	19
   324                           ;master.c: 19: TRISC=0X00;
   325  0785  1683               	bsf	status, 5	;RP0=1, select bank1
   326  0786  1303               	bcf	status, 6	;RP1=0, select bank1
   327  0787  0187               	clrf	(135)^080h	;volatile
   328                           	line	20
   329                           ;master.c: 20: ANSEL=0X00;
   330  0788  1683               	bsf	status, 5	;RP0=1, select bank3
   331  0789  1703               	bsf	status, 6	;RP1=1, select bank3
   332  078A  0188               	clrf	(392)^0180h	;volatile
   333                           	line	21
   334                           ;master.c: 21: ANSELH=0X00;
   335  078B  0189               	clrf	(393)^0180h	;volatile
   336                           	line	22
   337                           ;master.c: 22: SSPSTAT = 0x00;
   338  078C  1683               	bsf	status, 5	;RP0=1, select bank1
   339  078D  1303               	bcf	status, 6	;RP1=0, select bank1
   340  078E  0194               	clrf	(148)^080h	;volatile
   341                           	line	23
   342                           	
   343  078F                     l2235:	
   344                           ;master.c: 23: SSPCON = 0x20;
   345  078F  3020               	movlw	(020h)
   346  0790  1283               	bcf	status, 5	;RP0=0, select bank0
   347  0791  1303               	bcf	status, 6	;RP1=0, select bank0
   348  0792  0094               	movwf	(20)	;volatile
   349                           	line	24
   350                           	
   351  0793                     l2237:	
   352                           ;master.c: 24: char data[10]="sabin";
   353  0793  302A               	movlw	(main@data)&0ffh
   354  0794  0084               	movwf	fsr0
   355  0795  3020               	movlw	low(main@F1605)
   356  0796  00F6               	movwf	(??_main+0)+0
   357  0797  0804               	movf	fsr0,w
   358  0798  00F7               	movwf	((??_main+0)+0+1)
   359  0799  300A               	movlw	10
   360  079A  00F8               	movwf	((??_main+0)+0+2)
   361  079B                     u2230:
   362  079B  0876               	movf	(??_main+0)+0,w
   363  079C  0084               	movwf	fsr0
   364  079D  1383               	bcf	status, 7	;select IRP bank0
   365                           	
   366  079E  0800               	movf	indf,w
   367  079F  00F9               	movwf	((??_main+0)+0+3)
   368  07A0  0AF6               	incf	(??_main+0)+0,f
   369  07A1  0877               	movf	((??_main+0)+0+1),w
   370  07A2  0084               	movwf	fsr0
   371                           	
   372  07A3  0879               	movf	((??_main+0)+0+3),w
   373  07A4  0080               	movwf	indf
   374  07A5  0AF7               	incf	((??_main+0)+0+1),f
   375  07A6  0BF8               	decfsz	((??_main+0)+0+2),f
   376  07A7  2F9B               	goto	u2230
   377  07A8  2FA9               	goto	l2239
   378                           	line	25
   379                           ;master.c: 25: while(1)
   380                           	
   381  07A9                     l1041:	
   382                           	line	27
   383                           	
   384  07A9                     l2239:	
   385                           ;master.c: 26: {
   386                           ;master.c: 27: master(&data);
   387  07A9  302A               	movlw	(main@data)&0ffh
   388  07AA  120A  118A  27BD   	fcall	_master
              120A  118A         
   389                           	line	28
   390                           	
   391  07AF                     l2241:	
   392                           ;master.c: 28: delay(1000);
   393  07AF  30E8               	movlw	low(03E8h)
   394  07B0  00F0               	movwf	(?_delay)
   395  07B1  3003               	movlw	high(03E8h)
   396  07B2  00F1               	movwf	((?_delay))+1
   397  07B3  120A  118A  276E   	fcall	_delay
              120A  118A         
   398  07B8  2FA9               	goto	l2239
   399                           	line	29
   400                           	
   401  07B9                     l1042:	
   402                           	line	25
   403  07B9  2FA9               	goto	l2239
   404                           	
   405  07BA                     l1043:	
   406                           	line	30
   407                           	
   408  07BA                     l1044:	
   409                           	global	start
   410  07BA  120A  118A  2800   	ljmp	start
   411                           	opt stack 0
   412                           GLOBAL	__end_of_main
   413  07BD                     	__end_of_main:
   414 ;; =============== function _main ends ============
   415                           
   416                           	signat	_main,88
   417                           	global	_master
   418                           psect	text97,local,class=CODE,delta=2
   419                           global __ptext97
   420  07BD                     __ptext97:
   421                           
   422 ;; *************** function _master *****************
   423 ;; Defined at:
   424 ;;		line 7 in file "E:\KTU\Softwares\MP lab\SPI\Master_slave\master.c"
   425 ;; Parameters:    Size  Location     Type
   426 ;;  data            1    wreg     PTR unsigned char 
   427 ;;		 -> main@data(10), 
   428 ;; Auto vars:     Size  Location     Type
   429 ;;  data            1    3[COMMON] PTR unsigned char 
   430 ;;		 -> main@data(10), 
   431 ;;  i               2    4[COMMON] int 
   432 ;; Return value:  Size  Location     Type
   433 ;;		None               void
   434 ;; Registers used:
   435 ;;		wreg, fsr0l, fsr0h, status,2, status,0, btemp+1, pclath, cstack
   436 ;; Tracked objects:
   437 ;;		On entry : 0/0
   438 ;;		On exit  : 0/0
   439 ;;		Unchanged: 0/0
   440 ;; Data sizes:     COMMON   BANK0   BANK1   BANK3   BANK2
   441 ;;      Params:         0       0       0       0       0
   442 ;;      Locals:         3       0       0       0       0
   443 ;;      Temps:          1       0       0       0       0
   444 ;;      Totals:         4       0       0       0       0
   445 ;;Total ram usage:        4 bytes
   446 ;; Hardware stack levels used:    1
   447 ;; Hardware stack levels required when called:    1
   448 ;; This function calls:
   449 ;;		_delay
   450 ;; This function is called by:
   451 ;;		_main
   452 ;; This function uses a non-reentrant model
   453 ;;
   454                           psect	text97
   455                           	file	"E:\KTU\Softwares\MP lab\SPI\Master_slave\master.c"
   456                           	line	7
   457                           	global	__size_of_master
   458  0043                     	__size_of_master	equ	__end_of_master-_master
   459                           	
   460  07BD                     _master:	
   461                           	opt	stack 6
   462                           ; Regs used in _master: [wreg-fsr0h+status,2+status,0+btemp+1+pclath+cstack]
   463                           ;master@data stored from wreg
   464  07BD  00F3               	movwf	(master@data)
   465                           	line	8
   466                           	
   467  07BE                     l2217:	
   468                           ;master.c: 8: for(int i=0;i<5;i++)
   469  07BE  01F4               	clrf	(master@i)
   470  07BF  01F5               	clrf	(master@i+1)
   471                           	
   472  07C0                     l2219:	
   473  07C0  0875               	movf	(master@i+1),w
   474  07C1  3A80               	xorlw	80h
   475  07C2  00FF               	movwf	btemp+1
   476  07C3  3080               	movlw	(high(05h))^80h
   477  07C4  027F               	subwf	btemp+1,w
   478  07C5  1D03               	skipz
   479  07C6  2FC9               	goto	u2205
   480  07C7  3005               	movlw	low(05h)
   481  07C8  0274               	subwf	(master@i),w
   482  07C9                     u2205:
   483                           
   484  07C9  1C03               	skipc
   485  07CA  2FCC               	goto	u2201
   486  07CB  2FCD               	goto	u2200
   487  07CC                     u2201:
   488  07CC  2FCF               	goto	l2223
   489  07CD                     u2200:
   490  07CD  2FFF               	goto	l1036
   491                           	
   492  07CE                     l2221:	
   493  07CE  2FFF               	goto	l1036
   494                           	line	9
   495                           	
   496  07CF                     l1031:	
   497                           	line	10
   498                           	
   499  07CF                     l2223:	
   500                           ;master.c: 9: {
   501                           ;master.c: 10: SSPBUF =*data++ ;
   502  07CF  0873               	movf	(master@data),w
   503  07D0  0084               	movwf	fsr0
   504  07D1  1383               	bcf	status, 7	;select IRP bank0
   505  07D2  0800               	movf	indf,w
   506  07D3  1283               	bcf	status, 5	;RP0=0, select bank0
   507  07D4  1303               	bcf	status, 6	;RP1=0, select bank0
   508  07D5  0093               	movwf	(19)	;volatile
   509                           	
   510  07D6                     l2225:	
   511  07D6  3001               	movlw	(01h)
   512  07D7  00F2               	movwf	(??_master+0)+0
   513  07D8  0872               	movf	(??_master+0)+0,w
   514  07D9  07F3               	addwf	(master@data),f
   515                           	line	11
   516                           	
   517  07DA                     l2227:	
   518                           ;master.c: 11: delay(10000);
   519  07DA  3010               	movlw	low(02710h)
   520  07DB  00F0               	movwf	(?_delay)
   521  07DC  3027               	movlw	high(02710h)
   522  07DD  00F1               	movwf	((?_delay))+1
   523  07DE  120A  118A  276E   	fcall	_delay
              120A  118A         
   524                           	line	12
   525                           ;master.c: 12: while(SSPIF==0);
   526  07E3  2FE4               	goto	l1033
   527                           	
   528  07E4                     l1034:	
   529                           	
   530  07E4                     l1033:	
   531  07E4  1283               	bcf	status, 5	;RP0=0, select bank0
   532  07E5  1303               	bcf	status, 6	;RP1=0, select bank0
   533  07E6  1D8C               	btfss	(99/8),(99)&7
   534  07E7  2FE9               	goto	u2211
   535  07E8  2FEA               	goto	u2210
   536  07E9                     u2211:
   537  07E9  2FE4               	goto	l1033
   538  07EA                     u2210:
   539                           	
   540  07EA                     l1035:	
   541                           	line	13
   542                           ;master.c: 13: SSPIF=0;
   543  07EA  118C               	bcf	(99/8),(99)&7
   544                           	line	8
   545                           	
   546  07EB                     l2229:	
   547  07EB  3001               	movlw	low(01h)
   548  07EC  07F4               	addwf	(master@i),f
   549  07ED  1803               	skipnc
   550  07EE  0AF5               	incf	(master@i+1),f
   551  07EF  3000               	movlw	high(01h)
   552  07F0  07F5               	addwf	(master@i+1),f
   553                           	
   554  07F1                     l2231:	
   555  07F1  0875               	movf	(master@i+1),w
   556  07F2  3A80               	xorlw	80h
   557  07F3  00FF               	movwf	btemp+1
   558  07F4  3080               	movlw	(high(05h))^80h
   559  07F5  027F               	subwf	btemp+1,w
   560  07F6  1D03               	skipz
   561  07F7  2FFA               	goto	u2225
   562  07F8  3005               	movlw	low(05h)
   563  07F9  0274               	subwf	(master@i),w
   564  07FA                     u2225:
   565                           
   566  07FA  1C03               	skipc
   567  07FB  2FFD               	goto	u2221
   568  07FC  2FFE               	goto	u2220
   569  07FD                     u2221:
   570  07FD  2FCF               	goto	l2223
   571  07FE                     u2220:
   572  07FE  2FFF               	goto	l1036
   573                           	
   574  07FF                     l1032:	
   575                           	line	15
   576                           	
   577  07FF                     l1036:	
   578  07FF  0008               	return
   579                           	opt stack 0
   580                           GLOBAL	__end_of_master
   581  0800                     	__end_of_master:
   582 ;; =============== function _master ends ============
   583                           
   584                           	signat	_master,4216
   585                           	global	_delay
   586                           psect	text98,local,class=CODE,delta=2
   587                           global __ptext98
   588  076E                     __ptext98:
   589                           
   590 ;; *************** function _delay *****************
   591 ;; Defined at:
   592 ;;		line 3 in file "E:\KTU\Softwares\MP lab\SPI\Master_slave\master.c"
   593 ;; Parameters:    Size  Location     Type
   594 ;;  temp            2    0[COMMON] int 
   595 ;; Auto vars:     Size  Location     Type
   596 ;;		None
   597 ;; Return value:  Size  Location     Type
   598 ;;		None               void
   599 ;; Registers used:
   600 ;;		wreg
   601 ;; Tracked objects:
   602 ;;		On entry : 0/0
   603 ;;		On exit  : 0/0
   604 ;;		Unchanged: 0/0
   605 ;; Data sizes:     COMMON   BANK0   BANK1   BANK3   BANK2
   606 ;;      Params:         2       0       0       0       0
   607 ;;      Locals:         0       0       0       0       0
   608 ;;      Temps:          0       0       0       0       0
   609 ;;      Totals:         2       0       0       0       0
   610 ;;Total ram usage:        2 bytes
   611 ;; Hardware stack levels used:    1
   612 ;; This function calls:
   613 ;;		Nothing
   614 ;; This function is called by:
   615 ;;		_master
   616 ;;		_main
   617 ;; This function uses a non-reentrant model
   618 ;;
   619                           psect	text98
   620                           	file	"E:\KTU\Softwares\MP lab\SPI\Master_slave\master.c"
   621                           	line	3
   622                           	global	__size_of_delay
   623  0014                     	__size_of_delay	equ	__end_of_delay-_delay
   624                           	
   625  076E                     _delay:	
   626                           	opt	stack 7
   627                           ; Regs used in _delay: [wreg]
   628                           	line	4
   629                           	
   630  076E                     l2213:	
   631                           ;master.c: 4: while(temp--);
   632  076E  2F70               	goto	l2215
   633                           	
   634  076F                     l1026:	
   635  076F  2F70               	goto	l2215
   636                           	
   637  0770                     l1025:	
   638                           	
   639  0770                     l2215:	
   640  0770  30FF               	movlw	low(-1)
   641  0771  07F0               	addwf	(delay@temp),f
   642  0772  1803               	skipnc
   643  0773  0AF1               	incf	(delay@temp+1),f
   644  0774  30FF               	movlw	high(-1)
   645  0775  07F1               	addwf	(delay@temp+1),f
   646  0776  30FF               	movlw	high(-1)
   647  0777  0671               	xorwf	((delay@temp+1)),w
   648  0778  1D03               	skipz
   649  0779  2F7C               	goto	u2195
   650  077A  30FF               	movlw	low(-1)
   651  077B  0670               	xorwf	((delay@temp)),w
   652  077C                     u2195:
   653                           
   654  077C  1D03               	skipz
   655  077D  2F7F               	goto	u2191
   656  077E  2F80               	goto	u2190
   657  077F                     u2191:
   658  077F  2F70               	goto	l2215
   659  0780                     u2190:
   660  0780  2F81               	goto	l1028
   661                           	
   662  0781                     l1027:	
   663                           	line	5
   664                           	
   665  0781                     l1028:	
   666  0781  0008               	return
   667                           	opt stack 0
   668                           GLOBAL	__end_of_delay
   669  0782                     	__end_of_delay:
   670 ;; =============== function _delay ends ============
   671                           
   672                           	signat	_delay,4216
   673                           psect	text99,local,class=CODE,delta=2
   674                           global __ptext99
   675  0000                     __ptext99:
   676                           	global	btemp
   677  007E                     	btemp set 07Eh
   678                           
   679                           	DABS	1,126,2	;btemp
   680                           	global	wtemp0
   681  007E                     	wtemp0 set btemp


HI-TECH Software PICC Macro Assembler V9.81 build 7503 
Symbol Table                                                                                   Wed Jun 30 13:55:28 2021

                   pc 0002                    fsr 0004                   fsr0 0004                   indf 0000  
                l1031 07CF                  l1032 07FF                  l1025 0770                  l1033 07E4  
                l1041 07A9                  l1026 076F                  l1034 07E4                  l1042 07B9  
                l1027 0781                  l1035 07EA                  l1043 07BA                  l1028 0781  
                l1036 07FF                  l1044 07BA                  l2213 076E                  l2221 07CE  
                l2215 0770                  l2231 07F1                  l2223 07CF                  l2225 07D6  
                l2217 07BE                  l2241 07AF                  l2233 0782                  l2227 07DA  
                l2219 07C0                  l2235 078F                  l2229 07EB                  l2237 0793  
                l2239 07A9                  u2200 07CD                  u2201 07CC                  u2210 07EA  
                u2211 07E9                  u2220 07FE                  u2221 07FD                  u2205 07C9  
                u2230 079B                  u2225 07FA                  u2190 0780                  u2191 077F  
                u2195 077C                  _main 0782                  btemp 007E                  start 0000  
               ?_main 0070                 _ANSEL 0188                 _PORTC 0007                 _TRISC 0087  
               _SSPIF 0063                 _delay 076E                 pclath 000A                 status 0003  
               wtemp0 007E          __end_of_main 07BD                ??_main 0076                ?_delay 0070  
              _ANSELH 0189                _SSPCON 0014                _SSPBUF 0013                _master 07BD  
      __pcstackCOMMON 0070          __pidataBANK0 0741         __end_of_delay 0782               ??_delay 0072  
          __pmaintext 0782               ?_master 0070               _SSPSTAT 0094       __size_of_master 0043  
end_of_initialization 076A               master@i 0074               init_ram 074F        __end_of_master 0800  
 start_initialization 075C            master@data 0073           __pdataBANK0 0020              ??_master 0072  
       __pcstackBANK0 002A        __size_of_delay 0014             delay@temp 0070             main@F1605 0020  
           init_fetch 074B              __ptext97 07BD              __ptext98 076E              __ptext99 0000  
       __size_of_main 003B              main@data 002A  
