

HI-TECH Software PIC LITE Macro Assembler V9.81 build 7503 
                                                                                               Wed Jun 30 13:53:46 2021

HI-TECH Software Omniscient Code Generator (Lite mode) build 7503
     1  0000                     opt subtitle "HI-TECH Software Omniscient Code Generator (Lite mode) build 7503"
     2                           
     3                           opt pagewidth 120
     4                           
     5                           	opt lm
     6                           
     7                           	processor	16F887
     8                           clrc	macro
     9                           	bcf	3,0
    10  0000                     	endm
    11                           clrz	macro
    12                           	bcf	3,2
    13  0000                     	endm
    14                           setc	macro
    15                           	bsf	3,0
    16  0000                     	endm
    17                           setz	macro
    18                           	bsf	3,2
    19  0000                     	endm
    20                           skipc	macro
    21                           	btfss	3,0
    22  0000                     	endm
    23                           skipz	macro
    24                           	btfss	3,2
    25  0000                     	endm
    26                           skipnc	macro
    27                           	btfsc	3,0
    28  0000                     	endm
    29                           skipnz	macro
    30                           	btfsc	3,2
    31  0000                     	endm
    32  0000                     indf	equ	0
    33  0000                     indf0	equ	0
    34  0002                     pc	equ	2
    35  0002                     pcl	equ	2
    36  0003                     status	equ	3
    37  0004                     fsr	equ	4
    38  0004                     fsr0	equ	4
    39  0001                     c	equ	1
    40  0000                     z	equ	0
    41  000A                     pclath	equ	10
    42                           	FNCALL	_main,_on
    43                           	FNCALL	_main,_type
    44                           	FNCALL	_main,_slave
    45                           	FNCALL	_slave,_delay
    46                           	FNCALL	_slave,_address
    47                           	FNCALL	_slave,_display
    48                           	FNCALL	_display,_pulse
    49                           	FNCALL	_address,_pulse
    50                           	FNCALL	_type,_pulse
    51                           	FNCALL	_on,_pulse
    52                           	FNCALL	_pulse,_delay
    53                           	FNROOT	_main
    54                           	global	_data
    55                           	global	_PORTB
    56                           psect	text126,local,class=CODE,delta=2
    57                           global __ptext126
    58  0000                     __ptext126:
    59  0006                     _PORTB	set	6
    60                           	global	_PORTC
    61  0007                     _PORTC	set	7
    62                           	global	_PORTD
    63  0008                     _PORTD	set	8
    64                           	global	_SSPBUF
    65  0013                     _SSPBUF	set	19
    66                           	global	_SSPCON
    67  0014                     _SSPCON	set	20
    68                           	global	_RB0
    69  0030                     _RB0	set	48
    70                           	global	_RB1
    71  0031                     _RB1	set	49
    72                           	global	_RB2
    73  0032                     _RB2	set	50
    74                           	global	_SSPIF
    75  0063                     _SSPIF	set	99
    76                           	global	_SSPSTAT
    77  0094                     _SSPSTAT	set	148
    78                           	global	_TRISB
    79  0086                     _TRISB	set	134
    80                           	global	_TRISC
    81  0087                     _TRISC	set	135
    82                           	global	_TRISD
    83  0088                     _TRISD	set	136
    84                           	global	_ANSEL
    85  0188                     _ANSEL	set	392
    86                           	global	_ANSELH
    87  0189                     _ANSELH	set	393
    88                           	file	"slave.as"
    89                           	line	#
    90                           psect cinit,class=CODE,delta=2
    91                           global start_initialization
    92  0718                     start_initialization:
    93                           
    94                           psect	bssCOMMON,class=COMMON,space=1
    95                           global __pbssCOMMON
    96  0076                     __pbssCOMMON:
    97  0076                     _data:
    98  0076                            ds      5
    99                           
   100                           ; Clear objects allocated to COMMON
   101                           psect cinit,class=CODE,delta=2
   102  0718  01F6               	clrf	((__pbssCOMMON)+0)&07Fh
   103  0719  01F7               	clrf	((__pbssCOMMON)+1)&07Fh
   104  071A  01F8               	clrf	((__pbssCOMMON)+2)&07Fh
   105  071B  01F9               	clrf	((__pbssCOMMON)+3)&07Fh
   106  071C  01FA               	clrf	((__pbssCOMMON)+4)&07Fh
   107                           psect cinit,class=CODE,delta=2
   108                           global end_of_initialization
   109                           
   110                           ;End of C runtime variable initialization code
   111                           
   112  071D                     end_of_initialization:
   113  071D  0183               clrf status
   114  071E  120A  118A  2F80   ljmp _main	;jump to C main() function
   115                           psect	cstackCOMMON,class=COMMON,space=1
   116                           global __pcstackCOMMON
   117  0070                     __pcstackCOMMON:
   118                           	global	?_delay
   119  0070                     ?_delay:	; 0 bytes @ 0x0
   120                           	global	?_pulse
   121  0070                     ?_pulse:	; 0 bytes @ 0x0
   122                           	global	?_on
   123  0070                     ?_on:	; 0 bytes @ 0x0
   124                           	global	?_type
   125  0070                     ?_type:	; 0 bytes @ 0x0
   126                           	global	?_address
   127  0070                     ?_address:	; 0 bytes @ 0x0
   128                           	global	?_display
   129  0070                     ?_display:	; 0 bytes @ 0x0
   130                           	global	?_slave
   131  0070                     ?_slave:	; 0 bytes @ 0x0
   132                           	global	?_main
   133  0070                     ?_main:	; 0 bytes @ 0x0
   134                           	global	delay@del
   135  0070                     delay@del:	; 2 bytes @ 0x0
   136  0070                     	ds	2
   137                           	global	??_delay
   138  0072                     ??_delay:	; 0 bytes @ 0x2
   139                           	global	??_pulse
   140  0072                     ??_pulse:	; 0 bytes @ 0x2
   141                           	global	??_on
   142  0072                     ??_on:	; 0 bytes @ 0x2
   143                           	global	??_type
   144  0072                     ??_type:	; 0 bytes @ 0x2
   145                           	global	??_address
   146  0072                     ??_address:	; 0 bytes @ 0x2
   147                           	global	??_display
   148  0072                     ??_display:	; 0 bytes @ 0x2
   149                           	global	address@data
   150  0072                     address@data:	; 1 bytes @ 0x2
   151                           	global	display@data
   152  0072                     display@data:	; 1 bytes @ 0x2
   153  0072                     	ds	1
   154                           	global	??_slave
   155  0073                     ??_slave:	; 0 bytes @ 0x3
   156  0073                     	ds	1
   157                           	global	slave@i
   158  0074                     slave@i:	; 2 bytes @ 0x4
   159  0074                     	ds	2
   160                           	global	??_main
   161  0076                     ??_main:	; 0 bytes @ 0x6
   162 ;;Data sizes: Strings 0, constant 0, data 0, bss 5, persistent 0 stack 0
   163 ;;Auto spaces:   Size  Autos    Used
   164 ;; COMMON          14      6      11
   165 ;; BANK0           80      0       0
   166 ;; BANK1           80      0       0
   167 ;; BANK3           96      0       0
   168 ;; BANK2           96      0       0
   169                           
   170 ;;
   171 ;; Pointer list with targets:
   172                           
   173                           
   174                           
   175 ;;
   176 ;; Critical Paths under _main in COMMON
   177 ;;
   178 ;;   _main->_slave
   179 ;;   _slave->_address
   180 ;;   _slave->_display
   181 ;;   _pulse->_delay
   182 ;;
   183 ;; Critical Paths under _main in BANK0
   184 ;;
   185 ;;   None.
   186 ;;
   187 ;; Critical Paths under _main in BANK1
   188 ;;
   189 ;;   None.
   190 ;;
   191 ;; Critical Paths under _main in BANK3
   192 ;;
   193 ;;   None.
   194 ;;
   195 ;; Critical Paths under _main in BANK2
   196 ;;
   197 ;;   None.
   198                           
   199 ;;
   200 ;;Main: autosize = 0, tempsize = 0, incstack = 0, save=0
   201 ;;
   202                           
   203 ;;
   204 ;;Call Graph Tables:
   205 ;;
   206 ;; ---------------------------------------------------------------------------------
   207 ;; (Depth) Function   	        Calls       Base Space   Used Autos Params    Refs
   208 ;; ---------------------------------------------------------------------------------
   209 ;; (0) _main                                                 0     0      0     180
   210 ;;                                 _on
   211 ;;                               _type
   212 ;;                              _slave
   213 ;; ---------------------------------------------------------------------------------
   214 ;; (1) _slave                                                3     3      0     150
   215 ;;                                              3 COMMON     3     3      0
   216 ;;                              _delay
   217 ;;                            _address
   218 ;;                            _display
   219 ;; ---------------------------------------------------------------------------------
   220 ;; (2) _display                                              1     1      0      30
   221 ;;                                              2 COMMON     1     1      0
   222 ;;                              _pulse
   223 ;; ---------------------------------------------------------------------------------
   224 ;; (2) _address                                              1     1      0      30
   225 ;;                                              2 COMMON     1     1      0
   226 ;;                              _pulse
   227 ;; ---------------------------------------------------------------------------------
   228 ;; (1) _type                                                 0     0      0      15
   229 ;;                              _pulse
   230 ;; ---------------------------------------------------------------------------------
   231 ;; (1) _on                                                   0     0      0      15
   232 ;;                              _pulse
   233 ;; ---------------------------------------------------------------------------------
   234 ;; (3) _pulse                                                0     0      0      15
   235 ;;                              _delay
   236 ;; ---------------------------------------------------------------------------------
   237 ;; (4) _delay                                                2     0      2      15
   238 ;;                                              0 COMMON     2     0      2
   239 ;; ---------------------------------------------------------------------------------
   240 ;; Estimated maximum stack depth 4
   241 ;; ---------------------------------------------------------------------------------
   242                           
   243 ;; Call Graph Graphs:
   244                           
   245 ;; _main (ROOT)
   246 ;;   _on
   247 ;;     _pulse
   248 ;;       _delay
   249 ;;   _type
   250 ;;     _pulse
   251 ;;       _delay
   252 ;;   _slave
   253 ;;     _delay
   254 ;;     _address
   255 ;;       _pulse
   256 ;;         _delay
   257 ;;     _display
   258 ;;       _pulse
   259 ;;         _delay
   260 ;;
   261                           
   262 ;; Address spaces:
   263                           
   264 ;;Name               Size   Autos  Total    Cost      Usage
   265 ;;BITCOMMON            E      0       0       0        0.0%
   266 ;;EEDATA             100      0       0       0        0.0%
   267 ;;NULL                 0      0       0       0        0.0%
   268 ;;CODE                 0      0       0       0        0.0%
   269 ;;COMMON               E      6       B       1       78.6%
   270 ;;BITSFR0              0      0       0       1        0.0%
   271 ;;SFR0                 0      0       0       1        0.0%
   272 ;;BITSFR1              0      0       0       2        0.0%
   273 ;;SFR1                 0      0       0       2        0.0%
   274 ;;STACK                0      0       4       2        0.0%
   275 ;;ABS                  0      0       B       3        0.0%
   276 ;;BITBANK0            50      0       0       4        0.0%
   277 ;;BITSFR3              0      0       0       4        0.0%
   278 ;;SFR3                 0      0       0       4        0.0%
   279 ;;BANK0               50      0       0       5        0.0%
   280 ;;BITSFR2              0      0       0       5        0.0%
   281 ;;SFR2                 0      0       0       5        0.0%
   282 ;;BITBANK1            50      0       0       6        0.0%
   283 ;;BANK1               50      0       0       7        0.0%
   284 ;;BITBANK3            60      0       0       8        0.0%
   285 ;;BANK3               60      0       0       9        0.0%
   286 ;;BITBANK2            60      0       0      10        0.0%
   287 ;;BANK2               60      0       0      11        0.0%
   288 ;;DATA                 0      0       F      12        0.0%
   289                           
   290                           	global	_main
   291                           psect	maintext,global,class=CODE,delta=2
   292                           global __pmaintext
   293  0780                     __pmaintext:
   294                           
   295 ;; *************** function _main *****************
   296 ;; Defined at:
   297 ;;		line 58 in file "E:\KTU\Softwares\MP lab\SPI\Master_slave\slave.c"
   298 ;; Parameters:    Size  Location     Type
   299 ;;		None
   300 ;; Auto vars:     Size  Location     Type
   301 ;;		None
   302 ;; Return value:  Size  Location     Type
   303 ;;		None               void
   304 ;; Registers used:
   305 ;;		wreg, fsr0l, fsr0h, status,2, status,0, btemp+1, pclath, cstack
   306 ;; Tracked objects:
   307 ;;		On entry : 17F/0
   308 ;;		On exit  : 0/0
   309 ;;		Unchanged: 0/0
   310 ;; Data sizes:     COMMON   BANK0   BANK1   BANK3   BANK2
   311 ;;      Params:         0       0       0       0       0
   312 ;;      Locals:         0       0       0       0       0
   313 ;;      Temps:          0       0       0       0       0
   314 ;;      Totals:         0       0       0       0       0
   315 ;;Total ram usage:        0 bytes
   316 ;; Hardware stack levels required when called:    4
   317 ;; This function calls:
   318 ;;		_on
   319 ;;		_type
   320 ;;		_slave
   321 ;; This function is called by:
   322 ;;		Startup code after reset
   323 ;; This function uses a non-reentrant model
   324 ;;
   325                           psect	maintext
   326                           	file	"E:\KTU\Softwares\MP lab\SPI\Master_slave\slave.c"
   327                           	line	58
   328                           	global	__size_of_main
   329  002F                     	__size_of_main	equ	__end_of_main-_main
   330                           	
   331  0780                     _main:	
   332                           	opt	stack 4
   333                           ; Regs used in _main: [wreg-fsr0h+status,2+status,0+btemp+1+pclath+cstack]
   334                           	line	59
   335                           	
   336  0780                     l2248:	
   337                           ;slave.c: 59: PORTB=0X00;
   338  0780  1283               	bcf	status, 5	;RP0=0, select bank0
   339  0781  1303               	bcf	status, 6	;RP1=0, select bank0
   340  0782  0186               	clrf	(6)	;volatile
   341                           	line	60
   342                           ;slave.c: 60: TRISB=0X00;
   343  0783  1683               	bsf	status, 5	;RP0=1, select bank1
   344  0784  1303               	bcf	status, 6	;RP1=0, select bank1
   345  0785  0186               	clrf	(134)^080h	;volatile
   346                           	line	61
   347                           ;slave.c: 61: PORTC=0X00;
   348  0786  1283               	bcf	status, 5	;RP0=0, select bank0
   349  0787  1303               	bcf	status, 6	;RP1=0, select bank0
   350  0788  0187               	clrf	(7)	;volatile
   351                           	line	62
   352                           ;slave.c: 62: PORTD=0X00;
   353  0789  0188               	clrf	(8)	;volatile
   354                           	line	63
   355                           	
   356  078A                     l2250:	
   357                           ;slave.c: 63: TRISC=0X18;
   358  078A  3018               	movlw	(018h)
   359  078B  1683               	bsf	status, 5	;RP0=1, select bank1
   360  078C  1303               	bcf	status, 6	;RP1=0, select bank1
   361  078D  0087               	movwf	(135)^080h	;volatile
   362                           	line	64
   363                           	
   364  078E                     l2252:	
   365                           ;slave.c: 64: TRISD=0X00;
   366  078E  0188               	clrf	(136)^080h	;volatile
   367                           	line	65
   368                           	
   369  078F                     l2254:	
   370                           ;slave.c: 65: ANSEL=0X00;
   371  078F  1683               	bsf	status, 5	;RP0=1, select bank3
   372  0790  1703               	bsf	status, 6	;RP1=1, select bank3
   373  0791  0188               	clrf	(392)^0180h	;volatile
   374                           	line	66
   375                           	
   376  0792                     l2256:	
   377                           ;slave.c: 66: ANSELH=0X00;
   378  0792  0189               	clrf	(393)^0180h	;volatile
   379                           	line	67
   380                           	
   381  0793                     l2258:	
   382                           ;slave.c: 67: SSPSTAT=0x00;
   383  0793  1683               	bsf	status, 5	;RP0=1, select bank1
   384  0794  1303               	bcf	status, 6	;RP1=0, select bank1
   385  0795  0194               	clrf	(148)^080h	;volatile
   386                           	line	68
   387                           	
   388  0796                     l2260:	
   389                           ;slave.c: 68: SSPCON=0x25;
   390  0796  3025               	movlw	(025h)
   391  0797  1283               	bcf	status, 5	;RP0=0, select bank0
   392  0798  1303               	bcf	status, 6	;RP1=0, select bank0
   393  0799  0094               	movwf	(20)	;volatile
   394                           	line	69
   395                           	
   396  079A                     l2262:	
   397                           ;slave.c: 69: on();
   398  079A  120A  118A  2721   	fcall	_on
              120A  118A         
   399                           	line	70
   400                           	
   401  079F                     l2264:	
   402                           ;slave.c: 70: type();
   403  079F  120A  118A  272D   	fcall	_type
              120A  118A         
   404  07A4  2FA5               	goto	l2266
   405                           	line	71
   406                           ;slave.c: 71: while(1)
   407                           	
   408  07A5                     l1056:	
   409                           	line	73
   410                           	
   411  07A5                     l2266:	
   412                           ;slave.c: 72: {
   413                           ;slave.c: 73: slave();
   414  07A5  120A  118A  27AF   	fcall	_slave
              120A  118A         
   415  07AA  2FA5               	goto	l2266
   416                           	line	74
   417                           	
   418  07AB                     l1057:	
   419                           	line	71
   420  07AB  2FA5               	goto	l2266
   421                           	
   422  07AC                     l1058:	
   423                           	line	75
   424                           	
   425  07AC                     l1059:	
   426                           	global	start
   427  07AC  120A  118A  2800   	ljmp	start
   428                           	opt stack 0
   429                           GLOBAL	__end_of_main
   430  07AF                     	__end_of_main:
   431 ;; =============== function _main ends ============
   432                           
   433                           	signat	_main,88
   434                           	global	_slave
   435                           psect	text127,local,class=CODE,delta=2
   436                           global __ptext127
   437  07AF                     __ptext127:
   438                           
   439 ;; *************** function _slave *****************
   440 ;; Defined at:
   441 ;;		line 46 in file "E:\KTU\Softwares\MP lab\SPI\Master_slave\slave.c"
   442 ;; Parameters:    Size  Location     Type
   443 ;;		None
   444 ;; Auto vars:     Size  Location     Type
   445 ;;  i               2    4[COMMON] int 
   446 ;; Return value:  Size  Location     Type
   447 ;;		None               void
   448 ;; Registers used:
   449 ;;		wreg, fsr0l, fsr0h, status,2, status,0, btemp+1, pclath, cstack
   450 ;; Tracked objects:
   451 ;;		On entry : 0/0
   452 ;;		On exit  : 0/0
   453 ;;		Unchanged: 0/0
   454 ;; Data sizes:     COMMON   BANK0   BANK1   BANK3   BANK2
   455 ;;      Params:         0       0       0       0       0
   456 ;;      Locals:         2       0       0       0       0
   457 ;;      Temps:          1       0       0       0       0
   458 ;;      Totals:         3       0       0       0       0
   459 ;;Total ram usage:        3 bytes
   460 ;; Hardware stack levels used:    1
   461 ;; Hardware stack levels required when called:    3
   462 ;; This function calls:
   463 ;;		_delay
   464 ;;		_address
   465 ;;		_display
   466 ;; This function is called by:
   467 ;;		_main
   468 ;; This function uses a non-reentrant model
   469 ;;
   470                           psect	text127
   471                           	file	"E:\KTU\Softwares\MP lab\SPI\Master_slave\slave.c"
   472                           	line	46
   473                           	global	__size_of_slave
   474  0051                     	__size_of_slave	equ	__end_of_slave-_slave
   475                           	
   476  07AF                     _slave:	
   477                           	opt	stack 4
   478                           ; Regs used in _slave: [wreg-fsr0h+status,2+status,0+btemp+1+pclath+cstack]
   479                           	line	47
   480                           	
   481  07AF                     l2228:	
   482                           ;slave.c: 47: for(int i=0;i<5;i++)
   483  07AF  01F4               	clrf	(slave@i)
   484  07B0  01F5               	clrf	(slave@i+1)
   485                           	
   486  07B1                     l2230:	
   487  07B1  0875               	movf	(slave@i+1),w
   488  07B2  3A80               	xorlw	80h
   489  07B3  00FF               	movwf	btemp+1
   490  07B4  3080               	movlw	(high(05h))^80h
   491  07B5  027F               	subwf	btemp+1,w
   492  07B6  1D03               	skipz
   493  07B7  2FBA               	goto	u2155
   494  07B8  3005               	movlw	low(05h)
   495  07B9  0274               	subwf	(slave@i),w
   496  07BA                     u2155:
   497                           
   498  07BA  1C03               	skipc
   499  07BB  2FBD               	goto	u2151
   500  07BC  2FBE               	goto	u2150
   501  07BD                     u2151:
   502  07BD  2FC1               	goto	l1050
   503  07BE                     u2150:
   504  07BE  2FFF               	goto	l1053
   505                           	
   506  07BF                     l2232:	
   507  07BF  2FFF               	goto	l1053
   508                           	line	48
   509                           	
   510  07C0                     l1048:	
   511                           	line	49
   512                           ;slave.c: 48: {
   513                           ;slave.c: 49: while(SSPIF==0);
   514  07C0  2FC1               	goto	l1050
   515                           	
   516  07C1                     l1051:	
   517                           	
   518  07C1                     l1050:	
   519  07C1  1283               	bcf	status, 5	;RP0=0, select bank0
   520  07C2  1303               	bcf	status, 6	;RP1=0, select bank0
   521  07C3  1D8C               	btfss	(99/8),(99)&7
   522  07C4  2FC6               	goto	u2161
   523  07C5  2FC7               	goto	u2160
   524  07C6                     u2161:
   525  07C6  2FC1               	goto	l1050
   526  07C7                     u2160:
   527  07C7  2FC8               	goto	l2234
   528                           	
   529  07C8                     l1052:	
   530                           	line	50
   531                           	
   532  07C8                     l2234:	
   533                           ;slave.c: 50: data[i] = SSPBUF;
   534  07C8  0813               	movf	(19),w	;volatile
   535  07C9  00F3               	movwf	(??_slave+0)+0
   536  07CA  0874               	movf	(slave@i),w
   537  07CB  3E76               	addlw	_data&0ffh
   538  07CC  0084               	movwf	fsr0
   539  07CD  0873               	movf	(??_slave+0)+0,w
   540  07CE  0080               	movwf	indf
   541                           	line	51
   542                           	
   543  07CF                     l2236:	
   544                           ;slave.c: 51: delay(1000);
   545  07CF  30E8               	movlw	low(03E8h)
   546  07D0  00F0               	movwf	(?_delay)
   547  07D1  3003               	movlw	high(03E8h)
   548  07D2  00F1               	movwf	((?_delay))+1
   549  07D3  120A  118A  2753   	fcall	_delay
              120A  118A         
   550                           	line	52
   551                           	
   552  07D8                     l2238:	
   553                           ;slave.c: 52: SSPIF = 0;
   554  07D8  1283               	bcf	status, 5	;RP0=0, select bank0
   555  07D9  1303               	bcf	status, 6	;RP1=0, select bank0
   556  07DA  118C               	bcf	(99/8),(99)&7
   557                           	line	53
   558                           	
   559  07DB                     l2240:	
   560                           ;slave.c: 53: address(0x80+i);
   561  07DB  0874               	movf	(slave@i),w
   562  07DC  3E80               	addlw	080h
   563  07DD  120A  118A  2739   	fcall	_address
              120A  118A         
   564                           	line	54
   565                           	
   566  07E2                     l2242:	
   567                           ;slave.c: 54: display(data[i]);
   568  07E2  0874               	movf	(slave@i),w
   569  07E3  3E76               	addlw	_data&0ffh
   570  07E4  0084               	movwf	fsr0
   571  07E5  0800               	movf	indf,w
   572  07E6  120A  118A  2746   	fcall	_display
              120A  118A         
   573                           	line	47
   574                           	
   575  07EB                     l2244:	
   576  07EB  3001               	movlw	low(01h)
   577  07EC  07F4               	addwf	(slave@i),f
   578  07ED  1803               	skipnc
   579  07EE  0AF5               	incf	(slave@i+1),f
   580  07EF  3000               	movlw	high(01h)
   581  07F0  07F5               	addwf	(slave@i+1),f
   582                           	
   583  07F1                     l2246:	
   584  07F1  0875               	movf	(slave@i+1),w
   585  07F2  3A80               	xorlw	80h
   586  07F3  00FF               	movwf	btemp+1
   587  07F4  3080               	movlw	(high(05h))^80h
   588  07F5  027F               	subwf	btemp+1,w
   589  07F6  1D03               	skipz
   590  07F7  2FFA               	goto	u2175
   591  07F8  3005               	movlw	low(05h)
   592  07F9  0274               	subwf	(slave@i),w
   593  07FA                     u2175:
   594                           
   595  07FA  1C03               	skipc
   596  07FB  2FFD               	goto	u2171
   597  07FC  2FFE               	goto	u2170
   598  07FD                     u2171:
   599  07FD  2FC1               	goto	l1050
   600  07FE                     u2170:
   601  07FE  2FFF               	goto	l1053
   602                           	
   603  07FF                     l1049:	
   604                           	line	56
   605                           	
   606  07FF                     l1053:	
   607  07FF  0008               	return
   608                           	opt stack 0
   609                           GLOBAL	__end_of_slave
   610  0800                     	__end_of_slave:
   611 ;; =============== function _slave ends ============
   612                           
   613                           	signat	_slave,88
   614                           	global	_display
   615                           psect	text128,local,class=CODE,delta=2
   616                           global __ptext128
   617  0746                     __ptext128:
   618                           
   619 ;; *************** function _display *****************
   620 ;; Defined at:
   621 ;;		line 39 in file "E:\KTU\Softwares\MP lab\SPI\Master_slave\slave.c"
   622 ;; Parameters:    Size  Location     Type
   623 ;;  data            1    wreg     unsigned char 
   624 ;; Auto vars:     Size  Location     Type
   625 ;;  data            1    2[COMMON] unsigned char 
   626 ;; Return value:  Size  Location     Type
   627 ;;		None               void
   628 ;; Registers used:
   629 ;;		wreg, status,2, status,0, pclath, cstack
   630 ;; Tracked objects:
   631 ;;		On entry : 0/0
   632 ;;		On exit  : 0/0
   633 ;;		Unchanged: 0/0
   634 ;; Data sizes:     COMMON   BANK0   BANK1   BANK3   BANK2
   635 ;;      Params:         0       0       0       0       0
   636 ;;      Locals:         1       0       0       0       0
   637 ;;      Temps:          0       0       0       0       0
   638 ;;      Totals:         1       0       0       0       0
   639 ;;Total ram usage:        1 bytes
   640 ;; Hardware stack levels used:    1
   641 ;; Hardware stack levels required when called:    2
   642 ;; This function calls:
   643 ;;		_pulse
   644 ;; This function is called by:
   645 ;;		_slave
   646 ;; This function uses a non-reentrant model
   647 ;;
   648                           psect	text128
   649                           	file	"E:\KTU\Softwares\MP lab\SPI\Master_slave\slave.c"
   650                           	line	39
   651                           	global	__size_of_display
   652  000D                     	__size_of_display	equ	__end_of_display-_display
   653                           	
   654  0746                     _display:	
   655                           	opt	stack 4
   656                           ; Regs used in _display: [wreg+status,2+status,0+pclath+cstack]
   657                           ;display@data stored from wreg
   658  0746  00F2               	movwf	(display@data)
   659                           	line	40
   660                           	
   661  0747                     l2222:	
   662                           ;slave.c: 40: RB0=1;
   663  0747  1283               	bcf	status, 5	;RP0=0, select bank0
   664  0748  1303               	bcf	status, 6	;RP1=0, select bank0
   665  0749  1406               	bsf	(48/8),(48)&7
   666                           	line	41
   667                           ;slave.c: 41: RB1=0;
   668  074A  1086               	bcf	(49/8),(49)&7
   669                           	line	42
   670                           	
   671  074B                     l2224:	
   672                           ;slave.c: 42: PORTD=data;
   673  074B  0872               	movf	(display@data),w
   674  074C  0088               	movwf	(8)	;volatile
   675                           	line	43
   676                           	
   677  074D                     l2226:	
   678                           ;slave.c: 43: pulse();
   679  074D  120A  118A  2767   	fcall	_pulse
              120A  118A         
   680                           	line	44
   681                           	
   682  0752                     l1045:	
   683  0752  0008               	return
   684                           	opt stack 0
   685                           GLOBAL	__end_of_display
   686  0753                     	__end_of_display:
   687 ;; =============== function _display ends ============
   688                           
   689                           	signat	_display,4216
   690                           	global	_address
   691                           psect	text129,local,class=CODE,delta=2
   692                           global __ptext129
   693  0739                     __ptext129:
   694                           
   695 ;; *************** function _address *****************
   696 ;; Defined at:
   697 ;;		line 32 in file "E:\KTU\Softwares\MP lab\SPI\Master_slave\slave.c"
   698 ;; Parameters:    Size  Location     Type
   699 ;;  data            1    wreg     unsigned char 
   700 ;; Auto vars:     Size  Location     Type
   701 ;;  data            1    2[COMMON] unsigned char 
   702 ;; Return value:  Size  Location     Type
   703 ;;		None               void
   704 ;; Registers used:
   705 ;;		wreg, status,2, status,0, pclath, cstack
   706 ;; Tracked objects:
   707 ;;		On entry : 0/0
   708 ;;		On exit  : 0/0
   709 ;;		Unchanged: 0/0
   710 ;; Data sizes:     COMMON   BANK0   BANK1   BANK3   BANK2
   711 ;;      Params:         0       0       0       0       0
   712 ;;      Locals:         1       0       0       0       0
   713 ;;      Temps:          0       0       0       0       0
   714 ;;      Totals:         1       0       0       0       0
   715 ;;Total ram usage:        1 bytes
   716 ;; Hardware stack levels used:    1
   717 ;; Hardware stack levels required when called:    2
   718 ;; This function calls:
   719 ;;		_pulse
   720 ;; This function is called by:
   721 ;;		_slave
   722 ;; This function uses a non-reentrant model
   723 ;;
   724                           psect	text129
   725                           	file	"E:\KTU\Softwares\MP lab\SPI\Master_slave\slave.c"
   726                           	line	32
   727                           	global	__size_of_address
   728  000D                     	__size_of_address	equ	__end_of_address-_address
   729                           	
   730  0739                     _address:	
   731                           	opt	stack 4
   732                           ; Regs used in _address: [wreg+status,2+status,0+pclath+cstack]
   733                           ;address@data stored from wreg
   734  0739  00F2               	movwf	(address@data)
   735                           	line	33
   736                           	
   737  073A                     l2216:	
   738                           ;slave.c: 33: RB0=0;
   739  073A  1283               	bcf	status, 5	;RP0=0, select bank0
   740  073B  1303               	bcf	status, 6	;RP1=0, select bank0
   741  073C  1006               	bcf	(48/8),(48)&7
   742                           	line	34
   743                           ;slave.c: 34: RB1=0;
   744  073D  1086               	bcf	(49/8),(49)&7
   745                           	line	35
   746                           	
   747  073E                     l2218:	
   748                           ;slave.c: 35: PORTD= data;
   749  073E  0872               	movf	(address@data),w
   750  073F  0088               	movwf	(8)	;volatile
   751                           	line	36
   752                           	
   753  0740                     l2220:	
   754                           ;slave.c: 36: pulse();
   755  0740  120A  118A  2767   	fcall	_pulse
              120A  118A         
   756                           	line	37
   757                           	
   758  0745                     l1042:	
   759  0745  0008               	return
   760                           	opt stack 0
   761                           GLOBAL	__end_of_address
   762  0746                     	__end_of_address:
   763 ;; =============== function _address ends ============
   764                           
   765                           	signat	_address,4216
   766                           	global	_type
   767                           psect	text130,local,class=CODE,delta=2
   768                           global __ptext130
   769  072D                     __ptext130:
   770                           
   771 ;; *************** function _type *****************
   772 ;; Defined at:
   773 ;;		line 25 in file "E:\KTU\Softwares\MP lab\SPI\Master_slave\slave.c"
   774 ;; Parameters:    Size  Location     Type
   775 ;;		None
   776 ;; Auto vars:     Size  Location     Type
   777 ;;		None
   778 ;; Return value:  Size  Location     Type
   779 ;;		None               void
   780 ;; Registers used:
   781 ;;		wreg, status,2, status,0, pclath, cstack
   782 ;; Tracked objects:
   783 ;;		On entry : 0/0
   784 ;;		On exit  : 0/0
   785 ;;		Unchanged: 0/0
   786 ;; Data sizes:     COMMON   BANK0   BANK1   BANK3   BANK2
   787 ;;      Params:         0       0       0       0       0
   788 ;;      Locals:         0       0       0       0       0
   789 ;;      Temps:          0       0       0       0       0
   790 ;;      Totals:         0       0       0       0       0
   791 ;;Total ram usage:        0 bytes
   792 ;; Hardware stack levels used:    1
   793 ;; Hardware stack levels required when called:    2
   794 ;; This function calls:
   795 ;;		_pulse
   796 ;; This function is called by:
   797 ;;		_main
   798 ;; This function uses a non-reentrant model
   799 ;;
   800                           psect	text130
   801                           	file	"E:\KTU\Softwares\MP lab\SPI\Master_slave\slave.c"
   802                           	line	25
   803                           	global	__size_of_type
   804  000C                     	__size_of_type	equ	__end_of_type-_type
   805                           	
   806  072D                     _type:	
   807                           	opt	stack 5
   808                           ; Regs used in _type: [wreg+status,2+status,0+pclath+cstack]
   809                           	line	26
   810                           	
   811  072D                     l2210:	
   812                           ;slave.c: 26: RB0=0;
   813  072D  1283               	bcf	status, 5	;RP0=0, select bank0
   814  072E  1303               	bcf	status, 6	;RP1=0, select bank0
   815  072F  1006               	bcf	(48/8),(48)&7
   816                           	line	27
   817                           ;slave.c: 27: RB1=0;
   818  0730  1086               	bcf	(49/8),(49)&7
   819                           	line	28
   820                           	
   821  0731                     l2212:	
   822                           ;slave.c: 28: PORTD=0X38;
   823  0731  3038               	movlw	(038h)
   824  0732  0088               	movwf	(8)	;volatile
   825                           	line	29
   826                           	
   827  0733                     l2214:	
   828                           ;slave.c: 29: pulse();
   829  0733  120A  118A  2767   	fcall	_pulse
              120A  118A         
   830                           	line	30
   831                           	
   832  0738                     l1039:	
   833  0738  0008               	return
   834                           	opt stack 0
   835                           GLOBAL	__end_of_type
   836  0739                     	__end_of_type:
   837 ;; =============== function _type ends ============
   838                           
   839                           	signat	_type,88
   840                           	global	_on
   841                           psect	text131,local,class=CODE,delta=2
   842                           global __ptext131
   843  0721                     __ptext131:
   844                           
   845 ;; *************** function _on *****************
   846 ;; Defined at:
   847 ;;		line 18 in file "E:\KTU\Softwares\MP lab\SPI\Master_slave\slave.c"
   848 ;; Parameters:    Size  Location     Type
   849 ;;		None
   850 ;; Auto vars:     Size  Location     Type
   851 ;;		None
   852 ;; Return value:  Size  Location     Type
   853 ;;		None               void
   854 ;; Registers used:
   855 ;;		wreg, status,2, status,0, pclath, cstack
   856 ;; Tracked objects:
   857 ;;		On entry : 0/0
   858 ;;		On exit  : 0/0
   859 ;;		Unchanged: 0/0
   860 ;; Data sizes:     COMMON   BANK0   BANK1   BANK3   BANK2
   861 ;;      Params:         0       0       0       0       0
   862 ;;      Locals:         0       0       0       0       0
   863 ;;      Temps:          0       0       0       0       0
   864 ;;      Totals:         0       0       0       0       0
   865 ;;Total ram usage:        0 bytes
   866 ;; Hardware stack levels used:    1
   867 ;; Hardware stack levels required when called:    2
   868 ;; This function calls:
   869 ;;		_pulse
   870 ;; This function is called by:
   871 ;;		_main
   872 ;; This function uses a non-reentrant model
   873 ;;
   874                           psect	text131
   875                           	file	"E:\KTU\Softwares\MP lab\SPI\Master_slave\slave.c"
   876                           	line	18
   877                           	global	__size_of_on
   878  000C                     	__size_of_on	equ	__end_of_on-_on
   879                           	
   880  0721                     _on:	
   881                           	opt	stack 5
   882                           ; Regs used in _on: [wreg+status,2+status,0+pclath+cstack]
   883                           	line	19
   884                           	
   885  0721                     l2204:	
   886                           ;slave.c: 19: RB0=0;
   887  0721  1283               	bcf	status, 5	;RP0=0, select bank0
   888  0722  1303               	bcf	status, 6	;RP1=0, select bank0
   889  0723  1006               	bcf	(48/8),(48)&7
   890                           	line	20
   891                           ;slave.c: 20: RB1=0;
   892  0724  1086               	bcf	(49/8),(49)&7
   893                           	line	21
   894                           	
   895  0725                     l2206:	
   896                           ;slave.c: 21: PORTD=0X0E;
   897  0725  300E               	movlw	(0Eh)
   898  0726  0088               	movwf	(8)	;volatile
   899                           	line	22
   900                           	
   901  0727                     l2208:	
   902                           ;slave.c: 22: pulse();
   903  0727  120A  118A  2767   	fcall	_pulse
              120A  118A         
   904                           	line	23
   905                           	
   906  072C                     l1036:	
   907  072C  0008               	return
   908                           	opt stack 0
   909                           GLOBAL	__end_of_on
   910  072D                     	__end_of_on:
   911 ;; =============== function _on ends ============
   912                           
   913                           	signat	_on,88
   914                           	global	_pulse
   915                           psect	text132,local,class=CODE,delta=2
   916                           global __ptext132
   917  0767                     __ptext132:
   918                           
   919 ;; *************** function _pulse *****************
   920 ;; Defined at:
   921 ;;		line 11 in file "E:\KTU\Softwares\MP lab\SPI\Master_slave\slave.c"
   922 ;; Parameters:    Size  Location     Type
   923 ;;		None
   924 ;; Auto vars:     Size  Location     Type
   925 ;;		None
   926 ;; Return value:  Size  Location     Type
   927 ;;		None               void
   928 ;; Registers used:
   929 ;;		wreg, status,2, status,0, pclath, cstack
   930 ;; Tracked objects:
   931 ;;		On entry : 0/0
   932 ;;		On exit  : 0/0
   933 ;;		Unchanged: 0/0
   934 ;; Data sizes:     COMMON   BANK0   BANK1   BANK3   BANK2
   935 ;;      Params:         0       0       0       0       0
   936 ;;      Locals:         0       0       0       0       0
   937 ;;      Temps:          0       0       0       0       0
   938 ;;      Totals:         0       0       0       0       0
   939 ;;Total ram usage:        0 bytes
   940 ;; Hardware stack levels used:    1
   941 ;; Hardware stack levels required when called:    1
   942 ;; This function calls:
   943 ;;		_delay
   944 ;; This function is called by:
   945 ;;		_on
   946 ;;		_type
   947 ;;		_address
   948 ;;		_display
   949 ;; This function uses a non-reentrant model
   950 ;;
   951                           psect	text132
   952                           	file	"E:\KTU\Softwares\MP lab\SPI\Master_slave\slave.c"
   953                           	line	11
   954                           	global	__size_of_pulse
   955  0019                     	__size_of_pulse	equ	__end_of_pulse-_pulse
   956                           	
   957  0767                     _pulse:	
   958                           	opt	stack 4
   959                           ; Regs used in _pulse: [wreg+status,2+status,0+pclath+cstack]
   960                           	line	12
   961                           	
   962  0767                     l2198:	
   963                           ;slave.c: 12: RB2=1;
   964  0767  1283               	bcf	status, 5	;RP0=0, select bank0
   965  0768  1303               	bcf	status, 6	;RP1=0, select bank0
   966  0769  1506               	bsf	(50/8),(50)&7
   967                           	line	13
   968                           	
   969  076A                     l2200:	
   970                           ;slave.c: 13: delay(100);
   971  076A  3064               	movlw	low(064h)
   972  076B  00F0               	movwf	(?_delay)
   973  076C  3000               	movlw	high(064h)
   974  076D  00F1               	movwf	((?_delay))+1
   975  076E  120A  118A  2753   	fcall	_delay
              120A  118A         
   976                           	line	14
   977                           	
   978  0773                     l2202:	
   979                           ;slave.c: 14: RB2=0;
   980  0773  1283               	bcf	status, 5	;RP0=0, select bank0
   981  0774  1303               	bcf	status, 6	;RP1=0, select bank0
   982  0775  1106               	bcf	(50/8),(50)&7
   983                           	line	15
   984                           ;slave.c: 15: delay(100);
   985  0776  3064               	movlw	low(064h)
   986  0777  00F0               	movwf	(?_delay)
   987  0778  3000               	movlw	high(064h)
   988  0779  00F1               	movwf	((?_delay))+1
   989  077A  120A  118A  2753   	fcall	_delay
              120A  118A         
   990                           	line	16
   991                           	
   992  077F                     l1033:	
   993  077F  0008               	return
   994                           	opt stack 0
   995                           GLOBAL	__end_of_pulse
   996  0780                     	__end_of_pulse:
   997 ;; =============== function _pulse ends ============
   998                           
   999                           	signat	_pulse,88
  1000                           	global	_delay
  1001                           psect	text133,local,class=CODE,delta=2
  1002                           global __ptext133
  1003  0753                     __ptext133:
  1004                           
  1005 ;; *************** function _delay *****************
  1006 ;; Defined at:
  1007 ;;		line 7 in file "E:\KTU\Softwares\MP lab\SPI\Master_slave\slave.c"
  1008 ;; Parameters:    Size  Location     Type
  1009 ;;  del             2    0[COMMON] int 
  1010 ;; Auto vars:     Size  Location     Type
  1011 ;;		None
  1012 ;; Return value:  Size  Location     Type
  1013 ;;		None               void
  1014 ;; Registers used:
  1015 ;;		wreg
  1016 ;; Tracked objects:
  1017 ;;		On entry : 0/0
  1018 ;;		On exit  : 0/0
  1019 ;;		Unchanged: 0/0
  1020 ;; Data sizes:     COMMON   BANK0   BANK1   BANK3   BANK2
  1021 ;;      Params:         2       0       0       0       0
  1022 ;;      Locals:         0       0       0       0       0
  1023 ;;      Temps:          0       0       0       0       0
  1024 ;;      Totals:         2       0       0       0       0
  1025 ;;Total ram usage:        2 bytes
  1026 ;; Hardware stack levels used:    1
  1027 ;; This function calls:
  1028 ;;		Nothing
  1029 ;; This function is called by:
  1030 ;;		_pulse
  1031 ;;		_slave
  1032 ;; This function uses a non-reentrant model
  1033 ;;
  1034                           psect	text133
  1035                           	file	"E:\KTU\Softwares\MP lab\SPI\Master_slave\slave.c"
  1036                           	line	7
  1037                           	global	__size_of_delay
  1038  0014                     	__size_of_delay	equ	__end_of_delay-_delay
  1039                           	
  1040  0753                     _delay:	
  1041                           	opt	stack 4
  1042                           ; Regs used in _delay: [wreg]
  1043                           	line	8
  1044                           	
  1045  0753                     l1428:	
  1046                           ;slave.c: 8: while(del--);
  1047  0753  2F55               	goto	l1430
  1048                           	
  1049  0754                     l1028:	
  1050  0754  2F55               	goto	l1430
  1051                           	
  1052  0755                     l1027:	
  1053                           	
  1054  0755                     l1430:	
  1055  0755  30FF               	movlw	low(-1)
  1056  0756  07F0               	addwf	(delay@del),f
  1057  0757  1803               	skipnc
  1058  0758  0AF1               	incf	(delay@del+1),f
  1059  0759  30FF               	movlw	high(-1)
  1060  075A  07F1               	addwf	(delay@del+1),f
  1061  075B  30FF               	movlw	high(-1)
  1062  075C  0671               	xorwf	((delay@del+1)),w
  1063  075D  1D03               	skipz
  1064  075E  2F61               	goto	u15
  1065  075F  30FF               	movlw	low(-1)
  1066  0760  0670               	xorwf	((delay@del)),w
  1067  0761                     u15:
  1068                           
  1069  0761  1D03               	skipz
  1070  0762  2F64               	goto	u11
  1071  0763  2F65               	goto	u10
  1072  0764                     u11:
  1073  0764  2F55               	goto	l1430
  1074  0765                     u10:
  1075  0765  2F66               	goto	l1030
  1076                           	
  1077  0766                     l1029:	
  1078                           	line	9
  1079                           	
  1080  0766                     l1030:	
  1081  0766  0008               	return
  1082                           	opt stack 0
  1083                           GLOBAL	__end_of_delay
  1084  0767                     	__end_of_delay:
  1085 ;; =============== function _delay ends ============
  1086                           
  1087                           	signat	_delay,4216
  1088                           psect	text134,local,class=CODE,delta=2
  1089                           global __ptext134
  1090  0000                     __ptext134:
  1091                           	global	btemp
  1092  007E                     	btemp set 07Eh
  1093                           
  1094                           	DABS	1,126,2	;btemp
  1095                           	global	wtemp0
  1096  007E                     	wtemp0 set btemp


HI-TECH Software PICC Macro Assembler V9.81 build 7503 
Symbol Table                                                                                   Wed Jun 30 13:53:46 2021

                  u10 0765                    u11 0764                    u15 0761                    _on 0721  
                 ?_on 0070                   _RB0 0030                   _RB1 0031                   _RB2 0032  
                 fsr0 0004                   indf 0000                  ??_on 0072                  l1030 0766  
                l1033 077F                  l1042 0745                  l1050 07C1                  l1027 0755  
                l1051 07C1                  l1028 0754                  l1036 072C                  l1052 07C8  
                l1029 0766                  l1045 0752                  l1053 07FF                  l1039 0738  
                l2200 076A                  l1048 07C0                  l1056 07A5                  l1049 07FF  
                l1057 07AB                  l2202 0773                  l2210 072D                  l1058 07AC  
                l1059 07AC                  l2204 0721                  l2212 0731                  l2220 0740  
                l1430 0755                  l2206 0725                  l2214 0733                  l2222 0747  
                l2230 07B1                  l2208 0727                  l2216 073A                  l2224 074B  
                l2240 07DB                  l2232 07BF                  l2218 073E                  l2226 074D  
                l2242 07E2                  l2234 07C8                  l2250 078A                  l1428 0753  
                l2244 07EB                  l2236 07CF                  l2228 07AF                  l2260 0796  
                l2252 078E                  l2246 07F1                  l2238 07D8                  l2262 079A  
                l2254 078F                  l2264 079F                  l2256 0792                  l2248 0780  
                l2266 07A5                  l2258 0793                  l2198 0767                  u2150 07BE  
                u2151 07BD                  u2160 07C7                  u2161 07C6                  u2170 07FE  
                u2171 07FD                  u2155 07BA                  u2175 07FA           display@data 0072  
                _data 0076                  _main 0780                  btemp 007E                  _type 072D  
                start 0000                 ?_main 0070                 _ANSEL 0188                 ?_type 0070  
     __end_of_address 0746                 _PORTB 0006                 _PORTC 0007                 _PORTD 0008  
               _TRISB 0086                 _TRISC 0087                 _TRISD 0088                 _SSPIF 0063  
     __end_of_display 0753                 _delay 0753                 _slave 07AF                 _pulse 0767  
               status 0003                 wtemp0 007E          __end_of_main 07AF          __end_of_type 0739  
              ??_main 0076                ??_type 0072                ?_delay 0070                ?_slave 0070  
              ?_pulse 0070                _ANSELH 0189                _SSPCON 0014                _SSPBUF 0013  
           ??_address 0072             ??_display 0072                slave@i 0074        __pcstackCOMMON 0070  
       __end_of_delay 0767         __end_of_slave 0800         __end_of_pulse 0780            __end_of_on 072D  
             ??_delay 0072               ??_slave 0073               ??_pulse 0072            __pmaintext 0780  
             _SSPSTAT 0094               _address 0739               _display 0746  end_of_initialization 071D  
 start_initialization 0718           __pbssCOMMON 0076             __ptext130 072D             __ptext131 0721  
           __ptext132 0767             __ptext133 0753             __ptext134 0000             __ptext126 0000  
           __ptext127 07AF             __ptext128 0746             __ptext129 0739              ?_address 0070  
            ?_display 0070        __size_of_delay 0014        __size_of_slave 0051        __size_of_pulse 0019  
         __size_of_on 000C           address@data 0072      __size_of_address 000D      __size_of_display 000D  
       __size_of_main 002F         __size_of_type 000C              delay@del 0070  
