

HI-TECH Software PIC LITE Macro Assembler V9.81 build 7503 
                                                                                               Tue Apr 27 12:25:47 2021

HI-TECH Software Omniscient Code Generator (Lite mode) build 7503
     1  0000                     opt subtitle "HI-TECH Software Omniscient Code Generator (Lite mode) build 7503"
     2                           
     3                           opt pagewidth 120
     4                           
     5                           	opt lm
     6                           
     7                           	processor	16F887
     8                           clrc	macro
     9                           	bcf	3,0
    10  0000                     	endm
    11                           clrz	macro
    12                           	bcf	3,2
    13  0000                     	endm
    14                           setc	macro
    15                           	bsf	3,0
    16  0000                     	endm
    17                           setz	macro
    18                           	bsf	3,2
    19  0000                     	endm
    20                           skipc	macro
    21                           	btfss	3,0
    22  0000                     	endm
    23                           skipz	macro
    24                           	btfss	3,2
    25  0000                     	endm
    26                           skipnc	macro
    27                           	btfsc	3,0
    28  0000                     	endm
    29                           skipnz	macro
    30                           	btfsc	3,2
    31  0000                     	endm
    32  0000                     indf	equ	0
    33  0000                     indf0	equ	0
    34  0002                     pc	equ	2
    35  0002                     pcl	equ	2
    36  0003                     status	equ	3
    37  0004                     fsr	equ	4
    38  0004                     fsr0	equ	4
    39  0001                     c	equ	1
    40  0000                     z	equ	0
    41  000A                     pclath	equ	10
    42                           	FNROOT	_main
    43                           	global	main@F1600
    44                           psect	idataBANK0,class=CODE,space=0,delta=2
    45                           global __pidataBANK0
    46  0763                     __pidataBANK0:
    47                           	file	"E:\KTU\Softwares\mplab\Sevensegment\sevensegment.c"
    48                           	line	8
    49                           
    50                           ;initializer for main@F1600
    51  0763  34BF               	retlw	0BFh
    52  0764  3406               	retlw	06h
    53  0765  345B               	retlw	05Bh
    54  0766  344F               	retlw	04Fh
    55  0767  3466               	retlw	066h
    56  0768  346D               	retlw	06Dh
    57  0769  347C               	retlw	07Ch
    58  076A  3407               	retlw	07h
    59  076B  34FF               	retlw	0FFh
    60  076C  34E7               	retlw	0E7h
    61                           	global	_PORTA
    62  0005                     _PORTA	set	5
    63                           	global	_TRISA
    64  0085                     _TRISA	set	133
    65                           	global	_ANSEL
    66  0188                     _ANSEL	set	392
    67                           	global	_ANSELH
    68  0189                     _ANSELH	set	393
    69                           	file	"sevensegment.as"
    70                           	line	#
    71                           psect cinit,class=CODE,delta=2
    72                           global start_initialization
    73  077E                     start_initialization:
    74                           
    75                           psect	dataBANK0,class=BANK0,space=1
    76                           global __pdataBANK0
    77  002E                     __pdataBANK0:
    78                           	file	"E:\KTU\Softwares\mplab\Sevensegment\sevensegment.c"
    79  002E                     main@F1600:
    80  002E                            ds      10
    81                           
    82                           global btemp
    83                           psect inittext,class=CODE,delta=2
    84                           global init_fetch,btemp
    85                           ;	Called with low address in FSR and high address in W
    86  076D                     init_fetch:
    87  076D  087E               	movf btemp,w
    88  076E  008A               	movwf pclath
    89  076F  087F               	movf btemp+1,w
    90  0770  0082               	movwf pc
    91                           global init_ram
    92                           ;Called with:
    93                           ;	high address of idata address in btemp 
    94                           ;	low address of idata address in btemp+1 
    95                           ;	low address of data in FSR
    96                           ;	high address + 1 of data in btemp-1
    97  0771                     init_ram:
    98  0771  276D  120A  118A   	fcall init_fetch
    99  0774  0080               	movwf indf,f
   100  0775  0A84               	incf fsr,f
   101  0776  0804               	movf fsr,w
   102  0777  067D               	xorwf btemp-1,w
   103  0778  1903               	btfsc status,2
   104  0779  3400               	retlw 0
   105  077A  0AFF               	incf btemp+1,f
   106  077B  1903               	btfsc status,2
   107  077C  0AFE               	incf btemp,f
   108  077D  2F71               	goto init_ram
   109                           ; Initialize objects allocated to BANK0
   110                           psect cinit,class=CODE,delta=2
   111                           global init_ram, __pidataBANK0
   112  077E  1383               	bcf	status, 7	;select IRP bank0
   113  077F  3038               	movlw low(__pdataBANK0+10)
   114  0780  00FD               	movwf btemp-1,f
   115  0781  3007               	movlw high(__pidataBANK0)
   116  0782  00FE               	movwf btemp,f
   117  0783  3063               	movlw low(__pidataBANK0)
   118  0784  00FF               	movwf btemp+1,f
   119  0785  302E               	movlw low(__pdataBANK0)
   120  0786  0084               	movwf fsr,f
   121  0787  120A  118A  2771   	fcall init_ram
              120A  118A         
   122                           psect cinit,class=CODE,delta=2
   123                           global end_of_initialization
   124                           
   125                           ;End of C runtime variable initialization code
   126                           
   127  078C                     end_of_initialization:
   128  078C  0183               clrf status
   129  078D  120A  118A  2F90   ljmp _main	;jump to C main() function
   130                           psect	cstackCOMMON,class=COMMON,space=1
   131                           global __pcstackCOMMON
   132  0070                     __pcstackCOMMON:
   133                           	global	?_main
   134  0070                     ?_main:	; 0 bytes @ 0x0
   135                           	global	??_main
   136  0070                     ??_main:	; 0 bytes @ 0x0
   137  0070                     	ds	4
   138                           psect	cstackBANK0,class=BANK0,space=1
   139                           global __pcstackBANK0
   140  0020                     __pcstackBANK0:
   141                           	global	main@arr
   142  0020                     main@arr:	; 10 bytes @ 0x0
   143  0020                     	ds	10
   144                           	global	main@count
   145  002A                     main@count:	; 2 bytes @ 0xA
   146  002A                     	ds	2
   147                           	global	main@i
   148  002C                     main@i:	; 2 bytes @ 0xC
   149  002C                     	ds	2
   150 ;;Data sizes: Strings 0, constant 0, data 10, bss 0, persistent 0 stack 0
   151 ;;Auto spaces:   Size  Autos    Used
   152 ;; COMMON          14      4       4
   153 ;; BANK0           80     14      24
   154 ;; BANK1           80      0       0
   155 ;; BANK3           96      0       0
   156 ;; BANK2           96      0       0
   157                           
   158 ;;
   159 ;; Pointer list with targets:
   160                           
   161                           
   162                           
   163 ;;
   164 ;; Critical Paths under _main in COMMON
   165 ;;
   166 ;;   None.
   167 ;;
   168 ;; Critical Paths under _main in BANK0
   169 ;;
   170 ;;   None.
   171 ;;
   172 ;; Critical Paths under _main in BANK1
   173 ;;
   174 ;;   None.
   175 ;;
   176 ;; Critical Paths under _main in BANK3
   177 ;;
   178 ;;   None.
   179 ;;
   180 ;; Critical Paths under _main in BANK2
   181 ;;
   182 ;;   None.
   183                           
   184 ;;
   185 ;;Main: autosize = 0, tempsize = 4, incstack = 0, save=0
   186 ;;
   187                           
   188 ;;
   189 ;;Call Graph Tables:
   190 ;;
   191 ;; ---------------------------------------------------------------------------------
   192 ;; (Depth) Function   	        Calls       Base Space   Used Autos Params    Refs
   193 ;; ---------------------------------------------------------------------------------
   194 ;; (0) _main                                                18    18      0     116
   195 ;;                                              0 COMMON     4     4      0
   196 ;;                                              0 BANK0     14    14      0
   197 ;; ---------------------------------------------------------------------------------
   198 ;; Estimated maximum stack depth 0
   199 ;; ---------------------------------------------------------------------------------
   200                           
   201 ;; Call Graph Graphs:
   202                           
   203 ;; _main (ROOT)
   204 ;;
   205                           
   206 ;; Address spaces:
   207                           
   208 ;;Name               Size   Autos  Total    Cost      Usage
   209 ;;BANK3               60      0       0       9        0.0%
   210 ;;BITBANK3            60      0       0       8        0.0%
   211 ;;SFR3                 0      0       0       4        0.0%
   212 ;;BITSFR3              0      0       0       4        0.0%
   213 ;;BANK2               60      0       0      11        0.0%
   214 ;;BITBANK2            60      0       0      10        0.0%
   215 ;;SFR2                 0      0       0       5        0.0%
   216 ;;BITSFR2              0      0       0       5        0.0%
   217 ;;SFR1                 0      0       0       2        0.0%
   218 ;;BITSFR1              0      0       0       2        0.0%
   219 ;;BANK1               50      0       0       7        0.0%
   220 ;;BITBANK1            50      0       0       6        0.0%
   221 ;;CODE                 0      0       0       0        0.0%
   222 ;;DATA                 0      0      1C      12        0.0%
   223 ;;ABS                  0      0      1C       3        0.0%
   224 ;;NULL                 0      0       0       0        0.0%
   225 ;;STACK                0      0       0       2        0.0%
   226 ;;BANK0               50      E      18       5       30.0%
   227 ;;BITBANK0            50      0       0       4        0.0%
   228 ;;SFR0                 0      0       0       1        0.0%
   229 ;;BITSFR0              0      0       0       1        0.0%
   230 ;;COMMON               E      4       4       1       28.6%
   231 ;;BITCOMMON            E      0       0       0        0.0%
   232 ;;EEDATA             100      0       0       0        0.0%
   233                           
   234                           	global	_main
   235                           psect	maintext,global,class=CODE,delta=2
   236                           global __pmaintext
   237  0790                     __pmaintext:
   238                           
   239 ;; *************** function _main *****************
   240 ;; Defined at:
   241 ;;		line 3 in file "E:\KTU\Softwares\mplab\Sevensegment\sevensegment.c"
   242 ;; Parameters:    Size  Location     Type
   243 ;;		None
   244 ;; Auto vars:     Size  Location     Type
   245 ;;  arr            10    0[BANK0 ] unsigned char [10]
   246 ;;  i               2   12[BANK0 ] int 
   247 ;;  count           2   10[BANK0 ] int 
   248 ;; Return value:  Size  Location     Type
   249 ;;		None               void
   250 ;; Registers used:
   251 ;;		wreg, fsr0l, fsr0h, status,2, status,0, btemp+1
   252 ;; Tracked objects:
   253 ;;		On entry : 17F/0
   254 ;;		On exit  : 0/0
   255 ;;		Unchanged: 0/0
   256 ;; Data sizes:     COMMON   BANK0   BANK1   BANK3   BANK2
   257 ;;      Params:         0       0       0       0       0
   258 ;;      Locals:         0      14       0       0       0
   259 ;;      Temps:          4       0       0       0       0
   260 ;;      Totals:         4      14       0       0       0
   261 ;;Total ram usage:       18 bytes
   262 ;; This function calls:
   263 ;;		Nothing
   264 ;; This function is called by:
   265 ;;		Startup code after reset
   266 ;; This function uses a non-reentrant model
   267 ;;
   268                           psect	maintext
   269                           	file	"E:\KTU\Softwares\mplab\Sevensegment\sevensegment.c"
   270                           	line	3
   271                           	global	__size_of_main
   272  0070                     	__size_of_main	equ	__end_of_main-_main
   273                           	
   274  0790                     _main:	
   275                           	opt	stack 8
   276                           ; Regs used in _main: [wreg-fsr0h+status,2+status,0+btemp+1]
   277                           	line	4
   278                           	
   279  0790                     l2192:	
   280                           ;sevensegment.c: 4: PORTA=0X00;
   281  0790  1283               	bcf	status, 5	;RP0=0, select bank0
   282  0791  1303               	bcf	status, 6	;RP1=0, select bank0
   283  0792  0185               	clrf	(5)	;volatile
   284                           	line	5
   285                           ;sevensegment.c: 5: TRISA=0X00;
   286  0793  1683               	bsf	status, 5	;RP0=1, select bank1
   287  0794  1303               	bcf	status, 6	;RP1=0, select bank1
   288  0795  0185               	clrf	(133)^080h	;volatile
   289                           	line	6
   290                           ;sevensegment.c: 6: ANSEL=0X00;
   291  0796  1683               	bsf	status, 5	;RP0=1, select bank3
   292  0797  1703               	bsf	status, 6	;RP1=1, select bank3
   293  0798  0188               	clrf	(392)^0180h	;volatile
   294                           	line	7
   295                           ;sevensegment.c: 7: ANSELH=0X00;
   296  0799  0189               	clrf	(393)^0180h	;volatile
   297                           	line	8
   298                           	
   299  079A                     l2194:	
   300                           ;sevensegment.c: 8: char arr[10]={ 0XBF,0X06,0X5B,0X4F,0X66,0X6D,0X7C,0X07,0XFF,0XE7};
   301  079A  3020               	movlw	(main@arr)&0ffh
   302  079B  0084               	movwf	fsr0
   303  079C  302E               	movlw	low(main@F1600)
   304  079D  00F0               	movwf	(??_main+0)+0
   305  079E  0804               	movf	fsr0,w
   306  079F  00F1               	movwf	((??_main+0)+0+1)
   307  07A0  300A               	movlw	10
   308  07A1  00F2               	movwf	((??_main+0)+0+2)
   309  07A2                     u2180:
   310  07A2  0870               	movf	(??_main+0)+0,w
   311  07A3  0084               	movwf	fsr0
   312  07A4  1383               	bcf	status, 7	;select IRP bank0
   313                           	
   314  07A5  0800               	movf	indf,w
   315  07A6  00F3               	movwf	((??_main+0)+0+3)
   316  07A7  0AF0               	incf	(??_main+0)+0,f
   317  07A8  0871               	movf	((??_main+0)+0+1),w
   318  07A9  0084               	movwf	fsr0
   319                           	
   320  07AA  0873               	movf	((??_main+0)+0+3),w
   321  07AB  0080               	movwf	indf
   322  07AC  0AF1               	incf	((??_main+0)+0+1),f
   323  07AD  0BF2               	decfsz	((??_main+0)+0+2),f
   324  07AE  2FA2               	goto	u2180
   325  07AF  2FB0               	goto	l2196
   326                           	line	11
   327                           ;sevensegment.c: 9: int i;
   328                           ;sevensegment.c: 10: int count;
   329                           ;sevensegment.c: 11: while(1)
   330                           	
   331  07B0                     l1027:	
   332                           	line	13
   333                           	
   334  07B0                     l2196:	
   335                           ;sevensegment.c: 12: {
   336                           ;sevensegment.c: 13: for(i=0;i<10;i++)
   337  07B0  1283               	bcf	status, 5	;RP0=0, select bank0
   338  07B1  1303               	bcf	status, 6	;RP1=0, select bank0
   339  07B2  01AC               	clrf	(main@i)
   340  07B3  01AD               	clrf	(main@i+1)
   341                           	
   342  07B4                     l2198:	
   343  07B4  082D               	movf	(main@i+1),w
   344  07B5  3A80               	xorlw	80h
   345  07B6  00FF               	movwf	btemp+1
   346  07B7  3080               	movlw	(high(0Ah))^80h
   347  07B8  027F               	subwf	btemp+1,w
   348  07B9  1D03               	skipz
   349  07BA  2FBD               	goto	u2195
   350  07BB  300A               	movlw	low(0Ah)
   351  07BC  022C               	subwf	(main@i),w
   352  07BD                     u2195:
   353                           
   354  07BD  1C03               	skipc
   355  07BE  2FC0               	goto	u2191
   356  07BF  2FC1               	goto	u2190
   357  07C0                     u2191:
   358  07C0  2FD3               	goto	l2206
   359  07C1                     u2190:
   360  07C1  2FB0               	goto	l2196
   361                           	
   362  07C2                     l2200:	
   363  07C2  2FB0               	goto	l2196
   364                           	line	14
   365                           	
   366  07C3                     l1028:	
   367                           	line	15
   368                           ;sevensegment.c: 14: {
   369                           ;sevensegment.c: 15: while(count<30000)
   370  07C3  2FD3               	goto	l2206
   371                           	
   372  07C4                     l1031:	
   373                           	line	17
   374                           	
   375  07C4                     l2202:	
   376                           ;sevensegment.c: 16: {
   377                           ;sevensegment.c: 17: count++;
   378  07C4  3001               	movlw	low(01h)
   379  07C5  1283               	bcf	status, 5	;RP0=0, select bank0
   380  07C6  1303               	bcf	status, 6	;RP1=0, select bank0
   381  07C7  07AA               	addwf	(main@count),f
   382  07C8  1803               	skipnc
   383  07C9  0AAB               	incf	(main@count+1),f
   384  07CA  3000               	movlw	high(01h)
   385  07CB  07AB               	addwf	(main@count+1),f
   386                           	line	18
   387                           	
   388  07CC                     l2204:	
   389                           ;sevensegment.c: 18: PORTA=arr[i];
   390  07CC  082C               	movf	(main@i),w
   391  07CD  3E20               	addlw	main@arr&0ffh
   392  07CE  0084               	movwf	fsr0
   393  07CF  1383               	bcf	status, 7	;select IRP bank0
   394  07D0  0800               	movf	indf,w
   395  07D1  0085               	movwf	(5)	;volatile
   396  07D2  2FD3               	goto	l2206
   397                           	line	19
   398                           	
   399  07D3                     l1030:	
   400                           	line	15
   401                           	
   402  07D3                     l2206:	
   403  07D3  1283               	bcf	status, 5	;RP0=0, select bank0
   404  07D4  1303               	bcf	status, 6	;RP1=0, select bank0
   405  07D5  082B               	movf	(main@count+1),w
   406  07D6  3A80               	xorlw	80h
   407  07D7  00FF               	movwf	btemp+1
   408  07D8  30F5               	movlw	(high(07530h))^80h
   409  07D9  027F               	subwf	btemp+1,w
   410  07DA  1D03               	skipz
   411  07DB  2FDE               	goto	u2205
   412  07DC  3030               	movlw	low(07530h)
   413  07DD  022A               	subwf	(main@count),w
   414  07DE                     u2205:
   415                           
   416  07DE  1C03               	skipc
   417  07DF  2FE1               	goto	u2201
   418  07E0  2FE2               	goto	u2200
   419  07E1                     u2201:
   420  07E1  2FC4               	goto	l2202
   421  07E2                     u2200:
   422  07E2  2FE3               	goto	l2208
   423                           	
   424  07E3                     l1032:	
   425                           	line	20
   426                           	
   427  07E3                     l2208:	
   428                           ;sevensegment.c: 19: }
   429                           ;sevensegment.c: 20: count=0;
   430  07E3  1283               	bcf	status, 5	;RP0=0, select bank0
   431  07E4  1303               	bcf	status, 6	;RP1=0, select bank0
   432  07E5  01AA               	clrf	(main@count)
   433  07E6  01AB               	clrf	(main@count+1)
   434                           	line	13
   435                           	
   436  07E7                     l2210:	
   437  07E7  3001               	movlw	low(01h)
   438  07E8  07AC               	addwf	(main@i),f
   439  07E9  1803               	skipnc
   440  07EA  0AAD               	incf	(main@i+1),f
   441  07EB  3000               	movlw	high(01h)
   442  07EC  07AD               	addwf	(main@i+1),f
   443                           	
   444  07ED                     l2212:	
   445  07ED  082D               	movf	(main@i+1),w
   446  07EE  3A80               	xorlw	80h
   447  07EF  00FF               	movwf	btemp+1
   448  07F0  3080               	movlw	(high(0Ah))^80h
   449  07F1  027F               	subwf	btemp+1,w
   450  07F2  1D03               	skipz
   451  07F3  2FF6               	goto	u2215
   452  07F4  300A               	movlw	low(0Ah)
   453  07F5  022C               	subwf	(main@i),w
   454  07F6                     u2215:
   455                           
   456  07F6  1C03               	skipc
   457  07F7  2FF9               	goto	u2211
   458  07F8  2FFA               	goto	u2210
   459  07F9                     u2211:
   460  07F9  2FD3               	goto	l2206
   461  07FA                     u2210:
   462  07FA  2FB0               	goto	l2196
   463                           	
   464  07FB                     l1029:	
   465  07FB  2FB0               	goto	l2196
   466                           	line	22
   467                           	
   468  07FC                     l1033:	
   469                           	line	11
   470  07FC  2FB0               	goto	l2196
   471                           	
   472  07FD                     l1034:	
   473                           	line	23
   474                           	
   475  07FD                     l1035:	
   476                           	global	start
   477  07FD  120A  118A  2800   	ljmp	start
   478                           	opt stack 0
   479                           GLOBAL	__end_of_main
   480  0800                     	__end_of_main:
   481 ;; =============== function _main ends ============
   482                           
   483                           	signat	_main,88
   484                           psect	maintext
   485                           	global	btemp
   486  007E                     	btemp set 07Eh
   487                           
   488                           	DABS	1,126,2	;btemp
   489                           	global	wtemp0
   490  007E                     	wtemp0 set btemp


HI-TECH Software PICC Macro Assembler V9.81 build 7503 
Symbol Table                                                                                   Tue Apr 27 12:25:47 2021

                   pc 0002                    fsr 0004                   fsr0 0004                   indf 0000  
                l1030 07D3                  l1031 07C4                  l1032 07E3                  l1033 07FC  
                l1034 07FD                  l1035 07FD                  l1027 07B0                  l1028 07C3  
                l1029 07FB                  l2200 07C2                  l2210 07E7                  l2202 07C4  
                l2212 07ED                  l2204 07CC                  l2206 07D3                  l2208 07E3  
                l2192 0790                  l2194 079A                  l2196 07B0                  l2198 07B4  
                u2200 07E2                  u2201 07E1                  u2210 07FA                  u2211 07F9  
                u2205 07DE                  u2215 07F6                  u2180 07A2                  u2190 07C1  
                u2191 07C0                  u2195 07BD                  _main 0790                  btemp 007E  
                start 0000                 ?_main 0070                 _ANSEL 0188                 _PORTA 0005  
               _TRISA 0085                 main@i 002C                 pclath 000A                 status 0003  
               wtemp0 007E          __end_of_main 0800                ??_main 0070                _ANSELH 0189  
      __pcstackCOMMON 0070          __pidataBANK0 0763            __pmaintext 0790               main@arr 0020  
end_of_initialization 078C               init_ram 0771   start_initialization 077E           __pdataBANK0 002E  
       __pcstackBANK0 0020             main@F1600 002E             main@count 002A             init_fetch 076D  
       __size_of_main 0070  
