

HI-TECH Software PIC LITE Macro Assembler V9.81 build 7503 
                                                                                               Mon Apr 26 11:13:08 2021

HI-TECH Software Omniscient Code Generator (Lite mode) build 7503
     1  0000                     opt subtitle "HI-TECH Software Omniscient Code Generator (Lite mode) build 7503"
     2                           
     3                           opt pagewidth 120
     4                           
     5                           	opt lm
     6                           
     7                           	processor	16F887
     8                           clrc	macro
     9                           	bcf	3,0
    10  0000                     	endm
    11                           clrz	macro
    12                           	bcf	3,2
    13  0000                     	endm
    14                           setc	macro
    15                           	bsf	3,0
    16  0000                     	endm
    17                           setz	macro
    18                           	bsf	3,2
    19  0000                     	endm
    20                           skipc	macro
    21                           	btfss	3,0
    22  0000                     	endm
    23                           skipz	macro
    24                           	btfss	3,2
    25  0000                     	endm
    26                           skipnc	macro
    27                           	btfsc	3,0
    28  0000                     	endm
    29                           skipnz	macro
    30                           	btfsc	3,2
    31  0000                     	endm
    32  0000                     indf	equ	0
    33  0000                     indf0	equ	0
    34  0002                     pc	equ	2
    35  0002                     pcl	equ	2
    36  0003                     status	equ	3
    37  0004                     fsr	equ	4
    38  0004                     fsr0	equ	4
    39  0001                     c	equ	1
    40  0000                     z	equ	0
    41  000A                     pclath	equ	10
    42                           	FNROOT	_main
    43                           	global	_PORTA
    44                           psect	maintext,global,class=CODE,delta=2
    45                           global __pmaintext
    46  06EA                     __pmaintext:
    47  0005                     _PORTA	set	5
    48                           	global	_PORTB
    49  0006                     _PORTB	set	6
    50                           	global	_RA0
    51  0028                     _RA0	set	40
    52                           	global	_RA1
    53  0029                     _RA1	set	41
    54                           	global	_RA2
    55  002A                     _RA2	set	42
    56                           	global	_RA3
    57  002B                     _RA3	set	43
    58                           	global	_RA4
    59  002C                     _RA4	set	44
    60                           	global	_RA5
    61  002D                     _RA5	set	45
    62                           	global	_RB0
    63  0030                     _RB0	set	48
    64                           	global	_RB1
    65  0031                     _RB1	set	49
    66                           	global	_TRISA
    67  0085                     _TRISA	set	133
    68                           	global	_TRISB
    69  0086                     _TRISB	set	134
    70                           	global	_ANSEL
    71  0188                     _ANSEL	set	392
    72                           	global	_ANSELH
    73  0189                     _ANSELH	set	393
    74                           	file	"lift.as"
    75                           	line	#
    76                           psect cinit,class=CODE,delta=2
    77                           global start_initialization
    78  06E6                     start_initialization:
    79                           
    80                           psect cinit,class=CODE,delta=2
    81                           global end_of_initialization
    82                           
    83                           ;End of C runtime variable initialization code
    84                           
    85  06E6                     end_of_initialization:
    86  06E6  0183               clrf status
    87  06E7  120A  118A  2EEA   ljmp _main	;jump to C main() function
    88                           psect	cstackCOMMON,class=COMMON,space=1
    89                           global __pcstackCOMMON
    90  0070                     __pcstackCOMMON:
    91                           	global	?_main
    92  0070                     ?_main:	; 0 bytes @ 0x0
    93                           	global	??_main
    94  0070                     ??_main:	; 0 bytes @ 0x0
    95                           	global	main@x
    96  0070                     main@x:	; 2 bytes @ 0x0
    97  0070                     	ds	2
    98 ;;Data sizes: Strings 0, constant 0, data 0, bss 0, persistent 0 stack 0
    99 ;;Auto spaces:   Size  Autos    Used
   100 ;; COMMON          14      2       2
   101 ;; BANK0           80      0       0
   102 ;; BANK1           80      0       0
   103 ;; BANK3           96      0       0
   104 ;; BANK2           96      0       0
   105                           
   106 ;;
   107 ;; Pointer list with targets:
   108                           
   109                           
   110                           
   111 ;;
   112 ;; Critical Paths under _main in COMMON
   113 ;;
   114 ;;   None.
   115 ;;
   116 ;; Critical Paths under _main in BANK0
   117 ;;
   118 ;;   None.
   119 ;;
   120 ;; Critical Paths under _main in BANK1
   121 ;;
   122 ;;   None.
   123 ;;
   124 ;; Critical Paths under _main in BANK3
   125 ;;
   126 ;;   None.
   127 ;;
   128 ;; Critical Paths under _main in BANK2
   129 ;;
   130 ;;   None.
   131                           
   132 ;;
   133 ;;Main: autosize = 0, tempsize = 0, incstack = 0, save=0
   134 ;;
   135                           
   136 ;;
   137 ;;Call Graph Tables:
   138 ;;
   139 ;; ---------------------------------------------------------------------------------
   140 ;; (Depth) Function   	        Calls       Base Space   Used Autos Params    Refs
   141 ;; ---------------------------------------------------------------------------------
   142 ;; (0) _main                                                 2     2      0     150
   143 ;;                                              0 COMMON     2     2      0
   144 ;; ---------------------------------------------------------------------------------
   145 ;; Estimated maximum stack depth 0
   146 ;; ---------------------------------------------------------------------------------
   147                           
   148 ;; Call Graph Graphs:
   149                           
   150 ;; _main (ROOT)
   151 ;;
   152                           
   153 ;; Address spaces:
   154                           
   155 ;;Name               Size   Autos  Total    Cost      Usage
   156 ;;BITCOMMON            E      0       0       0        0.0%
   157 ;;EEDATA             100      0       0       0        0.0%
   158 ;;NULL                 0      0       0       0        0.0%
   159 ;;CODE                 0      0       0       0        0.0%
   160 ;;COMMON               E      2       2       1       14.3%
   161 ;;BITSFR0              0      0       0       1        0.0%
   162 ;;SFR0                 0      0       0       1        0.0%
   163 ;;BITSFR1              0      0       0       2        0.0%
   164 ;;SFR1                 0      0       0       2        0.0%
   165 ;;STACK                0      0       0       2        0.0%
   166 ;;ABS                  0      0       0       3        0.0%
   167 ;;BITBANK0            50      0       0       4        0.0%
   168 ;;BITSFR3              0      0       0       4        0.0%
   169 ;;SFR3                 0      0       0       4        0.0%
   170 ;;BANK0               50      0       0       5        0.0%
   171 ;;BITSFR2              0      0       0       5        0.0%
   172 ;;SFR2                 0      0       0       5        0.0%
   173 ;;BITBANK1            50      0       0       6        0.0%
   174 ;;BANK1               50      0       0       7        0.0%
   175 ;;BITBANK3            60      0       0       8        0.0%
   176 ;;BANK3               60      0       0       9        0.0%
   177 ;;BITBANK2            60      0       0      10        0.0%
   178 ;;BANK2               60      0       0      11        0.0%
   179 ;;DATA                 0      0       0      12        0.0%
   180                           
   181                           	global	_main
   182                           psect	maintext
   183                           
   184 ;; *************** function _main *****************
   185 ;; Defined at:
   186 ;;		line 3 in file "E:\KTU\Softwares\mplab\Lift\lift.c"
   187 ;; Parameters:    Size  Location     Type
   188 ;;		None
   189 ;; Auto vars:     Size  Location     Type
   190 ;;  x               2    0[COMMON] int 
   191 ;; Return value:  Size  Location     Type
   192 ;;		None               void
   193 ;; Registers used:
   194 ;;		wreg, status,2, btemp+1
   195 ;; Tracked objects:
   196 ;;		On entry : 17F/0
   197 ;;		On exit  : 0/0
   198 ;;		Unchanged: 0/0
   199 ;; Data sizes:     COMMON   BANK0   BANK1   BANK3   BANK2
   200 ;;      Params:         0       0       0       0       0
   201 ;;      Locals:         2       0       0       0       0
   202 ;;      Temps:          0       0       0       0       0
   203 ;;      Totals:         2       0       0       0       0
   204 ;;Total ram usage:        2 bytes
   205 ;; This function calls:
   206 ;;		Nothing
   207 ;; This function is called by:
   208 ;;		Startup code after reset
   209 ;; This function uses a non-reentrant model
   210 ;;
   211                           psect	maintext
   212                           	file	"E:\KTU\Softwares\mplab\Lift\lift.c"
   213                           	line	3
   214                           	global	__size_of_main
   215  0116                     	__size_of_main	equ	__end_of_main-_main
   216                           	
   217  06EA                     _main:	
   218                           	opt	stack 8
   219                           ; Regs used in _main: [wreg+status,2+btemp+1]
   220                           	line	4
   221                           	
   222  06EA                     l1413:	
   223                           ;lift.c: 4: PORTA=0X00;
   224  06EA  1283               	bcf	status, 5	;RP0=0, select bank0
   225  06EB  1303               	bcf	status, 6	;RP1=0, select bank0
   226  06EC  0185               	clrf	(5)	;volatile
   227                           	line	5
   228                           ;lift.c: 5: PORTB=0X00;
   229  06ED  0186               	clrf	(6)	;volatile
   230                           	line	6
   231                           	
   232  06EE                     l1415:	
   233                           ;lift.c: 6: TRISA=0X3F;
   234  06EE  303F               	movlw	(03Fh)
   235  06EF  1683               	bsf	status, 5	;RP0=1, select bank1
   236  06F0  1303               	bcf	status, 6	;RP1=0, select bank1
   237  06F1  0085               	movwf	(133)^080h	;volatile
   238                           	line	7
   239                           	
   240  06F2                     l1417:	
   241                           ;lift.c: 7: TRISB=0X00;
   242  06F2  0186               	clrf	(134)^080h	;volatile
   243                           	line	8
   244                           	
   245  06F3                     l1419:	
   246                           ;lift.c: 8: ANSEL=0X00;
   247  06F3  1683               	bsf	status, 5	;RP0=1, select bank3
   248  06F4  1703               	bsf	status, 6	;RP1=1, select bank3
   249  06F5  0188               	clrf	(392)^0180h	;volatile
   250                           	line	9
   251                           	
   252  06F6                     l1421:	
   253                           ;lift.c: 9: ANSELH=0X00;
   254  06F6  0189               	clrf	(393)^0180h	;volatile
   255                           	line	10
   256                           	
   257  06F7                     l1423:	
   258                           ;lift.c: 10: int x=0;
   259  06F7  01F0               	clrf	(main@x)
   260  06F8  01F1               	clrf	(main@x+1)
   261  06F9  2EFA               	goto	l1425
   262                           	line	11
   263                           ;lift.c: 11: while(1)
   264                           	
   265  06FA                     l1025:	
   266                           	line	13
   267                           	
   268  06FA                     l1425:	
   269                           ;lift.c: 12: {
   270                           ;lift.c: 13: if(RA1==1 && x<1 && RB0==0 && RB1==0)
   271  06FA  1283               	bcf	status, 5	;RP0=0, select bank0
   272  06FB  1303               	bcf	status, 6	;RP1=0, select bank0
   273  06FC  1C85               	btfss	(41/8),(41)&7
   274  06FD  2EFF               	goto	u11
   275  06FE  2F00               	goto	u10
   276  06FF                     u11:
   277  06FF  2F1D               	goto	l1437
   278  0700                     u10:
   279                           	
   280  0700                     l1427:	
   281  0700  0871               	movf	(main@x+1),w
   282  0701  3A80               	xorlw	80h
   283  0702  00FF               	movwf	btemp+1
   284  0703  3080               	movlw	(high(01h))^80h
   285  0704  027F               	subwf	btemp+1,w
   286  0705  1D03               	skipz
   287  0706  2F09               	goto	u25
   288  0707  3001               	movlw	low(01h)
   289  0708  0270               	subwf	(main@x),w
   290  0709                     u25:
   291                           
   292  0709  1803               	skipnc
   293  070A  2F0C               	goto	u21
   294  070B  2F0D               	goto	u20
   295  070C                     u21:
   296  070C  2F1D               	goto	l1437
   297  070D                     u20:
   298                           	
   299  070D                     l1429:	
   300  070D  1283               	bcf	status, 5	;RP0=0, select bank0
   301  070E  1303               	bcf	status, 6	;RP1=0, select bank0
   302  070F  1806               	btfsc	(48/8),(48)&7
   303  0710  2F12               	goto	u31
   304  0711  2F13               	goto	u30
   305  0712                     u31:
   306  0712  2F1D               	goto	l1437
   307  0713                     u30:
   308                           	
   309  0713                     l1431:	
   310  0713  1886               	btfsc	(49/8),(49)&7
   311  0714  2F16               	goto	u41
   312  0715  2F17               	goto	u40
   313  0716                     u41:
   314  0716  2F1D               	goto	l1437
   315  0717                     u40:
   316                           	line	15
   317                           	
   318  0717                     l1433:	
   319                           ;lift.c: 14: {
   320                           ;lift.c: 15: x=1;
   321  0717  3001               	movlw	low(01h)
   322  0718  00F0               	movwf	(main@x)
   323  0719  3000               	movlw	high(01h)
   324  071A  00F1               	movwf	((main@x))+1
   325                           	line	16
   326                           	
   327  071B                     l1435:	
   328                           ;lift.c: 16: RB0=1;
   329  071B  1406               	bsf	(48/8),(48)&7
   330  071C  2F1D               	goto	l1437
   331                           	line	17
   332                           	
   333  071D                     l1026:	
   334                           	line	18
   335                           	
   336  071D                     l1437:	
   337                           ;lift.c: 17: }
   338                           ;lift.c: 18: if(RA4==1 && x==1)
   339  071D  1283               	bcf	status, 5	;RP0=0, select bank0
   340  071E  1303               	bcf	status, 6	;RP1=0, select bank0
   341  071F  1E05               	btfss	(44/8),(44)&7
   342  0720  2F22               	goto	u51
   343  0721  2F23               	goto	u50
   344  0722                     u51:
   345  0722  2F2B               	goto	l1027
   346  0723                     u50:
   347                           	
   348  0723                     l1439:	
   349  0723  3001               	movlw	01h
   350  0724  0670               	xorwf	(main@x),w
   351  0725  0471               	iorwf	(main@x+1),w
   352  0726  1D03               	skipz
   353  0727  2F29               	goto	u61
   354  0728  2F2A               	goto	u60
   355  0729                     u61:
   356  0729  2F2B               	goto	l1027
   357  072A                     u60:
   358                           	line	20
   359                           	
   360  072A                     l1441:	
   361                           ;lift.c: 19: {
   362                           ;lift.c: 20: RB0=0;
   363  072A  1006               	bcf	(48/8),(48)&7
   364                           	line	21
   365                           	
   366  072B                     l1027:	
   367                           	line	22
   368                           ;lift.c: 21: }
   369                           ;lift.c: 22: if(RA2==1 && x<1 && RB0==0 &&RB1==0 || RA2==1 && x<2 && RB0==0 && RB1==0)
   370  072B  1D05               	btfss	(42/8),(42)&7
   371  072C  2F2E               	goto	u71
   372  072D  2F2F               	goto	u70
   373  072E                     u71:
   374  072E  2F46               	goto	l1032
   375  072F                     u70:
   376                           	
   377  072F                     l1443:	
   378  072F  0871               	movf	(main@x+1),w
   379  0730  3A80               	xorlw	80h
   380  0731  00FF               	movwf	btemp+1
   381  0732  3080               	movlw	(high(01h))^80h
   382  0733  027F               	subwf	btemp+1,w
   383  0734  1D03               	skipz
   384  0735  2F38               	goto	u85
   385  0736  3001               	movlw	low(01h)
   386  0737  0270               	subwf	(main@x),w
   387  0738                     u85:
   388                           
   389  0738  1803               	skipnc
   390  0739  2F3B               	goto	u81
   391  073A  2F3C               	goto	u80
   392  073B                     u81:
   393  073B  2F46               	goto	l1032
   394  073C                     u80:
   395                           	
   396  073C                     l1445:	
   397  073C  1283               	bcf	status, 5	;RP0=0, select bank0
   398  073D  1303               	bcf	status, 6	;RP1=0, select bank0
   399  073E  1806               	btfsc	(48/8),(48)&7
   400  073F  2F41               	goto	u91
   401  0740  2F42               	goto	u90
   402  0741                     u91:
   403  0741  2F46               	goto	l1032
   404  0742                     u90:
   405                           	
   406  0742                     l1447:	
   407  0742  1C86               	btfss	(49/8),(49)&7
   408  0743  2F45               	goto	u101
   409  0744  2F46               	goto	u100
   410  0745                     u101:
   411  0745  2F64               	goto	l1455
   412  0746                     u100:
   413                           	
   414  0746                     l1032:	
   415  0746  1283               	bcf	status, 5	;RP0=0, select bank0
   416  0747  1303               	bcf	status, 6	;RP1=0, select bank0
   417  0748  1D05               	btfss	(42/8),(42)&7
   418  0749  2F4B               	goto	u111
   419  074A  2F4C               	goto	u110
   420  074B                     u111:
   421  074B  2F6A               	goto	l1459
   422  074C                     u110:
   423                           	
   424  074C                     l1449:	
   425  074C  0871               	movf	(main@x+1),w
   426  074D  3A80               	xorlw	80h
   427  074E  00FF               	movwf	btemp+1
   428  074F  3080               	movlw	(high(02h))^80h
   429  0750  027F               	subwf	btemp+1,w
   430  0751  1D03               	skipz
   431  0752  2F55               	goto	u125
   432  0753  3002               	movlw	low(02h)
   433  0754  0270               	subwf	(main@x),w
   434  0755                     u125:
   435                           
   436  0755  1803               	skipnc
   437  0756  2F58               	goto	u121
   438  0757  2F59               	goto	u120
   439  0758                     u121:
   440  0758  2F6A               	goto	l1459
   441  0759                     u120:
   442                           	
   443  0759                     l1451:	
   444  0759  1283               	bcf	status, 5	;RP0=0, select bank0
   445  075A  1303               	bcf	status, 6	;RP1=0, select bank0
   446  075B  1806               	btfsc	(48/8),(48)&7
   447  075C  2F5E               	goto	u131
   448  075D  2F5F               	goto	u130
   449  075E                     u131:
   450  075E  2F6A               	goto	l1459
   451  075F                     u130:
   452                           	
   453  075F                     l1453:	
   454  075F  1886               	btfsc	(49/8),(49)&7
   455  0760  2F62               	goto	u141
   456  0761  2F63               	goto	u140
   457  0762                     u141:
   458  0762  2F6A               	goto	l1459
   459  0763                     u140:
   460  0763  2F64               	goto	l1455
   461                           	
   462  0764                     l1030:	
   463                           	line	24
   464                           	
   465  0764                     l1455:	
   466                           ;lift.c: 23: {
   467                           ;lift.c: 24: x=2;
   468  0764  3002               	movlw	low(02h)
   469  0765  00F0               	movwf	(main@x)
   470  0766  3000               	movlw	high(02h)
   471  0767  00F1               	movwf	((main@x))+1
   472                           	line	25
   473                           	
   474  0768                     l1457:	
   475                           ;lift.c: 25: RB0=1;
   476  0768  1406               	bsf	(48/8),(48)&7
   477  0769  2F6A               	goto	l1459
   478                           	line	26
   479                           	
   480  076A                     l1028:	
   481                           	line	27
   482                           	
   483  076A                     l1459:	
   484                           ;lift.c: 26: }
   485                           ;lift.c: 27: if(RA5==1 && x==2)
   486  076A  1283               	bcf	status, 5	;RP0=0, select bank0
   487  076B  1303               	bcf	status, 6	;RP1=0, select bank0
   488  076C  1E85               	btfss	(45/8),(45)&7
   489  076D  2F6F               	goto	u151
   490  076E  2F70               	goto	u150
   491  076F                     u151:
   492  076F  2F78               	goto	l1033
   493  0770                     u150:
   494                           	
   495  0770                     l1461:	
   496  0770  3002               	movlw	02h
   497  0771  0670               	xorwf	(main@x),w
   498  0772  0471               	iorwf	(main@x+1),w
   499  0773  1D03               	skipz
   500  0774  2F76               	goto	u161
   501  0775  2F77               	goto	u160
   502  0776                     u161:
   503  0776  2F78               	goto	l1033
   504  0777                     u160:
   505                           	line	29
   506                           	
   507  0777                     l1463:	
   508                           ;lift.c: 28: {
   509                           ;lift.c: 29: RB0=0;
   510  0777  1006               	bcf	(48/8),(48)&7
   511                           	line	30
   512                           	
   513  0778                     l1033:	
   514                           	line	32
   515                           ;lift.c: 30: }
   516                           ;lift.c: 32: if(RA1==1 && x>1 && RB1==0 && RB0==0)
   517  0778  1C85               	btfss	(41/8),(41)&7
   518  0779  2F7B               	goto	u171
   519  077A  2F7C               	goto	u170
   520  077B                     u171:
   521  077B  2F99               	goto	l1475
   522  077C                     u170:
   523                           	
   524  077C                     l1465:	
   525  077C  0871               	movf	(main@x+1),w
   526  077D  3A80               	xorlw	80h
   527  077E  00FF               	movwf	btemp+1
   528  077F  3080               	movlw	(high(02h))^80h
   529  0780  027F               	subwf	btemp+1,w
   530  0781  1D03               	skipz
   531  0782  2F85               	goto	u185
   532  0783  3002               	movlw	low(02h)
   533  0784  0270               	subwf	(main@x),w
   534  0785                     u185:
   535                           
   536  0785  1C03               	skipc
   537  0786  2F88               	goto	u181
   538  0787  2F89               	goto	u180
   539  0788                     u181:
   540  0788  2F99               	goto	l1475
   541  0789                     u180:
   542                           	
   543  0789                     l1467:	
   544  0789  1283               	bcf	status, 5	;RP0=0, select bank0
   545  078A  1303               	bcf	status, 6	;RP1=0, select bank0
   546  078B  1886               	btfsc	(49/8),(49)&7
   547  078C  2F8E               	goto	u191
   548  078D  2F8F               	goto	u190
   549  078E                     u191:
   550  078E  2F99               	goto	l1475
   551  078F                     u190:
   552                           	
   553  078F                     l1469:	
   554  078F  1806               	btfsc	(48/8),(48)&7
   555  0790  2F92               	goto	u201
   556  0791  2F93               	goto	u200
   557  0792                     u201:
   558  0792  2F99               	goto	l1475
   559  0793                     u200:
   560                           	line	34
   561                           	
   562  0793                     l1471:	
   563                           ;lift.c: 33: {
   564                           ;lift.c: 34: RB1=1;
   565  0793  1486               	bsf	(49/8),(49)&7
   566                           	line	35
   567                           	
   568  0794                     l1473:	
   569                           ;lift.c: 35: x=3;
   570  0794  3003               	movlw	low(03h)
   571  0795  00F0               	movwf	(main@x)
   572  0796  3000               	movlw	high(03h)
   573  0797  00F1               	movwf	((main@x))+1
   574  0798  2F99               	goto	l1475
   575                           	line	36
   576                           	
   577  0799                     l1034:	
   578                           	line	37
   579                           	
   580  0799                     l1475:	
   581                           ;lift.c: 36: }
   582                           ;lift.c: 37: if(RA4==1 && x==3)
   583  0799  1283               	bcf	status, 5	;RP0=0, select bank0
   584  079A  1303               	bcf	status, 6	;RP1=0, select bank0
   585  079B  1E05               	btfss	(44/8),(44)&7
   586  079C  2F9E               	goto	u211
   587  079D  2F9F               	goto	u210
   588  079E                     u211:
   589  079E  2FAC               	goto	l1483
   590  079F                     u210:
   591                           	
   592  079F                     l1477:	
   593  079F  3003               	movlw	03h
   594  07A0  0670               	xorwf	(main@x),w
   595  07A1  0471               	iorwf	(main@x+1),w
   596  07A2  1D03               	skipz
   597  07A3  2FA5               	goto	u221
   598  07A4  2FA6               	goto	u220
   599  07A5                     u221:
   600  07A5  2FAC               	goto	l1483
   601  07A6                     u220:
   602                           	line	39
   603                           	
   604  07A6                     l1479:	
   605                           ;lift.c: 38: {
   606                           ;lift.c: 39: RB1=0;
   607  07A6  1086               	bcf	(49/8),(49)&7
   608                           	line	40
   609                           	
   610  07A7                     l1481:	
   611                           ;lift.c: 40: x=1;
   612  07A7  3001               	movlw	low(01h)
   613  07A8  00F0               	movwf	(main@x)
   614  07A9  3000               	movlw	high(01h)
   615  07AA  00F1               	movwf	((main@x))+1
   616  07AB  2FAC               	goto	l1483
   617                           	line	41
   618                           	
   619  07AC                     l1035:	
   620                           	line	42
   621                           	
   622  07AC                     l1483:	
   623                           ;lift.c: 41: }
   624                           ;lift.c: 42: if(RA0==1 && x>1 && RB1==0 &&RB0==0 || RA0==1 && x>0 && RB1==0 && RB0==0)
   625  07AC  1C05               	btfss	(40/8),(40)&7
   626  07AD  2FAF               	goto	u231
   627  07AE  2FB0               	goto	u230
   628  07AF                     u231:
   629  07AF  2FC7               	goto	l1040
   630  07B0                     u230:
   631                           	
   632  07B0                     l1485:	
   633  07B0  0871               	movf	(main@x+1),w
   634  07B1  3A80               	xorlw	80h
   635  07B2  00FF               	movwf	btemp+1
   636  07B3  3080               	movlw	(high(02h))^80h
   637  07B4  027F               	subwf	btemp+1,w
   638  07B5  1D03               	skipz
   639  07B6  2FB9               	goto	u245
   640  07B7  3002               	movlw	low(02h)
   641  07B8  0270               	subwf	(main@x),w
   642  07B9                     u245:
   643                           
   644  07B9  1C03               	skipc
   645  07BA  2FBC               	goto	u241
   646  07BB  2FBD               	goto	u240
   647  07BC                     u241:
   648  07BC  2FC7               	goto	l1040
   649  07BD                     u240:
   650                           	
   651  07BD                     l1487:	
   652  07BD  1283               	bcf	status, 5	;RP0=0, select bank0
   653  07BE  1303               	bcf	status, 6	;RP1=0, select bank0
   654  07BF  1886               	btfsc	(49/8),(49)&7
   655  07C0  2FC2               	goto	u251
   656  07C1  2FC3               	goto	u250
   657  07C2                     u251:
   658  07C2  2FC7               	goto	l1040
   659  07C3                     u250:
   660                           	
   661  07C3                     l1489:	
   662  07C3  1C06               	btfss	(48/8),(48)&7
   663  07C4  2FC6               	goto	u261
   664  07C5  2FC7               	goto	u260
   665  07C6                     u261:
   666  07C6  2FE4               	goto	l1038
   667  07C7                     u260:
   668                           	
   669  07C7                     l1040:	
   670  07C7  1283               	bcf	status, 5	;RP0=0, select bank0
   671  07C8  1303               	bcf	status, 6	;RP1=0, select bank0
   672  07C9  1C05               	btfss	(40/8),(40)&7
   673  07CA  2FCC               	goto	u271
   674  07CB  2FCD               	goto	u270
   675  07CC                     u271:
   676  07CC  2FEA               	goto	l1499
   677  07CD                     u270:
   678                           	
   679  07CD                     l1491:	
   680  07CD  0871               	movf	(main@x+1),w
   681  07CE  3A80               	xorlw	80h
   682  07CF  00FF               	movwf	btemp+1
   683  07D0  3080               	movlw	(high(01h))^80h
   684  07D1  027F               	subwf	btemp+1,w
   685  07D2  1D03               	skipz
   686  07D3  2FD6               	goto	u285
   687  07D4  3001               	movlw	low(01h)
   688  07D5  0270               	subwf	(main@x),w
   689  07D6                     u285:
   690                           
   691  07D6  1C03               	skipc
   692  07D7  2FD9               	goto	u281
   693  07D8  2FDA               	goto	u280
   694  07D9                     u281:
   695  07D9  2FEA               	goto	l1499
   696  07DA                     u280:
   697                           	
   698  07DA                     l1493:	
   699  07DA  1283               	bcf	status, 5	;RP0=0, select bank0
   700  07DB  1303               	bcf	status, 6	;RP1=0, select bank0
   701  07DC  1886               	btfsc	(49/8),(49)&7
   702  07DD  2FDF               	goto	u291
   703  07DE  2FE0               	goto	u290
   704  07DF                     u291:
   705  07DF  2FEA               	goto	l1499
   706  07E0                     u290:
   707                           	
   708  07E0                     l1495:	
   709  07E0  1806               	btfsc	(48/8),(48)&7
   710  07E1  2FE3               	goto	u301
   711  07E2  2FE4               	goto	u300
   712  07E3                     u301:
   713  07E3  2FEA               	goto	l1499
   714  07E4                     u300:
   715                           	
   716  07E4                     l1038:	
   717                           	line	44
   718                           ;lift.c: 43: {
   719                           ;lift.c: 44: RB1=1;
   720  07E4  1486               	bsf	(49/8),(49)&7
   721                           	line	45
   722                           	
   723  07E5                     l1497:	
   724                           ;lift.c: 45: x=4;
   725  07E5  3004               	movlw	low(04h)
   726  07E6  00F0               	movwf	(main@x)
   727  07E7  3000               	movlw	high(04h)
   728  07E8  00F1               	movwf	((main@x))+1
   729  07E9  2FEA               	goto	l1499
   730                           	line	46
   731                           	
   732  07EA                     l1036:	
   733                           	line	47
   734                           	
   735  07EA                     l1499:	
   736                           ;lift.c: 46: }
   737                           ;lift.c: 47: if(RA3==1 && x==4)
   738  07EA  1283               	bcf	status, 5	;RP0=0, select bank0
   739  07EB  1303               	bcf	status, 6	;RP1=0, select bank0
   740  07EC  1D85               	btfss	(43/8),(43)&7
   741  07ED  2FEF               	goto	u311
   742  07EE  2FF0               	goto	u310
   743  07EF                     u311:
   744  07EF  2EFA               	goto	l1425
   745  07F0                     u310:
   746                           	
   747  07F0                     l1501:	
   748  07F0  3004               	movlw	04h
   749  07F1  0670               	xorwf	(main@x),w
   750  07F2  0471               	iorwf	(main@x+1),w
   751  07F3  1D03               	skipz
   752  07F4  2FF6               	goto	u321
   753  07F5  2FF7               	goto	u320
   754  07F6                     u321:
   755  07F6  2EFA               	goto	l1425
   756  07F7                     u320:
   757                           	line	49
   758                           	
   759  07F7                     l1503:	
   760                           ;lift.c: 48: {
   761                           ;lift.c: 49: RB1=0;
   762  07F7  1086               	bcf	(49/8),(49)&7
   763                           	line	50
   764                           	
   765  07F8                     l1505:	
   766                           ;lift.c: 50: x=0;
   767  07F8  01F0               	clrf	(main@x)
   768  07F9  01F1               	clrf	(main@x+1)
   769  07FA  2EFA               	goto	l1425
   770                           	line	51
   771                           	
   772  07FB                     l1041:	
   773  07FB  2EFA               	goto	l1425
   774                           	line	52
   775                           	
   776  07FC                     l1042:	
   777                           	line	11
   778  07FC  2EFA               	goto	l1425
   779                           	
   780  07FD                     l1043:	
   781                           	line	53
   782                           	
   783  07FD                     l1044:	
   784                           	global	start
   785  07FD  120A  118A  2800   	ljmp	start
   786                           	opt stack 0
   787                           GLOBAL	__end_of_main
   788  0800                     	__end_of_main:
   789 ;; =============== function _main ends ============
   790                           
   791                           	signat	_main,88
   792                           psect	maintext
   793                           	global	btemp
   794  007E                     	btemp set 07Eh
   795                           
   796                           	DABS	1,126,2	;btemp
   797                           	global	wtemp0
   798  007E                     	wtemp0 set btemp


HI-TECH Software PICC Macro Assembler V9.81 build 7503 
Symbol Table                                                                                   Mon Apr 26 11:13:08 2021

                  u10 0700                    u11 06FF                    u20 070D                    u21 070C  
                  u30 0713                    u31 0712                    u40 0717                    u41 0716  
                  u25 0709                    u50 0723                    u51 0722                    u60 072A  
                  u61 0729                    u70 072F                    u71 072E                    u80 073C  
                  u81 073B                    u90 0742                    u91 0741                    u85 0738  
                 _RA0 0028                   _RA1 0029                   _RB0 0030                   _RA2 002A  
                 _RB1 0031                   _RA3 002B                   _RA4 002C                   _RA5 002D  
                 u100 0746                   u101 0745                   u110 074C                   u111 074B  
                 u200 0793                   u120 0759                   u201 0792                   u121 0758  
                 u210 079F                   u130 075F                   u211 079E                   u131 075E  
                 u300 07E4                   u220 07A6                   u140 0763                   u301 07E3  
                 u221 07A5                   u141 0762                   u125 0755                   u310 07F0  
                 u230 07B0                   u150 0770                   u311 07EF                   u231 07AF  
                 u151 076F                   u320 07F7                   u240 07BD                   u160 0777  
                 u321 07F6                   u241 07BC                   u161 0776                   u250 07C3  
                 u170 077C                   u251 07C2                   u171 077B                   u260 07C7  
                 u180 0789                   u261 07C6                   u245 07B9                   u181 0788  
                 u270 07CD                   u190 078F                   u271 07CC                   u191 078E  
                 u280 07DA                   u281 07D9                   u185 0785                   u290 07E0  
                 u291 07DF                   u285 07D6                  l1030 0764                  l1040 07C7  
                l1032 0746                  l1041 07FB                  l1033 0778                  l1025 06FA  
                l1042 07FC                  l1034 0799                  l1026 071D                  l1043 07FD  
                l1035 07AC                  l1027 072B                  l1044 07FD                  l1036 07EA  
                l1028 076A                  l1038 07E4                  l1501 07F0                  l1421 06F6  
                l1413 06EA                  l1503 07F7                  l1431 0713                  l1423 06F7  
                l1415 06EE                  l1505 07F8                  l1441 072A                  l1433 0717  
                l1425 06FA                  l1417 06F2                  l1451 0759                  l1443 072F  
                l1435 071B                  l1427 0700                  l1419 06F3                  l1461 0770  
                l1453 075F                  l1445 073C                  l1429 070D                  l1437 071D  
                l1471 0793                  l1463 0777                  l1455 0764                  l1447 0742  
                l1439 0723                  l1481 07A7                  l1473 0794                  l1465 077C  
                l1457 0768                  l1449 074C                  l1491 07CD                  l1483 07AC  
                l1467 0789                  l1475 0799                  l1459 076A                  l1493 07DA  
                l1485 07B0                  l1477 079F                  l1469 078F                  l1495 07E0  
                l1487 07BD                  l1479 07A6                  l1497 07E5                  l1489 07C3  
                l1499 07EA                  _main 06EA                  btemp 007E                  start 0000  
               ?_main 0070                 _ANSEL 0188                 _PORTA 0005                 _PORTB 0006  
               _TRISA 0085                 _TRISB 0086                 main@x 0070                 status 0003  
               wtemp0 007E          __end_of_main 0800                ??_main 0070                _ANSELH 0189  
      __pcstackCOMMON 0070            __pmaintext 06EA  end_of_initialization 06E6   start_initialization 06E6  
       __size_of_main 0116  
