

HI-TECH Software PIC LITE Macro Assembler V9.81 build 7503 
                                                                                               Mon Jun 14 13:13:58 2021

HI-TECH Software Omniscient Code Generator (Lite mode) build 7503
     1  0000                     opt subtitle "HI-TECH Software Omniscient Code Generator (Lite mode) build 7503"
     2                           
     3                           opt pagewidth 120
     4                           
     5                           	opt lm
     6                           
     7                           	processor	16F887
     8                           clrc	macro
     9                           	bcf	3,0
    10  0000                     	endm
    11                           clrz	macro
    12                           	bcf	3,2
    13  0000                     	endm
    14                           setc	macro
    15                           	bsf	3,0
    16  0000                     	endm
    17                           setz	macro
    18                           	bsf	3,2
    19  0000                     	endm
    20                           skipc	macro
    21                           	btfss	3,0
    22  0000                     	endm
    23                           skipz	macro
    24                           	btfss	3,2
    25  0000                     	endm
    26                           skipnc	macro
    27                           	btfsc	3,0
    28  0000                     	endm
    29                           skipnz	macro
    30                           	btfsc	3,2
    31  0000                     	endm
    32  0000                     indf	equ	0
    33  0000                     indf0	equ	0
    34  0002                     pc	equ	2
    35  0002                     pcl	equ	2
    36  0003                     status	equ	3
    37  0004                     fsr	equ	4
    38  0004                     fsr0	equ	4
    39  0001                     c	equ	1
    40  0000                     z	equ	0
    41  000A                     pclath	equ	10
    42                           	FNCALL	_main,_timer2
    43                           	FNROOT	_main
    44                           	global	_count
    45                           	global	_PORTA
    46                           psect	text60,local,class=CODE,delta=2
    47                           global __ptext60
    48  0000                     __ptext60:
    49  0005                     _PORTA	set	5
    50                           	global	_PORTC
    51  0007                     _PORTC	set	7
    52                           	global	_T2CON
    53  0012                     _T2CON	set	18
    54                           	global	_RA0
    55  0028                     _RA0	set	40
    56                           	global	_RA1
    57  0029                     _RA1	set	41
    58                           	global	_TMR2IF
    59  0061                     _TMR2IF	set	97
    60                           	global	_TRISA
    61  0085                     _TRISA	set	133
    62                           	global	_TRISC
    63  0087                     _TRISC	set	135
    64                           	global	_ANSEL
    65  0188                     _ANSEL	set	392
    66                           	global	_ANSELH
    67  0189                     _ANSELH	set	393
    68                           	file	"timerrelay.as"
    69                           	line	#
    70                           psect cinit,class=CODE,delta=2
    71                           global start_initialization
    72  076A                     start_initialization:
    73                           
    74                           psect	bssCOMMON,class=COMMON,space=1
    75                           global __pbssCOMMON
    76  0070                     __pbssCOMMON:
    77  0070                     _count:
    78  0070                            ds      2
    79                           
    80                           ; Clear objects allocated to COMMON
    81                           psect cinit,class=CODE,delta=2
    82  076A  01F0               	clrf	((__pbssCOMMON)+0)&07Fh
    83  076B  01F1               	clrf	((__pbssCOMMON)+1)&07Fh
    84                           psect cinit,class=CODE,delta=2
    85                           global end_of_initialization
    86                           
    87                           ;End of C runtime variable initialization code
    88                           
    89  076C                     end_of_initialization:
    90  076C  0183               clrf status
    91  076D  120A  118A  2F7F   ljmp _main	;jump to C main() function
    92                           psect	cstackCOMMON,class=COMMON,space=1
    93                           global __pcstackCOMMON
    94  0000                     __pcstackCOMMON:
    95                           	global	?_timer2
    96  0000                     ?_timer2:	; 0 bytes @ 0x0
    97                           	global	??_timer2
    98  0000                     ??_timer2:	; 0 bytes @ 0x0
    99                           	global	?_main
   100  0000                     ?_main:	; 0 bytes @ 0x0
   101                           	global	??_main
   102  0000                     ??_main:	; 0 bytes @ 0x0
   103 ;;Data sizes: Strings 0, constant 0, data 0, bss 2, persistent 0 stack 0
   104 ;;Auto spaces:   Size  Autos    Used
   105 ;; COMMON          14      0       2
   106 ;; BANK0           80      0       0
   107 ;; BANK1           80      0       0
   108 ;; BANK3           96      0       0
   109 ;; BANK2           96      0       0
   110                           
   111 ;;
   112 ;; Pointer list with targets:
   113                           
   114                           
   115                           
   116 ;;
   117 ;; Critical Paths under _main in COMMON
   118 ;;
   119 ;;   None.
   120 ;;
   121 ;; Critical Paths under _main in BANK0
   122 ;;
   123 ;;   None.
   124 ;;
   125 ;; Critical Paths under _main in BANK1
   126 ;;
   127 ;;   None.
   128 ;;
   129 ;; Critical Paths under _main in BANK3
   130 ;;
   131 ;;   None.
   132 ;;
   133 ;; Critical Paths under _main in BANK2
   134 ;;
   135 ;;   None.
   136                           
   137 ;;
   138 ;;Main: autosize = 0, tempsize = 0, incstack = 0, save=0
   139 ;;
   140                           
   141 ;;
   142 ;;Call Graph Tables:
   143 ;;
   144 ;; ---------------------------------------------------------------------------------
   145 ;; (Depth) Function   	        Calls       Base Space   Used Autos Params    Refs
   146 ;; ---------------------------------------------------------------------------------
   147 ;; (0) _main                                                 0     0      0       0
   148 ;;                             _timer2
   149 ;; ---------------------------------------------------------------------------------
   150 ;; (1) _timer2                                               0     0      0       0
   151 ;; ---------------------------------------------------------------------------------
   152 ;; Estimated maximum stack depth 1
   153 ;; ---------------------------------------------------------------------------------
   154                           
   155 ;; Call Graph Graphs:
   156                           
   157 ;; _main (ROOT)
   158 ;;   _timer2
   159 ;;
   160                           
   161 ;; Address spaces:
   162                           
   163 ;;Name               Size   Autos  Total    Cost      Usage
   164 ;;BITCOMMON            E      0       0       0        0.0%
   165 ;;EEDATA             100      0       0       0        0.0%
   166 ;;NULL                 0      0       0       0        0.0%
   167 ;;CODE                 0      0       0       0        0.0%
   168 ;;COMMON               E      0       2       1       14.3%
   169 ;;BITSFR0              0      0       0       1        0.0%
   170 ;;SFR0                 0      0       0       1        0.0%
   171 ;;BITSFR1              0      0       0       2        0.0%
   172 ;;SFR1                 0      0       0       2        0.0%
   173 ;;STACK                0      0       1       2        0.0%
   174 ;;ABS                  0      0       2       3        0.0%
   175 ;;BITBANK0            50      0       0       4        0.0%
   176 ;;BITSFR3              0      0       0       4        0.0%
   177 ;;SFR3                 0      0       0       4        0.0%
   178 ;;BANK0               50      0       0       5        0.0%
   179 ;;BITSFR2              0      0       0       5        0.0%
   180 ;;SFR2                 0      0       0       5        0.0%
   181 ;;BITBANK1            50      0       0       6        0.0%
   182 ;;BANK1               50      0       0       7        0.0%
   183 ;;BITBANK3            60      0       0       8        0.0%
   184 ;;BANK3               60      0       0       9        0.0%
   185 ;;BITBANK2            60      0       0      10        0.0%
   186 ;;BANK2               60      0       0      11        0.0%
   187 ;;DATA                 0      0       3      12        0.0%
   188                           
   189                           	global	_main
   190                           psect	maintext,global,class=CODE,delta=2
   191                           global __pmaintext
   192  077F                     __pmaintext:
   193                           
   194 ;; *************** function _main *****************
   195 ;; Defined at:
   196 ;;		line 12 in file "E:\KTU\Softwares\MP lab\TIMER\Timerrelay\timerrelay.c"
   197 ;; Parameters:    Size  Location     Type
   198 ;;		None
   199 ;; Auto vars:     Size  Location     Type
   200 ;;		None
   201 ;; Return value:  Size  Location     Type
   202 ;;		None               void
   203 ;; Registers used:
   204 ;;		wreg, status,2, status,0, btemp+1, pclath, cstack
   205 ;; Tracked objects:
   206 ;;		On entry : 17F/0
   207 ;;		On exit  : 0/0
   208 ;;		Unchanged: 0/0
   209 ;; Data sizes:     COMMON   BANK0   BANK1   BANK3   BANK2
   210 ;;      Params:         0       0       0       0       0
   211 ;;      Locals:         0       0       0       0       0
   212 ;;      Temps:          0       0       0       0       0
   213 ;;      Totals:         0       0       0       0       0
   214 ;;Total ram usage:        0 bytes
   215 ;; Hardware stack levels required when called:    1
   216 ;; This function calls:
   217 ;;		_timer2
   218 ;; This function is called by:
   219 ;;		Startup code after reset
   220 ;; This function uses a non-reentrant model
   221 ;;
   222                           psect	maintext
   223                           	file	"E:\KTU\Softwares\MP lab\TIMER\Timerrelay\timerrelay.c"
   224                           	line	12
   225                           	global	__size_of_main
   226  0081                     	__size_of_main	equ	__end_of_main-_main
   227                           	
   228  077F                     _main:	
   229                           	opt	stack 7
   230                           ; Regs used in _main: [wreg+status,2+status,0+btemp+1+pclath+cstack]
   231                           	line	13
   232                           	
   233  077F                     l2179:	
   234                           ;timerrelay.c: 13: TRISA=0x00;
   235  077F  1683               	bsf	status, 5	;RP0=1, select bank1
   236  0780  1303               	bcf	status, 6	;RP1=0, select bank1
   237  0781  0185               	clrf	(133)^080h	;volatile
   238                           	line	14
   239                           ;timerrelay.c: 14: PORTA=0x00;
   240  0782  1283               	bcf	status, 5	;RP0=0, select bank0
   241  0783  1303               	bcf	status, 6	;RP1=0, select bank0
   242  0784  0185               	clrf	(5)	;volatile
   243                           	line	15
   244                           ;timerrelay.c: 15: TRISC=0x00;
   245  0785  1683               	bsf	status, 5	;RP0=1, select bank1
   246  0786  1303               	bcf	status, 6	;RP1=0, select bank1
   247  0787  0187               	clrf	(135)^080h	;volatile
   248                           	line	16
   249                           ;timerrelay.c: 16: PORTC=0x00;
   250  0788  1283               	bcf	status, 5	;RP0=0, select bank0
   251  0789  1303               	bcf	status, 6	;RP1=0, select bank0
   252  078A  0187               	clrf	(7)	;volatile
   253                           	line	17
   254                           	
   255  078B                     l2181:	
   256                           ;timerrelay.c: 17: T2CON=0x7F;
   257  078B  307F               	movlw	(07Fh)
   258  078C  0092               	movwf	(18)	;volatile
   259                           	line	18
   260                           	
   261  078D                     l2183:	
   262                           ;timerrelay.c: 18: ANSEL=0X00;
   263  078D  1683               	bsf	status, 5	;RP0=1, select bank3
   264  078E  1703               	bsf	status, 6	;RP1=1, select bank3
   265  078F  0188               	clrf	(392)^0180h	;volatile
   266                           	line	19
   267                           	
   268  0790                     l2185:	
   269                           ;timerrelay.c: 19: ANSELH=0X00;
   270  0790  0189               	clrf	(393)^0180h	;volatile
   271  0791  2F92               	goto	l2187
   272                           	line	20
   273                           ;timerrelay.c: 20: while(1)
   274                           	
   275  0792                     l1031:	
   276                           	line	22
   277                           	
   278  0792                     l2187:	
   279                           ;timerrelay.c: 21: {
   280                           ;timerrelay.c: 22: timer2();
   281  0792  120A  118A  2770   	fcall	_timer2
              120A  118A         
   282                           	line	23
   283                           	
   284  0797                     l2189:	
   285                           ;timerrelay.c: 23: if(count>=0 && count<=75)
   286  0797  1BF1               	btfsc	(_count+1),7
   287  0798  2F9A               	goto	u2151
   288  0799  2F9B               	goto	u2150
   289  079A                     u2151:
   290  079A  2FAD               	goto	l2195
   291  079B                     u2150:
   292                           	
   293  079B                     l2191:	
   294  079B  0871               	movf	(_count+1),w
   295  079C  3A80               	xorlw	80h
   296  079D  00FF               	movwf	btemp+1
   297  079E  3080               	movlw	(high(04Ch))^80h
   298  079F  027F               	subwf	btemp+1,w
   299  07A0  1D03               	skipz
   300  07A1  2FA4               	goto	u2165
   301  07A2  304C               	movlw	low(04Ch)
   302  07A3  0270               	subwf	(_count),w
   303  07A4                     u2165:
   304                           
   305  07A4  1803               	skipnc
   306  07A5  2FA7               	goto	u2161
   307  07A6  2FA8               	goto	u2160
   308  07A7                     u2161:
   309  07A7  2FAD               	goto	l2195
   310  07A8                     u2160:
   311                           	line	25
   312                           	
   313  07A8                     l2193:	
   314                           ;timerrelay.c: 24: {
   315                           ;timerrelay.c: 25: RA1=0;
   316  07A8  1283               	bcf	status, 5	;RP0=0, select bank0
   317  07A9  1303               	bcf	status, 6	;RP1=0, select bank0
   318  07AA  1085               	bcf	(41/8),(41)&7
   319                           	line	26
   320                           ;timerrelay.c: 26: RA0=1;
   321  07AB  1405               	bsf	(40/8),(40)&7
   322  07AC  2FAD               	goto	l2195
   323                           	line	27
   324                           	
   325  07AD                     l1032:	
   326                           	line	28
   327                           	
   328  07AD                     l2195:	
   329                           ;timerrelay.c: 27: }
   330                           ;timerrelay.c: 28: if(count>=75 && count<=150)
   331  07AD  0871               	movf	(_count+1),w
   332  07AE  3A80               	xorlw	80h
   333  07AF  00FF               	movwf	btemp+1
   334  07B0  3080               	movlw	(high(04Bh))^80h
   335  07B1  027F               	subwf	btemp+1,w
   336  07B2  1D03               	skipz
   337  07B3  2FB6               	goto	u2175
   338  07B4  304B               	movlw	low(04Bh)
   339  07B5  0270               	subwf	(_count),w
   340  07B6                     u2175:
   341                           
   342  07B6  1C03               	skipc
   343  07B7  2FB9               	goto	u2171
   344  07B8  2FBA               	goto	u2170
   345  07B9                     u2171:
   346  07B9  2FCC               	goto	l2201
   347  07BA                     u2170:
   348                           	
   349  07BA                     l2197:	
   350  07BA  0871               	movf	(_count+1),w
   351  07BB  3A80               	xorlw	80h
   352  07BC  00FF               	movwf	btemp+1
   353  07BD  3080               	movlw	(high(097h))^80h
   354  07BE  027F               	subwf	btemp+1,w
   355  07BF  1D03               	skipz
   356  07C0  2FC3               	goto	u2185
   357  07C1  3097               	movlw	low(097h)
   358  07C2  0270               	subwf	(_count),w
   359  07C3                     u2185:
   360                           
   361  07C3  1803               	skipnc
   362  07C4  2FC6               	goto	u2181
   363  07C5  2FC7               	goto	u2180
   364  07C6                     u2181:
   365  07C6  2FCC               	goto	l2201
   366  07C7                     u2180:
   367                           	line	30
   368                           	
   369  07C7                     l2199:	
   370                           ;timerrelay.c: 29: {
   371                           ;timerrelay.c: 30: RA0=0;
   372  07C7  1283               	bcf	status, 5	;RP0=0, select bank0
   373  07C8  1303               	bcf	status, 6	;RP1=0, select bank0
   374  07C9  1005               	bcf	(40/8),(40)&7
   375                           	line	31
   376                           ;timerrelay.c: 31: RA1=1;
   377  07CA  1485               	bsf	(41/8),(41)&7
   378  07CB  2FCC               	goto	l2201
   379                           	line	33
   380                           	
   381  07CC                     l1033:	
   382                           	line	34
   383                           	
   384  07CC                     l2201:	
   385                           ;timerrelay.c: 33: }
   386                           ;timerrelay.c: 34: if(count>=150 && count<=225)
   387  07CC  0871               	movf	(_count+1),w
   388  07CD  3A80               	xorlw	80h
   389  07CE  00FF               	movwf	btemp+1
   390  07CF  3080               	movlw	(high(096h))^80h
   391  07D0  027F               	subwf	btemp+1,w
   392  07D1  1D03               	skipz
   393  07D2  2FD5               	goto	u2195
   394  07D3  3096               	movlw	low(096h)
   395  07D4  0270               	subwf	(_count),w
   396  07D5                     u2195:
   397                           
   398  07D5  1C03               	skipc
   399  07D6  2FD8               	goto	u2191
   400  07D7  2FD9               	goto	u2190
   401  07D8                     u2191:
   402  07D8  2FEB               	goto	l2207
   403  07D9                     u2190:
   404                           	
   405  07D9                     l2203:	
   406  07D9  0871               	movf	(_count+1),w
   407  07DA  3A80               	xorlw	80h
   408  07DB  00FF               	movwf	btemp+1
   409  07DC  3080               	movlw	(high(0E2h))^80h
   410  07DD  027F               	subwf	btemp+1,w
   411  07DE  1D03               	skipz
   412  07DF  2FE2               	goto	u2205
   413  07E0  30E2               	movlw	low(0E2h)
   414  07E1  0270               	subwf	(_count),w
   415  07E2                     u2205:
   416                           
   417  07E2  1803               	skipnc
   418  07E3  2FE5               	goto	u2201
   419  07E4  2FE6               	goto	u2200
   420  07E5                     u2201:
   421  07E5  2FEB               	goto	l2207
   422  07E6                     u2200:
   423                           	line	36
   424                           	
   425  07E6                     l2205:	
   426                           ;timerrelay.c: 35: {
   427                           ;timerrelay.c: 36: RA0=0;
   428  07E6  1283               	bcf	status, 5	;RP0=0, select bank0
   429  07E7  1303               	bcf	status, 6	;RP1=0, select bank0
   430  07E8  1005               	bcf	(40/8),(40)&7
   431                           	line	37
   432                           ;timerrelay.c: 37: RA1=0;
   433  07E9  1085               	bcf	(41/8),(41)&7
   434  07EA  2FEB               	goto	l2207
   435                           	line	39
   436                           	
   437  07EB                     l1034:	
   438                           	line	40
   439                           	
   440  07EB                     l2207:	
   441                           ;timerrelay.c: 39: }
   442                           ;timerrelay.c: 40: if(count>225)
   443  07EB  0871               	movf	(_count+1),w
   444  07EC  3A80               	xorlw	80h
   445  07ED  00FF               	movwf	btemp+1
   446  07EE  3080               	movlw	(high(0E2h))^80h
   447  07EF  027F               	subwf	btemp+1,w
   448  07F0  1D03               	skipz
   449  07F1  2FF4               	goto	u2215
   450  07F2  30E2               	movlw	low(0E2h)
   451  07F3  0270               	subwf	(_count),w
   452  07F4                     u2215:
   453                           
   454  07F4  1C03               	skipc
   455  07F5  2FF7               	goto	u2211
   456  07F6  2FF8               	goto	u2210
   457  07F7                     u2211:
   458  07F7  2F92               	goto	l2187
   459  07F8                     u2210:
   460                           	line	42
   461                           	
   462  07F8                     l2209:	
   463                           ;timerrelay.c: 41: {
   464                           ;timerrelay.c: 42: count=0;
   465  07F8  01F0               	clrf	(_count)
   466  07F9  01F1               	clrf	(_count+1)
   467  07FA  2F92               	goto	l2187
   468                           	line	43
   469                           	
   470  07FB                     l1035:	
   471  07FB  2F92               	goto	l2187
   472                           	line	44
   473                           	
   474  07FC                     l1036:	
   475                           	line	20
   476  07FC  2F92               	goto	l2187
   477                           	
   478  07FD                     l1037:	
   479                           	line	45
   480                           	
   481  07FD                     l1038:	
   482                           	global	start
   483  07FD  120A  118A  2800   	ljmp	start
   484                           	opt stack 0
   485                           GLOBAL	__end_of_main
   486  0800                     	__end_of_main:
   487 ;; =============== function _main ends ============
   488                           
   489                           	signat	_main,88
   490                           	global	_timer2
   491                           psect	text61,local,class=CODE,delta=2
   492                           global __ptext61
   493  0770                     __ptext61:
   494                           
   495 ;; *************** function _timer2 *****************
   496 ;; Defined at:
   497 ;;		line 4 in file "E:\KTU\Softwares\MP lab\TIMER\Timerrelay\timerrelay.c"
   498 ;; Parameters:    Size  Location     Type
   499 ;;		None
   500 ;; Auto vars:     Size  Location     Type
   501 ;;		None
   502 ;; Return value:  Size  Location     Type
   503 ;;		None               void
   504 ;; Registers used:
   505 ;;		wreg
   506 ;; Tracked objects:
   507 ;;		On entry : 0/0
   508 ;;		On exit  : 0/0
   509 ;;		Unchanged: 0/0
   510 ;; Data sizes:     COMMON   BANK0   BANK1   BANK3   BANK2
   511 ;;      Params:         0       0       0       0       0
   512 ;;      Locals:         0       0       0       0       0
   513 ;;      Temps:          0       0       0       0       0
   514 ;;      Totals:         0       0       0       0       0
   515 ;;Total ram usage:        0 bytes
   516 ;; Hardware stack levels used:    1
   517 ;; This function calls:
   518 ;;		Nothing
   519 ;; This function is called by:
   520 ;;		_main
   521 ;; This function uses a non-reentrant model
   522 ;;
   523                           psect	text61
   524                           	file	"E:\KTU\Softwares\MP lab\TIMER\Timerrelay\timerrelay.c"
   525                           	line	4
   526                           	global	__size_of_timer2
   527  000F                     	__size_of_timer2	equ	__end_of_timer2-_timer2
   528                           	
   529  0770                     _timer2:	
   530                           	opt	stack 7
   531                           ; Regs used in _timer2: [wreg]
   532                           	line	5
   533                           	
   534  0770                     l1407:	
   535                           ;timerrelay.c: 5: if(TMR2IF==1)
   536  0770  1283               	bcf	status, 5	;RP0=0, select bank0
   537  0771  1303               	bcf	status, 6	;RP1=0, select bank0
   538  0772  1C8C               	btfss	(97/8),(97)&7
   539  0773  2F75               	goto	u11
   540  0774  2F76               	goto	u10
   541  0775                     u11:
   542  0775  2F7E               	goto	l1028
   543  0776                     u10:
   544                           	line	7
   545                           	
   546  0776                     l1409:	
   547                           ;timerrelay.c: 6: {
   548                           ;timerrelay.c: 7: count++;
   549  0776  3001               	movlw	low(01h)
   550  0777  07F0               	addwf	(_count),f
   551  0778  1803               	skipnc
   552  0779  0AF1               	incf	(_count+1),f
   553  077A  3000               	movlw	high(01h)
   554  077B  07F1               	addwf	(_count+1),f
   555                           	line	8
   556                           	
   557  077C                     l1411:	
   558                           ;timerrelay.c: 8: TMR2IF=0;
   559  077C  108C               	bcf	(97/8),(97)&7
   560  077D  2F7E               	goto	l1028
   561                           	line	9
   562                           	
   563  077E                     l1027:	
   564                           	line	10
   565                           	
   566  077E                     l1028:	
   567  077E  0008               	return
   568                           	opt stack 0
   569                           GLOBAL	__end_of_timer2
   570  077F                     	__end_of_timer2:
   571 ;; =============== function _timer2 ends ============
   572                           
   573                           	signat	_timer2,88
   574                           psect	text62,local,class=CODE,delta=2
   575                           global __ptext62
   576  0000                     __ptext62:
   577                           	global	btemp
   578  007E                     	btemp set 07Eh
   579                           
   580                           	DABS	1,126,2	;btemp
   581                           	global	wtemp0
   582  007E                     	wtemp0 set btemp


HI-TECH Software PICC Macro Assembler V9.81 build 7503 
Symbol Table                                                                                   Mon Jun 14 13:13:58 2021

                  u10 0776                    u11 0775                   _RA0 0028                   _RA1 0029  
                l1031 0792                  l1032 07AD                  l1033 07CC                  l1034 07EB  
                l1027 077E                  l1035 07FB                  l1028 077E                  l1036 07FC  
                l1037 07FD                  l1038 07FD                  l2201 07CC                  l1411 077C  
                l2203 07D9                  l2205 07E6                  l1407 0770                  l2207 07EB  
                l1409 0776                  l2209 07F8                  l2181 078B                  l2191 079B  
                l2183 078D                  l2193 07A8                  l2185 0790                  l2195 07AD  
                l2187 0792                  l2179 077F                  l2197 07BA                  l2189 0797  
                l2199 07C7                  u2200 07E6                  u2201 07E5                  u2210 07F8  
                u2211 07F7                  u2205 07E2                  u2150 079B                  u2215 07F4  
                u2151 079A                  u2160 07A8                  u2161 07A7                  u2170 07BA  
                u2171 07B9                  u2180 07C7                  u2181 07C6                  u2165 07A4  
                u2190 07D9                  u2191 07D8                  u2175 07B6                  u2185 07C3  
                u2195 07D5                  _main 077F                  btemp 007E                  start 0000  
               ?_main 0000                 _ANSEL 0188                 _T2CON 0012                 _PORTA 0005  
               _PORTC 0007                 _TRISA 0085                 _TRISC 0087                 _count 0070  
               status 0003                 wtemp0 007E          __end_of_main 0800                ??_main 0000  
              _ANSELH 0189                _TMR2IF 0061                _timer2 0770        __pcstackCOMMON 0000  
          __pmaintext 077F               ?_timer2 0000       __size_of_timer2 000F  end_of_initialization 076C  
      __end_of_timer2 077F   start_initialization 076A              ??_timer2 0000           __pbssCOMMON 0070  
            __ptext60 0000              __ptext61 0770              __ptext62 0000         __size_of_main 0081  
